This is FFC, the FEniCS Form Compiler, version 1.3.0.
For further information, visit http://www.fenics.org/ffc/.

Compiling form Functionals

Compiler stage 1: Analyzing form(s)
-----------------------------------
  
  Name:                             'drag'
  Cell:                             <triangle cell in 2D>
  Topological dimension:            2
  Geometric dimension:              2
  Number of exterior_facet domains: 2
  Rank:                             0
  Number of coefficients:           1
  Arguments:                        '[]'
  Coefficients:                     '[w_0]'
  Argument names:                   '[]'
  Coefficient names:                '[p]'
  Unique elements:                  'CG1(?)'
  Unique sub elements:              'CG1(?)'
  Domains:                          (Domain(Cell('triangle', 2), 'triangle_multivers
                                    e', 2, 2),)
  Top level domains:                (Domain(Cell('triangle', 2), 'triangle_multivers
                                    e', 2, 2),)
  
  Extracting monomial form representation from UFL form
  Monomial extraction failed: No handler defined for terminal FacetNormal.
  Estimated cost of tensor representation: -1
  representation:    auto --> quadrature
  Selecting quadrature degree based on total polynomial degree of integrand: 1
  quadrature_degree: auto --> 1
  quadrature_rule:   auto --> default
  
  Name:                             'lift'
  Cell:                             <triangle cell in 2D>
  Topological dimension:            2
  Geometric dimension:              2
  Number of exterior_facet domains: 2
  Rank:                             0
  Number of coefficients:           1
  Arguments:                        '[]'
  Coefficients:                     '[w_0]'
  Argument names:                   '[]'
  Coefficient names:                '[p]'
  Unique elements:                  'CG1(?)'
  Unique sub elements:              'CG1(?)'
  Domains:                          (Domain(Cell('triangle', 2), 'triangle_multivers
                                    e', 2, 2),)
  Top level domains:                (Domain(Cell('triangle', 2), 'triangle_multivers
                                    e', 2, 2),)
  
  Extracting monomial form representation from UFL form
  Monomial extraction failed: No handler defined for terminal FacetNormal.
  Estimated cost of tensor representation: -1
  representation:    auto --> quadrature
  Selecting quadrature degree based on total polynomial degree of integrand: 1
  quadrature_degree: auto --> 1
  quadrature_rule:   auto --> default
  
Compiler stage 1 finished in 0.00711894 seconds.

Compiler stage 2: Computing intermediate representation
-------------------------------------------------------
  Computing representation of 1 elements
  Reusing element from cache
  Computing representation of 1 dofmaps
  Reusing element from cache
  Computing representation of integrals
  Computing quadrature representation
  Reusing element from cache
  Reusing element from cache
  
  QG-utils, psi_tables:
  {1: {FiniteElement('Lagrange', Domain(Cell('triangle', 2), 'triangle_multiverse', 2, 2), 1, None): {None: {0: {(0, 0): array([[4.163336342344337e-17],
         [0.5],
         [0.5]], dtype=object)}, 1: {(0, 0): array([[0.5],
         [4.163336342344337e-17],
         [0.5]], dtype=object)}, 2: {(0, 0): array([[0.5],
         [0.5],
         [0.0]], dtype=object)}}}}}
  
  QG-utils, psi_tables, flat_tables:
  {'FE0_f0': array([[4.163336342344337e-17, 0.5, 0.5]], dtype=object), 'FE0_f1': array([[0.5, 4.163336342344337e-17, 0.5]], dtype=object), 'FE0_f2': array([[0.5, 0.5, 0.0]], dtype=object)}
  
  tables: {'FE0_f0': array([[4.163336342344337e-17, 0.5, 0.5]], dtype=object), 'FE0_f1': array([[0.5, 4.163336342344337e-17, 0.5]], dtype=object), 'FE0_f2': array([[0.5, 0.5, 0.0]], dtype=object)}
  
  name_map: {}
  
  inv_name_map: {'FE0_f0': 'FE0_f0', 'FE0_f1': 'FE0_f1', 'FE0_f2': 'FE0_f2'}
  
  QG-utils, psi_tables, unique_tables:
  {'FE0_f0': array([[0.5, 0.5]], dtype=object)}
  
  QG-utils, psi_tables, name_map:
  {'FE0_f0': ('FE0_f0', (0, [1, 2]), False, False), 'FE0_f1': ('FE0_f0', (1, [0, 2]), False, False), 'FE0_f2': ('FE0_f0', (2, [0, 1]), False, False)}
  Transforming exterior facet integral 0
  Reusing element from cache
  Reusing element from cache
  Transforming exterior facet integral 1
  Reusing element from cache
  Reusing element from cache
  Transforming exterior facet integral 2
  Reusing element from cache
  Reusing element from cache
  Computing quadrature representation
  Reusing element from cache
  Reusing element from cache
  
  QG-utils, psi_tables:
  {1: {FiniteElement('Lagrange', Domain(Cell('triangle', 2), 'triangle_multiverse', 2, 2), 1, None): {None: {0: {(0, 0): array([[4.163336342344337e-17],
         [0.5],
         [0.5]], dtype=object)}, 1: {(0, 0): array([[0.5],
         [4.163336342344337e-17],
         [0.5]], dtype=object)}, 2: {(0, 0): array([[0.5],
         [0.5],
         [0.0]], dtype=object)}}}}}
  
  QG-utils, psi_tables, flat_tables:
  {'FE0_f0': array([[4.163336342344337e-17, 0.5, 0.5]], dtype=object), 'FE0_f1': array([[0.5, 4.163336342344337e-17, 0.5]], dtype=object), 'FE0_f2': array([[0.5, 0.5, 0.0]], dtype=object)}
  
  tables: {'FE0_f0': array([[4.163336342344337e-17, 0.5, 0.5]], dtype=object), 'FE0_f1': array([[0.5, 4.163336342344337e-17, 0.5]], dtype=object), 'FE0_f2': array([[0.5, 0.5, 0.0]], dtype=object)}
  
  name_map: {}
  
  inv_name_map: {'FE0_f0': 'FE0_f0', 'FE0_f1': 'FE0_f1', 'FE0_f2': 'FE0_f2'}
  
  QG-utils, psi_tables, unique_tables:
  {'FE0_f0': array([[0.5, 0.5]], dtype=object)}
  
  QG-utils, psi_tables, name_map:
  {'FE0_f0': ('FE0_f0', (0, [1, 2]), False, False), 'FE0_f1': ('FE0_f0', (1, [0, 2]), False, False), 'FE0_f2': ('FE0_f0', (2, [0, 1]), False, False)}
  Transforming exterior facet integral 0
  Reusing element from cache
  Reusing element from cache
  Transforming exterior facet integral 1
  Reusing element from cache
  Reusing element from cache
  Transforming exterior facet integral 2
  Reusing element from cache
  Reusing element from cache
  Computing representation of forms
  
Compiler stage 2 finished in 0.0156939 seconds.

Compiler stage 3: Optimizing intermediate representation
--------------------------------------------------------
  Optimising expressions for facet integral 0
  Optimising expressions for facet integral 1
  Optimising expressions for facet integral 2
  Optimising expressions for facet integral 0
  Optimising expressions for facet integral 1
  Optimising expressions for facet integral 2
  
Compiler stage 3 finished in 0.000668049 seconds.

Compiler stage 4: Generating code
---------------------------------
  Generating code for 1 element(s)
  Removing unused variable: tmp2
  Removing unused variable: tmp1
  Removing unused variable: tmp7
  Removing unused variable: tmp6
  Removing unused variable: tmp5
  Removing unused variable: tt
  Removing unused variable: ss
  Removing unused variable: rr
  Removing unused variable: tmp2
  Removing unused variable: tmp1
  Removing unused variable: tmp7
  Removing unused variable: tmp6
  Removing unused variable: tmp5
  Removing unused variable: tt
  Removing unused variable: ss
  Removing unused variable: rr
  Removing unused variable: tmp2
  Removing unused variable: tmp1
  Removing unused variable: tmp7
  Removing unused variable: tmp6
  Removing unused variable: tmp5
  Removing unused variable: tt
  Removing unused variable: ss
  Removing unused variable: rr
  Removing unused variable: tmp2
  Removing unused variable: tmp1
  Removing unused variable: tmp7
  Removing unused variable: tmp6
  Removing unused variable: tmp5
  Removing unused variable: tt
  Removing unused variable: ss
  Removing unused variable: rr
  Removing unused variable: tmp2
  Removing unused variable: tmp1
  Removing unused variable: tmp7
  Removing unused variable: tmp6
  Removing unused variable: tmp5
  Removing unused variable: tt
  Removing unused variable: ss
  Removing unused variable: rr
  Removing unused variable: tmp2
  Removing unused variable: tmp1
  Removing unused variable: tmp7
  Removing unused variable: tmp6
  Removing unused variable: tmp5
  Removing unused variable: tt
  Removing unused variable: ss
  Removing unused variable: rr
  Generating code for 1 dofmap(s)
  Generating code for integrals
  Removing unused variable: circumradius
  Removing unused variable: v0v1
  Removing unused variable: v0v2
  Removing unused variable: v1v2
  Removing unused variable: volume
  Removing unused variable: facet_area
  Removing unused variable: n1
  Exterior facet 0, number of operations to compute tensor: 8
  Exterior facet 1, number of operations to compute tensor: 8
  Exterior facet 2, number of operations to compute tensor: 8
  Removing unused variable: circumradius
  Removing unused variable: v0v1
  Removing unused variable: v0v2
  Removing unused variable: v1v2
  Removing unused variable: volume
  Removing unused variable: facet_area
  Removing unused variable: n0
  Exterior facet 0, number of operations to compute tensor: 8
  Exterior facet 1, number of operations to compute tensor: 8
  Exterior facet 2, number of operations to compute tensor: 8
  Generating code for forms
  
Compiler stage 4 finished in 0.0350032 seconds.

Compiler stage 4.1: Generating additional wrapper code
------------------------------------------------------
  Generating wrapper code for DOLFIN
  
Compiler stage 4.1 finished in 0.000386 seconds.

Compiler stage 5: Formatting code
---------------------------------
  Output written to ./Functionals.h.
  
Compiler stage 5 finished in 0.00047183 seconds.

[1;37;32mFFC finished in 0.0595832 seconds.[0m
