This is FFC, the FEniCS Form Compiler, version 1.6.0.
For further information, visit http://www.fenics.org/ffc/.

Compiling form SpatialCoordinates

Compiler stage 1: Analyzing form(s)
-----------------------------------
  
  Geometric dimension:       2
  Number of cell subdomains: 0
  Rank:                      2
  Arguments:                 '(v_0, v_1)'
  Number of coefficients:    0
  Coefficients:              '[]'
  Unique elements:           'CG2(?)'
  Unique sub elements:       'CG2(?)'
  
  Extracting monomial form representation from UFL form
  Transforming monomial form to reference element
  Reusing element from cache
  Estimated cost of tensor representation: 2
  representation:    auto --> tensor
  Selecting quadrature degree based on total polynomial degree of integrand: 2
  quadrature_degree: auto --> 2
  quadrature_rule:   auto --> default
  
  Geometric dimension:                 2
  Number of cell subdomains:           0
  Number of exterior_facet subdomains: 0
  Rank:                                1
  Arguments:                           '(v_0)'
  Number of coefficients:              0
  Coefficients:                        '[]'
  Unique elements:                     'CG2(?)'
  Unique sub elements:                 'CG2(?)'
  
  Extracting monomial form representation from UFL form
  Monomial extraction failed: No handler defined for terminal SpatialCoordinate.
  Estimated cost of tensor representation: -1
  representation:    auto --> quadrature
  Selecting quadrature degree based on total polynomial degree of integrand: 6
  quadrature_degree: auto --> 6
  quadrature_rule:   auto --> default
  Extracting monomial form representation from UFL form
  Monomial extraction failed: No handler defined for terminal SpatialCoordinate.
  Estimated cost of tensor representation: -1
  representation:    auto --> quadrature
  Selecting quadrature degree based on total polynomial degree of integrand: 5
  quadrature_degree: auto --> 5
  quadrature_rule:   auto --> default
  
Compiler stage 1 finished in 0.0775819 seconds.

Compiler stage 2: Computing intermediate representation
-------------------------------------------------------
  Computing representation of 1 elements
  Reusing element from cache
  Reusing element from cache
  Computing representation of 1 dofmaps
  Reusing element from cache
  Computing representation of integrals
  Computing tensor representation
  Extracting monomial form representation from UFL form
  Transforming monomial form to reference element
  Reusing element from cache
  Reusing element from cache
  Precomputing integrals on reference element
  Reusing element from cache
  144 entries computed in 0.000659 seconds
  Shape of reference tensor: (6, 6, 2, 2)
  Primary multi index:   rank = 2 dims = [6, 6] indices = [[0, 0], [0, 1], [0, 2], [0, 3], [0, 4], [0, 5], [1, 0], [1, 1], [1, 2], [1, 3], [1, 4], [1, 5], [2, 0], [2, 1], [2, 2], [2, 3], [2, 4], [2, 5], [3, 0], [3, 1], [3, 2], [3, 3], [3, 4], [3, 5], [4, 0], [4, 1], [4, 2], [4, 3], [4, 4], [4, 5], [5, 0], [5, 1], [5, 2], [5, 3], [5, 4], [5, 5]]
  Secondary multi index: rank = 2 dims = [2, 2] indices = [[0, 0], [0, 1], [1, 0], [1, 1]]
  Internal multi index:  rank = 0 dims = [] indices = [[]]
  Secondary multi index: rank = 2 dims = [2, 2] indices = [[0, 0], [0, 1], [1, 0], [1, 1]]
  External multi index:  rank = 1 dims = [2] indices = [[0], [1]]
  Reusing element from cache
  Computing quadrature representation
  Reusing element from cache
  Reusing element from cache
  Reusing element from cache
  Reusing element from cache
  
  QG-utils, psi_tables:
  {12: {VectorElement('Lagrange', Domain(Cell('triangle', 2), label=None, data=None), 1, dim=2, quad_scheme=None): {None: {None: {(0, 1): array([[[ -1.00000000e+00,  -1.00000000e+00,  -1.00000000e+00,
            -1.00000000e+00,  -1.00000000e+00,  -1.00000000e+00,
            -1.00000000e+00,  -1.00000000e+00,  -1.00000000e+00,
            -1.00000000e+00,  -1.00000000e+00,  -1.00000000e+00],
          [  0.00000000e+00,   0.00000000e+00,   0.00000000e+00,
             0.00000000e+00,   0.00000000e+00,   0.00000000e+00,
             0.00000000e+00,   0.00000000e+00,   0.00000000e+00,
             0.00000000e+00,   0.00000000e+00,   0.00000000e+00]],
  
         [[  8.88178420e-16,   8.88178420e-16,   8.88178420e-16,
             8.88178420e-16,   8.88178420e-16,   8.88178420e-16,
             8.88178420e-16,   8.88178420e-16,   8.88178420e-16,
             8.88178420e-16,   8.88178420e-16,   8.88178420e-16],
          [  0.00000000e+00,   0.00000000e+00,   0.00000000e+00,
             0.00000000e+00,   0.00000000e+00,   0.00000000e+00,
             0.00000000e+00,   0.00000000e+00,   0.00000000e+00,
             0.00000000e+00,   0.00000000e+00,   0.00000000e+00]],
  
         [[  1.00000000e+00,   1.00000000e+00,   1.00000000e+00,
             1.00000000e+00,   1.00000000e+00,   1.00000000e+00,
             1.00000000e+00,   1.00000000e+00,   1.00000000e+00,
             1.00000000e+00,   1.00000000e+00,   1.00000000e+00],
          [  0.00000000e+00,   0.00000000e+00,   0.00000000e+00,
             0.00000000e+00,   0.00000000e+00,   0.00000000e+00,
             0.00000000e+00,   0.00000000e+00,   0.00000000e+00,
             0.00000000e+00,   0.00000000e+00,   0.00000000e+00]],
  
         [[  0.00000000e+00,   0.00000000e+00,   0.00000000e+00,
             0.00000000e+00,   0.00000000e+00,   0.00000000e+00,
             0.00000000e+00,   0.00000000e+00,   0.00000000e+00,
             0.00000000e+00,   0.00000000e+00,   0.00000000e+00],
          [ -1.00000000e+00,  -1.00000000e+00,  -1.00000000e+00,
            -1.00000000e+00,  -1.00000000e+00,  -1.00000000e+00,
            -1.00000000e+00,  -1.00000000e+00,  -1.00000000e+00,
            -1.00000000e+00,  -1.00000000e+00,  -1.00000000e+00]],
  
         [[  0.00000000e+00,   0.00000000e+00,   0.00000000e+00,
             0.00000000e+00,   0.00000000e+00,   0.00000000e+00,
             0.00000000e+00,   0.00000000e+00,   0.00000000e+00,
             0.00000000e+00,   0.00000000e+00,   0.00000000e+00],
          [  8.88178420e-16,   8.88178420e-16,   8.88178420e-16,
             8.88178420e-16,   8.88178420e-16,   8.88178420e-16,
             8.88178420e-16,   8.88178420e-16,   8.88178420e-16,
             8.88178420e-16,   8.88178420e-16,   8.88178420e-16]],
  
         [[  0.00000000e+00,   0.00000000e+00,   0.00000000e+00,
             0.00000000e+00,   0.00000000e+00,   0.00000000e+00,
             0.00000000e+00,   0.00000000e+00,   0.00000000e+00,
             0.00000000e+00,   0.00000000e+00,   0.00000000e+00],
          [  1.00000000e+00,   1.00000000e+00,   1.00000000e+00,
             1.00000000e+00,   1.00000000e+00,   1.00000000e+00,
             1.00000000e+00,   1.00000000e+00,   1.00000000e+00,
             1.00000000e+00,   1.00000000e+00,   1.00000000e+00]]]), (1, 0): array([[[-1., -1., -1., -1., -1., -1., -1., -1., -1., -1., -1., -1.],
          [ 0.,  0.,  0.,  0.,  0.,  0.,  0.,  0.,  0.,  0.,  0.,  0.]],
  
         [[ 1.,  1.,  1.,  1.,  1.,  1.,  1.,  1.,  1.,  1.,  1.,  1.],
          [ 0.,  0.,  0.,  0.,  0.,  0.,  0.,  0.,  0.,  0.,  0.,  0.]],
  
         [[ 0.,  0.,  0.,  0.,  0.,  0.,  0.,  0.,  0.,  0.,  0.,  0.],
          [ 0.,  0.,  0.,  0.,  0.,  0.,  0.,  0.,  0.,  0.,  0.,  0.]],
  
         [[ 0.,  0.,  0.,  0.,  0.,  0.,  0.,  0.,  0.,  0.,  0.,  0.],
          [-1., -1., -1., -1., -1., -1., -1., -1., -1., -1., -1., -1.]],
  
         [[ 0.,  0.,  0.,  0.,  0.,  0.,  0.,  0.,  0.,  0.,  0.,  0.],
          [ 1.,  1.,  1.,  1.,  1.,  1.,  1.,  1.,  1.,  1.,  1.,  1.]],
  
         [[ 0.,  0.,  0.,  0.,  0.,  0.,  0.,  0.,  0.,  0.,  0.,  0.],
          [ 0.,  0.,  0.,  0.,  0.,  0.,  0.,  0.,  0.,  0.,  0.,  0.]]]), (0, 0): array([[[ 0.06308901,  0.06308901,  0.87382197,  0.24928675,  0.24928675,
            0.50142651,  0.05314505,  0.31035245,  0.05314505,  0.6365025 ,
            0.31035245,  0.6365025 ],
          [ 0.        ,  0.        ,  0.        ,  0.        ,  0.        ,
            0.        ,  0.        ,  0.        ,  0.        ,  0.        ,
            0.        ,  0.        ]],
  
         [[ 0.87382197,  0.06308901,  0.06308901,  0.50142651,  0.24928675,
            0.24928675,  0.6365025 ,  0.6365025 ,  0.31035245,  0.31035245,
            0.05314505,  0.05314505],
          [ 0.        ,  0.        ,  0.        ,  0.        ,  0.        ,
            0.        ,  0.        ,  0.        ,  0.        ,  0.        ,
            0.        ,  0.        ]],
  
         [[ 0.06308901,  0.87382197,  0.06308901,  0.24928675,  0.50142651,
            0.24928675,  0.31035245,  0.05314505,  0.6365025 ,  0.05314505,
            0.6365025 ,  0.31035245],
          [ 0.        ,  0.        ,  0.        ,  0.        ,  0.        ,
            0.        ,  0.        ,  0.        ,  0.        ,  0.        ,
            0.        ,  0.        ]],
  
         [[ 0.        ,  0.        ,  0.        ,  0.        ,  0.        ,
            0.        ,  0.        ,  0.        ,  0.        ,  0.        ,
            0.        ,  0.        ],
          [ 0.06308901,  0.06308901,  0.87382197,  0.24928675,  0.24928675,
            0.50142651,  0.05314505,  0.31035245,  0.05314505,  0.6365025 ,
            0.31035245,  0.6365025 ]],
  
         [[ 0.        ,  0.        ,  0.        ,  0.        ,  0.        ,
            0.        ,  0.        ,  0.        ,  0.        ,  0.        ,
            0.        ,  0.        ],
          [ 0.87382197,  0.06308901,  0.06308901,  0.50142651,  0.24928675,
            0.24928675,  0.6365025 ,  0.6365025 ,  0.31035245,  0.31035245,
            0.05314505,  0.05314505]],
  
         [[ 0.        ,  0.        ,  0.        ,  0.        ,  0.        ,
            0.        ,  0.        ,  0.        ,  0.        ,  0.        ,
            0.        ,  0.        ],
          [ 0.06308901,  0.87382197,  0.06308901,  0.24928675,  0.50142651,
            0.24928675,  0.31035245,  0.05314505,  0.6365025 ,  0.05314505,
            0.6365025 ,  0.31035245]]])}}}, FiniteElement('Lagrange', Domain(Cell('triangle', 2), label=None, data=None), 2, quad_scheme=None): {None: {None: {(0, 0): array([[-0.05512857, -0.05512857,  0.6533077 , -0.12499898, -0.12499898,
           0.00143058, -0.04749626, -0.11771516, -0.04749626,  0.17376836,
          -0.11771516,  0.17376836],
         [ 0.6533077 , -0.05512857, -0.05512857,  0.00143058, -0.12499898,
          -0.12499898,  0.17376836,  0.17376836, -0.11771516, -0.11771516,
          -0.04749626, -0.04749626],
         [-0.05512857,  0.6533077 , -0.05512857, -0.12499898,  0.00143058,
          -0.12499898, -0.11771516, -0.04749626,  0.17376836, -0.04749626,
           0.17376836, -0.11771516],
         [ 0.22051427,  0.22051427,  0.01592089,  0.49999593,  0.49999593,
           0.24857553,  0.79016044,  0.13530783,  0.79016044,  0.06597479,
           0.13530783,  0.06597479],
         [ 0.01592089,  0.22051427,  0.22051427,  0.24857553,  0.49999593,
           0.49999593,  0.06597479,  0.06597479,  0.13530783,  0.13530783,
           0.79016044,  0.79016044],
         [ 0.22051427,  0.01592089,  0.22051427,  0.49999593,  0.24857553,
           0.49999593,  0.13530783,  0.79016044,  0.06597479,  0.79016044,
           0.06597479,  0.13530783]])}}}}}
  
  QG-utils, psi_tables, flat_tables:
  {'FE1_C0': array([[ 0.06308901,  0.87382197,  0.06308901,  0.        ,  0.        ,
           0.        ],
         [ 0.06308901,  0.06308901,  0.87382197,  0.        ,  0.        ,
           0.        ],
         [ 0.87382197,  0.06308901,  0.06308901,  0.        ,  0.        ,
           0.        ],
         [ 0.24928675,  0.50142651,  0.24928675,  0.        ,  0.        ,
           0.        ],
         [ 0.24928675,  0.24928675,  0.50142651,  0.        ,  0.        ,
           0.        ],
         [ 0.50142651,  0.24928675,  0.24928675,  0.        ,  0.        ,
           0.        ],
         [ 0.05314505,  0.6365025 ,  0.31035245,  0.        ,  0.        ,
           0.        ],
         [ 0.31035245,  0.6365025 ,  0.05314505,  0.        ,  0.        ,
           0.        ],
         [ 0.05314505,  0.31035245,  0.6365025 ,  0.        ,  0.        ,
           0.        ],
         [ 0.6365025 ,  0.31035245,  0.05314505,  0.        ,  0.        ,
           0.        ],
         [ 0.31035245,  0.05314505,  0.6365025 ,  0.        ,  0.        ,
           0.        ],
         [ 0.6365025 ,  0.05314505,  0.31035245,  0.        ,  0.        ,
           0.        ]]), 'FE1_C1': array([[ 0.        ,  0.        ,  0.        ,  0.06308901,  0.87382197,
           0.06308901],
         [ 0.        ,  0.        ,  0.        ,  0.06308901,  0.06308901,
           0.87382197],
         [ 0.        ,  0.        ,  0.        ,  0.87382197,  0.06308901,
           0.06308901],
         [ 0.        ,  0.        ,  0.        ,  0.24928675,  0.50142651,
           0.24928675],
         [ 0.        ,  0.        ,  0.        ,  0.24928675,  0.24928675,
           0.50142651],
         [ 0.        ,  0.        ,  0.        ,  0.50142651,  0.24928675,
           0.24928675],
         [ 0.        ,  0.        ,  0.        ,  0.05314505,  0.6365025 ,
           0.31035245],
         [ 0.        ,  0.        ,  0.        ,  0.31035245,  0.6365025 ,
           0.05314505],
         [ 0.        ,  0.        ,  0.        ,  0.05314505,  0.31035245,
           0.6365025 ],
         [ 0.        ,  0.        ,  0.        ,  0.6365025 ,  0.31035245,
           0.05314505],
         [ 0.        ,  0.        ,  0.        ,  0.31035245,  0.05314505,
           0.6365025 ],
         [ 0.        ,  0.        ,  0.        ,  0.6365025 ,  0.05314505,
           0.31035245]]), 'FE1_C1_D10': array([[ 0.,  0.,  0., -1.,  1.,  0.],
         [ 0.,  0.,  0., -1.,  1.,  0.],
         [ 0.,  0.,  0., -1.,  1.,  0.],
         [ 0.,  0.,  0., -1.,  1.,  0.],
         [ 0.,  0.,  0., -1.,  1.,  0.],
         [ 0.,  0.,  0., -1.,  1.,  0.],
         [ 0.,  0.,  0., -1.,  1.,  0.],
         [ 0.,  0.,  0., -1.,  1.,  0.],
         [ 0.,  0.,  0., -1.,  1.,  0.],
         [ 0.,  0.,  0., -1.,  1.,  0.],
         [ 0.,  0.,  0., -1.,  1.,  0.],
         [ 0.,  0.,  0., -1.,  1.,  0.]]), 'FE0': array([[-0.05512857,  0.6533077 , -0.05512857,  0.22051427,  0.01592089,
           0.22051427],
         [-0.05512857, -0.05512857,  0.6533077 ,  0.22051427,  0.22051427,
           0.01592089],
         [ 0.6533077 , -0.05512857, -0.05512857,  0.01592089,  0.22051427,
           0.22051427],
         [-0.12499898,  0.00143058, -0.12499898,  0.49999593,  0.24857553,
           0.49999593],
         [-0.12499898, -0.12499898,  0.00143058,  0.49999593,  0.49999593,
           0.24857553],
         [ 0.00143058, -0.12499898, -0.12499898,  0.24857553,  0.49999593,
           0.49999593],
         [-0.04749626,  0.17376836, -0.11771516,  0.79016044,  0.06597479,
           0.13530783],
         [-0.11771516,  0.17376836, -0.04749626,  0.13530783,  0.06597479,
           0.79016044],
         [-0.04749626, -0.11771516,  0.17376836,  0.79016044,  0.13530783,
           0.06597479],
         [ 0.17376836, -0.11771516, -0.04749626,  0.06597479,  0.13530783,
           0.79016044],
         [-0.11771516, -0.04749626,  0.17376836,  0.13530783,  0.79016044,
           0.06597479],
         [ 0.17376836, -0.04749626, -0.11771516,  0.06597479,  0.79016044,
           0.13530783]]), 'FE1_C1_D01': array([[  0.00000000e+00,   0.00000000e+00,   0.00000000e+00,
           -1.00000000e+00,   8.88178420e-16,   1.00000000e+00],
         [  0.00000000e+00,   0.00000000e+00,   0.00000000e+00,
           -1.00000000e+00,   8.88178420e-16,   1.00000000e+00],
         [  0.00000000e+00,   0.00000000e+00,   0.00000000e+00,
           -1.00000000e+00,   8.88178420e-16,   1.00000000e+00],
         [  0.00000000e+00,   0.00000000e+00,   0.00000000e+00,
           -1.00000000e+00,   8.88178420e-16,   1.00000000e+00],
         [  0.00000000e+00,   0.00000000e+00,   0.00000000e+00,
           -1.00000000e+00,   8.88178420e-16,   1.00000000e+00],
         [  0.00000000e+00,   0.00000000e+00,   0.00000000e+00,
           -1.00000000e+00,   8.88178420e-16,   1.00000000e+00],
         [  0.00000000e+00,   0.00000000e+00,   0.00000000e+00,
           -1.00000000e+00,   8.88178420e-16,   1.00000000e+00],
         [  0.00000000e+00,   0.00000000e+00,   0.00000000e+00,
           -1.00000000e+00,   8.88178420e-16,   1.00000000e+00],
         [  0.00000000e+00,   0.00000000e+00,   0.00000000e+00,
           -1.00000000e+00,   8.88178420e-16,   1.00000000e+00],
         [  0.00000000e+00,   0.00000000e+00,   0.00000000e+00,
           -1.00000000e+00,   8.88178420e-16,   1.00000000e+00],
         [  0.00000000e+00,   0.00000000e+00,   0.00000000e+00,
           -1.00000000e+00,   8.88178420e-16,   1.00000000e+00],
         [  0.00000000e+00,   0.00000000e+00,   0.00000000e+00,
           -1.00000000e+00,   8.88178420e-16,   1.00000000e+00]]), 'FE1_C0_D01': array([[ -1.00000000e+00,   8.88178420e-16,   1.00000000e+00,
            0.00000000e+00,   0.00000000e+00,   0.00000000e+00],
         [ -1.00000000e+00,   8.88178420e-16,   1.00000000e+00,
            0.00000000e+00,   0.00000000e+00,   0.00000000e+00],
         [ -1.00000000e+00,   8.88178420e-16,   1.00000000e+00,
            0.00000000e+00,   0.00000000e+00,   0.00000000e+00],
         [ -1.00000000e+00,   8.88178420e-16,   1.00000000e+00,
            0.00000000e+00,   0.00000000e+00,   0.00000000e+00],
         [ -1.00000000e+00,   8.88178420e-16,   1.00000000e+00,
            0.00000000e+00,   0.00000000e+00,   0.00000000e+00],
         [ -1.00000000e+00,   8.88178420e-16,   1.00000000e+00,
            0.00000000e+00,   0.00000000e+00,   0.00000000e+00],
         [ -1.00000000e+00,   8.88178420e-16,   1.00000000e+00,
            0.00000000e+00,   0.00000000e+00,   0.00000000e+00],
         [ -1.00000000e+00,   8.88178420e-16,   1.00000000e+00,
            0.00000000e+00,   0.00000000e+00,   0.00000000e+00],
         [ -1.00000000e+00,   8.88178420e-16,   1.00000000e+00,
            0.00000000e+00,   0.00000000e+00,   0.00000000e+00],
         [ -1.00000000e+00,   8.88178420e-16,   1.00000000e+00,
            0.00000000e+00,   0.00000000e+00,   0.00000000e+00],
         [ -1.00000000e+00,   8.88178420e-16,   1.00000000e+00,
            0.00000000e+00,   0.00000000e+00,   0.00000000e+00],
         [ -1.00000000e+00,   8.88178420e-16,   1.00000000e+00,
            0.00000000e+00,   0.00000000e+00,   0.00000000e+00]]), 'FE1_C0_D10': array([[-1.,  1.,  0.,  0.,  0.,  0.],
         [-1.,  1.,  0.,  0.,  0.,  0.],
         [-1.,  1.,  0.,  0.,  0.,  0.],
         [-1.,  1.,  0.,  0.,  0.,  0.],
         [-1.,  1.,  0.,  0.,  0.,  0.],
         [-1.,  1.,  0.,  0.,  0.,  0.],
         [-1.,  1.,  0.,  0.,  0.,  0.],
         [-1.,  1.,  0.,  0.,  0.,  0.],
         [-1.,  1.,  0.,  0.,  0.,  0.],
         [-1.,  1.,  0.,  0.,  0.,  0.],
         [-1.,  1.,  0.,  0.,  0.,  0.],
         [-1.,  1.,  0.,  0.,  0.,  0.]])}
  
  tables: {'FE1_C0': array([[ 0.06308901,  0.87382197,  0.06308901,  0.        ,  0.        ,
           0.        ],
         [ 0.06308901,  0.06308901,  0.87382197,  0.        ,  0.        ,
           0.        ],
         [ 0.87382197,  0.06308901,  0.06308901,  0.        ,  0.        ,
           0.        ],
         [ 0.24928675,  0.50142651,  0.24928675,  0.        ,  0.        ,
           0.        ],
         [ 0.24928675,  0.24928675,  0.50142651,  0.        ,  0.        ,
           0.        ],
         [ 0.50142651,  0.24928675,  0.24928675,  0.        ,  0.        ,
           0.        ],
         [ 0.05314505,  0.6365025 ,  0.31035245,  0.        ,  0.        ,
           0.        ],
         [ 0.31035245,  0.6365025 ,  0.05314505,  0.        ,  0.        ,
           0.        ],
         [ 0.05314505,  0.31035245,  0.6365025 ,  0.        ,  0.        ,
           0.        ],
         [ 0.6365025 ,  0.31035245,  0.05314505,  0.        ,  0.        ,
           0.        ],
         [ 0.31035245,  0.05314505,  0.6365025 ,  0.        ,  0.        ,
           0.        ],
         [ 0.6365025 ,  0.05314505,  0.31035245,  0.        ,  0.        ,
           0.        ]]), 'FE1_C1': array([[ 0.        ,  0.        ,  0.        ,  0.06308901,  0.87382197,
           0.06308901],
         [ 0.        ,  0.        ,  0.        ,  0.06308901,  0.06308901,
           0.87382197],
         [ 0.        ,  0.        ,  0.        ,  0.87382197,  0.06308901,
           0.06308901],
         [ 0.        ,  0.        ,  0.        ,  0.24928675,  0.50142651,
           0.24928675],
         [ 0.        ,  0.        ,  0.        ,  0.24928675,  0.24928675,
           0.50142651],
         [ 0.        ,  0.        ,  0.        ,  0.50142651,  0.24928675,
           0.24928675],
         [ 0.        ,  0.        ,  0.        ,  0.05314505,  0.6365025 ,
           0.31035245],
         [ 0.        ,  0.        ,  0.        ,  0.31035245,  0.6365025 ,
           0.05314505],
         [ 0.        ,  0.        ,  0.        ,  0.05314505,  0.31035245,
           0.6365025 ],
         [ 0.        ,  0.        ,  0.        ,  0.6365025 ,  0.31035245,
           0.05314505],
         [ 0.        ,  0.        ,  0.        ,  0.31035245,  0.05314505,
           0.6365025 ],
         [ 0.        ,  0.        ,  0.        ,  0.6365025 ,  0.05314505,
           0.31035245]]), 'FE1_C1_D10': array([[ 0.,  0.,  0., -1.,  1.,  0.],
         [ 0.,  0.,  0., -1.,  1.,  0.],
         [ 0.,  0.,  0., -1.,  1.,  0.],
         [ 0.,  0.,  0., -1.,  1.,  0.],
         [ 0.,  0.,  0., -1.,  1.,  0.],
         [ 0.,  0.,  0., -1.,  1.,  0.],
         [ 0.,  0.,  0., -1.,  1.,  0.],
         [ 0.,  0.,  0., -1.,  1.,  0.],
         [ 0.,  0.,  0., -1.,  1.,  0.],
         [ 0.,  0.,  0., -1.,  1.,  0.],
         [ 0.,  0.,  0., -1.,  1.,  0.],
         [ 0.,  0.,  0., -1.,  1.,  0.]]), 'FE0': array([[-0.05512857,  0.6533077 , -0.05512857,  0.22051427,  0.01592089,
           0.22051427],
         [-0.05512857, -0.05512857,  0.6533077 ,  0.22051427,  0.22051427,
           0.01592089],
         [ 0.6533077 , -0.05512857, -0.05512857,  0.01592089,  0.22051427,
           0.22051427],
         [-0.12499898,  0.00143058, -0.12499898,  0.49999593,  0.24857553,
           0.49999593],
         [-0.12499898, -0.12499898,  0.00143058,  0.49999593,  0.49999593,
           0.24857553],
         [ 0.00143058, -0.12499898, -0.12499898,  0.24857553,  0.49999593,
           0.49999593],
         [-0.04749626,  0.17376836, -0.11771516,  0.79016044,  0.06597479,
           0.13530783],
         [-0.11771516,  0.17376836, -0.04749626,  0.13530783,  0.06597479,
           0.79016044],
         [-0.04749626, -0.11771516,  0.17376836,  0.79016044,  0.13530783,
           0.06597479],
         [ 0.17376836, -0.11771516, -0.04749626,  0.06597479,  0.13530783,
           0.79016044],
         [-0.11771516, -0.04749626,  0.17376836,  0.13530783,  0.79016044,
           0.06597479],
         [ 0.17376836, -0.04749626, -0.11771516,  0.06597479,  0.79016044,
           0.13530783]]), 'FE1_C1_D01': array([[  0.00000000e+00,   0.00000000e+00,   0.00000000e+00,
           -1.00000000e+00,   8.88178420e-16,   1.00000000e+00],
         [  0.00000000e+00,   0.00000000e+00,   0.00000000e+00,
           -1.00000000e+00,   8.88178420e-16,   1.00000000e+00],
         [  0.00000000e+00,   0.00000000e+00,   0.00000000e+00,
           -1.00000000e+00,   8.88178420e-16,   1.00000000e+00],
         [  0.00000000e+00,   0.00000000e+00,   0.00000000e+00,
           -1.00000000e+00,   8.88178420e-16,   1.00000000e+00],
         [  0.00000000e+00,   0.00000000e+00,   0.00000000e+00,
           -1.00000000e+00,   8.88178420e-16,   1.00000000e+00],
         [  0.00000000e+00,   0.00000000e+00,   0.00000000e+00,
           -1.00000000e+00,   8.88178420e-16,   1.00000000e+00],
         [  0.00000000e+00,   0.00000000e+00,   0.00000000e+00,
           -1.00000000e+00,   8.88178420e-16,   1.00000000e+00],
         [  0.00000000e+00,   0.00000000e+00,   0.00000000e+00,
           -1.00000000e+00,   8.88178420e-16,   1.00000000e+00],
         [  0.00000000e+00,   0.00000000e+00,   0.00000000e+00,
           -1.00000000e+00,   8.88178420e-16,   1.00000000e+00],
         [  0.00000000e+00,   0.00000000e+00,   0.00000000e+00,
           -1.00000000e+00,   8.88178420e-16,   1.00000000e+00],
         [  0.00000000e+00,   0.00000000e+00,   0.00000000e+00,
           -1.00000000e+00,   8.88178420e-16,   1.00000000e+00],
         [  0.00000000e+00,   0.00000000e+00,   0.00000000e+00,
           -1.00000000e+00,   8.88178420e-16,   1.00000000e+00]]), 'FE1_C0_D01': array([[ -1.00000000e+00,   8.88178420e-16,   1.00000000e+00,
            0.00000000e+00,   0.00000000e+00,   0.00000000e+00],
         [ -1.00000000e+00,   8.88178420e-16,   1.00000000e+00,
            0.00000000e+00,   0.00000000e+00,   0.00000000e+00],
         [ -1.00000000e+00,   8.88178420e-16,   1.00000000e+00,
            0.00000000e+00,   0.00000000e+00,   0.00000000e+00],
         [ -1.00000000e+00,   8.88178420e-16,   1.00000000e+00,
            0.00000000e+00,   0.00000000e+00,   0.00000000e+00],
         [ -1.00000000e+00,   8.88178420e-16,   1.00000000e+00,
            0.00000000e+00,   0.00000000e+00,   0.00000000e+00],
         [ -1.00000000e+00,   8.88178420e-16,   1.00000000e+00,
            0.00000000e+00,   0.00000000e+00,   0.00000000e+00],
         [ -1.00000000e+00,   8.88178420e-16,   1.00000000e+00,
            0.00000000e+00,   0.00000000e+00,   0.00000000e+00],
         [ -1.00000000e+00,   8.88178420e-16,   1.00000000e+00,
            0.00000000e+00,   0.00000000e+00,   0.00000000e+00],
         [ -1.00000000e+00,   8.88178420e-16,   1.00000000e+00,
            0.00000000e+00,   0.00000000e+00,   0.00000000e+00],
         [ -1.00000000e+00,   8.88178420e-16,   1.00000000e+00,
            0.00000000e+00,   0.00000000e+00,   0.00000000e+00],
         [ -1.00000000e+00,   8.88178420e-16,   1.00000000e+00,
            0.00000000e+00,   0.00000000e+00,   0.00000000e+00],
         [ -1.00000000e+00,   8.88178420e-16,   1.00000000e+00,
            0.00000000e+00,   0.00000000e+00,   0.00000000e+00]]), 'FE1_C0_D10': array([[-1.,  1.,  0.,  0.,  0.,  0.],
         [-1.,  1.,  0.,  0.,  0.,  0.],
         [-1.,  1.,  0.,  0.,  0.,  0.],
         [-1.,  1.,  0.,  0.,  0.,  0.],
         [-1.,  1.,  0.,  0.,  0.,  0.],
         [-1.,  1.,  0.,  0.,  0.,  0.],
         [-1.,  1.,  0.,  0.,  0.,  0.],
         [-1.,  1.,  0.,  0.,  0.,  0.],
         [-1.,  1.,  0.,  0.,  0.,  0.],
         [-1.,  1.,  0.,  0.,  0.,  0.],
         [-1.,  1.,  0.,  0.,  0.,  0.],
         [-1.,  1.,  0.,  0.,  0.,  0.]])}
  
  name_map: {}
  
  inv_name_map: {'FE1_C0': 'FE1_C0', 'FE1_C1': 'FE1_C1', 'FE1_C1_D10': 'FE1_C1_D10', 'FE0': 'FE0', 'FE1_C1_D01': 'FE1_C1_D01', 'FE1_C0_D01': 'FE1_C0_D01', 'FE1_C0_D10': 'FE1_C0_D10'}
  
  QG-utils, psi_tables, unique_tables:
  {'FE1_C0': array([[ 0.06308901,  0.87382197,  0.06308901],
         [ 0.06308901,  0.06308901,  0.87382197],
         [ 0.87382197,  0.06308901,  0.06308901],
         [ 0.24928675,  0.50142651,  0.24928675],
         [ 0.24928675,  0.24928675,  0.50142651],
         [ 0.50142651,  0.24928675,  0.24928675],
         [ 0.05314505,  0.6365025 ,  0.31035245],
         [ 0.31035245,  0.6365025 ,  0.05314505],
         [ 0.05314505,  0.31035245,  0.6365025 ],
         [ 0.6365025 ,  0.31035245,  0.05314505],
         [ 0.31035245,  0.05314505,  0.6365025 ],
         [ 0.6365025 ,  0.05314505,  0.31035245]]), 'FE0': array([[-0.05512857,  0.6533077 , -0.05512857,  0.22051427,  0.01592089,
           0.22051427],
         [-0.05512857, -0.05512857,  0.6533077 ,  0.22051427,  0.22051427,
           0.01592089],
         [ 0.6533077 , -0.05512857, -0.05512857,  0.01592089,  0.22051427,
           0.22051427],
         [-0.12499898,  0.00143058, -0.12499898,  0.49999593,  0.24857553,
           0.49999593],
         [-0.12499898, -0.12499898,  0.00143058,  0.49999593,  0.49999593,
           0.24857553],
         [ 0.00143058, -0.12499898, -0.12499898,  0.24857553,  0.49999593,
           0.49999593],
         [-0.04749626,  0.17376836, -0.11771516,  0.79016044,  0.06597479,
           0.13530783],
         [-0.11771516,  0.17376836, -0.04749626,  0.13530783,  0.06597479,
           0.79016044],
         [-0.04749626, -0.11771516,  0.17376836,  0.79016044,  0.13530783,
           0.06597479],
         [ 0.17376836, -0.11771516, -0.04749626,  0.06597479,  0.13530783,
           0.79016044],
         [-0.11771516, -0.04749626,  0.17376836,  0.13530783,  0.79016044,
           0.06597479],
         [ 0.17376836, -0.04749626, -0.11771516,  0.06597479,  0.79016044,
           0.13530783]]), 'FE1_C0_D01': array([[-1.,  1.],
         [-1.,  1.],
         [-1.,  1.],
         [-1.,  1.],
         [-1.,  1.],
         [-1.,  1.],
         [-1.,  1.],
         [-1.,  1.],
         [-1.,  1.],
         [-1.,  1.],
         [-1.,  1.],
         [-1.,  1.]])}
  
  QG-utils, psi_tables, name_map:
  {'FE1_C0': ('FE1_C0', (0, [0, 1, 2]), False, False), 'FE1_C1': ('FE1_C0', (3, [3, 4, 5]), False, False), 'FE1_C1_D10': ('FE1_C0_D01', (5, [3, 4]), False, False), 'FE0': ('FE0', (), False, False), 'FE1_C1_D01': ('FE1_C0_D01', (4, [3, 5]), False, False), 'FE1_C0_D01': ('FE1_C0_D01', (1, [0, 2]), False, False), 'FE1_C0_D10': ('FE1_C0_D01', (2, [0, 1]), False, False)}
  Transforming cell integral
  Reusing element from cache
  Reusing element from cache
  Reusing element from cache
  Reusing element from cache
  Computing quadrature representation
  Reusing element from cache
  Reusing element from cache
  Reusing element from cache
  Reusing element from cache
  
  QG-utils, psi_tables:
  {3: {VectorElement('Lagrange', Domain(Cell('triangle', 2), label=None, data=None), 1, dim=2, quad_scheme=None): {None: {0: {(0, 1): array([[[ -1.00000000e+00,  -1.00000000e+00,  -1.00000000e+00],
          [  0.00000000e+00,   0.00000000e+00,   0.00000000e+00]],
  
         [[  8.88178420e-16,   8.88178420e-16,   8.88178420e-16],
          [  0.00000000e+00,   0.00000000e+00,   0.00000000e+00]],
  
         [[  1.00000000e+00,   1.00000000e+00,   1.00000000e+00],
          [  0.00000000e+00,   0.00000000e+00,   0.00000000e+00]],
  
         [[  0.00000000e+00,   0.00000000e+00,   0.00000000e+00],
          [ -1.00000000e+00,  -1.00000000e+00,  -1.00000000e+00]],
  
         [[  0.00000000e+00,   0.00000000e+00,   0.00000000e+00],
          [  8.88178420e-16,   8.88178420e-16,   8.88178420e-16]],
  
         [[  0.00000000e+00,   0.00000000e+00,   0.00000000e+00],
          [  1.00000000e+00,   1.00000000e+00,   1.00000000e+00]]]), (1, 0): array([[[-1., -1., -1.],
          [ 0.,  0.,  0.]],
  
         [[ 1.,  1.,  1.],
          [ 0.,  0.,  0.]],
  
         [[ 0.,  0.,  0.],
          [ 0.,  0.,  0.]],
  
         [[ 0.,  0.,  0.],
          [-1., -1., -1.]],
  
         [[ 0.,  0.,  0.],
          [ 1.,  1.,  1.]],
  
         [[ 0.,  0.,  0.],
          [ 0.,  0.,  0.]]]), (0, 0): array([[[  2.77555756e-17,   4.16333634e-17,   5.55111512e-17],
          [  0.00000000e+00,   0.00000000e+00,   0.00000000e+00]],
  
         [[  8.87298335e-01,   5.00000000e-01,   1.12701665e-01],
          [  0.00000000e+00,   0.00000000e+00,   0.00000000e+00]],
  
         [[  1.12701665e-01,   5.00000000e-01,   8.87298335e-01],
          [  0.00000000e+00,   0.00000000e+00,   0.00000000e+00]],
  
         [[  0.00000000e+00,   0.00000000e+00,   0.00000000e+00],
          [  2.77555756e-17,   4.16333634e-17,   5.55111512e-17]],
  
         [[  0.00000000e+00,   0.00000000e+00,   0.00000000e+00],
          [  8.87298335e-01,   5.00000000e-01,   1.12701665e-01]],
  
         [[  0.00000000e+00,   0.00000000e+00,   0.00000000e+00],
          [  1.12701665e-01,   5.00000000e-01,   8.87298335e-01]]])}, 1: {(0, 1): array([[[ -1.00000000e+00,  -1.00000000e+00,  -1.00000000e+00],
          [  0.00000000e+00,   0.00000000e+00,   0.00000000e+00]],
  
         [[  8.88178420e-16,   8.88178420e-16,   8.88178420e-16],
          [  0.00000000e+00,   0.00000000e+00,   0.00000000e+00]],
  
         [[  1.00000000e+00,   1.00000000e+00,   1.00000000e+00],
          [  0.00000000e+00,   0.00000000e+00,   0.00000000e+00]],
  
         [[  0.00000000e+00,   0.00000000e+00,   0.00000000e+00],
          [ -1.00000000e+00,  -1.00000000e+00,  -1.00000000e+00]],
  
         [[  0.00000000e+00,   0.00000000e+00,   0.00000000e+00],
          [  8.88178420e-16,   8.88178420e-16,   8.88178420e-16]],
  
         [[  0.00000000e+00,   0.00000000e+00,   0.00000000e+00],
          [  1.00000000e+00,   1.00000000e+00,   1.00000000e+00]]]), (1, 0): array([[[-1., -1., -1.],
          [ 0.,  0.,  0.]],
  
         [[ 1.,  1.,  1.],
          [ 0.,  0.,  0.]],
  
         [[ 0.,  0.,  0.],
          [ 0.,  0.,  0.]],
  
         [[ 0.,  0.,  0.],
          [-1., -1., -1.]],
  
         [[ 0.,  0.,  0.],
          [ 1.,  1.,  1.]],
  
         [[ 0.,  0.,  0.],
          [ 0.,  0.,  0.]]]), (0, 0): array([[[  8.87298335e-01,   5.00000000e-01,   1.12701665e-01],
          [  0.00000000e+00,   0.00000000e+00,   0.00000000e+00]],
  
         [[  2.77555756e-17,   4.16333634e-17,   5.55111512e-17],
          [  0.00000000e+00,   0.00000000e+00,   0.00000000e+00]],
  
         [[  1.12701665e-01,   5.00000000e-01,   8.87298335e-01],
          [  0.00000000e+00,   0.00000000e+00,   0.00000000e+00]],
  
         [[  0.00000000e+00,   0.00000000e+00,   0.00000000e+00],
          [  8.87298335e-01,   5.00000000e-01,   1.12701665e-01]],
  
         [[  0.00000000e+00,   0.00000000e+00,   0.00000000e+00],
          [  2.77555756e-17,   4.16333634e-17,   5.55111512e-17]],
  
         [[  0.00000000e+00,   0.00000000e+00,   0.00000000e+00],
          [  1.12701665e-01,   5.00000000e-01,   8.87298335e-01]]])}, 2: {(0, 1): array([[[ -1.00000000e+00,  -1.00000000e+00,  -1.00000000e+00],
          [  0.00000000e+00,   0.00000000e+00,   0.00000000e+00]],
  
         [[  8.88178420e-16,   8.88178420e-16,   8.88178420e-16],
          [  0.00000000e+00,   0.00000000e+00,   0.00000000e+00]],
  
         [[  1.00000000e+00,   1.00000000e+00,   1.00000000e+00],
          [  0.00000000e+00,   0.00000000e+00,   0.00000000e+00]],
  
         [[  0.00000000e+00,   0.00000000e+00,   0.00000000e+00],
          [ -1.00000000e+00,  -1.00000000e+00,  -1.00000000e+00]],
  
         [[  0.00000000e+00,   0.00000000e+00,   0.00000000e+00],
          [  8.88178420e-16,   8.88178420e-16,   8.88178420e-16]],
  
         [[  0.00000000e+00,   0.00000000e+00,   0.00000000e+00],
          [  1.00000000e+00,   1.00000000e+00,   1.00000000e+00]]]), (1, 0): array([[[-1., -1., -1.],
          [ 0.,  0.,  0.]],
  
         [[ 1.,  1.,  1.],
          [ 0.,  0.,  0.]],
  
         [[ 0.,  0.,  0.],
          [ 0.,  0.,  0.]],
  
         [[ 0.,  0.,  0.],
          [-1., -1., -1.]],
  
         [[ 0.,  0.,  0.],
          [ 1.,  1.,  1.]],
  
         [[ 0.,  0.,  0.],
          [ 0.,  0.,  0.]]]), (0, 0): array([[[ 0.88729833,  0.5       ,  0.11270167],
          [ 0.        ,  0.        ,  0.        ]],
  
         [[ 0.11270167,  0.5       ,  0.88729833],
          [ 0.        ,  0.        ,  0.        ]],
  
         [[ 0.        ,  0.        ,  0.        ],
          [ 0.        ,  0.        ,  0.        ]],
  
         [[ 0.        ,  0.        ,  0.        ],
          [ 0.88729833,  0.5       ,  0.11270167]],
  
         [[ 0.        ,  0.        ,  0.        ],
          [ 0.11270167,  0.5       ,  0.88729833]],
  
         [[ 0.        ,  0.        ,  0.        ],
          [ 0.        ,  0.        ,  0.        ]]])}}}, FiniteElement('Lagrange', Domain(Cell('triangle', 2), label=None, data=None), 2, quad_scheme=None): {None: {0: {(0, 0): array([[  1.12757026e-16,   4.16333634e-17,   4.16333634e-17],
         [  6.87298335e-01,  -9.71445147e-17,  -8.72983346e-02],
         [ -8.72983346e-02,   8.32667268e-17,   6.87298335e-01],
         [  4.00000000e-01,   1.00000000e+00,   4.00000000e-01],
         [ -4.85722573e-17,   1.38777878e-17,   5.55111512e-17],
         [ -1.23165367e-16,   0.00000000e+00,  -6.93889390e-17]])}, 1: {(0, 0): array([[  6.87298335e-01,   8.32667268e-17,  -8.72983346e-02],
         [  9.36750677e-17,   8.32667268e-17,   9.71445147e-17],
         [ -8.72983346e-02,   8.32667268e-17,   6.87298335e-01],
         [ -2.77555756e-17,   0.00000000e+00,   0.00000000e+00],
         [  4.00000000e-01,   1.00000000e+00,   4.00000000e-01],
         [ -1.23165367e-16,   0.00000000e+00,  -6.93889390e-17]])}, 2: {(0, 0): array([[  6.87298335e-01,   4.16333634e-17,  -8.72983346e-02],
         [ -8.72983346e-02,   1.38777878e-17,   6.87298335e-01],
         [  0.00000000e+00,   0.00000000e+00,   0.00000000e+00],
         [  0.00000000e+00,   0.00000000e+00,   0.00000000e+00],
         [ -2.77555756e-17,  -5.55111512e-17,  -5.55111512e-17],
         [  4.00000000e-01,   1.00000000e+00,   4.00000000e-01]])}}}}}
  
  QG-utils, psi_tables, flat_tables:
  {'FE1_f2_C1_D10': array([[ 0.,  0.,  0., -1.,  1.,  0.],
         [ 0.,  0.,  0., -1.,  1.,  0.],
         [ 0.,  0.,  0., -1.,  1.,  0.]]), 'FE1_f2_C0_D01': array([[ -1.00000000e+00,   8.88178420e-16,   1.00000000e+00,
            0.00000000e+00,   0.00000000e+00,   0.00000000e+00],
         [ -1.00000000e+00,   8.88178420e-16,   1.00000000e+00,
            0.00000000e+00,   0.00000000e+00,   0.00000000e+00],
         [ -1.00000000e+00,   8.88178420e-16,   1.00000000e+00,
            0.00000000e+00,   0.00000000e+00,   0.00000000e+00]]), 'FE0_f0': array([[  1.12757026e-16,   6.87298335e-01,  -8.72983346e-02,
            4.00000000e-01,  -4.85722573e-17,  -1.23165367e-16],
         [  4.16333634e-17,  -9.71445147e-17,   8.32667268e-17,
            1.00000000e+00,   1.38777878e-17,   0.00000000e+00],
         [  4.16333634e-17,  -8.72983346e-02,   6.87298335e-01,
            4.00000000e-01,   5.55111512e-17,  -6.93889390e-17]]), 'FE0_f1': array([[  6.87298335e-01,   9.36750677e-17,  -8.72983346e-02,
           -2.77555756e-17,   4.00000000e-01,  -1.23165367e-16],
         [  8.32667268e-17,   8.32667268e-17,   8.32667268e-17,
            0.00000000e+00,   1.00000000e+00,   0.00000000e+00],
         [ -8.72983346e-02,   9.71445147e-17,   6.87298335e-01,
            0.00000000e+00,   4.00000000e-01,  -6.93889390e-17]]), 'FE0_f2': array([[  6.87298335e-01,  -8.72983346e-02,   0.00000000e+00,
            0.00000000e+00,  -2.77555756e-17,   4.00000000e-01],
         [  4.16333634e-17,   1.38777878e-17,   0.00000000e+00,
            0.00000000e+00,  -5.55111512e-17,   1.00000000e+00],
         [ -8.72983346e-02,   6.87298335e-01,   0.00000000e+00,
            0.00000000e+00,  -5.55111512e-17,   4.00000000e-01]]), 'FE1_f1_C0_D01': array([[ -1.00000000e+00,   8.88178420e-16,   1.00000000e+00,
            0.00000000e+00,   0.00000000e+00,   0.00000000e+00],
         [ -1.00000000e+00,   8.88178420e-16,   1.00000000e+00,
            0.00000000e+00,   0.00000000e+00,   0.00000000e+00],
         [ -1.00000000e+00,   8.88178420e-16,   1.00000000e+00,
            0.00000000e+00,   0.00000000e+00,   0.00000000e+00]]), 'FE1_f0_C0': array([[  2.77555756e-17,   8.87298335e-01,   1.12701665e-01,
            0.00000000e+00,   0.00000000e+00,   0.00000000e+00],
         [  4.16333634e-17,   5.00000000e-01,   5.00000000e-01,
            0.00000000e+00,   0.00000000e+00,   0.00000000e+00],
         [  5.55111512e-17,   1.12701665e-01,   8.87298335e-01,
            0.00000000e+00,   0.00000000e+00,   0.00000000e+00]]), 'FE1_f0_C1': array([[  0.00000000e+00,   0.00000000e+00,   0.00000000e+00,
            2.77555756e-17,   8.87298335e-01,   1.12701665e-01],
         [  0.00000000e+00,   0.00000000e+00,   0.00000000e+00,
            4.16333634e-17,   5.00000000e-01,   5.00000000e-01],
         [  0.00000000e+00,   0.00000000e+00,   0.00000000e+00,
            5.55111512e-17,   1.12701665e-01,   8.87298335e-01]]), 'FE1_f0_C1_D01': array([[  0.00000000e+00,   0.00000000e+00,   0.00000000e+00,
           -1.00000000e+00,   8.88178420e-16,   1.00000000e+00],
         [  0.00000000e+00,   0.00000000e+00,   0.00000000e+00,
           -1.00000000e+00,   8.88178420e-16,   1.00000000e+00],
         [  0.00000000e+00,   0.00000000e+00,   0.00000000e+00,
           -1.00000000e+00,   8.88178420e-16,   1.00000000e+00]]), 'FE1_f2_C1_D01': array([[  0.00000000e+00,   0.00000000e+00,   0.00000000e+00,
           -1.00000000e+00,   8.88178420e-16,   1.00000000e+00],
         [  0.00000000e+00,   0.00000000e+00,   0.00000000e+00,
           -1.00000000e+00,   8.88178420e-16,   1.00000000e+00],
         [  0.00000000e+00,   0.00000000e+00,   0.00000000e+00,
           -1.00000000e+00,   8.88178420e-16,   1.00000000e+00]]), 'FE1_f1_C1_D10': array([[ 0.,  0.,  0., -1.,  1.,  0.],
         [ 0.,  0.,  0., -1.,  1.,  0.],
         [ 0.,  0.,  0., -1.,  1.,  0.]]), 'FE1_f2_C0_D10': array([[-1.,  1.,  0.,  0.,  0.,  0.],
         [-1.,  1.,  0.,  0.,  0.,  0.],
         [-1.,  1.,  0.,  0.,  0.,  0.]]), 'FE1_f2_C0': array([[ 0.88729833,  0.11270167,  0.        ,  0.        ,  0.        ,
           0.        ],
         [ 0.5       ,  0.5       ,  0.        ,  0.        ,  0.        ,
           0.        ],
         [ 0.11270167,  0.88729833,  0.        ,  0.        ,  0.        ,
           0.        ]]), 'FE1_f0_C1_D10': array([[ 0.,  0.,  0., -1.,  1.,  0.],
         [ 0.,  0.,  0., -1.,  1.,  0.],
         [ 0.,  0.,  0., -1.,  1.,  0.]]), 'FE1_f1_C1': array([[  0.00000000e+00,   0.00000000e+00,   0.00000000e+00,
            8.87298335e-01,   2.77555756e-17,   1.12701665e-01],
         [  0.00000000e+00,   0.00000000e+00,   0.00000000e+00,
            5.00000000e-01,   4.16333634e-17,   5.00000000e-01],
         [  0.00000000e+00,   0.00000000e+00,   0.00000000e+00,
            1.12701665e-01,   5.55111512e-17,   8.87298335e-01]]), 'FE1_f1_C1_D01': array([[  0.00000000e+00,   0.00000000e+00,   0.00000000e+00,
           -1.00000000e+00,   8.88178420e-16,   1.00000000e+00],
         [  0.00000000e+00,   0.00000000e+00,   0.00000000e+00,
           -1.00000000e+00,   8.88178420e-16,   1.00000000e+00],
         [  0.00000000e+00,   0.00000000e+00,   0.00000000e+00,
           -1.00000000e+00,   8.88178420e-16,   1.00000000e+00]]), 'FE1_f2_C1': array([[ 0.        ,  0.        ,  0.        ,  0.88729833,  0.11270167,
           0.        ],
         [ 0.        ,  0.        ,  0.        ,  0.5       ,  0.5       ,
           0.        ],
         [ 0.        ,  0.        ,  0.        ,  0.11270167,  0.88729833,
           0.        ]]), 'FE1_f1_C0_D10': array([[-1.,  1.,  0.,  0.,  0.,  0.],
         [-1.,  1.,  0.,  0.,  0.,  0.],
         [-1.,  1.,  0.,  0.,  0.,  0.]]), 'FE1_f0_C0_D01': array([[ -1.00000000e+00,   8.88178420e-16,   1.00000000e+00,
            0.00000000e+00,   0.00000000e+00,   0.00000000e+00],
         [ -1.00000000e+00,   8.88178420e-16,   1.00000000e+00,
            0.00000000e+00,   0.00000000e+00,   0.00000000e+00],
         [ -1.00000000e+00,   8.88178420e-16,   1.00000000e+00,
            0.00000000e+00,   0.00000000e+00,   0.00000000e+00]]), 'FE1_f0_C0_D10': array([[-1.,  1.,  0.,  0.,  0.,  0.],
         [-1.,  1.,  0.,  0.,  0.,  0.],
         [-1.,  1.,  0.,  0.,  0.,  0.]]), 'FE1_f1_C0': array([[  8.87298335e-01,   2.77555756e-17,   1.12701665e-01,
            0.00000000e+00,   0.00000000e+00,   0.00000000e+00],
         [  5.00000000e-01,   4.16333634e-17,   5.00000000e-01,
            0.00000000e+00,   0.00000000e+00,   0.00000000e+00],
         [  1.12701665e-01,   5.55111512e-17,   8.87298335e-01,
            0.00000000e+00,   0.00000000e+00,   0.00000000e+00]])}
  
  tables: {'FE0_f0': array([[  1.12757026e-16,   6.87298335e-01,  -8.72983346e-02,
            4.00000000e-01,  -4.85722573e-17,  -1.23165367e-16],
         [  4.16333634e-17,  -9.71445147e-17,   8.32667268e-17,
            1.00000000e+00,   1.38777878e-17,   0.00000000e+00],
         [  4.16333634e-17,  -8.72983346e-02,   6.87298335e-01,
            4.00000000e-01,   5.55111512e-17,  -6.93889390e-17]]), 'FE0_f1': array([[  6.87298335e-01,   9.36750677e-17,  -8.72983346e-02,
           -2.77555756e-17,   4.00000000e-01,  -1.23165367e-16],
         [  8.32667268e-17,   8.32667268e-17,   8.32667268e-17,
            0.00000000e+00,   1.00000000e+00,   0.00000000e+00],
         [ -8.72983346e-02,   9.71445147e-17,   6.87298335e-01,
            0.00000000e+00,   4.00000000e-01,  -6.93889390e-17]]), 'FE0_f2': array([[  6.87298335e-01,  -8.72983346e-02,   0.00000000e+00,
            0.00000000e+00,  -2.77555756e-17,   4.00000000e-01],
         [  4.16333634e-17,   1.38777878e-17,   0.00000000e+00,
            0.00000000e+00,  -5.55111512e-17,   1.00000000e+00],
         [ -8.72983346e-02,   6.87298335e-01,   0.00000000e+00,
            0.00000000e+00,  -5.55111512e-17,   4.00000000e-01]]), 'FE1_f0_C0': array([[  2.77555756e-17,   8.87298335e-01,   1.12701665e-01,
            0.00000000e+00,   0.00000000e+00,   0.00000000e+00],
         [  4.16333634e-17,   5.00000000e-01,   5.00000000e-01,
            0.00000000e+00,   0.00000000e+00,   0.00000000e+00],
         [  5.55111512e-17,   1.12701665e-01,   8.87298335e-01,
            0.00000000e+00,   0.00000000e+00,   0.00000000e+00]]), 'FE1_f0_C1': array([[  0.00000000e+00,   0.00000000e+00,   0.00000000e+00,
            2.77555756e-17,   8.87298335e-01,   1.12701665e-01],
         [  0.00000000e+00,   0.00000000e+00,   0.00000000e+00,
            4.16333634e-17,   5.00000000e-01,   5.00000000e-01],
         [  0.00000000e+00,   0.00000000e+00,   0.00000000e+00,
            5.55111512e-17,   1.12701665e-01,   8.87298335e-01]]), 'FE1_f0_C1_D01': array([[  0.00000000e+00,   0.00000000e+00,   0.00000000e+00,
           -1.00000000e+00,   8.88178420e-16,   1.00000000e+00],
         [  0.00000000e+00,   0.00000000e+00,   0.00000000e+00,
           -1.00000000e+00,   8.88178420e-16,   1.00000000e+00],
         [  0.00000000e+00,   0.00000000e+00,   0.00000000e+00,
           -1.00000000e+00,   8.88178420e-16,   1.00000000e+00]]), 'FE1_f2_C0': array([[ 0.88729833,  0.11270167,  0.        ,  0.        ,  0.        ,
           0.        ],
         [ 0.5       ,  0.5       ,  0.        ,  0.        ,  0.        ,
           0.        ],
         [ 0.11270167,  0.88729833,  0.        ,  0.        ,  0.        ,
           0.        ]]), 'FE1_f0_C1_D10': array([[ 0.,  0.,  0., -1.,  1.,  0.],
         [ 0.,  0.,  0., -1.,  1.,  0.],
         [ 0.,  0.,  0., -1.,  1.,  0.]]), 'FE1_f1_C1': array([[  0.00000000e+00,   0.00000000e+00,   0.00000000e+00,
            8.87298335e-01,   2.77555756e-17,   1.12701665e-01],
         [  0.00000000e+00,   0.00000000e+00,   0.00000000e+00,
            5.00000000e-01,   4.16333634e-17,   5.00000000e-01],
         [  0.00000000e+00,   0.00000000e+00,   0.00000000e+00,
            1.12701665e-01,   5.55111512e-17,   8.87298335e-01]]), 'FE1_f2_C1': array([[ 0.        ,  0.        ,  0.        ,  0.88729833,  0.11270167,
           0.        ],
         [ 0.        ,  0.        ,  0.        ,  0.5       ,  0.5       ,
           0.        ],
         [ 0.        ,  0.        ,  0.        ,  0.11270167,  0.88729833,
           0.        ]]), 'FE1_f0_C0_D01': array([[ -1.00000000e+00,   8.88178420e-16,   1.00000000e+00,
            0.00000000e+00,   0.00000000e+00,   0.00000000e+00],
         [ -1.00000000e+00,   8.88178420e-16,   1.00000000e+00,
            0.00000000e+00,   0.00000000e+00,   0.00000000e+00],
         [ -1.00000000e+00,   8.88178420e-16,   1.00000000e+00,
            0.00000000e+00,   0.00000000e+00,   0.00000000e+00]]), 'FE1_f0_C0_D10': array([[-1.,  1.,  0.,  0.,  0.,  0.],
         [-1.,  1.,  0.,  0.,  0.,  0.],
         [-1.,  1.,  0.,  0.,  0.,  0.]]), 'FE1_f1_C0': array([[  8.87298335e-01,   2.77555756e-17,   1.12701665e-01,
            0.00000000e+00,   0.00000000e+00,   0.00000000e+00],
         [  5.00000000e-01,   4.16333634e-17,   5.00000000e-01,
            0.00000000e+00,   0.00000000e+00,   0.00000000e+00],
         [  1.12701665e-01,   5.55111512e-17,   8.87298335e-01,
            0.00000000e+00,   0.00000000e+00,   0.00000000e+00]])}
  
  name_map: {'FE1_f0_C1_D10': ['FE1_f1_C1_D10', 'FE1_f2_C1_D10'], 'FE1_f0_C0_D01': ['FE1_f1_C0_D01', 'FE1_f2_C0_D01'], 'FE1_f0_C1_D01': ['FE1_f1_C1_D01', 'FE1_f2_C1_D01'], 'FE1_f0_C0_D10': ['FE1_f1_C0_D10', 'FE1_f2_C0_D10']}
  
  inv_name_map: {'FE0_f0': 'FE0_f0', 'FE1_f1_C0_D10': 'FE1_f0_C0_D10', 'FE0_f2': 'FE0_f2', 'FE1_f1_C0_D01': 'FE1_f0_C0_D01', 'FE1_f0_C0': 'FE1_f0_C0', 'FE1_f0_C1': 'FE1_f0_C1', 'FE1_f2_C1_D10': 'FE1_f0_C1_D10', 'FE1_f2_C1_D01': 'FE1_f0_C1_D01', 'FE1_f1_C1_D10': 'FE1_f0_C1_D10', 'FE1_f1_C0': 'FE1_f1_C0', 'FE1_f2_C0': 'FE1_f2_C0', 'FE1_f0_C1_D10': 'FE1_f0_C1_D10', 'FE1_f0_C1_D01': 'FE1_f0_C1_D01', 'FE1_f1_C1': 'FE1_f1_C1', 'FE1_f1_C1_D01': 'FE1_f0_C1_D01', 'FE1_f2_C1': 'FE1_f2_C1', 'FE1_f2_C0_D10': 'FE1_f0_C0_D10', 'FE1_f0_C0_D10': 'FE1_f0_C0_D10', 'FE1_f0_C0_D01': 'FE1_f0_C0_D01', 'FE1_f2_C0_D01': 'FE1_f0_C0_D01', 'FE0_f1': 'FE0_f1'}
  
  QG-utils, psi_tables, unique_tables:
  {'FE0_f0': array([[ 0.68729833, -0.08729833,  0.4       ],
         [ 0.        ,  0.        ,  1.        ],
         [-0.08729833,  0.68729833,  0.4       ]]), 'FE1_f0_C0': array([[ 0.88729833,  0.11270167],
         [ 0.5       ,  0.5       ],
         [ 0.11270167,  0.88729833]]), 'FE1_f0_C0_D01': array([[-1.,  1.],
         [-1.,  1.],
         [-1.,  1.]])}
  
  QG-utils, psi_tables, name_map:
  {'FE0_f0': ('FE0_f0', (0, [1, 2, 3]), False, False), 'FE1_f1_C0_D10': ('FE1_f0_C0_D01', (5, [0, 1]), False, False), 'FE0_f2': ('FE0_f0', (2, [0, 1, 5]), False, False), 'FE1_f1_C0_D01': ('FE1_f0_C0_D01', (4, [0, 2]), False, False), 'FE1_f0_C0': ('FE1_f0_C0', (3, [1, 2]), False, False), 'FE1_f0_C1': ('FE1_f0_C0', (6, [4, 5]), False, False), 'FE1_f2_C1_D10': ('FE1_f0_C0_D01', (8, [3, 4]), False, False), 'FE1_f2_C1_D01': ('FE1_f0_C0_D01', (7, [3, 5]), False, False), 'FE1_f1_C1_D10': ('FE1_f0_C0_D01', (8, [3, 4]), False, False), 'FE1_f1_C0': ('FE1_f0_C0', (9, [0, 2]), False, False), 'FE1_f2_C0': ('FE1_f0_C0', (11, [0, 1]), False, False), 'FE1_f0_C1_D10': ('FE1_f0_C0_D01', (8, [3, 4]), False, False), 'FE1_f0_C1_D01': ('FE1_f0_C0_D01', (7, [3, 5]), False, False), 'FE1_f1_C1': ('FE1_f0_C0', (10, [3, 5]), False, False), 'FE1_f1_C1_D01': ('FE1_f0_C0_D01', (7, [3, 5]), False, False), 'FE1_f2_C1': ('FE1_f0_C0', (12, [3, 4]), False, False), 'FE1_f2_C0_D10': ('FE1_f0_C0_D01', (5, [0, 1]), False, False), 'FE1_f0_C0_D10': ('FE1_f0_C0_D01', (5, [0, 1]), False, False), 'FE1_f0_C0_D01': ('FE1_f0_C0_D01', (4, [0, 2]), False, False), 'FE1_f2_C0_D01': ('FE1_f0_C0_D01', (4, [0, 2]), False, False), 'FE0_f1': ('FE0_f0', (1, [0, 2, 4]), False, False)}
  Transforming exterior facet integral 0
  Reusing element from cache
  Reusing element from cache
  Transforming exterior facet integral 1
  Reusing element from cache
  Reusing element from cache
  Transforming exterior facet integral 2
  Reusing element from cache
  Reusing element from cache
  Reusing element from cache
  Reusing element from cache
  Computing representation of forms
  
Compiler stage 2 finished in 0.101578 seconds.

Compiler stage 3: Optimizing intermediate representation
--------------------------------------------------------
  Optimising expressions for cell integral
  Optimising expressions for facet integral 0
  Optimising expressions for facet integral 1
  Optimising expressions for facet integral 2
  
Compiler stage 3 finished in 0.000700951 seconds.

Compiler stage 4: Generating code
---------------------------------
  Generating code for 1 element(s)
  Removing unused variable: tmp7
  Removing unused variable: tmp6
  Removing unused variable: tmp5
  Removing unused variable: tt
  Removing unused variable: ss
  Removing unused variable: rr
  Removing unused variable: tmp7
  Removing unused variable: tmp6
  Removing unused variable: tmp5
  Removing unused variable: tt
  Removing unused variable: ss
  Removing unused variable: rr
  Removing unused variable: tmp7
  Removing unused variable: tmp6
  Removing unused variable: tmp5
  Removing unused variable: tt
  Removing unused variable: ss
  Removing unused variable: rr
  Removing unused variable: tmp7
  Removing unused variable: tmp6
  Removing unused variable: tmp5
  Removing unused variable: tt
  Removing unused variable: ss
  Removing unused variable: rr
  Removing unused variable: tmp7
  Removing unused variable: tmp6
  Removing unused variable: tmp5
  Removing unused variable: tt
  Removing unused variable: ss
  Removing unused variable: rr
  Removing unused variable: tmp7
  Removing unused variable: tmp6
  Removing unused variable: tmp5
  Removing unused variable: tt
  Removing unused variable: ss
  Removing unused variable: rr
  Removing unused variable: tmp7
  Removing unused variable: tmp6
  Removing unused variable: tmp5
  Removing unused variable: tt
  Removing unused variable: ss
  Removing unused variable: rr
  Removing unused variable: tmp7
  Removing unused variable: tmp6
  Removing unused variable: tmp5
  Removing unused variable: tt
  Removing unused variable: ss
  Removing unused variable: rr
  Removing unused variable: tmp7
  Removing unused variable: tmp6
  Removing unused variable: tmp5
  Removing unused variable: tt
  Removing unused variable: ss
  Removing unused variable: rr
  Removing unused variable: tmp7
  Removing unused variable: tmp6
  Removing unused variable: tmp5
  Removing unused variable: tt
  Removing unused variable: ss
  Removing unused variable: rr
  Removing unused variable: tmp7
  Removing unused variable: tmp6
  Removing unused variable: tmp5
  Removing unused variable: tt
  Removing unused variable: ss
  Removing unused variable: rr
  Removing unused variable: tmp7
  Removing unused variable: tmp6
  Removing unused variable: tmp5
  Removing unused variable: tt
  Removing unused variable: ss
  Removing unused variable: rr
  Generating code for 1 dofmap(s)
  Generating code for integrals
  Removing unused variable: circumradius
  Removing unused variable: v0v1
  Removing unused variable: v0v2
  Removing unused variable: v1v2
  Removing unused variable: volume
  Removing unused variable: circumradius
  Removing unused variable: v0v1
  Removing unused variable: v0v2
  Removing unused variable: v1v2
  Removing unused variable: volume
  Removing unused variable: facet_area
  Removing unused variable: n1
  Removing unused variable: n0
  Removing unused variable: direction
  Generating code for forms
  
Compiler stage 4 finished in 0.0758851 seconds.

Compiler stage 4.1: Generating additional wrapper code
------------------------------------------------------
  Generating wrapper code for DOLFIN
  
Compiler stage 4.1 finished in 0.000394106 seconds.

Compiler stage 5: Formatting code
---------------------------------
  
Output written to ./SpatialCoordinates.h.
Compiler stage 5 finished in 0.000573158 seconds.

[1;37;32mFFC finished in 0.256993 seconds.[0m
