This is FFC, the FEniCS Form Compiler, version 0.9.10.
For further information, visit http://www.fenics.org/ffc/.

Compiling form StiffnessMatrix

Compiler stage 1: Analyzing form(s)
-----------------------------------
  
  Name:                             'a'
  Rank:                             2
  Cell:                             <tetrahedron cell in R3>
  Topological dimension:            3
  Geometric dimension:              3
  Number of facets:                 4
  Number of coefficients:           0
  Number of cell domains:           1
  Number of exterior facet domains: 0
  Number or interior facet domains: 0
  Number of macro cell domains:     0
  Number of surface domains:        0
  Arguments:                        '[v_0, v_1]'
  Coefficients:                     '[]'
  Argument names:                   '[v, u]'
  Coefficient names:                '[]'
  Unique elements:                  'CG1(?)'
  Unique sub elements:              'CG1(?)'
  
  Extracting monomial form representation from UFL form
  Transforming monomial form to reference element
  Reusing element from cache
  Estimated cost of tensor representation: 2
  representation:    auto --> tensor
  Selecting quadrature degree based on total polynomial degree of integrand: 0
  quadrature_degree: auto --> 0
  quadrature_rule:   auto --> default
  
Compiler stage 1 finished in 0.0359612 seconds.

Compiler stage 2: Computing intermediate representation
-------------------------------------------------------
  Computing representation of 1 elements
  Reusing element from cache
  Computing representation of 1 dofmaps
  Reusing element from cache
  Computing representation of integrals
  Computing tensor representation
  Extracting monomial form representation from UFL form
  Reusing monomial integrand from cache
  Transforming monomial form to reference element
  Precomputing integrals on reference element
  Reusing element from cache
  144 entries computed in 0.0016 seconds
  Shape of reference tensor: (4, 4, 3, 3)
  Primary multi index:   rank = 2 dims = [4, 4] indices = [[0, 0], [0, 1], [0, 2], [0, 3], [1, 0], [1, 1], [1, 2], [1, 3], [2, 0], [2, 1], [2, 2], [2, 3], [3, 0], [3, 1], [3, 2], [3, 3]]
  Secondary multi index: rank = 2 dims = [3, 3] indices = [[0, 0], [0, 1], [0, 2], [1, 0], [1, 1], [1, 2], [2, 0], [2, 1], [2, 2]]
  Internal multi index:  rank = 0 dims = [] indices = [[]]
  Secondary multi index: rank = 2 dims = [3, 3] indices = [[0, 0], [0, 1], [0, 2], [1, 0], [1, 1], [1, 2], [2, 0], [2, 1], [2, 2]]
  External multi index:  rank = 1 dims = [3] indices = [[0], [1], [2]]
  Computing representation of forms
  
Compiler stage 2 finished in 0.0120661 seconds.

Compiler stage 3: Optimizing intermediate representation
--------------------------------------------------------
  Skipping FErari optimizations as requested.
  
Compiler stage 3 finished in 0.000411987 seconds.

Compiler stage 4: Generating code
---------------------------------
  Generating code for 1 elements
  Removing unused variable: tmp4
  Removing unused variable: tmp3
  Removing unused variable: tmp2
  Removing unused variable: tmp1
  Removing unused variable: tmp7
  Removing unused variable: tmp6
  Removing unused variable: tmp5
  Removing unused variable: tt
  Removing unused variable: tmp4
  Removing unused variable: tmp3
  Removing unused variable: tmp2
  Removing unused variable: tmp1
  Removing unused variable: tmp7
  Removing unused variable: tmp6
  Removing unused variable: tmp5
  Removing unused variable: tt
  Removing unused variable: tmp4
  Removing unused variable: tmp3
  Removing unused variable: tmp2
  Removing unused variable: tmp1
  Removing unused variable: tmp7
  Removing unused variable: tmp6
  Removing unused variable: tmp5
  Removing unused variable: tt
  Removing unused variable: tmp4
  Removing unused variable: tmp3
  Removing unused variable: tmp2
  Removing unused variable: tmp1
  Removing unused variable: tmp7
  Removing unused variable: tmp6
  Removing unused variable: tmp5
  Removing unused variable: tt
  Removing unused variable: K_22
  Removing unused variable: K_21
  Removing unused variable: K_20
  Removing unused variable: K_12
  Removing unused variable: K_11
  Removing unused variable: K_10
  Removing unused variable: K_02
  Removing unused variable: K_01
  Removing unused variable: K_00
  Removing unused variable: tmp4
  Removing unused variable: tmp3
  Removing unused variable: tmp2
  Removing unused variable: tmp1
  Removing unused variable: tmp7
  Removing unused variable: tmp6
  Removing unused variable: tmp5
  Removing unused variable: tt
  Removing unused variable: tmp4
  Removing unused variable: tmp3
  Removing unused variable: tmp2
  Removing unused variable: tmp1
  Removing unused variable: tmp7
  Removing unused variable: tmp6
  Removing unused variable: tmp5
  Removing unused variable: tt
  Removing unused variable: tmp4
  Removing unused variable: tmp3
  Removing unused variable: tmp2
  Removing unused variable: tmp1
  Removing unused variable: tmp7
  Removing unused variable: tmp6
  Removing unused variable: tmp5
  Removing unused variable: tt
  Removing unused variable: tmp4
  Removing unused variable: tmp3
  Removing unused variable: tmp2
  Removing unused variable: tmp1
  Removing unused variable: tmp7
  Removing unused variable: tmp6
  Removing unused variable: tmp5
  Removing unused variable: tt
  Generating code for 1 dofmaps
  Generating code for integrals
  Generating code for forms
  
Compiler stage 4 finished in 0.200529 seconds.

Compiler stage 4.1: Generating additional wrapper code
------------------------------------------------------
  Generating wrapper code for DOLFIN
  
Compiler stage 4.1 finished in 0.00242686 seconds.

Compiler stage 5: Formatting code
---------------------------------
  Output written to ./StiffnessMatrix.h.
  
Compiler stage 5 finished in 0.00156593 seconds.

[1;37;32mFFC finished in 0.253616 seconds.[0m
This is FFC, the FEniCS Form Compiler, version 0.9.10.
For further information, visit http://www.fenics.org/ffc/.

Compiling form StiffnessMatrix

Compiler stage 1: Analyzing form(s)
-----------------------------------
  
  Name:                             'a'
  Rank:                             2
  Cell:                             <tetrahedron cell in R3>
  Topological dimension:            3
  Geometric dimension:              3
  Number of facets:                 4
  Number of coefficients:           0
  Number of cell domains:           1
  Number of exterior facet domains: 0
  Number or interior facet domains: 0
  Number of macro cell domains:     0
  Number of surface domains:        0
  Arguments:                        '[v_0, v_1]'
  Coefficients:                     '[]'
  Argument names:                   '[v, u]'
  Coefficient names:                '[]'
  Unique elements:                  'CG1(?)'
  Unique sub elements:              'CG1(?)'
  
  Extracting monomial form representation from UFL form
  Transforming monomial form to reference element
  Reusing element from cache
  Estimated cost of tensor representation: 2
  representation:    auto --> tensor
  Selecting quadrature degree based on total polynomial degree of integrand: 0
  quadrature_degree: auto --> 0
  quadrature_rule:   auto --> default
  
Compiler stage 1 finished in 0.0349581 seconds.

Compiler stage 2: Computing intermediate representation
-------------------------------------------------------
  Computing representation of 1 elements
  Reusing element from cache
  Computing representation of 1 dofmaps
  Reusing element from cache
  Computing representation of integrals
  Computing tensor representation
  Extracting monomial form representation from UFL form
  Reusing monomial integrand from cache
  Transforming monomial form to reference element
  Precomputing integrals on reference element
  Reusing element from cache
  144 entries computed in 0.00199 seconds
  Shape of reference tensor: (4, 4, 3, 3)
  Primary multi index:   rank = 2 dims = [4, 4] indices = [[0, 0], [0, 1], [0, 2], [0, 3], [1, 0], [1, 1], [1, 2], [1, 3], [2, 0], [2, 1], [2, 2], [2, 3], [3, 0], [3, 1], [3, 2], [3, 3]]
  Secondary multi index: rank = 2 dims = [3, 3] indices = [[0, 0], [0, 1], [0, 2], [1, 0], [1, 1], [1, 2], [2, 0], [2, 1], [2, 2]]
  Internal multi index:  rank = 0 dims = [] indices = [[]]
  Secondary multi index: rank = 2 dims = [3, 3] indices = [[0, 0], [0, 1], [0, 2], [1, 0], [1, 1], [1, 2], [2, 0], [2, 1], [2, 2]]
  External multi index:  rank = 1 dims = [3] indices = [[0], [1], [2]]
  Computing representation of forms
  
Compiler stage 2 finished in 0.0133491 seconds.

Compiler stage 3: Optimizing intermediate representation
--------------------------------------------------------
  Skipping FErari optimizations as requested.
  
Compiler stage 3 finished in 0.000475883 seconds.

Compiler stage 4: Generating code
---------------------------------
  Generating code for 1 elements
  Removing unused variable: tmp4
  Removing unused variable: tmp3
  Removing unused variable: tmp2
  Removing unused variable: tmp1
  Removing unused variable: tmp7
  Removing unused variable: tmp6
  Removing unused variable: tmp5
  Removing unused variable: tt
  Removing unused variable: tmp4
  Removing unused variable: tmp3
  Removing unused variable: tmp2
  Removing unused variable: tmp1
  Removing unused variable: tmp7
  Removing unused variable: tmp6
  Removing unused variable: tmp5
  Removing unused variable: tt
  Removing unused variable: tmp4
  Removing unused variable: tmp3
  Removing unused variable: tmp2
  Removing unused variable: tmp1
  Removing unused variable: tmp7
  Removing unused variable: tmp6
  Removing unused variable: tmp5
  Removing unused variable: tt
  Removing unused variable: tmp4
  Removing unused variable: tmp3
  Removing unused variable: tmp2
  Removing unused variable: tmp1
  Removing unused variable: tmp7
  Removing unused variable: tmp6
  Removing unused variable: tmp5
  Removing unused variable: tt
  Removing unused variable: K_22
  Removing unused variable: K_21
  Removing unused variable: K_20
  Removing unused variable: K_12
  Removing unused variable: K_11
  Removing unused variable: K_10
  Removing unused variable: K_02
  Removing unused variable: K_01
  Removing unused variable: K_00
  Removing unused variable: tmp4
  Removing unused variable: tmp3
  Removing unused variable: tmp2
  Removing unused variable: tmp1
  Removing unused variable: tmp7
  Removing unused variable: tmp6
  Removing unused variable: tmp5
  Removing unused variable: tt
  Removing unused variable: tmp4
  Removing unused variable: tmp3
  Removing unused variable: tmp2
  Removing unused variable: tmp1
  Removing unused variable: tmp7
  Removing unused variable: tmp6
  Removing unused variable: tmp5
  Removing unused variable: tt
  Removing unused variable: tmp4
  Removing unused variable: tmp3
  Removing unused variable: tmp2
  Removing unused variable: tmp1
  Removing unused variable: tmp7
  Removing unused variable: tmp6
  Removing unused variable: tmp5
  Removing unused variable: tt
  Removing unused variable: tmp4
  Removing unused variable: tmp3
  Removing unused variable: tmp2
  Removing unused variable: tmp1
  Removing unused variable: tmp7
  Removing unused variable: tmp6
  Removing unused variable: tmp5
  Removing unused variable: tt
  Generating code for 1 dofmaps
  Generating code for integrals
  Generating code for forms
  
Compiler stage 4 finished in 0.193624 seconds.

Compiler stage 4.1: Generating additional wrapper code
------------------------------------------------------
  Generating wrapper code for DOLFIN
  
Compiler stage 4.1 finished in 0.00214505 seconds.

Compiler stage 5: Formatting code
---------------------------------
  Output written to ./StiffnessMatrix.h.
  
Compiler stage 5 finished in 0.00124693 seconds.

[1;37;32mFFC finished in 0.246436 seconds.[0m
