This is FFC, the FEniCS Form Compiler, version 0.9.10.
For further information, visit http://www.fenics.org/ffc/.

Compiling form Forms

Compiler stage 1: Analyzing form(s)
-----------------------------------
  
  Name:                             'a'
  Rank:                             2
  Cell:                             <triangle cell in R2>
  Topological dimension:            2
  Geometric dimension:              2
  Number of facets:                 3
  Number of coefficients:           0
  Number of cell domains:           1
  Number of exterior facet domains: 0
  Number or interior facet domains: 0
  Number of macro cell domains:     0
  Number of surface domains:        0
  Arguments:                        '[v_0, v_1]'
  Coefficients:                     '[]'
  Argument names:                   '[v, u]'
  Coefficient names:                '[]'
  Unique elements:                  'N1curl3(?)'
  Unique sub elements:              'N1curl3(?)'
  
  Extracting monomial form representation from UFL form
  Transforming monomial form to reference element
  Reusing element from cache
  Reusing element from cache
  Reusing element from cache
  Reusing element from cache
  Reusing element from cache
  Reusing element from cache
  Reusing element from cache
  Reusing element from cache
  Reusing element from cache
  Reusing element from cache
  Reusing element from cache
  Reusing element from cache
  Reusing element from cache
  Reusing element from cache
  Reusing element from cache
  Estimated cost of tensor representation: 4
  representation:    auto --> quadrature
  Selecting quadrature degree based on total polynomial degree of integrand: 4
  quadrature_degree: auto --> 4
  quadrature_rule:   auto --> default
  
  Name:                             'L'
  Rank:                             2
  Cell:                             <triangle cell in R2>
  Topological dimension:            2
  Geometric dimension:              2
  Number of facets:                 3
  Number of coefficients:           0
  Number of cell domains:           1
  Number of exterior facet domains: 0
  Number or interior facet domains: 0
  Number of macro cell domains:     0
  Number of surface domains:        0
  Arguments:                        '[v_0, v_1]'
  Coefficients:                     '[]'
  Argument names:                   '[v, u]'
  Coefficient names:                '[]'
  Unique elements:                  'N1curl3(?)'
  Unique sub elements:              'N1curl3(?)'
  
  Extracting monomial form representation from UFL form
  Transforming monomial form to reference element
  Reusing element from cache
  Reusing element from cache
  Reusing element from cache
  Reusing element from cache
  Reusing element from cache
  Reusing element from cache
  Estimated cost of tensor representation: 2
  representation:    auto --> tensor
  Selecting quadrature degree based on total polynomial degree of integrand: 6
  quadrature_degree: auto --> 6
  quadrature_rule:   auto --> default
  
Compiler stage 1 finished in 0.151514 seconds.

Compiler stage 2: Computing intermediate representation
-------------------------------------------------------
  Computing representation of 1 elements
  Reusing element from cache
  Computing representation of 1 dofmaps
  Reusing element from cache
  Computing representation of integrals
  Computing quadrature representation
  Reusing element from cache
  Reusing element from cache
  Reusing element from cache
  
  QG-utils, psi_tables:
  {6: {FiniteElement('Nedelec 1st kind H(curl)', Cell('triangle', Space(2)), 3, None): {None: {(0, 1): array([[[-2.84278477949, -1.79074768975, -0.730727158912, 0.565452740292,
           0.793731867204, -0.957138495884],
          [2.96218074868, 0.132835209735, -0.464923234072, -0.182610576392,
           -0.301323357469, 1.05463175114]],
  
         [[2.60133169408, 5.75744296329, 0.369744598943, -0.671420571424,
           0.0134168093132, -2.14608846111],
          [5.92436149736, -0.929846468144, 0.26567041947, -0.365221152785,
           2.10926350229, -0.602646714939]],
  
         [[-0.632753871378, -10.101087679, -1.15078897514, 2.08901867939,
           0.0345065371733, -0.00427037407146],
          [-2.96218074868, 1.46118730708, -1.12909928275, 0.182610576392,
           -3.31455693216, 2.56124853849]],
  
         [[1.85982644166, 4.75292843843, 1.38159747241, -1.60411004261,
           -0.976342443597, 2.74910419187],
          [0.244114232446, 4.25300977679, -5.75730945792, -0.553748665535,
           0.811352878319, 2.60100015265]],
  
         [[-0.635415018413, -11.6818044607, -1.67148522594, 2.74873517605,
           0.351804343472, -1.43784293086],
          [-8.881784197e-15, -10.0103192347, 10.0103192347,
           3.99680288865e-15, 1.78964727433, -1.78964727433]],
  
         [[1.61571220921, 7.13890693033, 0.499918661643, -1.05036137707,
           0.148104039219, -1.78769532192],
          [-0.244114232446, 5.75730945792, -4.25300977679, 0.553748665535,
           -2.60100015265, -0.811352878319]],
  
         [[2.3294268773, -0.021689692394, -11.5622749861, 1.90640810299,
           -2.56551891256, 3.34906346934],
          [2.96218074868, 1.12909928275, -1.46118730708, -0.182610576392,
           -2.56124853849, 3.31455693216]],
  
         [[-3.32302980328, 0.104074179474, 6.68728943144, -0.30619941864,
           -1.54344174618, -2.09584669297],
          [-5.92436149736, -0.26567041947, 0.929846468144, 0.365221152785,
           0.602646714939, -2.10926350229]],
  
         [[-5.80496552817, -0.26580392484, -1.92358289949, 0.748063316684,
           -2.01177024703, 1.09505522467],
          [-2.96218074868, 0.464923234072, -0.132835209735, 0.182610576392,
           -1.05463175114, 0.301323357469]],
  
         [[16.7566247559, -16.8318933605, 14.9533198088, -1.03300141507,
           19.6926017532, -15.4312459653],
          [33.5132495119, -1.87857355168, -1.87857355168, -2.06600283013,
           4.26135578793, 4.26135578793]],
  
         [[28.2503375501, 0.917612187043, -30.9705674032, 15.1714233066,
           9.24055761476, 2.32121430766],
          [51.3064755791, 2.30077332295, -8.05270663032, -3.16290796311,
           -5.21907364644, 18.2667577625]],
  
         [[-10.3125950058, -25.9334825298, -19.4780023355, 29.9298875179,
           -13.0772891858, 18.0366977075],
          [-29.6218074868, 10.6268167788, -7.30593653541, 1.82610576392,
           -24.1058685976, 16.5727846608]],
  
         [[-5.56045205045, 16.7566247559, 3.68187849877, -5.87553297436,
           -1.03300141507, 10.1368887623],
          [-16.7566247559, -1.87857355168, 3.75714710335, 1.03300141507,
           4.26135578793, -8.52271157586]],
  
         [[17.117522666, 3.45115998442, 6.76404271269, -4.86317762376,
           -7.82861046966, 18.6226537852],
          [-23.0100456103, 4.32267975275, 7.77383973717, 6.90770636148,
           12.8385720533, 5.00996158362]],
  
         [[-9.82958337834, 29.6218074868, 6.50870313497, -10.3865730231,
           -1.82610576392, 17.9196569599],
          [19.389046892, 2.17369256722, 12.1363332973, 8.31228685401,
           34.2899933917, 11.6907415815]]], dtype=object), (1, 0): array([[[-1.46118730708, 2.96218074868, 1.12909928275, 3.31455693216,
           -0.182610576392, -2.56124853849],
          [10.101087679, 0.632753871378, 1.15078897514, -0.0345065371733,
           -2.08901867939, 0.00427037407145]],
  
         [[0.929846468144, -5.92436149736, -0.26567041947, -2.10926350229,
           0.365221152785, 0.602646714939],
          [-5.75744296329, -2.60133169408, -0.369744598943, -0.0134168093132,
           0.671420571424, 2.14608846111]],
  
         [[-0.132835209735, -2.96218074868, 0.464923234072, 0.301323357469,
           0.182610576392, -1.05463175114],
          [1.79074768975, 2.84278477949, 0.730727158912, -0.793731867204,
           -0.565452740292, 0.957138495884]],
  
         [[1.12909928275, 2.96218074868, -1.46118730708, -2.56124853849,
           -0.182610576392, 3.31455693216],
          [-0.021689692394, 2.3294268773, -11.5622749861, -2.56551891256,
           1.90640810299, 3.34906346934]],
  
         [[-0.26567041947, -5.92436149736, 0.929846468144, 0.602646714939,
           0.365221152785, -2.10926350229],
          [0.104074179474, -3.32302980328, 6.68728943144, -1.54344174618,
           -0.30619941864, -2.09584669297]],
  
         [[0.464923234072, -2.96218074868, -0.132835209735, -1.05463175114,
           0.182610576392, 0.301323357469],
          [-0.26580392484, -5.80496552817, -1.92358289949, -2.01177024703,
           0.748063316684, 1.09505522467]],
  
         [[4.25300977679, 0.244114232446, -5.75730945792, 0.811352878319,
           -0.553748665535, 2.60100015265],
          [4.75292843843, 1.85982644166, 1.38159747241, -0.976342443597,
           -1.60411004261, 2.74910419187]],
  
         [[-10.0103192347, 8.13678388293e-15, 10.0103192347, 1.78964727433,
           8.34448127907e-16, -1.78964727433],
          [-11.6818044607, -0.635415018413, -1.67148522594, 0.351804343471,
           2.74873517605, -1.43784293086]],
  
         [[5.75730945792, -0.244114232446, -4.25300977679, -2.60100015265,
           0.553748665535, -0.811352878319],
          [7.13890693033, 1.61571220921, 0.499918661643, 0.148104039219,
           -1.05036137707, -1.78769532192]],
  
         [[-1.87857355168, -16.7566247559, 3.75714710335, 4.26135578793,
           1.03300141507, -8.52271157586],
          [16.7566247559, -5.56045205045, 3.68187849877, -1.03300141507,
           -5.87553297436, 10.1368887623]],
  
         [[4.0438128596, 5.28638435851, 14.3972928129, 36.1152913994,
           10.6525047599, 12.6294599905],
          [27.3788177818, 0.0460924187175, 9.01872361692, -5.49575921639,
           -11.4266249082, 24.830205047]],
  
         [[2.6567041947, -29.6218074868, 0.664176048674, -6.02646714939,
           1.82610576392, -1.50661678735],
          [-11.8221115244, 19.7390011677, 2.60348125399, -5.8667226611,
           0.981651146274, 7.16786278395]],
  
         [[-1.87857355168, 33.5132495119, -1.87857355168, 4.26135578793,
           -2.06600283013, 4.26135578793],
          [-16.8318933605, 16.7566247559, 14.9533198088, 19.6926017532,
           -1.03300141507, -15.4312459653]],
  
         [[10.3534799533, 1.36267301005e-13, -10.3534799533, -23.485831409,
           -6.75752893611e-15, 23.485831409],
          [-22.0002485858, 5.19419952107, -32.3537285391, -6.70498584013,
           33.5057545762, 16.7808455689]],
  
         [[-3.32088024337, 59.2436149736, -3.32088024337, 7.53308393674,
           -3.65221152785, 7.53308393674],
          [13.7614167297, 29.6218074868, -17.082296973, 14.5412022324,
           -1.82610576392, -7.00811829566]]], dtype=object), (0, 0): array([[[-0.225727000668, -0.161287863339, -0.105300034231,
           0.0156610831396, 0.0837516399465, 0.142911998332],
          [0.607168080473, 0.126094480409, 0.246521446846, 0.135717240214,
           -0.372616214444, -0.245365299252]],
  
         [[0.332587645792, 0.596892706268, 0.0917337129167, -0.175812247102,
           0.10346956021, -0.430314077487],
          [-0.596892706268, -0.332587645792, -0.0917337129167,
           -0.10346956021, 0.175812247102, 0.430314077487]],
  
         [[-0.126094480409, -0.607168080473, -0.246521446846, 0.372616214444,
           -0.135717240214, 0.245365299252],
          [0.161287863339, 0.225727000668, 0.105300034231, -0.0837516399465,
           -0.0156610831396, -0.142911998332]],
  
         [[0.105300034231, 0.161287863339, 0.225727000668, -0.142911998332,
           -0.0837516399465, -0.0156610831396],
          [0.351821481077, 0.287382343748, 0.83289508114, -0.388277297584,
           -0.456367854391, 0.120056157075]],
  
         [[-0.0917337129167, -0.596892706268, -0.332587645792,
           0.430314077487, -0.10346956021, 0.175812247102],
          [-0.183467425833, -0.929480352059, -0.929480352059, 0.860628154975,
           0.0723426868919, 0.0723426868919]],
  
         [[0.246521446846, 0.607168080473, 0.126094480409, -0.245365299252,
           0.135717240214, -0.372616214444],
          [0.351821481077, 0.83289508114, 0.287382343748, -0.388277297584,
           0.120056157075, -0.456367854391]],
  
         [[0.287382343748, 0.351821481077, 0.83289508114, -0.456367854391,
           -0.388277297584, 0.120056157075],
          [0.161287863339, 0.105300034231, 0.225727000668, -0.0837516399465,
           -0.142911998332, -0.0156610831396]],
  
         [[-0.929480352059, -0.183467425833, -0.929480352059,
           0.0723426868919, 0.860628154975, 0.0723426868919],
          [-0.596892706268, -0.0917337129167, -0.332587645792,
           -0.10346956021, 0.430314077487, 0.175812247102]],
  
         [[0.83289508114, 0.351821481077, 0.287382343748, 0.120056157075,
           -0.388277297584, -0.456367854391],
          [0.607168080473, 0.246521446846, 0.126094480409, 0.135717240214,
           -0.245365299252, -0.372616214444]],
  
         [[2.2343700072, 0.871894413511, 1.55313221036, 4.17598614577,
           2.73630638505, 3.45614626541],
          [1.42681005899e-14, -0.681237796845, 0.681237796845,
           -9.71445146547e-16, -0.71983988036, 0.71983988036]],
  
         [[2.89591927378, 0.17797470189, -3.79148361683, -4.21971734366,
           0.55854620194, 4.01437944499],
          [-0.17797470189, -0.595145950832, 1.49071029388, -0.55854620194,
           -0.999356302787, 1.20469420145]],
  
         [[-1.87746725636, 6.20210589456, -3.08173692073, 1.79130134417,
           -2.92186826335, 0.518792192246],
          [-0.308261226136, 1.37771630399, 0.173446639614, -0.967430400135,
           0.814082412564, -0.458426739364]],
  
         [[-0.681237796845, 1.85377622617e-14, 0.681237796845,
           -0.71983988036, 4.1269837649e-16, 0.71983988036],
          [0.871894413511, 2.2343700072, 1.55313221036, 2.73630638505,
           4.17598614577, 3.45614626541]],
  
         [[0.895564343045, -0.355949403781, 0.895564343045, 0.205337898661,
           -1.11709240388, 0.205337898661],
          [5.46016861259, -0.17797470189, -4.56460426955, -2.25113904161,
           -0.55854620194, 2.45647694027]],
  
         [[-1.20426966437, 3.14378608376e-14, 1.20426966437, -1.27250915193,
           -1.00635019096e-15, 1.27250915193],
          [-2.94692233421, 3.44667328658, -1.74265266984, 1.94464933174,
           -4.55003308848, 3.21715848367]]], dtype=object)}}}}
  
  QG-utils, psi_tables, flat_tables:
  {'FE0_C1_D01': array([[2.96218074868, 5.92436149736, -2.96218074868, 0.244114232446,
          -8.881784197e-15, -0.244114232446, 2.96218074868, -5.92436149736,
          -2.96218074868, 33.5132495119, 51.3064755791, -29.6218074868,
          -16.7566247559, -23.0100456103, 19.389046892],
         [0.132835209735, -0.929846468144, 1.46118730708, 4.25300977679,
          -10.0103192347, 5.75730945792, 1.12909928275, -0.26567041947,
          0.464923234072, -1.87857355168, 2.30077332295, 10.6268167788,
          -1.87857355168, 4.32267975275, 2.17369256722],
         [-0.464923234072, 0.26567041947, -1.12909928275, -5.75730945792,
          10.0103192347, -4.25300977679, -1.46118730708, 0.929846468144,
          -0.132835209735, -1.87857355168, -8.05270663032, -7.30593653541,
          3.75714710335, 7.77383973717, 12.1363332973],
         [-0.182610576392, -0.365221152785, 0.182610576392, -0.553748665535,
          3.99680288865e-15, 0.553748665535, -0.182610576392, 0.365221152785,
          0.182610576392, -2.06600283013, -3.16290796311, 1.82610576392,
          1.03300141507, 6.90770636148, 8.31228685401],
         [-0.301323357469, 2.10926350229, -3.31455693216, 0.811352878319,
          1.78964727433, -2.60100015265, -2.56124853849, 0.602646714939,
          -1.05463175114, 4.26135578793, -5.21907364644, -24.1058685976,
          4.26135578793, 12.8385720533, 34.2899933917],
         [1.05463175114, -0.602646714939, 2.56124853849, 2.60100015265,
          -1.78964727433, -0.811352878319, 3.31455693216, -2.10926350229,
          0.301323357469, 4.26135578793, 18.2667577625, 16.5727846608,
          -8.52271157586, 5.00996158362, 11.6907415815]], dtype=object), 'FE0_C1_D10': array([[10.101087679, -5.75744296329, 1.79074768975, -0.021689692394,
          0.104074179474, -0.26580392484, 4.75292843843, -11.6818044607,
          7.13890693033, 16.7566247559, 27.3788177818, -11.8221115244,
          -16.8318933605, -22.0002485858, 13.7614167297],
         [0.632753871378, -2.60133169408, 2.84278477949, 2.3294268773,
          -3.32302980328, -5.80496552817, 1.85982644166, -0.635415018413,
          1.61571220921, -5.56045205045, 0.0460924187175, 19.7390011677,
          16.7566247559, 5.19419952107, 29.6218074868],
         [1.15078897514, -0.369744598943, 0.730727158912, -11.5622749861,
          6.68728943144, -1.92358289949, 1.38159747241, -1.67148522594,
          0.499918661643, 3.68187849877, 9.01872361692, 2.60348125399,
          14.9533198088, -32.3537285391, -17.082296973],
         [-0.0345065371733, -0.0134168093132, -0.793731867204,
          -2.56551891256, -1.54344174618, -2.01177024703, -0.976342443597,
          0.351804343471, 0.148104039219, -1.03300141507, -5.49575921639,
          -5.8667226611, 19.6926017532, -6.70498584013, 14.5412022324],
         [-2.08901867939, 0.671420571424, -0.565452740292, 1.90640810299,
          -0.30619941864, 0.748063316684, -1.60411004261, 2.74873517605,
          -1.05036137707, -5.87553297436, -11.4266249082, 0.981651146274,
          -1.03300141507, 33.5057545762, -1.82610576392],
         [0.00427037407145, 2.14608846111, 0.957138495884, 3.34906346934,
          -2.09584669297, 1.09505522467, 2.74910419187, -1.43784293086,
          -1.78769532192, 10.1368887623, 24.830205047, 7.16786278395,
          -15.4312459653, 16.7808455689, -7.00811829566]], dtype=object), 'FE0_C0_D10': array([[-1.46118730708, 0.929846468144, -0.132835209735, 1.12909928275,
          -0.26567041947, 0.464923234072, 4.25300977679, -10.0103192347,
          5.75730945792, -1.87857355168, 4.0438128596, 2.6567041947,
          -1.87857355168, 10.3534799533, -3.32088024337],
         [2.96218074868, -5.92436149736, -2.96218074868, 2.96218074868,
          -5.92436149736, -2.96218074868, 0.244114232446, 8.13678388293e-15,
          -0.244114232446, -16.7566247559, 5.28638435851, -29.6218074868,
          33.5132495119, 1.36267301005e-13, 59.2436149736],
         [1.12909928275, -0.26567041947, 0.464923234072, -1.46118730708,
          0.929846468144, -0.132835209735, -5.75730945792, 10.0103192347,
          -4.25300977679, 3.75714710335, 14.3972928129, 0.664176048674,
          -1.87857355168, -10.3534799533, -3.32088024337],
         [3.31455693216, -2.10926350229, 0.301323357469, -2.56124853849,
          0.602646714939, -1.05463175114, 0.811352878319, 1.78964727433,
          -2.60100015265, 4.26135578793, 36.1152913994, -6.02646714939,
          4.26135578793, -23.485831409, 7.53308393674],
         [-0.182610576392, 0.365221152785, 0.182610576392, -0.182610576392,
          0.365221152785, 0.182610576392, -0.553748665535, 8.34448127907e-16,
          0.553748665535, 1.03300141507, 10.6525047599, 1.82610576392,
          -2.06600283013, -6.75752893611e-15, -3.65221152785],
         [-2.56124853849, 0.602646714939, -1.05463175114, 3.31455693216,
          -2.10926350229, 0.301323357469, 2.60100015265, -1.78964727433,
          -0.811352878319, -8.52271157586, 12.6294599905, -1.50661678735,
          4.26135578793, 23.485831409, 7.53308393674]], dtype=object), 'FE0_C0_D01': array([[-2.84278477949, 2.60133169408, -0.632753871378, 1.85982644166,
          -0.635415018413, 1.61571220921, 2.3294268773, -3.32302980328,
          -5.80496552817, 16.7566247559, 28.2503375501, -10.3125950058,
          -5.56045205045, 17.117522666, -9.82958337834],
         [-1.79074768975, 5.75744296329, -10.101087679, 4.75292843843,
          -11.6818044607, 7.13890693033, -0.021689692394, 0.104074179474,
          -0.26580392484, -16.8318933605, 0.917612187043, -25.9334825298,
          16.7566247559, 3.45115998442, 29.6218074868],
         [-0.730727158912, 0.369744598943, -1.15078897514, 1.38159747241,
          -1.67148522594, 0.499918661643, -11.5622749861, 6.68728943144,
          -1.92358289949, 14.9533198088, -30.9705674032, -19.4780023355,
          3.68187849877, 6.76404271269, 6.50870313497],
         [0.565452740292, -0.671420571424, 2.08901867939, -1.60411004261,
          2.74873517605, -1.05036137707, 1.90640810299, -0.30619941864,
          0.748063316684, -1.03300141507, 15.1714233066, 29.9298875179,
          -5.87553297436, -4.86317762376, -10.3865730231],
         [0.793731867204, 0.0134168093132, 0.0345065371733, -0.976342443597,
          0.351804343472, 0.148104039219, -2.56551891256, -1.54344174618,
          -2.01177024703, 19.6926017532, 9.24055761476, -13.0772891858,
          -1.03300141507, -7.82861046966, -1.82610576392],
         [-0.957138495884, -2.14608846111, -0.00427037407146, 2.74910419187,
          -1.43784293086, -1.78769532192, 3.34906346934, -2.09584669297,
          1.09505522467, -15.4312459653, 2.32121430766, 18.0366977075,
          10.1368887623, 18.6226537852, 17.9196569599]], dtype=object), 'FE0_C1': array([[0.607168080473, -0.596892706268, 0.161287863339, 0.351821481077,
          -0.183467425833, 0.351821481077, 0.161287863339, -0.596892706268,
          0.607168080473, 1.42681005899e-14, -0.17797470189, -0.308261226136,
          0.871894413511, 5.46016861259, -2.94692233421],
         [0.126094480409, -0.332587645792, 0.225727000668, 0.287382343748,
          -0.929480352059, 0.83289508114, 0.105300034231, -0.0917337129167,
          0.246521446846, -0.681237796845, -0.595145950832, 1.37771630399,
          2.2343700072, -0.17797470189, 3.44667328658],
         [0.246521446846, -0.0917337129167, 0.105300034231, 0.83289508114,
          -0.929480352059, 0.287382343748, 0.225727000668, -0.332587645792,
          0.126094480409, 0.681237796845, 1.49071029388, 0.173446639614,
          1.55313221036, -4.56460426955, -1.74265266984],
         [0.135717240214, -0.10346956021, -0.0837516399465, -0.388277297584,
          0.860628154975, -0.388277297584, -0.0837516399465, -0.10346956021,
          0.135717240214, -9.71445146547e-16, -0.55854620194,
          -0.967430400135, 2.73630638505, -2.25113904161, 1.94464933174],
         [-0.372616214444, 0.175812247102, -0.0156610831396, -0.456367854391,
          0.0723426868919, 0.120056157075, -0.142911998332, 0.430314077487,
          -0.245365299252, -0.71983988036, -0.999356302787, 0.814082412564,
          4.17598614577, -0.55854620194, -4.55003308848],
         [-0.245365299252, 0.430314077487, -0.142911998332, 0.120056157075,
          0.0723426868919, -0.456367854391, -0.0156610831396, 0.175812247102,
          -0.372616214444, 0.71983988036, 1.20469420145, -0.458426739364,
          3.45614626541, 2.45647694027, 3.21715848367]], dtype=object), 'FE0_C0': array([[-0.225727000668, 0.332587645792, -0.126094480409, 0.105300034231,
          -0.0917337129167, 0.246521446846, 0.287382343748, -0.929480352059,
          0.83289508114, 2.2343700072, 2.89591927378, -1.87746725636,
          -0.681237796845, 0.895564343045, -1.20426966437],
         [-0.161287863339, 0.596892706268, -0.607168080473, 0.161287863339,
          -0.596892706268, 0.607168080473, 0.351821481077, -0.183467425833,
          0.351821481077, 0.871894413511, 0.17797470189, 6.20210589456,
          1.85377622617e-14, -0.355949403781, 3.14378608376e-14],
         [-0.105300034231, 0.0917337129167, -0.246521446846, 0.225727000668,
          -0.332587645792, 0.126094480409, 0.83289508114, -0.929480352059,
          0.287382343748, 1.55313221036, -3.79148361683, -3.08173692073,
          0.681237796845, 0.895564343045, 1.20426966437],
         [0.0156610831396, -0.175812247102, 0.372616214444, -0.142911998332,
          0.430314077487, -0.245365299252, -0.456367854391, 0.0723426868919,
          0.120056157075, 4.17598614577, -4.21971734366, 1.79130134417,
          -0.71983988036, 0.205337898661, -1.27250915193],
         [0.0837516399465, 0.10346956021, -0.135717240214, -0.0837516399465,
          -0.10346956021, 0.135717240214, -0.388277297584, 0.860628154975,
          -0.388277297584, 2.73630638505, 0.55854620194, -2.92186826335,
          4.1269837649e-16, -1.11709240388, -1.00635019096e-15],
         [0.142911998332, -0.430314077487, 0.245365299252, -0.0156610831396,
          0.175812247102, -0.372616214444, 0.120056157075, 0.0723426868919,
          -0.456367854391, 3.45614626541, 4.01437944499, 0.518792192246,
          0.71983988036, 0.205337898661, 1.27250915193]], dtype=object)}
  
  tables: {'FE0_C1_D01': array([[2.96218074868, 5.92436149736, -2.96218074868, 0.244114232446,
          -8.881784197e-15, -0.244114232446, 2.96218074868, -5.92436149736,
          -2.96218074868, 33.5132495119, 51.3064755791, -29.6218074868,
          -16.7566247559, -23.0100456103, 19.389046892],
         [0.132835209735, -0.929846468144, 1.46118730708, 4.25300977679,
          -10.0103192347, 5.75730945792, 1.12909928275, -0.26567041947,
          0.464923234072, -1.87857355168, 2.30077332295, 10.6268167788,
          -1.87857355168, 4.32267975275, 2.17369256722],
         [-0.464923234072, 0.26567041947, -1.12909928275, -5.75730945792,
          10.0103192347, -4.25300977679, -1.46118730708, 0.929846468144,
          -0.132835209735, -1.87857355168, -8.05270663032, -7.30593653541,
          3.75714710335, 7.77383973717, 12.1363332973],
         [-0.182610576392, -0.365221152785, 0.182610576392, -0.553748665535,
          3.99680288865e-15, 0.553748665535, -0.182610576392, 0.365221152785,
          0.182610576392, -2.06600283013, -3.16290796311, 1.82610576392,
          1.03300141507, 6.90770636148, 8.31228685401],
         [-0.301323357469, 2.10926350229, -3.31455693216, 0.811352878319,
          1.78964727433, -2.60100015265, -2.56124853849, 0.602646714939,
          -1.05463175114, 4.26135578793, -5.21907364644, -24.1058685976,
          4.26135578793, 12.8385720533, 34.2899933917],
         [1.05463175114, -0.602646714939, 2.56124853849, 2.60100015265,
          -1.78964727433, -0.811352878319, 3.31455693216, -2.10926350229,
          0.301323357469, 4.26135578793, 18.2667577625, 16.5727846608,
          -8.52271157586, 5.00996158362, 11.6907415815]], dtype=object), 'FE0_C1_D10': array([[10.101087679, -5.75744296329, 1.79074768975, -0.021689692394,
          0.104074179474, -0.26580392484, 4.75292843843, -11.6818044607,
          7.13890693033, 16.7566247559, 27.3788177818, -11.8221115244,
          -16.8318933605, -22.0002485858, 13.7614167297],
         [0.632753871378, -2.60133169408, 2.84278477949, 2.3294268773,
          -3.32302980328, -5.80496552817, 1.85982644166, -0.635415018413,
          1.61571220921, -5.56045205045, 0.0460924187175, 19.7390011677,
          16.7566247559, 5.19419952107, 29.6218074868],
         [1.15078897514, -0.369744598943, 0.730727158912, -11.5622749861,
          6.68728943144, -1.92358289949, 1.38159747241, -1.67148522594,
          0.499918661643, 3.68187849877, 9.01872361692, 2.60348125399,
          14.9533198088, -32.3537285391, -17.082296973],
         [-0.0345065371733, -0.0134168093132, -0.793731867204,
          -2.56551891256, -1.54344174618, -2.01177024703, -0.976342443597,
          0.351804343471, 0.148104039219, -1.03300141507, -5.49575921639,
          -5.8667226611, 19.6926017532, -6.70498584013, 14.5412022324],
         [-2.08901867939, 0.671420571424, -0.565452740292, 1.90640810299,
          -0.30619941864, 0.748063316684, -1.60411004261, 2.74873517605,
          -1.05036137707, -5.87553297436, -11.4266249082, 0.981651146274,
          -1.03300141507, 33.5057545762, -1.82610576392],
         [0.00427037407145, 2.14608846111, 0.957138495884, 3.34906346934,
          -2.09584669297, 1.09505522467, 2.74910419187, -1.43784293086,
          -1.78769532192, 10.1368887623, 24.830205047, 7.16786278395,
          -15.4312459653, 16.7808455689, -7.00811829566]], dtype=object), 'FE0_C0_D10': array([[-1.46118730708, 0.929846468144, -0.132835209735, 1.12909928275,
          -0.26567041947, 0.464923234072, 4.25300977679, -10.0103192347,
          5.75730945792, -1.87857355168, 4.0438128596, 2.6567041947,
          -1.87857355168, 10.3534799533, -3.32088024337],
         [2.96218074868, -5.92436149736, -2.96218074868, 2.96218074868,
          -5.92436149736, -2.96218074868, 0.244114232446, 8.13678388293e-15,
          -0.244114232446, -16.7566247559, 5.28638435851, -29.6218074868,
          33.5132495119, 1.36267301005e-13, 59.2436149736],
         [1.12909928275, -0.26567041947, 0.464923234072, -1.46118730708,
          0.929846468144, -0.132835209735, -5.75730945792, 10.0103192347,
          -4.25300977679, 3.75714710335, 14.3972928129, 0.664176048674,
          -1.87857355168, -10.3534799533, -3.32088024337],
         [3.31455693216, -2.10926350229, 0.301323357469, -2.56124853849,
          0.602646714939, -1.05463175114, 0.811352878319, 1.78964727433,
          -2.60100015265, 4.26135578793, 36.1152913994, -6.02646714939,
          4.26135578793, -23.485831409, 7.53308393674],
         [-0.182610576392, 0.365221152785, 0.182610576392, -0.182610576392,
          0.365221152785, 0.182610576392, -0.553748665535, 8.34448127907e-16,
          0.553748665535, 1.03300141507, 10.6525047599, 1.82610576392,
          -2.06600283013, -6.75752893611e-15, -3.65221152785],
         [-2.56124853849, 0.602646714939, -1.05463175114, 3.31455693216,
          -2.10926350229, 0.301323357469, 2.60100015265, -1.78964727433,
          -0.811352878319, -8.52271157586, 12.6294599905, -1.50661678735,
          4.26135578793, 23.485831409, 7.53308393674]], dtype=object), 'FE0_C0_D01': array([[-2.84278477949, 2.60133169408, -0.632753871378, 1.85982644166,
          -0.635415018413, 1.61571220921, 2.3294268773, -3.32302980328,
          -5.80496552817, 16.7566247559, 28.2503375501, -10.3125950058,
          -5.56045205045, 17.117522666, -9.82958337834],
         [-1.79074768975, 5.75744296329, -10.101087679, 4.75292843843,
          -11.6818044607, 7.13890693033, -0.021689692394, 0.104074179474,
          -0.26580392484, -16.8318933605, 0.917612187043, -25.9334825298,
          16.7566247559, 3.45115998442, 29.6218074868],
         [-0.730727158912, 0.369744598943, -1.15078897514, 1.38159747241,
          -1.67148522594, 0.499918661643, -11.5622749861, 6.68728943144,
          -1.92358289949, 14.9533198088, -30.9705674032, -19.4780023355,
          3.68187849877, 6.76404271269, 6.50870313497],
         [0.565452740292, -0.671420571424, 2.08901867939, -1.60411004261,
          2.74873517605, -1.05036137707, 1.90640810299, -0.30619941864,
          0.748063316684, -1.03300141507, 15.1714233066, 29.9298875179,
          -5.87553297436, -4.86317762376, -10.3865730231],
         [0.793731867204, 0.0134168093132, 0.0345065371733, -0.976342443597,
          0.351804343472, 0.148104039219, -2.56551891256, -1.54344174618,
          -2.01177024703, 19.6926017532, 9.24055761476, -13.0772891858,
          -1.03300141507, -7.82861046966, -1.82610576392],
         [-0.957138495884, -2.14608846111, -0.00427037407146, 2.74910419187,
          -1.43784293086, -1.78769532192, 3.34906346934, -2.09584669297,
          1.09505522467, -15.4312459653, 2.32121430766, 18.0366977075,
          10.1368887623, 18.6226537852, 17.9196569599]], dtype=object), 'FE0_C1': array([[0.607168080473, -0.596892706268, 0.161287863339, 0.351821481077,
          -0.183467425833, 0.351821481077, 0.161287863339, -0.596892706268,
          0.607168080473, 1.42681005899e-14, -0.17797470189, -0.308261226136,
          0.871894413511, 5.46016861259, -2.94692233421],
         [0.126094480409, -0.332587645792, 0.225727000668, 0.287382343748,
          -0.929480352059, 0.83289508114, 0.105300034231, -0.0917337129167,
          0.246521446846, -0.681237796845, -0.595145950832, 1.37771630399,
          2.2343700072, -0.17797470189, 3.44667328658],
         [0.246521446846, -0.0917337129167, 0.105300034231, 0.83289508114,
          -0.929480352059, 0.287382343748, 0.225727000668, -0.332587645792,
          0.126094480409, 0.681237796845, 1.49071029388, 0.173446639614,
          1.55313221036, -4.56460426955, -1.74265266984],
         [0.135717240214, -0.10346956021, -0.0837516399465, -0.388277297584,
          0.860628154975, -0.388277297584, -0.0837516399465, -0.10346956021,
          0.135717240214, -9.71445146547e-16, -0.55854620194,
          -0.967430400135, 2.73630638505, -2.25113904161, 1.94464933174],
         [-0.372616214444, 0.175812247102, -0.0156610831396, -0.456367854391,
          0.0723426868919, 0.120056157075, -0.142911998332, 0.430314077487,
          -0.245365299252, -0.71983988036, -0.999356302787, 0.814082412564,
          4.17598614577, -0.55854620194, -4.55003308848],
         [-0.245365299252, 0.430314077487, -0.142911998332, 0.120056157075,
          0.0723426868919, -0.456367854391, -0.0156610831396, 0.175812247102,
          -0.372616214444, 0.71983988036, 1.20469420145, -0.458426739364,
          3.45614626541, 2.45647694027, 3.21715848367]], dtype=object), 'FE0_C0': array([[-0.225727000668, 0.332587645792, -0.126094480409, 0.105300034231,
          -0.0917337129167, 0.246521446846, 0.287382343748, -0.929480352059,
          0.83289508114, 2.2343700072, 2.89591927378, -1.87746725636,
          -0.681237796845, 0.895564343045, -1.20426966437],
         [-0.161287863339, 0.596892706268, -0.607168080473, 0.161287863339,
          -0.596892706268, 0.607168080473, 0.351821481077, -0.183467425833,
          0.351821481077, 0.871894413511, 0.17797470189, 6.20210589456,
          1.85377622617e-14, -0.355949403781, 3.14378608376e-14],
         [-0.105300034231, 0.0917337129167, -0.246521446846, 0.225727000668,
          -0.332587645792, 0.126094480409, 0.83289508114, -0.929480352059,
          0.287382343748, 1.55313221036, -3.79148361683, -3.08173692073,
          0.681237796845, 0.895564343045, 1.20426966437],
         [0.0156610831396, -0.175812247102, 0.372616214444, -0.142911998332,
          0.430314077487, -0.245365299252, -0.456367854391, 0.0723426868919,
          0.120056157075, 4.17598614577, -4.21971734366, 1.79130134417,
          -0.71983988036, 0.205337898661, -1.27250915193],
         [0.0837516399465, 0.10346956021, -0.135717240214, -0.0837516399465,
          -0.10346956021, 0.135717240214, -0.388277297584, 0.860628154975,
          -0.388277297584, 2.73630638505, 0.55854620194, -2.92186826335,
          4.1269837649e-16, -1.11709240388, -1.00635019096e-15],
         [0.142911998332, -0.430314077487, 0.245365299252, -0.0156610831396,
          0.175812247102, -0.372616214444, 0.120056157075, 0.0723426868919,
          -0.456367854391, 3.45614626541, 4.01437944499, 0.518792192246,
          0.71983988036, 0.205337898661, 1.27250915193]], dtype=object)}
  
  name_map: {}
  
  inv_name_map: {'FE0_C1_D01': 'FE0_C1_D01', 'FE0_C1_D10': 'FE0_C1_D10', 'FE0_C0_D10': 'FE0_C0_D10', 'FE0_C0_D01': 'FE0_C0_D01', 'FE0_C1': 'FE0_C1', 'FE0_C0': 'FE0_C0'}
  
  QG-utils, psi_tables, unique_tables:
  {'FE0_C1_D01': array([[2.96218074868, 5.92436149736, -2.96218074868, 0.244114232446, 0,
          -0.244114232446, 2.96218074868, -5.92436149736, -2.96218074868,
          33.5132495119, 51.3064755791, -29.6218074868, -16.7566247559,
          -23.0100456103, 19.389046892],
         [0.132835209735, -0.929846468144, 1.46118730708, 4.25300977679,
          -10.0103192347, 5.75730945792, 1.12909928275, -0.26567041947,
          0.464923234072, -1.87857355168, 2.30077332295, 10.6268167788,
          -1.87857355168, 4.32267975275, 2.17369256722],
         [-0.464923234072, 0.26567041947, -1.12909928275, -5.75730945792,
          10.0103192347, -4.25300977679, -1.46118730708, 0.929846468144,
          -0.132835209735, -1.87857355168, -8.05270663032, -7.30593653541,
          3.75714710335, 7.77383973717, 12.1363332973],
         [-0.182610576392, -0.365221152785, 0.182610576392, -0.553748665535,
          0, 0.553748665535, -0.182610576392, 0.365221152785, 0.182610576392,
          -2.06600283013, -3.16290796311, 1.82610576392, 1.03300141507,
          6.90770636148, 8.31228685401],
         [-0.301323357469, 2.10926350229, -3.31455693216, 0.811352878319,
          1.78964727433, -2.60100015265, -2.56124853849, 0.602646714939,
          -1.05463175114, 4.26135578793, -5.21907364644, -24.1058685976,
          4.26135578793, 12.8385720533, 34.2899933917],
         [1.05463175114, -0.602646714939, 2.56124853849, 2.60100015265,
          -1.78964727433, -0.811352878319, 3.31455693216, -2.10926350229,
          0.301323357469, 4.26135578793, 18.2667577625, 16.5727846608,
          -8.52271157586, 5.00996158362, 11.6907415815]], dtype=object), 'FE0_C1_D10': array([[10.101087679, -5.75744296329, 1.79074768975, -0.021689692394,
          0.104074179474, -0.26580392484, 4.75292843843, -11.6818044607,
          7.13890693033, 16.7566247559, 27.3788177818, -11.8221115244,
          -16.8318933605, -22.0002485858, 13.7614167297],
         [0.632753871378, -2.60133169408, 2.84278477949, 2.3294268773,
          -3.32302980328, -5.80496552817, 1.85982644166, -0.635415018413,
          1.61571220921, -5.56045205045, 0.0460924187175, 19.7390011677,
          16.7566247559, 5.19419952107, 29.6218074868],
         [1.15078897514, -0.369744598943, 0.730727158912, -11.5622749861,
          6.68728943144, -1.92358289949, 1.38159747241, -1.67148522594,
          0.499918661643, 3.68187849877, 9.01872361692, 2.60348125399,
          14.9533198088, -32.3537285391, -17.082296973],
         [-0.0345065371733, -0.0134168093132, -0.793731867204,
          -2.56551891256, -1.54344174618, -2.01177024703, -0.976342443597,
          0.351804343471, 0.148104039219, -1.03300141507, -5.49575921639,
          -5.8667226611, 19.6926017532, -6.70498584013, 14.5412022324],
         [-2.08901867939, 0.671420571424, -0.565452740292, 1.90640810299,
          -0.30619941864, 0.748063316684, -1.60411004261, 2.74873517605,
          -1.05036137707, -5.87553297436, -11.4266249082, 0.981651146274,
          -1.03300141507, 33.5057545762, -1.82610576392],
         [0.00427037407145, 2.14608846111, 0.957138495884, 3.34906346934,
          -2.09584669297, 1.09505522467, 2.74910419187, -1.43784293086,
          -1.78769532192, 10.1368887623, 24.830205047, 7.16786278395,
          -15.4312459653, 16.7808455689, -7.00811829566]], dtype=object), 'FE0_C0_D10': array([[-1.46118730708, 0.929846468144, -0.132835209735, 1.12909928275,
          -0.26567041947, 0.464923234072, 4.25300977679, -10.0103192347,
          5.75730945792, -1.87857355168, 4.0438128596, 2.6567041947,
          -1.87857355168, 10.3534799533, -3.32088024337],
         [2.96218074868, -5.92436149736, -2.96218074868, 2.96218074868,
          -5.92436149736, -2.96218074868, 0.244114232446, 0, -0.244114232446,
          -16.7566247559, 5.28638435851, -29.6218074868, 33.5132495119,
          1.36267301005e-13, 59.2436149736],
         [1.12909928275, -0.26567041947, 0.464923234072, -1.46118730708,
          0.929846468144, -0.132835209735, -5.75730945792, 10.0103192347,
          -4.25300977679, 3.75714710335, 14.3972928129, 0.664176048674,
          -1.87857355168, -10.3534799533, -3.32088024337],
         [3.31455693216, -2.10926350229, 0.301323357469, -2.56124853849,
          0.602646714939, -1.05463175114, 0.811352878319, 1.78964727433,
          -2.60100015265, 4.26135578793, 36.1152913994, -6.02646714939,
          4.26135578793, -23.485831409, 7.53308393674],
         [-0.182610576392, 0.365221152785, 0.182610576392, -0.182610576392,
          0.365221152785, 0.182610576392, -0.553748665535, 0, 0.553748665535,
          1.03300141507, 10.6525047599, 1.82610576392, -2.06600283013, 0,
          -3.65221152785],
         [-2.56124853849, 0.602646714939, -1.05463175114, 3.31455693216,
          -2.10926350229, 0.301323357469, 2.60100015265, -1.78964727433,
          -0.811352878319, -8.52271157586, 12.6294599905, -1.50661678735,
          4.26135578793, 23.485831409, 7.53308393674]], dtype=object), 'FE0_C0_D01': array([[-2.84278477949, 2.60133169408, -0.632753871378, 1.85982644166,
          -0.635415018413, 1.61571220921, 2.3294268773, -3.32302980328,
          -5.80496552817, 16.7566247559, 28.2503375501, -10.3125950058,
          -5.56045205045, 17.117522666, -9.82958337834],
         [-1.79074768975, 5.75744296329, -10.101087679, 4.75292843843,
          -11.6818044607, 7.13890693033, -0.021689692394, 0.104074179474,
          -0.26580392484, -16.8318933605, 0.917612187043, -25.9334825298,
          16.7566247559, 3.45115998442, 29.6218074868],
         [-0.730727158912, 0.369744598943, -1.15078897514, 1.38159747241,
          -1.67148522594, 0.499918661643, -11.5622749861, 6.68728943144,
          -1.92358289949, 14.9533198088, -30.9705674032, -19.4780023355,
          3.68187849877, 6.76404271269, 6.50870313497],
         [0.565452740292, -0.671420571424, 2.08901867939, -1.60411004261,
          2.74873517605, -1.05036137707, 1.90640810299, -0.30619941864,
          0.748063316684, -1.03300141507, 15.1714233066, 29.9298875179,
          -5.87553297436, -4.86317762376, -10.3865730231],
         [0.793731867204, 0.0134168093132, 0.0345065371733, -0.976342443597,
          0.351804343472, 0.148104039219, -2.56551891256, -1.54344174618,
          -2.01177024703, 19.6926017532, 9.24055761476, -13.0772891858,
          -1.03300141507, -7.82861046966, -1.82610576392],
         [-0.957138495884, -2.14608846111, -0.00427037407146, 2.74910419187,
          -1.43784293086, -1.78769532192, 3.34906346934, -2.09584669297,
          1.09505522467, -15.4312459653, 2.32121430766, 18.0366977075,
          10.1368887623, 18.6226537852, 17.9196569599]], dtype=object), 'FE0_C1': array([[0.607168080473, -0.596892706268, 0.161287863339, 0.351821481077,
          -0.183467425833, 0.351821481077, 0.161287863339, -0.596892706268,
          0.607168080473, 1.42681005899e-14, -0.17797470189, -0.308261226136,
          0.871894413511, 5.46016861259, -2.94692233421],
         [0.126094480409, -0.332587645792, 0.225727000668, 0.287382343748,
          -0.929480352059, 0.83289508114, 0.105300034231, -0.0917337129167,
          0.246521446846, -0.681237796845, -0.595145950832, 1.37771630399,
          2.2343700072, -0.17797470189, 3.44667328658],
         [0.246521446846, -0.0917337129167, 0.105300034231, 0.83289508114,
          -0.929480352059, 0.287382343748, 0.225727000668, -0.332587645792,
          0.126094480409, 0.681237796845, 1.49071029388, 0.173446639614,
          1.55313221036, -4.56460426955, -1.74265266984],
         [0.135717240214, -0.10346956021, -0.0837516399465, -0.388277297584,
          0.860628154975, -0.388277297584, -0.0837516399465, -0.10346956021,
          0.135717240214, 0, -0.55854620194, -0.967430400135, 2.73630638505,
          -2.25113904161, 1.94464933174],
         [-0.372616214444, 0.175812247102, -0.0156610831396, -0.456367854391,
          0.0723426868919, 0.120056157075, -0.142911998332, 0.430314077487,
          -0.245365299252, -0.71983988036, -0.999356302787, 0.814082412564,
          4.17598614577, -0.55854620194, -4.55003308848],
         [-0.245365299252, 0.430314077487, -0.142911998332, 0.120056157075,
          0.0723426868919, -0.456367854391, -0.0156610831396, 0.175812247102,
          -0.372616214444, 0.71983988036, 1.20469420145, -0.458426739364,
          3.45614626541, 2.45647694027, 3.21715848367]], dtype=object), 'FE0_C0': array([[-0.225727000668, 0.332587645792, -0.126094480409, 0.105300034231,
          -0.0917337129167, 0.246521446846, 0.287382343748, -0.929480352059,
          0.83289508114, 2.2343700072, 2.89591927378, -1.87746725636,
          -0.681237796845, 0.895564343045, -1.20426966437],
         [-0.161287863339, 0.596892706268, -0.607168080473, 0.161287863339,
          -0.596892706268, 0.607168080473, 0.351821481077, -0.183467425833,
          0.351821481077, 0.871894413511, 0.17797470189, 6.20210589456,
          1.85377622617e-14, -0.355949403781, 3.14378608376e-14],
         [-0.105300034231, 0.0917337129167, -0.246521446846, 0.225727000668,
          -0.332587645792, 0.126094480409, 0.83289508114, -0.929480352059,
          0.287382343748, 1.55313221036, -3.79148361683, -3.08173692073,
          0.681237796845, 0.895564343045, 1.20426966437],
         [0.0156610831396, -0.175812247102, 0.372616214444, -0.142911998332,
          0.430314077487, -0.245365299252, -0.456367854391, 0.0723426868919,
          0.120056157075, 4.17598614577, -4.21971734366, 1.79130134417,
          -0.71983988036, 0.205337898661, -1.27250915193],
         [0.0837516399465, 0.10346956021, -0.135717240214, -0.0837516399465,
          -0.10346956021, 0.135717240214, -0.388277297584, 0.860628154975,
          -0.388277297584, 2.73630638505, 0.55854620194, -2.92186826335, 0,
          -1.11709240388, 0],
         [0.142911998332, -0.430314077487, 0.245365299252, -0.0156610831396,
          0.175812247102, -0.372616214444, 0.120056157075, 0.0723426868919,
          -0.456367854391, 3.45614626541, 4.01437944499, 0.518792192246,
          0.71983988036, 0.205337898661, 1.27250915193]], dtype=object)}
  
  QG-utils, psi_tables, name_map:
  {'FE0_C1_D01': ('FE0_C1_D01', (), False, False), 'FE0_C1_D10': ('FE0_C1_D10', (), False, False), 'FE0_C0_D10': ('FE0_C0_D10', (), False, False), 'FE0_C0_D01': ('FE0_C0_D01', (), False, False), 'FE0_C1': ('FE0_C1', (), False, False), 'FE0_C0': ('FE0_C0', (), False, False)}
  Transforming cell integral
  Reusing element from cache
  Reusing element from cache
  Reusing element from cache
  Reusing element from cache
  Reusing element from cache
  Reusing element from cache
  Reusing element from cache
  Reusing element from cache
  Computing tensor representation
  Extracting monomial form representation from UFL form
  Reusing monomial integrand from cache
  Transforming monomial form to reference element
  Precomputing integrals on reference element
  Reusing element from cache
  900 entries computed in 0.012 seconds
  Shape of reference tensor: (15, 15, 2, 2)
  Primary multi index:   rank = 2 dims = [15, 15] indices = [[0, 0], [0, 1], [0, 2], [0, 3], [0, 4], [0, 5], [0, 6], [0, 7], [0, 8], [0, 9], [0, 10], [0, 11], [0, 12], [0, 13], [0, 14], [1, 0], [1, 1], [1, 2], [1, 3], [1, 4], [1, 5], [1, 6], [1, 7], [1, 8], [1, 9], [1, 10], [1, 11], [1, 12], [1, 13], [1, 14], [2, 0], [2, 1], [2, 2], [2, 3], [2, 4], [2, 5], [2, 6], [2, 7], [2, 8], [2, 9], [2, 10], [2, 11], [2, 12], [2, 13], [2, 14], [3, 0], [3, 1], [3, 2], [3, 3], [3, 4], [3, 5], [3, 6], [3, 7], [3, 8], [3, 9], [3, 10], [3, 11], [3, 12], [3, 13], [3, 14], [4, 0], [4, 1], [4, 2], [4, 3], [4, 4], [4, 5], [4, 6], [4, 7], [4, 8], [4, 9], [4, 10], [4, 11], [4, 12], [4, 13], [4, 14], [5, 0], [5, 1], [5, 2], [5, 3], [5, 4], [5, 5], [5, 6], [5, 7], [5, 8], [5, 9], [5, 10], [5, 11], [5, 12], [5, 13], [5, 14], [6, 0], [6, 1], [6, 2], [6, 3], [6, 4], [6, 5], [6, 6], [6, 7], [6, 8], [6, 9], [6, 10], [6, 11], [6, 12], [6, 13], [6, 14], [7, 0], [7, 1], [7, 2], [7, 3], [7, 4], [7, 5], [7, 6], [7, 7], [7, 8], [7, 9], [7, 10], [7, 11], [7, 12], [7, 13], [7, 14], [8, 0], [8, 1], [8, 2], [8, 3], [8, 4], [8, 5], [8, 6], [8, 7], [8, 8], [8, 9], [8, 10], [8, 11], [8, 12], [8, 13], [8, 14], [9, 0], [9, 1], [9, 2], [9, 3], [9, 4], [9, 5], [9, 6], [9, 7], [9, 8], [9, 9], [9, 10], [9, 11], [9, 12], [9, 13], [9, 14], [10, 0], [10, 1], [10, 2], [10, 3], [10, 4], [10, 5], [10, 6], [10, 7], [10, 8], [10, 9], [10, 10], [10, 11], [10, 12], [10, 13], [10, 14], [11, 0], [11, 1], [11, 2], [11, 3], [11, 4], [11, 5], [11, 6], [11, 7], [11, 8], [11, 9], [11, 10], [11, 11], [11, 12], [11, 13], [11, 14], [12, 0], [12, 1], [12, 2], [12, 3], [12, 4], [12, 5], [12, 6], [12, 7], [12, 8], [12, 9], [12, 10], [12, 11], [12, 12], [12, 13], [12, 14], [13, 0], [13, 1], [13, 2], [13, 3], [13, 4], [13, 5], [13, 6], [13, 7], [13, 8], [13, 9], [13, 10], [13, 11], [13, 12], [13, 13], [13, 14], [14, 0], [14, 1], [14, 2], [14, 3], [14, 4], [14, 5], [14, 6], [14, 7], [14, 8], [14, 9], [14, 10], [14, 11], [14, 12], [14, 13], [14, 14]]
  Secondary multi index: rank = 2 dims = [2, 2] indices = [[0, 0], [0, 1], [1, 0], [1, 1]]
  Internal multi index:  rank = 0 dims = [] indices = [[]]
  Secondary multi index: rank = 2 dims = [2, 2] indices = [[0, 0], [0, 1], [1, 0], [1, 1]]
  External multi index:  rank = 1 dims = [2] indices = [[0], [1]]
  Computing representation of forms
  
Compiler stage 2 finished in 0.0854192 seconds.

Compiler stage 3: Optimizing intermediate representation
--------------------------------------------------------
  Optimising expressions for cell integral
  Skipping FErari optimizations as requested.
  
Compiler stage 3 finished in 0.00585914 seconds.

Compiler stage 4: Generating code
---------------------------------
  Generating code for 1 elements
  Generating code for 1 dofmaps
  Generating code for integrals
  Removing unused variable: circumradius
  Removing unused variable: v0v1
  Removing unused variable: v0v2
  Removing unused variable: v1v2
  Removing unused variable: volume
  Cell, number of operations to compute tensor: 16234
  Generating code for forms
  
Compiler stage 4 finished in 0.744812 seconds.

Compiler stage 4.1: Generating additional wrapper code
------------------------------------------------------
  Generating wrapper code for DOLFIN
  
Compiler stage 4.1 finished in 0.00230598 seconds.

Compiler stage 5: Formatting code
---------------------------------
  Output written to ./Forms.h.
  
Compiler stage 5 finished in 0.00324178 seconds.

[1;37;32mFFC finished in 0.993721 seconds.[0m
This is FFC, the FEniCS Form Compiler, version 0.9.10.
For further information, visit http://www.fenics.org/ffc/.

Compiling form Forms

Compiler stage 1: Analyzing form(s)
-----------------------------------
  
  Name:                             'a'
  Rank:                             2
  Cell:                             <triangle cell in R2>
  Topological dimension:            2
  Geometric dimension:              2
  Number of facets:                 3
  Number of coefficients:           0
  Number of cell domains:           1
  Number of exterior facet domains: 0
  Number or interior facet domains: 0
  Number of macro cell domains:     0
  Number of surface domains:        0
  Arguments:                        '[v_0, v_1]'
  Coefficients:                     '[]'
  Argument names:                   '[v, u]'
  Coefficient names:                '[]'
  Unique elements:                  'N1curl3(?)'
  Unique sub elements:              'N1curl3(?)'
  
  Extracting monomial form representation from UFL form
  Transforming monomial form to reference element
  Reusing element from cache
  Reusing element from cache
  Reusing element from cache
  Reusing element from cache
  Reusing element from cache
  Reusing element from cache
  Reusing element from cache
  Reusing element from cache
  Reusing element from cache
  Reusing element from cache
  Reusing element from cache
  Reusing element from cache
  Reusing element from cache
  Reusing element from cache
  Reusing element from cache
  Estimated cost of tensor representation: 4
  representation:    auto --> quadrature
  Selecting quadrature degree based on total polynomial degree of integrand: 4
  quadrature_degree: auto --> 4
  quadrature_rule:   auto --> default
  
  Name:                             'L'
  Rank:                             2
  Cell:                             <triangle cell in R2>
  Topological dimension:            2
  Geometric dimension:              2
  Number of facets:                 3
  Number of coefficients:           0
  Number of cell domains:           1
  Number of exterior facet domains: 0
  Number or interior facet domains: 0
  Number of macro cell domains:     0
  Number of surface domains:        0
  Arguments:                        '[v_0, v_1]'
  Coefficients:                     '[]'
  Argument names:                   '[v, u]'
  Coefficient names:                '[]'
  Unique elements:                  'N1curl3(?)'
  Unique sub elements:              'N1curl3(?)'
  
  Extracting monomial form representation from UFL form
  Transforming monomial form to reference element
  Reusing element from cache
  Reusing element from cache
  Reusing element from cache
  Reusing element from cache
  Reusing element from cache
  Reusing element from cache
  Estimated cost of tensor representation: 2
  representation:    auto --> tensor
  Selecting quadrature degree based on total polynomial degree of integrand: 6
  quadrature_degree: auto --> 6
  quadrature_rule:   auto --> default
  
Compiler stage 1 finished in 0.151115 seconds.

Compiler stage 2: Computing intermediate representation
-------------------------------------------------------
  Computing representation of 1 elements
  Reusing element from cache
  Computing representation of 1 dofmaps
  Reusing element from cache
  Computing representation of integrals
  Computing quadrature representation
  Reusing element from cache
  Reusing element from cache
  Reusing element from cache
  
  QG-utils, psi_tables:
  {6: {FiniteElement('Nedelec 1st kind H(curl)', Cell('triangle', Space(2)), 3, None): {None: {(0, 1): array([[[-2.84278477949, -1.79074768975, -0.730727158912, 0.565452740292,
           0.793731867204, -0.957138495884],
          [2.96218074868, 0.132835209735, -0.464923234072, -0.182610576392,
           -0.301323357469, 1.05463175114]],
  
         [[2.60133169408, 5.75744296329, 0.369744598943, -0.671420571424,
           0.0134168093132, -2.14608846111],
          [5.92436149736, -0.929846468144, 0.26567041947, -0.365221152785,
           2.10926350229, -0.602646714939]],
  
         [[-0.632753871378, -10.101087679, -1.15078897514, 2.08901867939,
           0.0345065371733, -0.00427037407146],
          [-2.96218074868, 1.46118730708, -1.12909928275, 0.182610576392,
           -3.31455693216, 2.56124853849]],
  
         [[1.85982644166, 4.75292843843, 1.38159747241, -1.60411004261,
           -0.976342443597, 2.74910419187],
          [0.244114232446, 4.25300977679, -5.75730945792, -0.553748665535,
           0.811352878319, 2.60100015265]],
  
         [[-0.635415018413, -11.6818044607, -1.67148522594, 2.74873517605,
           0.351804343472, -1.43784293086],
          [-8.881784197e-15, -10.0103192347, 10.0103192347,
           3.99680288865e-15, 1.78964727433, -1.78964727433]],
  
         [[1.61571220921, 7.13890693033, 0.499918661643, -1.05036137707,
           0.148104039219, -1.78769532192],
          [-0.244114232446, 5.75730945792, -4.25300977679, 0.553748665535,
           -2.60100015265, -0.811352878319]],
  
         [[2.3294268773, -0.021689692394, -11.5622749861, 1.90640810299,
           -2.56551891256, 3.34906346934],
          [2.96218074868, 1.12909928275, -1.46118730708, -0.182610576392,
           -2.56124853849, 3.31455693216]],
  
         [[-3.32302980328, 0.104074179474, 6.68728943144, -0.30619941864,
           -1.54344174618, -2.09584669297],
          [-5.92436149736, -0.26567041947, 0.929846468144, 0.365221152785,
           0.602646714939, -2.10926350229]],
  
         [[-5.80496552817, -0.26580392484, -1.92358289949, 0.748063316684,
           -2.01177024703, 1.09505522467],
          [-2.96218074868, 0.464923234072, -0.132835209735, 0.182610576392,
           -1.05463175114, 0.301323357469]],
  
         [[16.7566247559, -16.8318933605, 14.9533198088, -1.03300141507,
           19.6926017532, -15.4312459653],
          [33.5132495119, -1.87857355168, -1.87857355168, -2.06600283013,
           4.26135578793, 4.26135578793]],
  
         [[28.2503375501, 0.917612187043, -30.9705674032, 15.1714233066,
           9.24055761476, 2.32121430766],
          [51.3064755791, 2.30077332295, -8.05270663032, -3.16290796311,
           -5.21907364644, 18.2667577625]],
  
         [[-10.3125950058, -25.9334825298, -19.4780023355, 29.9298875179,
           -13.0772891858, 18.0366977075],
          [-29.6218074868, 10.6268167788, -7.30593653541, 1.82610576392,
           -24.1058685976, 16.5727846608]],
  
         [[-5.56045205045, 16.7566247559, 3.68187849877, -5.87553297436,
           -1.03300141507, 10.1368887623],
          [-16.7566247559, -1.87857355168, 3.75714710335, 1.03300141507,
           4.26135578793, -8.52271157586]],
  
         [[17.117522666, 3.45115998442, 6.76404271269, -4.86317762376,
           -7.82861046966, 18.6226537852],
          [-23.0100456103, 4.32267975275, 7.77383973717, 6.90770636148,
           12.8385720533, 5.00996158362]],
  
         [[-9.82958337834, 29.6218074868, 6.50870313497, -10.3865730231,
           -1.82610576392, 17.9196569599],
          [19.389046892, 2.17369256722, 12.1363332973, 8.31228685401,
           34.2899933917, 11.6907415815]]], dtype=object), (1, 0): array([[[-1.46118730708, 2.96218074868, 1.12909928275, 3.31455693216,
           -0.182610576392, -2.56124853849],
          [10.101087679, 0.632753871378, 1.15078897514, -0.0345065371733,
           -2.08901867939, 0.00427037407145]],
  
         [[0.929846468144, -5.92436149736, -0.26567041947, -2.10926350229,
           0.365221152785, 0.602646714939],
          [-5.75744296329, -2.60133169408, -0.369744598943, -0.0134168093132,
           0.671420571424, 2.14608846111]],
  
         [[-0.132835209735, -2.96218074868, 0.464923234072, 0.301323357469,
           0.182610576392, -1.05463175114],
          [1.79074768975, 2.84278477949, 0.730727158912, -0.793731867204,
           -0.565452740292, 0.957138495884]],
  
         [[1.12909928275, 2.96218074868, -1.46118730708, -2.56124853849,
           -0.182610576392, 3.31455693216],
          [-0.021689692394, 2.3294268773, -11.5622749861, -2.56551891256,
           1.90640810299, 3.34906346934]],
  
         [[-0.26567041947, -5.92436149736, 0.929846468144, 0.602646714939,
           0.365221152785, -2.10926350229],
          [0.104074179474, -3.32302980328, 6.68728943144, -1.54344174618,
           -0.30619941864, -2.09584669297]],
  
         [[0.464923234072, -2.96218074868, -0.132835209735, -1.05463175114,
           0.182610576392, 0.301323357469],
          [-0.26580392484, -5.80496552817, -1.92358289949, -2.01177024703,
           0.748063316684, 1.09505522467]],
  
         [[4.25300977679, 0.244114232446, -5.75730945792, 0.811352878319,
           -0.553748665535, 2.60100015265],
          [4.75292843843, 1.85982644166, 1.38159747241, -0.976342443597,
           -1.60411004261, 2.74910419187]],
  
         [[-10.0103192347, 8.13678388293e-15, 10.0103192347, 1.78964727433,
           8.34448127907e-16, -1.78964727433],
          [-11.6818044607, -0.635415018413, -1.67148522594, 0.351804343471,
           2.74873517605, -1.43784293086]],
  
         [[5.75730945792, -0.244114232446, -4.25300977679, -2.60100015265,
           0.553748665535, -0.811352878319],
          [7.13890693033, 1.61571220921, 0.499918661643, 0.148104039219,
           -1.05036137707, -1.78769532192]],
  
         [[-1.87857355168, -16.7566247559, 3.75714710335, 4.26135578793,
           1.03300141507, -8.52271157586],
          [16.7566247559, -5.56045205045, 3.68187849877, -1.03300141507,
           -5.87553297436, 10.1368887623]],
  
         [[4.0438128596, 5.28638435851, 14.3972928129, 36.1152913994,
           10.6525047599, 12.6294599905],
          [27.3788177818, 0.0460924187175, 9.01872361692, -5.49575921639,
           -11.4266249082, 24.830205047]],
  
         [[2.6567041947, -29.6218074868, 0.664176048674, -6.02646714939,
           1.82610576392, -1.50661678735],
          [-11.8221115244, 19.7390011677, 2.60348125399, -5.8667226611,
           0.981651146274, 7.16786278395]],
  
         [[-1.87857355168, 33.5132495119, -1.87857355168, 4.26135578793,
           -2.06600283013, 4.26135578793],
          [-16.8318933605, 16.7566247559, 14.9533198088, 19.6926017532,
           -1.03300141507, -15.4312459653]],
  
         [[10.3534799533, 1.36267301005e-13, -10.3534799533, -23.485831409,
           -6.75752893611e-15, 23.485831409],
          [-22.0002485858, 5.19419952107, -32.3537285391, -6.70498584013,
           33.5057545762, 16.7808455689]],
  
         [[-3.32088024337, 59.2436149736, -3.32088024337, 7.53308393674,
           -3.65221152785, 7.53308393674],
          [13.7614167297, 29.6218074868, -17.082296973, 14.5412022324,
           -1.82610576392, -7.00811829566]]], dtype=object), (0, 0): array([[[-0.225727000668, -0.161287863339, -0.105300034231,
           0.0156610831396, 0.0837516399465, 0.142911998332],
          [0.607168080473, 0.126094480409, 0.246521446846, 0.135717240214,
           -0.372616214444, -0.245365299252]],
  
         [[0.332587645792, 0.596892706268, 0.0917337129167, -0.175812247102,
           0.10346956021, -0.430314077487],
          [-0.596892706268, -0.332587645792, -0.0917337129167,
           -0.10346956021, 0.175812247102, 0.430314077487]],
  
         [[-0.126094480409, -0.607168080473, -0.246521446846, 0.372616214444,
           -0.135717240214, 0.245365299252],
          [0.161287863339, 0.225727000668, 0.105300034231, -0.0837516399465,
           -0.0156610831396, -0.142911998332]],
  
         [[0.105300034231, 0.161287863339, 0.225727000668, -0.142911998332,
           -0.0837516399465, -0.0156610831396],
          [0.351821481077, 0.287382343748, 0.83289508114, -0.388277297584,
           -0.456367854391, 0.120056157075]],
  
         [[-0.0917337129167, -0.596892706268, -0.332587645792,
           0.430314077487, -0.10346956021, 0.175812247102],
          [-0.183467425833, -0.929480352059, -0.929480352059, 0.860628154975,
           0.0723426868919, 0.0723426868919]],
  
         [[0.246521446846, 0.607168080473, 0.126094480409, -0.245365299252,
           0.135717240214, -0.372616214444],
          [0.351821481077, 0.83289508114, 0.287382343748, -0.388277297584,
           0.120056157075, -0.456367854391]],
  
         [[0.287382343748, 0.351821481077, 0.83289508114, -0.456367854391,
           -0.388277297584, 0.120056157075],
          [0.161287863339, 0.105300034231, 0.225727000668, -0.0837516399465,
           -0.142911998332, -0.0156610831396]],
  
         [[-0.929480352059, -0.183467425833, -0.929480352059,
           0.0723426868919, 0.860628154975, 0.0723426868919],
          [-0.596892706268, -0.0917337129167, -0.332587645792,
           -0.10346956021, 0.430314077487, 0.175812247102]],
  
         [[0.83289508114, 0.351821481077, 0.287382343748, 0.120056157075,
           -0.388277297584, -0.456367854391],
          [0.607168080473, 0.246521446846, 0.126094480409, 0.135717240214,
           -0.245365299252, -0.372616214444]],
  
         [[2.2343700072, 0.871894413511, 1.55313221036, 4.17598614577,
           2.73630638505, 3.45614626541],
          [1.42681005899e-14, -0.681237796845, 0.681237796845,
           -9.71445146547e-16, -0.71983988036, 0.71983988036]],
  
         [[2.89591927378, 0.17797470189, -3.79148361683, -4.21971734366,
           0.55854620194, 4.01437944499],
          [-0.17797470189, -0.595145950832, 1.49071029388, -0.55854620194,
           -0.999356302787, 1.20469420145]],
  
         [[-1.87746725636, 6.20210589456, -3.08173692073, 1.79130134417,
           -2.92186826335, 0.518792192246],
          [-0.308261226136, 1.37771630399, 0.173446639614, -0.967430400135,
           0.814082412564, -0.458426739364]],
  
         [[-0.681237796845, 1.85377622617e-14, 0.681237796845,
           -0.71983988036, 4.1269837649e-16, 0.71983988036],
          [0.871894413511, 2.2343700072, 1.55313221036, 2.73630638505,
           4.17598614577, 3.45614626541]],
  
         [[0.895564343045, -0.355949403781, 0.895564343045, 0.205337898661,
           -1.11709240388, 0.205337898661],
          [5.46016861259, -0.17797470189, -4.56460426955, -2.25113904161,
           -0.55854620194, 2.45647694027]],
  
         [[-1.20426966437, 3.14378608376e-14, 1.20426966437, -1.27250915193,
           -1.00635019096e-15, 1.27250915193],
          [-2.94692233421, 3.44667328658, -1.74265266984, 1.94464933174,
           -4.55003308848, 3.21715848367]]], dtype=object)}}}}
  
  QG-utils, psi_tables, flat_tables:
  {'FE0_C1_D01': array([[2.96218074868, 5.92436149736, -2.96218074868, 0.244114232446,
          -8.881784197e-15, -0.244114232446, 2.96218074868, -5.92436149736,
          -2.96218074868, 33.5132495119, 51.3064755791, -29.6218074868,
          -16.7566247559, -23.0100456103, 19.389046892],
         [0.132835209735, -0.929846468144, 1.46118730708, 4.25300977679,
          -10.0103192347, 5.75730945792, 1.12909928275, -0.26567041947,
          0.464923234072, -1.87857355168, 2.30077332295, 10.6268167788,
          -1.87857355168, 4.32267975275, 2.17369256722],
         [-0.464923234072, 0.26567041947, -1.12909928275, -5.75730945792,
          10.0103192347, -4.25300977679, -1.46118730708, 0.929846468144,
          -0.132835209735, -1.87857355168, -8.05270663032, -7.30593653541,
          3.75714710335, 7.77383973717, 12.1363332973],
         [-0.182610576392, -0.365221152785, 0.182610576392, -0.553748665535,
          3.99680288865e-15, 0.553748665535, -0.182610576392, 0.365221152785,
          0.182610576392, -2.06600283013, -3.16290796311, 1.82610576392,
          1.03300141507, 6.90770636148, 8.31228685401],
         [-0.301323357469, 2.10926350229, -3.31455693216, 0.811352878319,
          1.78964727433, -2.60100015265, -2.56124853849, 0.602646714939,
          -1.05463175114, 4.26135578793, -5.21907364644, -24.1058685976,
          4.26135578793, 12.8385720533, 34.2899933917],
         [1.05463175114, -0.602646714939, 2.56124853849, 2.60100015265,
          -1.78964727433, -0.811352878319, 3.31455693216, -2.10926350229,
          0.301323357469, 4.26135578793, 18.2667577625, 16.5727846608,
          -8.52271157586, 5.00996158362, 11.6907415815]], dtype=object), 'FE0_C1_D10': array([[10.101087679, -5.75744296329, 1.79074768975, -0.021689692394,
          0.104074179474, -0.26580392484, 4.75292843843, -11.6818044607,
          7.13890693033, 16.7566247559, 27.3788177818, -11.8221115244,
          -16.8318933605, -22.0002485858, 13.7614167297],
         [0.632753871378, -2.60133169408, 2.84278477949, 2.3294268773,
          -3.32302980328, -5.80496552817, 1.85982644166, -0.635415018413,
          1.61571220921, -5.56045205045, 0.0460924187175, 19.7390011677,
          16.7566247559, 5.19419952107, 29.6218074868],
         [1.15078897514, -0.369744598943, 0.730727158912, -11.5622749861,
          6.68728943144, -1.92358289949, 1.38159747241, -1.67148522594,
          0.499918661643, 3.68187849877, 9.01872361692, 2.60348125399,
          14.9533198088, -32.3537285391, -17.082296973],
         [-0.0345065371733, -0.0134168093132, -0.793731867204,
          -2.56551891256, -1.54344174618, -2.01177024703, -0.976342443597,
          0.351804343471, 0.148104039219, -1.03300141507, -5.49575921639,
          -5.8667226611, 19.6926017532, -6.70498584013, 14.5412022324],
         [-2.08901867939, 0.671420571424, -0.565452740292, 1.90640810299,
          -0.30619941864, 0.748063316684, -1.60411004261, 2.74873517605,
          -1.05036137707, -5.87553297436, -11.4266249082, 0.981651146274,
          -1.03300141507, 33.5057545762, -1.82610576392],
         [0.00427037407145, 2.14608846111, 0.957138495884, 3.34906346934,
          -2.09584669297, 1.09505522467, 2.74910419187, -1.43784293086,
          -1.78769532192, 10.1368887623, 24.830205047, 7.16786278395,
          -15.4312459653, 16.7808455689, -7.00811829566]], dtype=object), 'FE0_C0_D10': array([[-1.46118730708, 0.929846468144, -0.132835209735, 1.12909928275,
          -0.26567041947, 0.464923234072, 4.25300977679, -10.0103192347,
          5.75730945792, -1.87857355168, 4.0438128596, 2.6567041947,
          -1.87857355168, 10.3534799533, -3.32088024337],
         [2.96218074868, -5.92436149736, -2.96218074868, 2.96218074868,
          -5.92436149736, -2.96218074868, 0.244114232446, 8.13678388293e-15,
          -0.244114232446, -16.7566247559, 5.28638435851, -29.6218074868,
          33.5132495119, 1.36267301005e-13, 59.2436149736],
         [1.12909928275, -0.26567041947, 0.464923234072, -1.46118730708,
          0.929846468144, -0.132835209735, -5.75730945792, 10.0103192347,
          -4.25300977679, 3.75714710335, 14.3972928129, 0.664176048674,
          -1.87857355168, -10.3534799533, -3.32088024337],
         [3.31455693216, -2.10926350229, 0.301323357469, -2.56124853849,
          0.602646714939, -1.05463175114, 0.811352878319, 1.78964727433,
          -2.60100015265, 4.26135578793, 36.1152913994, -6.02646714939,
          4.26135578793, -23.485831409, 7.53308393674],
         [-0.182610576392, 0.365221152785, 0.182610576392, -0.182610576392,
          0.365221152785, 0.182610576392, -0.553748665535, 8.34448127907e-16,
          0.553748665535, 1.03300141507, 10.6525047599, 1.82610576392,
          -2.06600283013, -6.75752893611e-15, -3.65221152785],
         [-2.56124853849, 0.602646714939, -1.05463175114, 3.31455693216,
          -2.10926350229, 0.301323357469, 2.60100015265, -1.78964727433,
          -0.811352878319, -8.52271157586, 12.6294599905, -1.50661678735,
          4.26135578793, 23.485831409, 7.53308393674]], dtype=object), 'FE0_C0_D01': array([[-2.84278477949, 2.60133169408, -0.632753871378, 1.85982644166,
          -0.635415018413, 1.61571220921, 2.3294268773, -3.32302980328,
          -5.80496552817, 16.7566247559, 28.2503375501, -10.3125950058,
          -5.56045205045, 17.117522666, -9.82958337834],
         [-1.79074768975, 5.75744296329, -10.101087679, 4.75292843843,
          -11.6818044607, 7.13890693033, -0.021689692394, 0.104074179474,
          -0.26580392484, -16.8318933605, 0.917612187043, -25.9334825298,
          16.7566247559, 3.45115998442, 29.6218074868],
         [-0.730727158912, 0.369744598943, -1.15078897514, 1.38159747241,
          -1.67148522594, 0.499918661643, -11.5622749861, 6.68728943144,
          -1.92358289949, 14.9533198088, -30.9705674032, -19.4780023355,
          3.68187849877, 6.76404271269, 6.50870313497],
         [0.565452740292, -0.671420571424, 2.08901867939, -1.60411004261,
          2.74873517605, -1.05036137707, 1.90640810299, -0.30619941864,
          0.748063316684, -1.03300141507, 15.1714233066, 29.9298875179,
          -5.87553297436, -4.86317762376, -10.3865730231],
         [0.793731867204, 0.0134168093132, 0.0345065371733, -0.976342443597,
          0.351804343472, 0.148104039219, -2.56551891256, -1.54344174618,
          -2.01177024703, 19.6926017532, 9.24055761476, -13.0772891858,
          -1.03300141507, -7.82861046966, -1.82610576392],
         [-0.957138495884, -2.14608846111, -0.00427037407146, 2.74910419187,
          -1.43784293086, -1.78769532192, 3.34906346934, -2.09584669297,
          1.09505522467, -15.4312459653, 2.32121430766, 18.0366977075,
          10.1368887623, 18.6226537852, 17.9196569599]], dtype=object), 'FE0_C1': array([[0.607168080473, -0.596892706268, 0.161287863339, 0.351821481077,
          -0.183467425833, 0.351821481077, 0.161287863339, -0.596892706268,
          0.607168080473, 1.42681005899e-14, -0.17797470189, -0.308261226136,
          0.871894413511, 5.46016861259, -2.94692233421],
         [0.126094480409, -0.332587645792, 0.225727000668, 0.287382343748,
          -0.929480352059, 0.83289508114, 0.105300034231, -0.0917337129167,
          0.246521446846, -0.681237796845, -0.595145950832, 1.37771630399,
          2.2343700072, -0.17797470189, 3.44667328658],
         [0.246521446846, -0.0917337129167, 0.105300034231, 0.83289508114,
          -0.929480352059, 0.287382343748, 0.225727000668, -0.332587645792,
          0.126094480409, 0.681237796845, 1.49071029388, 0.173446639614,
          1.55313221036, -4.56460426955, -1.74265266984],
         [0.135717240214, -0.10346956021, -0.0837516399465, -0.388277297584,
          0.860628154975, -0.388277297584, -0.0837516399465, -0.10346956021,
          0.135717240214, -9.71445146547e-16, -0.55854620194,
          -0.967430400135, 2.73630638505, -2.25113904161, 1.94464933174],
         [-0.372616214444, 0.175812247102, -0.0156610831396, -0.456367854391,
          0.0723426868919, 0.120056157075, -0.142911998332, 0.430314077487,
          -0.245365299252, -0.71983988036, -0.999356302787, 0.814082412564,
          4.17598614577, -0.55854620194, -4.55003308848],
         [-0.245365299252, 0.430314077487, -0.142911998332, 0.120056157075,
          0.0723426868919, -0.456367854391, -0.0156610831396, 0.175812247102,
          -0.372616214444, 0.71983988036, 1.20469420145, -0.458426739364,
          3.45614626541, 2.45647694027, 3.21715848367]], dtype=object), 'FE0_C0': array([[-0.225727000668, 0.332587645792, -0.126094480409, 0.105300034231,
          -0.0917337129167, 0.246521446846, 0.287382343748, -0.929480352059,
          0.83289508114, 2.2343700072, 2.89591927378, -1.87746725636,
          -0.681237796845, 0.895564343045, -1.20426966437],
         [-0.161287863339, 0.596892706268, -0.607168080473, 0.161287863339,
          -0.596892706268, 0.607168080473, 0.351821481077, -0.183467425833,
          0.351821481077, 0.871894413511, 0.17797470189, 6.20210589456,
          1.85377622617e-14, -0.355949403781, 3.14378608376e-14],
         [-0.105300034231, 0.0917337129167, -0.246521446846, 0.225727000668,
          -0.332587645792, 0.126094480409, 0.83289508114, -0.929480352059,
          0.287382343748, 1.55313221036, -3.79148361683, -3.08173692073,
          0.681237796845, 0.895564343045, 1.20426966437],
         [0.0156610831396, -0.175812247102, 0.372616214444, -0.142911998332,
          0.430314077487, -0.245365299252, -0.456367854391, 0.0723426868919,
          0.120056157075, 4.17598614577, -4.21971734366, 1.79130134417,
          -0.71983988036, 0.205337898661, -1.27250915193],
         [0.0837516399465, 0.10346956021, -0.135717240214, -0.0837516399465,
          -0.10346956021, 0.135717240214, -0.388277297584, 0.860628154975,
          -0.388277297584, 2.73630638505, 0.55854620194, -2.92186826335,
          4.1269837649e-16, -1.11709240388, -1.00635019096e-15],
         [0.142911998332, -0.430314077487, 0.245365299252, -0.0156610831396,
          0.175812247102, -0.372616214444, 0.120056157075, 0.0723426868919,
          -0.456367854391, 3.45614626541, 4.01437944499, 0.518792192246,
          0.71983988036, 0.205337898661, 1.27250915193]], dtype=object)}
  
  tables: {'FE0_C1_D01': array([[2.96218074868, 5.92436149736, -2.96218074868, 0.244114232446,
          -8.881784197e-15, -0.244114232446, 2.96218074868, -5.92436149736,
          -2.96218074868, 33.5132495119, 51.3064755791, -29.6218074868,
          -16.7566247559, -23.0100456103, 19.389046892],
         [0.132835209735, -0.929846468144, 1.46118730708, 4.25300977679,
          -10.0103192347, 5.75730945792, 1.12909928275, -0.26567041947,
          0.464923234072, -1.87857355168, 2.30077332295, 10.6268167788,
          -1.87857355168, 4.32267975275, 2.17369256722],
         [-0.464923234072, 0.26567041947, -1.12909928275, -5.75730945792,
          10.0103192347, -4.25300977679, -1.46118730708, 0.929846468144,
          -0.132835209735, -1.87857355168, -8.05270663032, -7.30593653541,
          3.75714710335, 7.77383973717, 12.1363332973],
         [-0.182610576392, -0.365221152785, 0.182610576392, -0.553748665535,
          3.99680288865e-15, 0.553748665535, -0.182610576392, 0.365221152785,
          0.182610576392, -2.06600283013, -3.16290796311, 1.82610576392,
          1.03300141507, 6.90770636148, 8.31228685401],
         [-0.301323357469, 2.10926350229, -3.31455693216, 0.811352878319,
          1.78964727433, -2.60100015265, -2.56124853849, 0.602646714939,
          -1.05463175114, 4.26135578793, -5.21907364644, -24.1058685976,
          4.26135578793, 12.8385720533, 34.2899933917],
         [1.05463175114, -0.602646714939, 2.56124853849, 2.60100015265,
          -1.78964727433, -0.811352878319, 3.31455693216, -2.10926350229,
          0.301323357469, 4.26135578793, 18.2667577625, 16.5727846608,
          -8.52271157586, 5.00996158362, 11.6907415815]], dtype=object), 'FE0_C1_D10': array([[10.101087679, -5.75744296329, 1.79074768975, -0.021689692394,
          0.104074179474, -0.26580392484, 4.75292843843, -11.6818044607,
          7.13890693033, 16.7566247559, 27.3788177818, -11.8221115244,
          -16.8318933605, -22.0002485858, 13.7614167297],
         [0.632753871378, -2.60133169408, 2.84278477949, 2.3294268773,
          -3.32302980328, -5.80496552817, 1.85982644166, -0.635415018413,
          1.61571220921, -5.56045205045, 0.0460924187175, 19.7390011677,
          16.7566247559, 5.19419952107, 29.6218074868],
         [1.15078897514, -0.369744598943, 0.730727158912, -11.5622749861,
          6.68728943144, -1.92358289949, 1.38159747241, -1.67148522594,
          0.499918661643, 3.68187849877, 9.01872361692, 2.60348125399,
          14.9533198088, -32.3537285391, -17.082296973],
         [-0.0345065371733, -0.0134168093132, -0.793731867204,
          -2.56551891256, -1.54344174618, -2.01177024703, -0.976342443597,
          0.351804343471, 0.148104039219, -1.03300141507, -5.49575921639,
          -5.8667226611, 19.6926017532, -6.70498584013, 14.5412022324],
         [-2.08901867939, 0.671420571424, -0.565452740292, 1.90640810299,
          -0.30619941864, 0.748063316684, -1.60411004261, 2.74873517605,
          -1.05036137707, -5.87553297436, -11.4266249082, 0.981651146274,
          -1.03300141507, 33.5057545762, -1.82610576392],
         [0.00427037407145, 2.14608846111, 0.957138495884, 3.34906346934,
          -2.09584669297, 1.09505522467, 2.74910419187, -1.43784293086,
          -1.78769532192, 10.1368887623, 24.830205047, 7.16786278395,
          -15.4312459653, 16.7808455689, -7.00811829566]], dtype=object), 'FE0_C0_D10': array([[-1.46118730708, 0.929846468144, -0.132835209735, 1.12909928275,
          -0.26567041947, 0.464923234072, 4.25300977679, -10.0103192347,
          5.75730945792, -1.87857355168, 4.0438128596, 2.6567041947,
          -1.87857355168, 10.3534799533, -3.32088024337],
         [2.96218074868, -5.92436149736, -2.96218074868, 2.96218074868,
          -5.92436149736, -2.96218074868, 0.244114232446, 8.13678388293e-15,
          -0.244114232446, -16.7566247559, 5.28638435851, -29.6218074868,
          33.5132495119, 1.36267301005e-13, 59.2436149736],
         [1.12909928275, -0.26567041947, 0.464923234072, -1.46118730708,
          0.929846468144, -0.132835209735, -5.75730945792, 10.0103192347,
          -4.25300977679, 3.75714710335, 14.3972928129, 0.664176048674,
          -1.87857355168, -10.3534799533, -3.32088024337],
         [3.31455693216, -2.10926350229, 0.301323357469, -2.56124853849,
          0.602646714939, -1.05463175114, 0.811352878319, 1.78964727433,
          -2.60100015265, 4.26135578793, 36.1152913994, -6.02646714939,
          4.26135578793, -23.485831409, 7.53308393674],
         [-0.182610576392, 0.365221152785, 0.182610576392, -0.182610576392,
          0.365221152785, 0.182610576392, -0.553748665535, 8.34448127907e-16,
          0.553748665535, 1.03300141507, 10.6525047599, 1.82610576392,
          -2.06600283013, -6.75752893611e-15, -3.65221152785],
         [-2.56124853849, 0.602646714939, -1.05463175114, 3.31455693216,
          -2.10926350229, 0.301323357469, 2.60100015265, -1.78964727433,
          -0.811352878319, -8.52271157586, 12.6294599905, -1.50661678735,
          4.26135578793, 23.485831409, 7.53308393674]], dtype=object), 'FE0_C0_D01': array([[-2.84278477949, 2.60133169408, -0.632753871378, 1.85982644166,
          -0.635415018413, 1.61571220921, 2.3294268773, -3.32302980328,
          -5.80496552817, 16.7566247559, 28.2503375501, -10.3125950058,
          -5.56045205045, 17.117522666, -9.82958337834],
         [-1.79074768975, 5.75744296329, -10.101087679, 4.75292843843,
          -11.6818044607, 7.13890693033, -0.021689692394, 0.104074179474,
          -0.26580392484, -16.8318933605, 0.917612187043, -25.9334825298,
          16.7566247559, 3.45115998442, 29.6218074868],
         [-0.730727158912, 0.369744598943, -1.15078897514, 1.38159747241,
          -1.67148522594, 0.499918661643, -11.5622749861, 6.68728943144,
          -1.92358289949, 14.9533198088, -30.9705674032, -19.4780023355,
          3.68187849877, 6.76404271269, 6.50870313497],
         [0.565452740292, -0.671420571424, 2.08901867939, -1.60411004261,
          2.74873517605, -1.05036137707, 1.90640810299, -0.30619941864,
          0.748063316684, -1.03300141507, 15.1714233066, 29.9298875179,
          -5.87553297436, -4.86317762376, -10.3865730231],
         [0.793731867204, 0.0134168093132, 0.0345065371733, -0.976342443597,
          0.351804343472, 0.148104039219, -2.56551891256, -1.54344174618,
          -2.01177024703, 19.6926017532, 9.24055761476, -13.0772891858,
          -1.03300141507, -7.82861046966, -1.82610576392],
         [-0.957138495884, -2.14608846111, -0.00427037407146, 2.74910419187,
          -1.43784293086, -1.78769532192, 3.34906346934, -2.09584669297,
          1.09505522467, -15.4312459653, 2.32121430766, 18.0366977075,
          10.1368887623, 18.6226537852, 17.9196569599]], dtype=object), 'FE0_C1': array([[0.607168080473, -0.596892706268, 0.161287863339, 0.351821481077,
          -0.183467425833, 0.351821481077, 0.161287863339, -0.596892706268,
          0.607168080473, 1.42681005899e-14, -0.17797470189, -0.308261226136,
          0.871894413511, 5.46016861259, -2.94692233421],
         [0.126094480409, -0.332587645792, 0.225727000668, 0.287382343748,
          -0.929480352059, 0.83289508114, 0.105300034231, -0.0917337129167,
          0.246521446846, -0.681237796845, -0.595145950832, 1.37771630399,
          2.2343700072, -0.17797470189, 3.44667328658],
         [0.246521446846, -0.0917337129167, 0.105300034231, 0.83289508114,
          -0.929480352059, 0.287382343748, 0.225727000668, -0.332587645792,
          0.126094480409, 0.681237796845, 1.49071029388, 0.173446639614,
          1.55313221036, -4.56460426955, -1.74265266984],
         [0.135717240214, -0.10346956021, -0.0837516399465, -0.388277297584,
          0.860628154975, -0.388277297584, -0.0837516399465, -0.10346956021,
          0.135717240214, -9.71445146547e-16, -0.55854620194,
          -0.967430400135, 2.73630638505, -2.25113904161, 1.94464933174],
         [-0.372616214444, 0.175812247102, -0.0156610831396, -0.456367854391,
          0.0723426868919, 0.120056157075, -0.142911998332, 0.430314077487,
          -0.245365299252, -0.71983988036, -0.999356302787, 0.814082412564,
          4.17598614577, -0.55854620194, -4.55003308848],
         [-0.245365299252, 0.430314077487, -0.142911998332, 0.120056157075,
          0.0723426868919, -0.456367854391, -0.0156610831396, 0.175812247102,
          -0.372616214444, 0.71983988036, 1.20469420145, -0.458426739364,
          3.45614626541, 2.45647694027, 3.21715848367]], dtype=object), 'FE0_C0': array([[-0.225727000668, 0.332587645792, -0.126094480409, 0.105300034231,
          -0.0917337129167, 0.246521446846, 0.287382343748, -0.929480352059,
          0.83289508114, 2.2343700072, 2.89591927378, -1.87746725636,
          -0.681237796845, 0.895564343045, -1.20426966437],
         [-0.161287863339, 0.596892706268, -0.607168080473, 0.161287863339,
          -0.596892706268, 0.607168080473, 0.351821481077, -0.183467425833,
          0.351821481077, 0.871894413511, 0.17797470189, 6.20210589456,
          1.85377622617e-14, -0.355949403781, 3.14378608376e-14],
         [-0.105300034231, 0.0917337129167, -0.246521446846, 0.225727000668,
          -0.332587645792, 0.126094480409, 0.83289508114, -0.929480352059,
          0.287382343748, 1.55313221036, -3.79148361683, -3.08173692073,
          0.681237796845, 0.895564343045, 1.20426966437],
         [0.0156610831396, -0.175812247102, 0.372616214444, -0.142911998332,
          0.430314077487, -0.245365299252, -0.456367854391, 0.0723426868919,
          0.120056157075, 4.17598614577, -4.21971734366, 1.79130134417,
          -0.71983988036, 0.205337898661, -1.27250915193],
         [0.0837516399465, 0.10346956021, -0.135717240214, -0.0837516399465,
          -0.10346956021, 0.135717240214, -0.388277297584, 0.860628154975,
          -0.388277297584, 2.73630638505, 0.55854620194, -2.92186826335,
          4.1269837649e-16, -1.11709240388, -1.00635019096e-15],
         [0.142911998332, -0.430314077487, 0.245365299252, -0.0156610831396,
          0.175812247102, -0.372616214444, 0.120056157075, 0.0723426868919,
          -0.456367854391, 3.45614626541, 4.01437944499, 0.518792192246,
          0.71983988036, 0.205337898661, 1.27250915193]], dtype=object)}
  
  name_map: {}
  
  inv_name_map: {'FE0_C1_D01': 'FE0_C1_D01', 'FE0_C1_D10': 'FE0_C1_D10', 'FE0_C0_D10': 'FE0_C0_D10', 'FE0_C0_D01': 'FE0_C0_D01', 'FE0_C1': 'FE0_C1', 'FE0_C0': 'FE0_C0'}
  
  QG-utils, psi_tables, unique_tables:
  {'FE0_C1_D01': array([[2.96218074868, 5.92436149736, -2.96218074868, 0.244114232446, 0,
          -0.244114232446, 2.96218074868, -5.92436149736, -2.96218074868,
          33.5132495119, 51.3064755791, -29.6218074868, -16.7566247559,
          -23.0100456103, 19.389046892],
         [0.132835209735, -0.929846468144, 1.46118730708, 4.25300977679,
          -10.0103192347, 5.75730945792, 1.12909928275, -0.26567041947,
          0.464923234072, -1.87857355168, 2.30077332295, 10.6268167788,
          -1.87857355168, 4.32267975275, 2.17369256722],
         [-0.464923234072, 0.26567041947, -1.12909928275, -5.75730945792,
          10.0103192347, -4.25300977679, -1.46118730708, 0.929846468144,
          -0.132835209735, -1.87857355168, -8.05270663032, -7.30593653541,
          3.75714710335, 7.77383973717, 12.1363332973],
         [-0.182610576392, -0.365221152785, 0.182610576392, -0.553748665535,
          0, 0.553748665535, -0.182610576392, 0.365221152785, 0.182610576392,
          -2.06600283013, -3.16290796311, 1.82610576392, 1.03300141507,
          6.90770636148, 8.31228685401],
         [-0.301323357469, 2.10926350229, -3.31455693216, 0.811352878319,
          1.78964727433, -2.60100015265, -2.56124853849, 0.602646714939,
          -1.05463175114, 4.26135578793, -5.21907364644, -24.1058685976,
          4.26135578793, 12.8385720533, 34.2899933917],
         [1.05463175114, -0.602646714939, 2.56124853849, 2.60100015265,
          -1.78964727433, -0.811352878319, 3.31455693216, -2.10926350229,
          0.301323357469, 4.26135578793, 18.2667577625, 16.5727846608,
          -8.52271157586, 5.00996158362, 11.6907415815]], dtype=object), 'FE0_C1_D10': array([[10.101087679, -5.75744296329, 1.79074768975, -0.021689692394,
          0.104074179474, -0.26580392484, 4.75292843843, -11.6818044607,
          7.13890693033, 16.7566247559, 27.3788177818, -11.8221115244,
          -16.8318933605, -22.0002485858, 13.7614167297],
         [0.632753871378, -2.60133169408, 2.84278477949, 2.3294268773,
          -3.32302980328, -5.80496552817, 1.85982644166, -0.635415018413,
          1.61571220921, -5.56045205045, 0.0460924187175, 19.7390011677,
          16.7566247559, 5.19419952107, 29.6218074868],
         [1.15078897514, -0.369744598943, 0.730727158912, -11.5622749861,
          6.68728943144, -1.92358289949, 1.38159747241, -1.67148522594,
          0.499918661643, 3.68187849877, 9.01872361692, 2.60348125399,
          14.9533198088, -32.3537285391, -17.082296973],
         [-0.0345065371733, -0.0134168093132, -0.793731867204,
          -2.56551891256, -1.54344174618, -2.01177024703, -0.976342443597,
          0.351804343471, 0.148104039219, -1.03300141507, -5.49575921639,
          -5.8667226611, 19.6926017532, -6.70498584013, 14.5412022324],
         [-2.08901867939, 0.671420571424, -0.565452740292, 1.90640810299,
          -0.30619941864, 0.748063316684, -1.60411004261, 2.74873517605,
          -1.05036137707, -5.87553297436, -11.4266249082, 0.981651146274,
          -1.03300141507, 33.5057545762, -1.82610576392],
         [0.00427037407145, 2.14608846111, 0.957138495884, 3.34906346934,
          -2.09584669297, 1.09505522467, 2.74910419187, -1.43784293086,
          -1.78769532192, 10.1368887623, 24.830205047, 7.16786278395,
          -15.4312459653, 16.7808455689, -7.00811829566]], dtype=object), 'FE0_C0_D10': array([[-1.46118730708, 0.929846468144, -0.132835209735, 1.12909928275,
          -0.26567041947, 0.464923234072, 4.25300977679, -10.0103192347,
          5.75730945792, -1.87857355168, 4.0438128596, 2.6567041947,
          -1.87857355168, 10.3534799533, -3.32088024337],
         [2.96218074868, -5.92436149736, -2.96218074868, 2.96218074868,
          -5.92436149736, -2.96218074868, 0.244114232446, 0, -0.244114232446,
          -16.7566247559, 5.28638435851, -29.6218074868, 33.5132495119,
          1.36267301005e-13, 59.2436149736],
         [1.12909928275, -0.26567041947, 0.464923234072, -1.46118730708,
          0.929846468144, -0.132835209735, -5.75730945792, 10.0103192347,
          -4.25300977679, 3.75714710335, 14.3972928129, 0.664176048674,
          -1.87857355168, -10.3534799533, -3.32088024337],
         [3.31455693216, -2.10926350229, 0.301323357469, -2.56124853849,
          0.602646714939, -1.05463175114, 0.811352878319, 1.78964727433,
          -2.60100015265, 4.26135578793, 36.1152913994, -6.02646714939,
          4.26135578793, -23.485831409, 7.53308393674],
         [-0.182610576392, 0.365221152785, 0.182610576392, -0.182610576392,
          0.365221152785, 0.182610576392, -0.553748665535, 0, 0.553748665535,
          1.03300141507, 10.6525047599, 1.82610576392, -2.06600283013, 0,
          -3.65221152785],
         [-2.56124853849, 0.602646714939, -1.05463175114, 3.31455693216,
          -2.10926350229, 0.301323357469, 2.60100015265, -1.78964727433,
          -0.811352878319, -8.52271157586, 12.6294599905, -1.50661678735,
          4.26135578793, 23.485831409, 7.53308393674]], dtype=object), 'FE0_C0_D01': array([[-2.84278477949, 2.60133169408, -0.632753871378, 1.85982644166,
          -0.635415018413, 1.61571220921, 2.3294268773, -3.32302980328,
          -5.80496552817, 16.7566247559, 28.2503375501, -10.3125950058,
          -5.56045205045, 17.117522666, -9.82958337834],
         [-1.79074768975, 5.75744296329, -10.101087679, 4.75292843843,
          -11.6818044607, 7.13890693033, -0.021689692394, 0.104074179474,
          -0.26580392484, -16.8318933605, 0.917612187043, -25.9334825298,
          16.7566247559, 3.45115998442, 29.6218074868],
         [-0.730727158912, 0.369744598943, -1.15078897514, 1.38159747241,
          -1.67148522594, 0.499918661643, -11.5622749861, 6.68728943144,
          -1.92358289949, 14.9533198088, -30.9705674032, -19.4780023355,
          3.68187849877, 6.76404271269, 6.50870313497],
         [0.565452740292, -0.671420571424, 2.08901867939, -1.60411004261,
          2.74873517605, -1.05036137707, 1.90640810299, -0.30619941864,
          0.748063316684, -1.03300141507, 15.1714233066, 29.9298875179,
          -5.87553297436, -4.86317762376, -10.3865730231],
         [0.793731867204, 0.0134168093132, 0.0345065371733, -0.976342443597,
          0.351804343472, 0.148104039219, -2.56551891256, -1.54344174618,
          -2.01177024703, 19.6926017532, 9.24055761476, -13.0772891858,
          -1.03300141507, -7.82861046966, -1.82610576392],
         [-0.957138495884, -2.14608846111, -0.00427037407146, 2.74910419187,
          -1.43784293086, -1.78769532192, 3.34906346934, -2.09584669297,
          1.09505522467, -15.4312459653, 2.32121430766, 18.0366977075,
          10.1368887623, 18.6226537852, 17.9196569599]], dtype=object), 'FE0_C1': array([[0.607168080473, -0.596892706268, 0.161287863339, 0.351821481077,
          -0.183467425833, 0.351821481077, 0.161287863339, -0.596892706268,
          0.607168080473, 1.42681005899e-14, -0.17797470189, -0.308261226136,
          0.871894413511, 5.46016861259, -2.94692233421],
         [0.126094480409, -0.332587645792, 0.225727000668, 0.287382343748,
          -0.929480352059, 0.83289508114, 0.105300034231, -0.0917337129167,
          0.246521446846, -0.681237796845, -0.595145950832, 1.37771630399,
          2.2343700072, -0.17797470189, 3.44667328658],
         [0.246521446846, -0.0917337129167, 0.105300034231, 0.83289508114,
          -0.929480352059, 0.287382343748, 0.225727000668, -0.332587645792,
          0.126094480409, 0.681237796845, 1.49071029388, 0.173446639614,
          1.55313221036, -4.56460426955, -1.74265266984],
         [0.135717240214, -0.10346956021, -0.0837516399465, -0.388277297584,
          0.860628154975, -0.388277297584, -0.0837516399465, -0.10346956021,
          0.135717240214, 0, -0.55854620194, -0.967430400135, 2.73630638505,
          -2.25113904161, 1.94464933174],
         [-0.372616214444, 0.175812247102, -0.0156610831396, -0.456367854391,
          0.0723426868919, 0.120056157075, -0.142911998332, 0.430314077487,
          -0.245365299252, -0.71983988036, -0.999356302787, 0.814082412564,
          4.17598614577, -0.55854620194, -4.55003308848],
         [-0.245365299252, 0.430314077487, -0.142911998332, 0.120056157075,
          0.0723426868919, -0.456367854391, -0.0156610831396, 0.175812247102,
          -0.372616214444, 0.71983988036, 1.20469420145, -0.458426739364,
          3.45614626541, 2.45647694027, 3.21715848367]], dtype=object), 'FE0_C0': array([[-0.225727000668, 0.332587645792, -0.126094480409, 0.105300034231,
          -0.0917337129167, 0.246521446846, 0.287382343748, -0.929480352059,
          0.83289508114, 2.2343700072, 2.89591927378, -1.87746725636,
          -0.681237796845, 0.895564343045, -1.20426966437],
         [-0.161287863339, 0.596892706268, -0.607168080473, 0.161287863339,
          -0.596892706268, 0.607168080473, 0.351821481077, -0.183467425833,
          0.351821481077, 0.871894413511, 0.17797470189, 6.20210589456,
          1.85377622617e-14, -0.355949403781, 3.14378608376e-14],
         [-0.105300034231, 0.0917337129167, -0.246521446846, 0.225727000668,
          -0.332587645792, 0.126094480409, 0.83289508114, -0.929480352059,
          0.287382343748, 1.55313221036, -3.79148361683, -3.08173692073,
          0.681237796845, 0.895564343045, 1.20426966437],
         [0.0156610831396, -0.175812247102, 0.372616214444, -0.142911998332,
          0.430314077487, -0.245365299252, -0.456367854391, 0.0723426868919,
          0.120056157075, 4.17598614577, -4.21971734366, 1.79130134417,
          -0.71983988036, 0.205337898661, -1.27250915193],
         [0.0837516399465, 0.10346956021, -0.135717240214, -0.0837516399465,
          -0.10346956021, 0.135717240214, -0.388277297584, 0.860628154975,
          -0.388277297584, 2.73630638505, 0.55854620194, -2.92186826335, 0,
          -1.11709240388, 0],
         [0.142911998332, -0.430314077487, 0.245365299252, -0.0156610831396,
          0.175812247102, -0.372616214444, 0.120056157075, 0.0723426868919,
          -0.456367854391, 3.45614626541, 4.01437944499, 0.518792192246,
          0.71983988036, 0.205337898661, 1.27250915193]], dtype=object)}
  
  QG-utils, psi_tables, name_map:
  {'FE0_C1_D01': ('FE0_C1_D01', (), False, False), 'FE0_C1_D10': ('FE0_C1_D10', (), False, False), 'FE0_C0_D10': ('FE0_C0_D10', (), False, False), 'FE0_C0_D01': ('FE0_C0_D01', (), False, False), 'FE0_C1': ('FE0_C1', (), False, False), 'FE0_C0': ('FE0_C0', (), False, False)}
  Transforming cell integral
  Reusing element from cache
  Reusing element from cache
  Reusing element from cache
  Reusing element from cache
  Reusing element from cache
  Reusing element from cache
  Reusing element from cache
  Reusing element from cache
  Computing tensor representation
  Extracting monomial form representation from UFL form
  Reusing monomial integrand from cache
  Transforming monomial form to reference element
  Precomputing integrals on reference element
  Reusing element from cache
  900 entries computed in 0.012 seconds
  Shape of reference tensor: (15, 15, 2, 2)
  Primary multi index:   rank = 2 dims = [15, 15] indices = [[0, 0], [0, 1], [0, 2], [0, 3], [0, 4], [0, 5], [0, 6], [0, 7], [0, 8], [0, 9], [0, 10], [0, 11], [0, 12], [0, 13], [0, 14], [1, 0], [1, 1], [1, 2], [1, 3], [1, 4], [1, 5], [1, 6], [1, 7], [1, 8], [1, 9], [1, 10], [1, 11], [1, 12], [1, 13], [1, 14], [2, 0], [2, 1], [2, 2], [2, 3], [2, 4], [2, 5], [2, 6], [2, 7], [2, 8], [2, 9], [2, 10], [2, 11], [2, 12], [2, 13], [2, 14], [3, 0], [3, 1], [3, 2], [3, 3], [3, 4], [3, 5], [3, 6], [3, 7], [3, 8], [3, 9], [3, 10], [3, 11], [3, 12], [3, 13], [3, 14], [4, 0], [4, 1], [4, 2], [4, 3], [4, 4], [4, 5], [4, 6], [4, 7], [4, 8], [4, 9], [4, 10], [4, 11], [4, 12], [4, 13], [4, 14], [5, 0], [5, 1], [5, 2], [5, 3], [5, 4], [5, 5], [5, 6], [5, 7], [5, 8], [5, 9], [5, 10], [5, 11], [5, 12], [5, 13], [5, 14], [6, 0], [6, 1], [6, 2], [6, 3], [6, 4], [6, 5], [6, 6], [6, 7], [6, 8], [6, 9], [6, 10], [6, 11], [6, 12], [6, 13], [6, 14], [7, 0], [7, 1], [7, 2], [7, 3], [7, 4], [7, 5], [7, 6], [7, 7], [7, 8], [7, 9], [7, 10], [7, 11], [7, 12], [7, 13], [7, 14], [8, 0], [8, 1], [8, 2], [8, 3], [8, 4], [8, 5], [8, 6], [8, 7], [8, 8], [8, 9], [8, 10], [8, 11], [8, 12], [8, 13], [8, 14], [9, 0], [9, 1], [9, 2], [9, 3], [9, 4], [9, 5], [9, 6], [9, 7], [9, 8], [9, 9], [9, 10], [9, 11], [9, 12], [9, 13], [9, 14], [10, 0], [10, 1], [10, 2], [10, 3], [10, 4], [10, 5], [10, 6], [10, 7], [10, 8], [10, 9], [10, 10], [10, 11], [10, 12], [10, 13], [10, 14], [11, 0], [11, 1], [11, 2], [11, 3], [11, 4], [11, 5], [11, 6], [11, 7], [11, 8], [11, 9], [11, 10], [11, 11], [11, 12], [11, 13], [11, 14], [12, 0], [12, 1], [12, 2], [12, 3], [12, 4], [12, 5], [12, 6], [12, 7], [12, 8], [12, 9], [12, 10], [12, 11], [12, 12], [12, 13], [12, 14], [13, 0], [13, 1], [13, 2], [13, 3], [13, 4], [13, 5], [13, 6], [13, 7], [13, 8], [13, 9], [13, 10], [13, 11], [13, 12], [13, 13], [13, 14], [14, 0], [14, 1], [14, 2], [14, 3], [14, 4], [14, 5], [14, 6], [14, 7], [14, 8], [14, 9], [14, 10], [14, 11], [14, 12], [14, 13], [14, 14]]
  Secondary multi index: rank = 2 dims = [2, 2] indices = [[0, 0], [0, 1], [1, 0], [1, 1]]
  Internal multi index:  rank = 0 dims = [] indices = [[]]
  Secondary multi index: rank = 2 dims = [2, 2] indices = [[0, 0], [0, 1], [1, 0], [1, 1]]
  External multi index:  rank = 1 dims = [2] indices = [[0], [1]]
  Computing representation of forms
  
Compiler stage 2 finished in 0.0853941 seconds.

Compiler stage 3: Optimizing intermediate representation
--------------------------------------------------------
  Optimising expressions for cell integral
  Skipping FErari optimizations as requested.
  
Compiler stage 3 finished in 0.00585079 seconds.

Compiler stage 4: Generating code
---------------------------------
  Generating code for 1 elements
  Generating code for 1 dofmaps
  Generating code for integrals
  Removing unused variable: circumradius
  Removing unused variable: v0v1
  Removing unused variable: v0v2
  Removing unused variable: v1v2
  Removing unused variable: volume
  Cell, number of operations to compute tensor: 16234
  Generating code for forms
  
Compiler stage 4 finished in 0.735725 seconds.

Compiler stage 4.1: Generating additional wrapper code
------------------------------------------------------
  Generating wrapper code for DOLFIN
  
Compiler stage 4.1 finished in 0.00225401 seconds.

Compiler stage 5: Formatting code
---------------------------------
  Output written to ./Forms.h.
  
Compiler stage 5 finished in 0.00274396 seconds.

[1;37;32mFFC finished in 0.983649 seconds.[0m
