This is FFC, the FEniCS Form Compiler, version 1.4.0.
For further information, visit http://www.fenics.org/ffc/.

Compiling form HyperElasticity

Compiler stage 1: Analyzing form(s)
-----------------------------------
  
  Name:                   'F'
  Geometric dimension:    3
  Rank:                   1
  Arguments:              '[v_0]'
  Argument names:         '[v]'
  Number of coefficients: 5
  Coefficients:           '[w_0, w_1, w_2, c_3, c_4]'
  Coefficient names:      '[u, B, T, mu, lmbda]'
  Unique elements:        'Vector<3 x CG1(?)>, R0(?)'
  Unique sub elements:    'Vector<3 x CG1(?)>, R0(?), CG1(?)'
  
  Extracting monomial form representation from UFL form
  Monomial extraction failed: No handler defined for terminal Identity.
  Estimated cost of tensor representation: -1
  representation:    auto --> quadrature
  Selecting quadrature degree based on total polynomial degree of integrand: 2
  quadrature_degree: auto --> 2
  quadrature_rule:   auto --> default
  Extracting monomial form representation from UFL form
  Transforming monomial form to reference element
  Reusing element from cache
  Reusing element from cache
  Reusing element from cache
  Reusing element from cache
  Reusing element from cache
  Reusing element from cache
  Reusing element from cache
  Reusing element from cache
  Reusing element from cache
  Estimated cost of tensor representation: 1
  representation:    auto --> tensor
  Selecting quadrature degree based on total polynomial degree of integrand: 2
  quadrature_degree: auto --> 2
  quadrature_rule:   auto --> default
  
  Name:                   'J'
  Geometric dimension:    3
  Rank:                   2
  Arguments:              '[v_0, v_1]'
  Argument names:         '[v, du]'
  Number of coefficients: 3
  Coefficients:           '[w_0, c_3, c_4]'
  Coefficient names:      '[u, mu, lmbda]'
  Unique elements:        'Vector<3 x CG1(?)>, R0(?)'
  Unique sub elements:    'Vector<3 x CG1(?)>, R0(?), CG1(?)'
  
  Extracting monomial form representation from UFL form
  Monomial extraction failed: No handler defined for expression Division.
  Estimated cost of tensor representation: -1
  representation:    auto --> quadrature
  Selecting quadrature degree based on total polynomial degree of integrand: 0
  quadrature_degree: auto --> 0
  quadrature_rule:   auto --> default
  
Compiler stage 1 finished in 0.200657 seconds.

Compiler stage 2: Computing intermediate representation
-------------------------------------------------------
  Computing representation of 3 elements
  Reusing element from cache
  Reusing element from cache
  Reusing element from cache
  Reusing element from cache
  Reusing element from cache
  Computing representation of 3 dofmaps
  Reusing element from cache
  Reusing element from cache
  Reusing element from cache
  Computing representation of integrals
  Computing quadrature representation
  Reusing element from cache
  Reusing element from cache
  Reusing element from cache
  Reusing element from cache
  Reusing element from cache
  
  QG-utils, psi_tables:
  {4: {FiniteElement('Real', Domain(Cell('tetrahedron', 3), label=None, data=None), 0, quad_scheme=None): {None: {None: {(0, 0, 0): array([[ 1.,  1.,  1.,  1.]])}}}, VectorElement('Lagrange', Domain(Cell('tetrahedron', 3), label=None, data=None), 1, dim=3, quad_scheme=None): {None: {None: {(1, 0, 0): array([[[-1., -1., -1., -1.],
          [ 0.,  0.,  0.,  0.],
          [ 0.,  0.,  0.,  0.]],
  
         [[ 1.,  1.,  1.,  1.],
          [ 0.,  0.,  0.,  0.],
          [ 0.,  0.,  0.,  0.]],
  
         [[ 0.,  0.,  0.,  0.],
          [ 0.,  0.,  0.,  0.],
          [ 0.,  0.,  0.,  0.]],
  
         [[ 0.,  0.,  0.,  0.],
          [ 0.,  0.,  0.,  0.],
          [ 0.,  0.,  0.,  0.]],
  
         [[ 0.,  0.,  0.,  0.],
          [-1., -1., -1., -1.],
          [ 0.,  0.,  0.,  0.]],
  
         [[ 0.,  0.,  0.,  0.],
          [ 1.,  1.,  1.,  1.],
          [ 0.,  0.,  0.,  0.]],
  
         [[ 0.,  0.,  0.,  0.],
          [ 0.,  0.,  0.,  0.],
          [ 0.,  0.,  0.,  0.]],
  
         [[ 0.,  0.,  0.,  0.],
          [ 0.,  0.,  0.,  0.],
          [ 0.,  0.,  0.,  0.]],
  
         [[ 0.,  0.,  0.,  0.],
          [ 0.,  0.,  0.,  0.],
          [-1., -1., -1., -1.]],
  
         [[ 0.,  0.,  0.,  0.],
          [ 0.,  0.,  0.,  0.],
          [ 1.,  1.,  1.,  1.]],
  
         [[ 0.,  0.,  0.,  0.],
          [ 0.,  0.,  0.,  0.],
          [ 0.,  0.,  0.,  0.]],
  
         [[ 0.,  0.,  0.,  0.],
          [ 0.,  0.,  0.,  0.],
          [ 0.,  0.,  0.,  0.]]]), (0, 1, 0): array([[[ -1.00000000e+00,  -1.00000000e+00,  -1.00000000e+00,
            -1.00000000e+00],
          [  0.00000000e+00,   0.00000000e+00,   0.00000000e+00,
             0.00000000e+00],
          [  0.00000000e+00,   0.00000000e+00,   0.00000000e+00,
             0.00000000e+00]],
  
         [[  0.00000000e+00,   0.00000000e+00,   3.88578059e-16,
             0.00000000e+00],
          [  0.00000000e+00,   0.00000000e+00,   0.00000000e+00,
             0.00000000e+00],
          [  0.00000000e+00,   0.00000000e+00,   0.00000000e+00,
             0.00000000e+00]],
  
         [[  1.00000000e+00,   1.00000000e+00,   1.00000000e+00,
             1.00000000e+00],
          [  0.00000000e+00,   0.00000000e+00,   0.00000000e+00,
             0.00000000e+00],
          [  0.00000000e+00,   0.00000000e+00,   0.00000000e+00,
             0.00000000e+00]],
  
         [[  0.00000000e+00,   0.00000000e+00,   0.00000000e+00,
             0.00000000e+00],
          [  0.00000000e+00,   0.00000000e+00,   0.00000000e+00,
             0.00000000e+00],
          [  0.00000000e+00,   0.00000000e+00,   0.00000000e+00,
             0.00000000e+00]],
  
         [[  0.00000000e+00,   0.00000000e+00,   0.00000000e+00,
             0.00000000e+00],
          [ -1.00000000e+00,  -1.00000000e+00,  -1.00000000e+00,
            -1.00000000e+00],
          [  0.00000000e+00,   0.00000000e+00,   0.00000000e+00,
             0.00000000e+00]],
  
         [[  0.00000000e+00,   0.00000000e+00,   0.00000000e+00,
             0.00000000e+00],
          [  0.00000000e+00,   0.00000000e+00,   3.88578059e-16,
             0.00000000e+00],
          [  0.00000000e+00,   0.00000000e+00,   0.00000000e+00,
             0.00000000e+00]],
  
         [[  0.00000000e+00,   0.00000000e+00,   0.00000000e+00,
             0.00000000e+00],
          [  1.00000000e+00,   1.00000000e+00,   1.00000000e+00,
             1.00000000e+00],
          [  0.00000000e+00,   0.00000000e+00,   0.00000000e+00,
             0.00000000e+00]],
  
         [[  0.00000000e+00,   0.00000000e+00,   0.00000000e+00,
             0.00000000e+00],
          [  0.00000000e+00,   0.00000000e+00,   0.00000000e+00,
             0.00000000e+00],
          [  0.00000000e+00,   0.00000000e+00,   0.00000000e+00,
             0.00000000e+00]],
  
         [[  0.00000000e+00,   0.00000000e+00,   0.00000000e+00,
             0.00000000e+00],
          [  0.00000000e+00,   0.00000000e+00,   0.00000000e+00,
             0.00000000e+00],
          [ -1.00000000e+00,  -1.00000000e+00,  -1.00000000e+00,
            -1.00000000e+00]],
  
         [[  0.00000000e+00,   0.00000000e+00,   0.00000000e+00,
             0.00000000e+00],
          [  0.00000000e+00,   0.00000000e+00,   0.00000000e+00,
             0.00000000e+00],
          [  0.00000000e+00,   0.00000000e+00,   3.88578059e-16,
             0.00000000e+00]],
  
         [[  0.00000000e+00,   0.00000000e+00,   0.00000000e+00,
             0.00000000e+00],
          [  0.00000000e+00,   0.00000000e+00,   0.00000000e+00,
             0.00000000e+00],
          [  1.00000000e+00,   1.00000000e+00,   1.00000000e+00,
             1.00000000e+00]],
  
         [[  0.00000000e+00,   0.00000000e+00,   0.00000000e+00,
             0.00000000e+00],
          [  0.00000000e+00,   0.00000000e+00,   0.00000000e+00,
             0.00000000e+00],
          [  0.00000000e+00,   0.00000000e+00,   0.00000000e+00,
             0.00000000e+00]]]), (0, 0, 0): array([[[ 0.1381966,  0.1381966,  0.1381966,  0.5854102],
          [ 0.       ,  0.       ,  0.       ,  0.       ],
          [ 0.       ,  0.       ,  0.       ,  0.       ]],
  
         [[ 0.5854102,  0.1381966,  0.1381966,  0.1381966],
          [ 0.       ,  0.       ,  0.       ,  0.       ],
          [ 0.       ,  0.       ,  0.       ,  0.       ]],
  
         [[ 0.1381966,  0.5854102,  0.1381966,  0.1381966],
          [ 0.       ,  0.       ,  0.       ,  0.       ],
          [ 0.       ,  0.       ,  0.       ,  0.       ]],
  
         [[ 0.1381966,  0.1381966,  0.5854102,  0.1381966],
          [ 0.       ,  0.       ,  0.       ,  0.       ],
          [ 0.       ,  0.       ,  0.       ,  0.       ]],
  
         [[ 0.       ,  0.       ,  0.       ,  0.       ],
          [ 0.1381966,  0.1381966,  0.1381966,  0.5854102],
          [ 0.       ,  0.       ,  0.       ,  0.       ]],
  
         [[ 0.       ,  0.       ,  0.       ,  0.       ],
          [ 0.5854102,  0.1381966,  0.1381966,  0.1381966],
          [ 0.       ,  0.       ,  0.       ,  0.       ]],
  
         [[ 0.       ,  0.       ,  0.       ,  0.       ],
          [ 0.1381966,  0.5854102,  0.1381966,  0.1381966],
          [ 0.       ,  0.       ,  0.       ,  0.       ]],
  
         [[ 0.       ,  0.       ,  0.       ,  0.       ],
          [ 0.1381966,  0.1381966,  0.5854102,  0.1381966],
          [ 0.       ,  0.       ,  0.       ,  0.       ]],
  
         [[ 0.       ,  0.       ,  0.       ,  0.       ],
          [ 0.       ,  0.       ,  0.       ,  0.       ],
          [ 0.1381966,  0.1381966,  0.1381966,  0.5854102]],
  
         [[ 0.       ,  0.       ,  0.       ,  0.       ],
          [ 0.       ,  0.       ,  0.       ,  0.       ],
          [ 0.5854102,  0.1381966,  0.1381966,  0.1381966]],
  
         [[ 0.       ,  0.       ,  0.       ,  0.       ],
          [ 0.       ,  0.       ,  0.       ,  0.       ],
          [ 0.1381966,  0.5854102,  0.1381966,  0.1381966]],
  
         [[ 0.       ,  0.       ,  0.       ,  0.       ],
          [ 0.       ,  0.       ,  0.       ,  0.       ],
          [ 0.1381966,  0.1381966,  0.5854102,  0.1381966]]]), (0, 0, 1): array([[[ -1.00000000e+00,  -1.00000000e+00,  -1.00000000e+00,
            -1.00000000e+00],
          [  0.00000000e+00,   0.00000000e+00,   0.00000000e+00,
             0.00000000e+00],
          [  0.00000000e+00,   0.00000000e+00,   0.00000000e+00,
             0.00000000e+00]],
  
         [[  1.11022302e-16,   1.11022302e-16,   4.99600361e-16,
             1.11022302e-16],
          [  0.00000000e+00,   0.00000000e+00,   0.00000000e+00,
             0.00000000e+00],
          [  0.00000000e+00,   0.00000000e+00,   0.00000000e+00,
             0.00000000e+00]],
  
         [[  0.00000000e+00,   0.00000000e+00,   5.55111512e-17,
             0.00000000e+00],
          [  0.00000000e+00,   0.00000000e+00,   0.00000000e+00,
             0.00000000e+00],
          [  0.00000000e+00,   0.00000000e+00,   0.00000000e+00,
             0.00000000e+00]],
  
         [[  1.00000000e+00,   1.00000000e+00,   1.00000000e+00,
             1.00000000e+00],
          [  0.00000000e+00,   0.00000000e+00,   0.00000000e+00,
             0.00000000e+00],
          [  0.00000000e+00,   0.00000000e+00,   0.00000000e+00,
             0.00000000e+00]],
  
         [[  0.00000000e+00,   0.00000000e+00,   0.00000000e+00,
             0.00000000e+00],
          [ -1.00000000e+00,  -1.00000000e+00,  -1.00000000e+00,
            -1.00000000e+00],
          [  0.00000000e+00,   0.00000000e+00,   0.00000000e+00,
             0.00000000e+00]],
  
         [[  0.00000000e+00,   0.00000000e+00,   0.00000000e+00,
             0.00000000e+00],
          [  1.11022302e-16,   1.11022302e-16,   4.99600361e-16,
             1.11022302e-16],
          [  0.00000000e+00,   0.00000000e+00,   0.00000000e+00,
             0.00000000e+00]],
  
         [[  0.00000000e+00,   0.00000000e+00,   0.00000000e+00,
             0.00000000e+00],
          [  0.00000000e+00,   0.00000000e+00,   5.55111512e-17,
             0.00000000e+00],
          [  0.00000000e+00,   0.00000000e+00,   0.00000000e+00,
             0.00000000e+00]],
  
         [[  0.00000000e+00,   0.00000000e+00,   0.00000000e+00,
             0.00000000e+00],
          [  1.00000000e+00,   1.00000000e+00,   1.00000000e+00,
             1.00000000e+00],
          [  0.00000000e+00,   0.00000000e+00,   0.00000000e+00,
             0.00000000e+00]],
  
         [[  0.00000000e+00,   0.00000000e+00,   0.00000000e+00,
             0.00000000e+00],
          [  0.00000000e+00,   0.00000000e+00,   0.00000000e+00,
             0.00000000e+00],
          [ -1.00000000e+00,  -1.00000000e+00,  -1.00000000e+00,
            -1.00000000e+00]],
  
         [[  0.00000000e+00,   0.00000000e+00,   0.00000000e+00,
             0.00000000e+00],
          [  0.00000000e+00,   0.00000000e+00,   0.00000000e+00,
             0.00000000e+00],
          [  1.11022302e-16,   1.11022302e-16,   4.99600361e-16,
             1.11022302e-16]],
  
         [[  0.00000000e+00,   0.00000000e+00,   0.00000000e+00,
             0.00000000e+00],
          [  0.00000000e+00,   0.00000000e+00,   0.00000000e+00,
             0.00000000e+00],
          [  0.00000000e+00,   0.00000000e+00,   5.55111512e-17,
             0.00000000e+00]],
  
         [[  0.00000000e+00,   0.00000000e+00,   0.00000000e+00,
             0.00000000e+00],
          [  0.00000000e+00,   0.00000000e+00,   0.00000000e+00,
             0.00000000e+00],
          [  1.00000000e+00,   1.00000000e+00,   1.00000000e+00,
             1.00000000e+00]]])}}}}}
  
  QG-utils, psi_tables, flat_tables:
  {'FE0_C2_D001': array([[  0.00000000e+00,   0.00000000e+00,   0.00000000e+00,
            0.00000000e+00,   0.00000000e+00,   0.00000000e+00,
            0.00000000e+00,   0.00000000e+00,  -1.00000000e+00,
            1.11022302e-16,   0.00000000e+00,   1.00000000e+00],
         [  0.00000000e+00,   0.00000000e+00,   0.00000000e+00,
            0.00000000e+00,   0.00000000e+00,   0.00000000e+00,
            0.00000000e+00,   0.00000000e+00,  -1.00000000e+00,
            1.11022302e-16,   0.00000000e+00,   1.00000000e+00],
         [  0.00000000e+00,   0.00000000e+00,   0.00000000e+00,
            0.00000000e+00,   0.00000000e+00,   0.00000000e+00,
            0.00000000e+00,   0.00000000e+00,  -1.00000000e+00,
            4.99600361e-16,   5.55111512e-17,   1.00000000e+00],
         [  0.00000000e+00,   0.00000000e+00,   0.00000000e+00,
            0.00000000e+00,   0.00000000e+00,   0.00000000e+00,
            0.00000000e+00,   0.00000000e+00,  -1.00000000e+00,
            1.11022302e-16,   0.00000000e+00,   1.00000000e+00]]), 'FE0_C1_D001': array([[  0.00000000e+00,   0.00000000e+00,   0.00000000e+00,
            0.00000000e+00,  -1.00000000e+00,   1.11022302e-16,
            0.00000000e+00,   1.00000000e+00,   0.00000000e+00,
            0.00000000e+00,   0.00000000e+00,   0.00000000e+00],
         [  0.00000000e+00,   0.00000000e+00,   0.00000000e+00,
            0.00000000e+00,  -1.00000000e+00,   1.11022302e-16,
            0.00000000e+00,   1.00000000e+00,   0.00000000e+00,
            0.00000000e+00,   0.00000000e+00,   0.00000000e+00],
         [  0.00000000e+00,   0.00000000e+00,   0.00000000e+00,
            0.00000000e+00,  -1.00000000e+00,   4.99600361e-16,
            5.55111512e-17,   1.00000000e+00,   0.00000000e+00,
            0.00000000e+00,   0.00000000e+00,   0.00000000e+00],
         [  0.00000000e+00,   0.00000000e+00,   0.00000000e+00,
            0.00000000e+00,  -1.00000000e+00,   1.11022302e-16,
            0.00000000e+00,   1.00000000e+00,   0.00000000e+00,
            0.00000000e+00,   0.00000000e+00,   0.00000000e+00]]), 'FE0_C1_D010': array([[  0.00000000e+00,   0.00000000e+00,   0.00000000e+00,
            0.00000000e+00,  -1.00000000e+00,   0.00000000e+00,
            1.00000000e+00,   0.00000000e+00,   0.00000000e+00,
            0.00000000e+00,   0.00000000e+00,   0.00000000e+00],
         [  0.00000000e+00,   0.00000000e+00,   0.00000000e+00,
            0.00000000e+00,  -1.00000000e+00,   0.00000000e+00,
            1.00000000e+00,   0.00000000e+00,   0.00000000e+00,
            0.00000000e+00,   0.00000000e+00,   0.00000000e+00],
         [  0.00000000e+00,   0.00000000e+00,   0.00000000e+00,
            0.00000000e+00,  -1.00000000e+00,   3.88578059e-16,
            1.00000000e+00,   0.00000000e+00,   0.00000000e+00,
            0.00000000e+00,   0.00000000e+00,   0.00000000e+00],
         [  0.00000000e+00,   0.00000000e+00,   0.00000000e+00,
            0.00000000e+00,  -1.00000000e+00,   0.00000000e+00,
            1.00000000e+00,   0.00000000e+00,   0.00000000e+00,
            0.00000000e+00,   0.00000000e+00,   0.00000000e+00]]), 'FE0_C2_D010': array([[  0.00000000e+00,   0.00000000e+00,   0.00000000e+00,
            0.00000000e+00,   0.00000000e+00,   0.00000000e+00,
            0.00000000e+00,   0.00000000e+00,  -1.00000000e+00,
            0.00000000e+00,   1.00000000e+00,   0.00000000e+00],
         [  0.00000000e+00,   0.00000000e+00,   0.00000000e+00,
            0.00000000e+00,   0.00000000e+00,   0.00000000e+00,
            0.00000000e+00,   0.00000000e+00,  -1.00000000e+00,
            0.00000000e+00,   1.00000000e+00,   0.00000000e+00],
         [  0.00000000e+00,   0.00000000e+00,   0.00000000e+00,
            0.00000000e+00,   0.00000000e+00,   0.00000000e+00,
            0.00000000e+00,   0.00000000e+00,  -1.00000000e+00,
            3.88578059e-16,   1.00000000e+00,   0.00000000e+00],
         [  0.00000000e+00,   0.00000000e+00,   0.00000000e+00,
            0.00000000e+00,   0.00000000e+00,   0.00000000e+00,
            0.00000000e+00,   0.00000000e+00,  -1.00000000e+00,
            0.00000000e+00,   1.00000000e+00,   0.00000000e+00]]), 'FE0_C1_D100': array([[ 0.,  0.,  0.,  0., -1.,  1.,  0.,  0.,  0.,  0.,  0.,  0.],
         [ 0.,  0.,  0.,  0., -1.,  1.,  0.,  0.,  0.,  0.,  0.,  0.],
         [ 0.,  0.,  0.,  0., -1.,  1.,  0.,  0.,  0.,  0.,  0.,  0.],
         [ 0.,  0.,  0.,  0., -1.,  1.,  0.,  0.,  0.,  0.,  0.,  0.]]), 'FE0_C0_D100': array([[-1.,  1.,  0.,  0.,  0.,  0.,  0.,  0.,  0.,  0.,  0.,  0.],
         [-1.,  1.,  0.,  0.,  0.,  0.,  0.,  0.,  0.,  0.,  0.,  0.],
         [-1.,  1.,  0.,  0.,  0.,  0.,  0.,  0.,  0.,  0.,  0.,  0.],
         [-1.,  1.,  0.,  0.,  0.,  0.,  0.,  0.,  0.,  0.,  0.,  0.]]), 'FE0_C0_D010': array([[ -1.00000000e+00,   0.00000000e+00,   1.00000000e+00,
            0.00000000e+00,   0.00000000e+00,   0.00000000e+00,
            0.00000000e+00,   0.00000000e+00,   0.00000000e+00,
            0.00000000e+00,   0.00000000e+00,   0.00000000e+00],
         [ -1.00000000e+00,   0.00000000e+00,   1.00000000e+00,
            0.00000000e+00,   0.00000000e+00,   0.00000000e+00,
            0.00000000e+00,   0.00000000e+00,   0.00000000e+00,
            0.00000000e+00,   0.00000000e+00,   0.00000000e+00],
         [ -1.00000000e+00,   3.88578059e-16,   1.00000000e+00,
            0.00000000e+00,   0.00000000e+00,   0.00000000e+00,
            0.00000000e+00,   0.00000000e+00,   0.00000000e+00,
            0.00000000e+00,   0.00000000e+00,   0.00000000e+00],
         [ -1.00000000e+00,   0.00000000e+00,   1.00000000e+00,
            0.00000000e+00,   0.00000000e+00,   0.00000000e+00,
            0.00000000e+00,   0.00000000e+00,   0.00000000e+00,
            0.00000000e+00,   0.00000000e+00,   0.00000000e+00]]), 'FE0_C0_D001': array([[ -1.00000000e+00,   1.11022302e-16,   0.00000000e+00,
            1.00000000e+00,   0.00000000e+00,   0.00000000e+00,
            0.00000000e+00,   0.00000000e+00,   0.00000000e+00,
            0.00000000e+00,   0.00000000e+00,   0.00000000e+00],
         [ -1.00000000e+00,   1.11022302e-16,   0.00000000e+00,
            1.00000000e+00,   0.00000000e+00,   0.00000000e+00,
            0.00000000e+00,   0.00000000e+00,   0.00000000e+00,
            0.00000000e+00,   0.00000000e+00,   0.00000000e+00],
         [ -1.00000000e+00,   4.99600361e-16,   5.55111512e-17,
            1.00000000e+00,   0.00000000e+00,   0.00000000e+00,
            0.00000000e+00,   0.00000000e+00,   0.00000000e+00,
            0.00000000e+00,   0.00000000e+00,   0.00000000e+00],
         [ -1.00000000e+00,   1.11022302e-16,   0.00000000e+00,
            1.00000000e+00,   0.00000000e+00,   0.00000000e+00,
            0.00000000e+00,   0.00000000e+00,   0.00000000e+00,
            0.00000000e+00,   0.00000000e+00,   0.00000000e+00]]), 'FE1': array([[ 1.],
         [ 1.],
         [ 1.],
         [ 1.]]), 'FE0_C2_D100': array([[ 0.,  0.,  0.,  0.,  0.,  0.,  0.,  0., -1.,  1.,  0.,  0.],
         [ 0.,  0.,  0.,  0.,  0.,  0.,  0.,  0., -1.,  1.,  0.,  0.],
         [ 0.,  0.,  0.,  0.,  0.,  0.,  0.,  0., -1.,  1.,  0.,  0.],
         [ 0.,  0.,  0.,  0.,  0.,  0.,  0.,  0., -1.,  1.,  0.,  0.]]), 'FE0_C2': array([[ 0.       ,  0.       ,  0.       ,  0.       ,  0.       ,
           0.       ,  0.       ,  0.       ,  0.1381966,  0.5854102,
           0.1381966,  0.1381966],
         [ 0.       ,  0.       ,  0.       ,  0.       ,  0.       ,
           0.       ,  0.       ,  0.       ,  0.1381966,  0.1381966,
           0.5854102,  0.1381966],
         [ 0.       ,  0.       ,  0.       ,  0.       ,  0.       ,
           0.       ,  0.       ,  0.       ,  0.1381966,  0.1381966,
           0.1381966,  0.5854102],
         [ 0.       ,  0.       ,  0.       ,  0.       ,  0.       ,
           0.       ,  0.       ,  0.       ,  0.5854102,  0.1381966,
           0.1381966,  0.1381966]]), 'FE0_C1': array([[ 0.       ,  0.       ,  0.       ,  0.       ,  0.1381966,
           0.5854102,  0.1381966,  0.1381966,  0.       ,  0.       ,
           0.       ,  0.       ],
         [ 0.       ,  0.       ,  0.       ,  0.       ,  0.1381966,
           0.1381966,  0.5854102,  0.1381966,  0.       ,  0.       ,
           0.       ,  0.       ],
         [ 0.       ,  0.       ,  0.       ,  0.       ,  0.1381966,
           0.1381966,  0.1381966,  0.5854102,  0.       ,  0.       ,
           0.       ,  0.       ],
         [ 0.       ,  0.       ,  0.       ,  0.       ,  0.5854102,
           0.1381966,  0.1381966,  0.1381966,  0.       ,  0.       ,
           0.       ,  0.       ]]), 'FE0_C0': array([[ 0.1381966,  0.5854102,  0.1381966,  0.1381966,  0.       ,
           0.       ,  0.       ,  0.       ,  0.       ,  0.       ,
           0.       ,  0.       ],
         [ 0.1381966,  0.1381966,  0.5854102,  0.1381966,  0.       ,
           0.       ,  0.       ,  0.       ,  0.       ,  0.       ,
           0.       ,  0.       ],
         [ 0.1381966,  0.1381966,  0.1381966,  0.5854102,  0.       ,
           0.       ,  0.       ,  0.       ,  0.       ,  0.       ,
           0.       ,  0.       ],
         [ 0.5854102,  0.1381966,  0.1381966,  0.1381966,  0.       ,
           0.       ,  0.       ,  0.       ,  0.       ,  0.       ,
           0.       ,  0.       ]])}
  
  tables: {'FE0_C2_D001': array([[  0.00000000e+00,   0.00000000e+00,   0.00000000e+00,
            0.00000000e+00,   0.00000000e+00,   0.00000000e+00,
            0.00000000e+00,   0.00000000e+00,  -1.00000000e+00,
            1.11022302e-16,   0.00000000e+00,   1.00000000e+00],
         [  0.00000000e+00,   0.00000000e+00,   0.00000000e+00,
            0.00000000e+00,   0.00000000e+00,   0.00000000e+00,
            0.00000000e+00,   0.00000000e+00,  -1.00000000e+00,
            1.11022302e-16,   0.00000000e+00,   1.00000000e+00],
         [  0.00000000e+00,   0.00000000e+00,   0.00000000e+00,
            0.00000000e+00,   0.00000000e+00,   0.00000000e+00,
            0.00000000e+00,   0.00000000e+00,  -1.00000000e+00,
            4.99600361e-16,   5.55111512e-17,   1.00000000e+00],
         [  0.00000000e+00,   0.00000000e+00,   0.00000000e+00,
            0.00000000e+00,   0.00000000e+00,   0.00000000e+00,
            0.00000000e+00,   0.00000000e+00,  -1.00000000e+00,
            1.11022302e-16,   0.00000000e+00,   1.00000000e+00]]), 'FE0_C1_D001': array([[  0.00000000e+00,   0.00000000e+00,   0.00000000e+00,
            0.00000000e+00,  -1.00000000e+00,   1.11022302e-16,
            0.00000000e+00,   1.00000000e+00,   0.00000000e+00,
            0.00000000e+00,   0.00000000e+00,   0.00000000e+00],
         [  0.00000000e+00,   0.00000000e+00,   0.00000000e+00,
            0.00000000e+00,  -1.00000000e+00,   1.11022302e-16,
            0.00000000e+00,   1.00000000e+00,   0.00000000e+00,
            0.00000000e+00,   0.00000000e+00,   0.00000000e+00],
         [  0.00000000e+00,   0.00000000e+00,   0.00000000e+00,
            0.00000000e+00,  -1.00000000e+00,   4.99600361e-16,
            5.55111512e-17,   1.00000000e+00,   0.00000000e+00,
            0.00000000e+00,   0.00000000e+00,   0.00000000e+00],
         [  0.00000000e+00,   0.00000000e+00,   0.00000000e+00,
            0.00000000e+00,  -1.00000000e+00,   1.11022302e-16,
            0.00000000e+00,   1.00000000e+00,   0.00000000e+00,
            0.00000000e+00,   0.00000000e+00,   0.00000000e+00]]), 'FE0_C1_D010': array([[  0.00000000e+00,   0.00000000e+00,   0.00000000e+00,
            0.00000000e+00,  -1.00000000e+00,   0.00000000e+00,
            1.00000000e+00,   0.00000000e+00,   0.00000000e+00,
            0.00000000e+00,   0.00000000e+00,   0.00000000e+00],
         [  0.00000000e+00,   0.00000000e+00,   0.00000000e+00,
            0.00000000e+00,  -1.00000000e+00,   0.00000000e+00,
            1.00000000e+00,   0.00000000e+00,   0.00000000e+00,
            0.00000000e+00,   0.00000000e+00,   0.00000000e+00],
         [  0.00000000e+00,   0.00000000e+00,   0.00000000e+00,
            0.00000000e+00,  -1.00000000e+00,   3.88578059e-16,
            1.00000000e+00,   0.00000000e+00,   0.00000000e+00,
            0.00000000e+00,   0.00000000e+00,   0.00000000e+00],
         [  0.00000000e+00,   0.00000000e+00,   0.00000000e+00,
            0.00000000e+00,  -1.00000000e+00,   0.00000000e+00,
            1.00000000e+00,   0.00000000e+00,   0.00000000e+00,
            0.00000000e+00,   0.00000000e+00,   0.00000000e+00]]), 'FE0_C2_D010': array([[  0.00000000e+00,   0.00000000e+00,   0.00000000e+00,
            0.00000000e+00,   0.00000000e+00,   0.00000000e+00,
            0.00000000e+00,   0.00000000e+00,  -1.00000000e+00,
            0.00000000e+00,   1.00000000e+00,   0.00000000e+00],
         [  0.00000000e+00,   0.00000000e+00,   0.00000000e+00,
            0.00000000e+00,   0.00000000e+00,   0.00000000e+00,
            0.00000000e+00,   0.00000000e+00,  -1.00000000e+00,
            0.00000000e+00,   1.00000000e+00,   0.00000000e+00],
         [  0.00000000e+00,   0.00000000e+00,   0.00000000e+00,
            0.00000000e+00,   0.00000000e+00,   0.00000000e+00,
            0.00000000e+00,   0.00000000e+00,  -1.00000000e+00,
            3.88578059e-16,   1.00000000e+00,   0.00000000e+00],
         [  0.00000000e+00,   0.00000000e+00,   0.00000000e+00,
            0.00000000e+00,   0.00000000e+00,   0.00000000e+00,
            0.00000000e+00,   0.00000000e+00,  -1.00000000e+00,
            0.00000000e+00,   1.00000000e+00,   0.00000000e+00]]), 'FE0_C1_D100': array([[ 0.,  0.,  0.,  0., -1.,  1.,  0.,  0.,  0.,  0.,  0.,  0.],
         [ 0.,  0.,  0.,  0., -1.,  1.,  0.,  0.,  0.,  0.,  0.,  0.],
         [ 0.,  0.,  0.,  0., -1.,  1.,  0.,  0.,  0.,  0.,  0.,  0.],
         [ 0.,  0.,  0.,  0., -1.,  1.,  0.,  0.,  0.,  0.,  0.,  0.]]), 'FE0_C0_D100': array([[-1.,  1.,  0.,  0.,  0.,  0.,  0.,  0.,  0.,  0.,  0.,  0.],
         [-1.,  1.,  0.,  0.,  0.,  0.,  0.,  0.,  0.,  0.,  0.,  0.],
         [-1.,  1.,  0.,  0.,  0.,  0.,  0.,  0.,  0.,  0.,  0.,  0.],
         [-1.,  1.,  0.,  0.,  0.,  0.,  0.,  0.,  0.,  0.,  0.,  0.]]), 'FE0_C0_D010': array([[ -1.00000000e+00,   0.00000000e+00,   1.00000000e+00,
            0.00000000e+00,   0.00000000e+00,   0.00000000e+00,
            0.00000000e+00,   0.00000000e+00,   0.00000000e+00,
            0.00000000e+00,   0.00000000e+00,   0.00000000e+00],
         [ -1.00000000e+00,   0.00000000e+00,   1.00000000e+00,
            0.00000000e+00,   0.00000000e+00,   0.00000000e+00,
            0.00000000e+00,   0.00000000e+00,   0.00000000e+00,
            0.00000000e+00,   0.00000000e+00,   0.00000000e+00],
         [ -1.00000000e+00,   3.88578059e-16,   1.00000000e+00,
            0.00000000e+00,   0.00000000e+00,   0.00000000e+00,
            0.00000000e+00,   0.00000000e+00,   0.00000000e+00,
            0.00000000e+00,   0.00000000e+00,   0.00000000e+00],
         [ -1.00000000e+00,   0.00000000e+00,   1.00000000e+00,
            0.00000000e+00,   0.00000000e+00,   0.00000000e+00,
            0.00000000e+00,   0.00000000e+00,   0.00000000e+00,
            0.00000000e+00,   0.00000000e+00,   0.00000000e+00]]), 'FE0_C0_D001': array([[ -1.00000000e+00,   1.11022302e-16,   0.00000000e+00,
            1.00000000e+00,   0.00000000e+00,   0.00000000e+00,
            0.00000000e+00,   0.00000000e+00,   0.00000000e+00,
            0.00000000e+00,   0.00000000e+00,   0.00000000e+00],
         [ -1.00000000e+00,   1.11022302e-16,   0.00000000e+00,
            1.00000000e+00,   0.00000000e+00,   0.00000000e+00,
            0.00000000e+00,   0.00000000e+00,   0.00000000e+00,
            0.00000000e+00,   0.00000000e+00,   0.00000000e+00],
         [ -1.00000000e+00,   4.99600361e-16,   5.55111512e-17,
            1.00000000e+00,   0.00000000e+00,   0.00000000e+00,
            0.00000000e+00,   0.00000000e+00,   0.00000000e+00,
            0.00000000e+00,   0.00000000e+00,   0.00000000e+00],
         [ -1.00000000e+00,   1.11022302e-16,   0.00000000e+00,
            1.00000000e+00,   0.00000000e+00,   0.00000000e+00,
            0.00000000e+00,   0.00000000e+00,   0.00000000e+00,
            0.00000000e+00,   0.00000000e+00,   0.00000000e+00]]), 'FE1': array([[ 1.],
         [ 1.],
         [ 1.],
         [ 1.]]), 'FE0_C2_D100': array([[ 0.,  0.,  0.,  0.,  0.,  0.,  0.,  0., -1.,  1.,  0.,  0.],
         [ 0.,  0.,  0.,  0.,  0.,  0.,  0.,  0., -1.,  1.,  0.,  0.],
         [ 0.,  0.,  0.,  0.,  0.,  0.,  0.,  0., -1.,  1.,  0.,  0.],
         [ 0.,  0.,  0.,  0.,  0.,  0.,  0.,  0., -1.,  1.,  0.,  0.]]), 'FE0_C2': array([[ 0.       ,  0.       ,  0.       ,  0.       ,  0.       ,
           0.       ,  0.       ,  0.       ,  0.1381966,  0.5854102,
           0.1381966,  0.1381966],
         [ 0.       ,  0.       ,  0.       ,  0.       ,  0.       ,
           0.       ,  0.       ,  0.       ,  0.1381966,  0.1381966,
           0.5854102,  0.1381966],
         [ 0.       ,  0.       ,  0.       ,  0.       ,  0.       ,
           0.       ,  0.       ,  0.       ,  0.1381966,  0.1381966,
           0.1381966,  0.5854102],
         [ 0.       ,  0.       ,  0.       ,  0.       ,  0.       ,
           0.       ,  0.       ,  0.       ,  0.5854102,  0.1381966,
           0.1381966,  0.1381966]]), 'FE0_C1': array([[ 0.       ,  0.       ,  0.       ,  0.       ,  0.1381966,
           0.5854102,  0.1381966,  0.1381966,  0.       ,  0.       ,
           0.       ,  0.       ],
         [ 0.       ,  0.       ,  0.       ,  0.       ,  0.1381966,
           0.1381966,  0.5854102,  0.1381966,  0.       ,  0.       ,
           0.       ,  0.       ],
         [ 0.       ,  0.       ,  0.       ,  0.       ,  0.1381966,
           0.1381966,  0.1381966,  0.5854102,  0.       ,  0.       ,
           0.       ,  0.       ],
         [ 0.       ,  0.       ,  0.       ,  0.       ,  0.5854102,
           0.1381966,  0.1381966,  0.1381966,  0.       ,  0.       ,
           0.       ,  0.       ]]), 'FE0_C0': array([[ 0.1381966,  0.5854102,  0.1381966,  0.1381966,  0.       ,
           0.       ,  0.       ,  0.       ,  0.       ,  0.       ,
           0.       ,  0.       ],
         [ 0.1381966,  0.1381966,  0.5854102,  0.1381966,  0.       ,
           0.       ,  0.       ,  0.       ,  0.       ,  0.       ,
           0.       ,  0.       ],
         [ 0.1381966,  0.1381966,  0.1381966,  0.5854102,  0.       ,
           0.       ,  0.       ,  0.       ,  0.       ,  0.       ,
           0.       ,  0.       ],
         [ 0.5854102,  0.1381966,  0.1381966,  0.1381966,  0.       ,
           0.       ,  0.       ,  0.       ,  0.       ,  0.       ,
           0.       ,  0.       ]])}
  
  name_map: {}
  
  inv_name_map: {'FE0_C2_D001': 'FE0_C2_D001', 'FE0_C1_D001': 'FE0_C1_D001', 'FE0_C1_D010': 'FE0_C1_D010', 'FE0_C2_D010': 'FE0_C2_D010', 'FE0_C1_D100': 'FE0_C1_D100', 'FE0_C0_D100': 'FE0_C0_D100', 'FE0_C0_D010': 'FE0_C0_D010', 'FE0_C0_D001': 'FE0_C0_D001', 'FE1': 'FE1', 'FE0_C2_D100': 'FE0_C2_D100', 'FE0_C2': 'FE0_C2', 'FE0_C1': 'FE0_C1', 'FE0_C0': 'FE0_C0'}
  
  QG-utils, psi_tables, unique_tables:
  {'FE0_C2_D001': array([[ 0.,  0.,  0.,  0.,  0.,  0.,  0.,  0., -1.,  0.,  0.,  1.],
         [ 0.,  0.,  0.,  0.,  0.,  0.,  0.,  0., -1.,  0.,  0.,  1.],
         [ 0.,  0.,  0.,  0.,  0.,  0.,  0.,  0., -1.,  0.,  0.,  1.],
         [ 0.,  0.,  0.,  0.,  0.,  0.,  0.,  0., -1.,  0.,  0.,  1.]]), 'FE0_C1_D001': array([[ 0.,  0.,  0.,  0., -1.,  0.,  0.,  1.,  0.,  0.,  0.,  0.],
         [ 0.,  0.,  0.,  0., -1.,  0.,  0.,  1.,  0.,  0.,  0.,  0.],
         [ 0.,  0.,  0.,  0., -1.,  0.,  0.,  1.,  0.,  0.,  0.,  0.],
         [ 0.,  0.,  0.,  0., -1.,  0.,  0.,  1.,  0.,  0.,  0.,  0.]]), 'FE0_C1_D010': array([[ 0.,  0.,  0.,  0., -1.,  0.,  1.,  0.,  0.,  0.,  0.,  0.],
         [ 0.,  0.,  0.,  0., -1.,  0.,  1.,  0.,  0.,  0.,  0.,  0.],
         [ 0.,  0.,  0.,  0., -1.,  0.,  1.,  0.,  0.,  0.,  0.,  0.],
         [ 0.,  0.,  0.,  0., -1.,  0.,  1.,  0.,  0.,  0.,  0.,  0.]]), 'FE0_C2_D010': array([[ 0.,  0.,  0.,  0.,  0.,  0.,  0.,  0., -1.,  0.,  1.,  0.],
         [ 0.,  0.,  0.,  0.,  0.,  0.,  0.,  0., -1.,  0.,  1.,  0.],
         [ 0.,  0.,  0.,  0.,  0.,  0.,  0.,  0., -1.,  0.,  1.,  0.],
         [ 0.,  0.,  0.,  0.,  0.,  0.,  0.,  0., -1.,  0.,  1.,  0.]]), 'FE0_C1_D100': array([[ 0.,  0.,  0.,  0., -1.,  1.,  0.,  0.,  0.,  0.,  0.,  0.],
         [ 0.,  0.,  0.,  0., -1.,  1.,  0.,  0.,  0.,  0.,  0.,  0.],
         [ 0.,  0.,  0.,  0., -1.,  1.,  0.,  0.,  0.,  0.,  0.,  0.],
         [ 0.,  0.,  0.,  0., -1.,  1.,  0.,  0.,  0.,  0.,  0.,  0.]]), 'FE0_C0_D100': array([[-1.,  1.,  0.,  0.,  0.,  0.,  0.,  0.,  0.,  0.,  0.,  0.],
         [-1.,  1.,  0.,  0.,  0.,  0.,  0.,  0.,  0.,  0.,  0.,  0.],
         [-1.,  1.,  0.,  0.,  0.,  0.,  0.,  0.,  0.,  0.,  0.,  0.],
         [-1.,  1.,  0.,  0.,  0.,  0.,  0.,  0.,  0.,  0.,  0.,  0.]]), 'FE0_C0_D010': array([[-1.,  0.,  1.,  0.,  0.,  0.,  0.,  0.,  0.,  0.,  0.,  0.],
         [-1.,  0.,  1.,  0.,  0.,  0.,  0.,  0.,  0.,  0.,  0.,  0.],
         [-1.,  0.,  1.,  0.,  0.,  0.,  0.,  0.,  0.,  0.,  0.,  0.],
         [-1.,  0.,  1.,  0.,  0.,  0.,  0.,  0.,  0.,  0.,  0.,  0.]]), 'FE0_C0_D001': array([[-1.,  0.,  0.,  1.,  0.,  0.,  0.,  0.,  0.,  0.,  0.,  0.],
         [-1.,  0.,  0.,  1.,  0.,  0.,  0.,  0.,  0.,  0.,  0.,  0.],
         [-1.,  0.,  0.,  1.,  0.,  0.,  0.,  0.,  0.,  0.,  0.,  0.],
         [-1.,  0.,  0.,  1.,  0.,  0.,  0.,  0.,  0.,  0.,  0.,  0.]]), 'FE1': array([[ 1.],
         [ 1.],
         [ 1.],
         [ 1.]]), 'FE0_C2_D100': array([[ 0.,  0.,  0.,  0.,  0.,  0.,  0.,  0., -1.,  1.,  0.,  0.],
         [ 0.,  0.,  0.,  0.,  0.,  0.,  0.,  0., -1.,  1.,  0.,  0.],
         [ 0.,  0.,  0.,  0.,  0.,  0.,  0.,  0., -1.,  1.,  0.,  0.],
         [ 0.,  0.,  0.,  0.,  0.,  0.,  0.,  0., -1.,  1.,  0.,  0.]]), 'FE0_C2': array([[ 0.       ,  0.       ,  0.       ,  0.       ,  0.       ,
           0.       ,  0.       ,  0.       ,  0.1381966,  0.5854102,
           0.1381966,  0.1381966],
         [ 0.       ,  0.       ,  0.       ,  0.       ,  0.       ,
           0.       ,  0.       ,  0.       ,  0.1381966,  0.1381966,
           0.5854102,  0.1381966],
         [ 0.       ,  0.       ,  0.       ,  0.       ,  0.       ,
           0.       ,  0.       ,  0.       ,  0.1381966,  0.1381966,
           0.1381966,  0.5854102],
         [ 0.       ,  0.       ,  0.       ,  0.       ,  0.       ,
           0.       ,  0.       ,  0.       ,  0.5854102,  0.1381966,
           0.1381966,  0.1381966]]), 'FE0_C1': array([[ 0.       ,  0.       ,  0.       ,  0.       ,  0.1381966,
           0.5854102,  0.1381966,  0.1381966,  0.       ,  0.       ,
           0.       ,  0.       ],
         [ 0.       ,  0.       ,  0.       ,  0.       ,  0.1381966,
           0.1381966,  0.5854102,  0.1381966,  0.       ,  0.       ,
           0.       ,  0.       ],
         [ 0.       ,  0.       ,  0.       ,  0.       ,  0.1381966,
           0.1381966,  0.1381966,  0.5854102,  0.       ,  0.       ,
           0.       ,  0.       ],
         [ 0.       ,  0.       ,  0.       ,  0.       ,  0.5854102,
           0.1381966,  0.1381966,  0.1381966,  0.       ,  0.       ,
           0.       ,  0.       ]]), 'FE0_C0': array([[ 0.1381966,  0.5854102,  0.1381966,  0.1381966,  0.       ,
           0.       ,  0.       ,  0.       ,  0.       ,  0.       ,
           0.       ,  0.       ],
         [ 0.1381966,  0.1381966,  0.5854102,  0.1381966,  0.       ,
           0.       ,  0.       ,  0.       ,  0.       ,  0.       ,
           0.       ,  0.       ],
         [ 0.1381966,  0.1381966,  0.1381966,  0.5854102,  0.       ,
           0.       ,  0.       ,  0.       ,  0.       ,  0.       ,
           0.       ,  0.       ],
         [ 0.5854102,  0.1381966,  0.1381966,  0.1381966,  0.       ,
           0.       ,  0.       ,  0.       ,  0.       ,  0.       ,
           0.       ,  0.       ]])}
  
  QG-utils, psi_tables, name_map:
  {'FE0_C2_D001': ('FE0_C2_D001', (), False, False), 'FE0_C1_D001': ('FE0_C1_D001', (), False, False), 'FE0_C1_D010': ('FE0_C1_D010', (), False, False), 'FE0_C2_D010': ('FE0_C2_D010', (), False, False), 'FE0_C1_D100': ('FE0_C1_D100', (), False, False), 'FE0_C0_D100': ('FE0_C0_D100', (), False, False), 'FE0_C0_D010': ('FE0_C0_D010', (), False, False), 'FE0_C0_D001': ('FE0_C0_D001', (), False, False), 'FE1': ('FE1', (), False, True), 'FE0_C2_D100': ('FE0_C2_D100', (), False, False), 'FE0_C2': ('FE0_C2', (), False, False), 'FE0_C1': ('FE0_C1', (), False, False), 'FE0_C0': ('FE0_C0', (), False, False)}
  Transforming cell integral
  Reusing element from cache
  Reusing element from cache
  Reusing element from cache
  Reusing element from cache
  Reusing element from cache
  Reusing element from cache
  Reusing element from cache
  Reusing element from cache
  Reusing element from cache
  Reusing element from cache
  Reusing element from cache
  Reusing element from cache
  Reusing element from cache
  Reusing element from cache
  Reusing element from cache
  Reusing element from cache
  Reusing element from cache
  Reusing element from cache
  Reusing element from cache
  Reusing element from cache
  Reusing element from cache
  Reusing element from cache
  Reusing element from cache
  Reusing element from cache
  Reusing element from cache
  Reusing element from cache
  Reusing element from cache
  Reusing element from cache
  Reusing element from cache
  Reusing element from cache
  Reusing element from cache
  Reusing element from cache
  Reusing element from cache
  Reusing element from cache
  Reusing element from cache
  Reusing element from cache
  Reusing element from cache
  Reusing element from cache
  Reusing element from cache
  Reusing element from cache
  Reusing element from cache
  Reusing element from cache
  Reusing element from cache
  Reusing element from cache
  Reusing element from cache
  Reusing element from cache
  Reusing element from cache
  Reusing element from cache
  Reusing element from cache
  Reusing element from cache
  Computing tensor representation
  Extracting monomial form representation from UFL form
  Transforming monomial form to reference element
  Reusing element from cache
  Reusing element from cache
  Reusing element from cache
  Reusing element from cache
  Reusing element from cache
  Reusing element from cache
  Reusing element from cache
  Reusing element from cache
  Precomputing integrals on reference element
  Reusing element from cache
  144 entries computed in 0.00199 seconds
  Shape of reference tensor: (12, 12)
  Primary multi index:   rank = 1 dims = [12] indices = [[0], [1], [2], [3], [4], [5], [6], [7], [8], [9], [10], [11]]
  Secondary multi index: rank = 1 dims = [12] indices = [[0], [1], [2], [3], [4], [5], [6], [7], [8], [9], [10], [11]]
  Internal multi index:  rank = 1 dims = [3] indices = [[0], [1], [2]]
  Secondary multi index: rank = 1 dims = [12] indices = [[0], [1], [2], [3], [4], [5], [6], [7], [8], [9], [10], [11]]
  External multi index:  rank = 0 dims = [] indices = [[]]
  Precomputing integrals on reference element
  Reusing element from cache
  144 entries computed in 0.00245 seconds
  Shape of reference tensor: (12, 12)
  Primary multi index:   rank = 1 dims = [12] indices = [[0], [1], [2], [3], [4], [5], [6], [7], [8], [9], [10], [11]]
  Secondary multi index: rank = 1 dims = [12] indices = [[0], [1], [2], [3], [4], [5], [6], [7], [8], [9], [10], [11]]
  Internal multi index:  rank = 1 dims = [3] indices = [[0], [1], [2]]
  Secondary multi index: rank = 1 dims = [12] indices = [[0], [1], [2], [3], [4], [5], [6], [7], [8], [9], [10], [11]]
  External multi index:  rank = 0 dims = [] indices = [[]]
  Precomputing integrals on reference element
  Reusing element from cache
  144 entries computed in 0.00235 seconds
  Shape of reference tensor: (12, 12)
  Primary multi index:   rank = 1 dims = [12] indices = [[0], [1], [2], [3], [4], [5], [6], [7], [8], [9], [10], [11]]
  Secondary multi index: rank = 1 dims = [12] indices = [[0], [1], [2], [3], [4], [5], [6], [7], [8], [9], [10], [11]]
  Internal multi index:  rank = 1 dims = [3] indices = [[0], [1], [2]]
  Secondary multi index: rank = 1 dims = [12] indices = [[0], [1], [2], [3], [4], [5], [6], [7], [8], [9], [10], [11]]
  External multi index:  rank = 0 dims = [] indices = [[]]
  Precomputing integrals on reference element
  Reusing element from cache
  144 entries computed in 0.00186 seconds
  Shape of reference tensor: (12, 12)
  Primary multi index:   rank = 1 dims = [12] indices = [[0], [1], [2], [3], [4], [5], [6], [7], [8], [9], [10], [11]]
  Secondary multi index: rank = 1 dims = [12] indices = [[0], [1], [2], [3], [4], [5], [6], [7], [8], [9], [10], [11]]
  Internal multi index:  rank = 1 dims = [3] indices = [[0], [1], [2]]
  Secondary multi index: rank = 1 dims = [12] indices = [[0], [1], [2], [3], [4], [5], [6], [7], [8], [9], [10], [11]]
  External multi index:  rank = 0 dims = [] indices = [[]]
  Reusing element from cache
  Reusing element from cache
  Computing quadrature representation
  Reusing element from cache
  Reusing element from cache
  Reusing element from cache
  Reusing element from cache
  Reusing element from cache
  Reusing element from cache
  
  QG-utils, psi_tables:
  {1: {FiniteElement('Real', Domain(Cell('tetrahedron', 3), label=None, data=None), 0, quad_scheme=None): {None: {None: {(0, 0, 0): array([[ 1.]])}}}, VectorElement('Lagrange', Domain(Cell('tetrahedron', 3), label=None, data=None), 1, dim=3, quad_scheme=None): {None: {None: {(1, 0, 0): array([[[-1.],
          [ 0.],
          [ 0.]],
  
         [[ 1.],
          [ 0.],
          [ 0.]],
  
         [[ 0.],
          [ 0.],
          [ 0.]],
  
         [[ 0.],
          [ 0.],
          [ 0.]],
  
         [[ 0.],
          [-1.],
          [ 0.]],
  
         [[ 0.],
          [ 1.],
          [ 0.]],
  
         [[ 0.],
          [ 0.],
          [ 0.]],
  
         [[ 0.],
          [ 0.],
          [ 0.]],
  
         [[ 0.],
          [ 0.],
          [-1.]],
  
         [[ 0.],
          [ 0.],
          [ 1.]],
  
         [[ 0.],
          [ 0.],
          [ 0.]],
  
         [[ 0.],
          [ 0.],
          [ 0.]]]), (0, 1, 0): array([[[-1.],
          [ 0.],
          [ 0.]],
  
         [[ 0.],
          [ 0.],
          [ 0.]],
  
         [[ 1.],
          [ 0.],
          [ 0.]],
  
         [[ 0.],
          [ 0.],
          [ 0.]],
  
         [[ 0.],
          [-1.],
          [ 0.]],
  
         [[ 0.],
          [ 0.],
          [ 0.]],
  
         [[ 0.],
          [ 1.],
          [ 0.]],
  
         [[ 0.],
          [ 0.],
          [ 0.]],
  
         [[ 0.],
          [ 0.],
          [-1.]],
  
         [[ 0.],
          [ 0.],
          [ 0.]],
  
         [[ 0.],
          [ 0.],
          [ 1.]],
  
         [[ 0.],
          [ 0.],
          [ 0.]]]), (0, 0, 0): array([[[ 0.25],
          [ 0.  ],
          [ 0.  ]],
  
         [[ 0.25],
          [ 0.  ],
          [ 0.  ]],
  
         [[ 0.25],
          [ 0.  ],
          [ 0.  ]],
  
         [[ 0.25],
          [ 0.  ],
          [ 0.  ]],
  
         [[ 0.  ],
          [ 0.25],
          [ 0.  ]],
  
         [[ 0.  ],
          [ 0.25],
          [ 0.  ]],
  
         [[ 0.  ],
          [ 0.25],
          [ 0.  ]],
  
         [[ 0.  ],
          [ 0.25],
          [ 0.  ]],
  
         [[ 0.  ],
          [ 0.  ],
          [ 0.25]],
  
         [[ 0.  ],
          [ 0.  ],
          [ 0.25]],
  
         [[ 0.  ],
          [ 0.  ],
          [ 0.25]],
  
         [[ 0.  ],
          [ 0.  ],
          [ 0.25]]]), (0, 0, 1): array([[[ -1.00000000e+00],
          [  0.00000000e+00],
          [  0.00000000e+00]],
  
         [[  1.11022302e-16],
          [  0.00000000e+00],
          [  0.00000000e+00]],
  
         [[  0.00000000e+00],
          [  0.00000000e+00],
          [  0.00000000e+00]],
  
         [[  1.00000000e+00],
          [  0.00000000e+00],
          [  0.00000000e+00]],
  
         [[  0.00000000e+00],
          [ -1.00000000e+00],
          [  0.00000000e+00]],
  
         [[  0.00000000e+00],
          [  1.11022302e-16],
          [  0.00000000e+00]],
  
         [[  0.00000000e+00],
          [  0.00000000e+00],
          [  0.00000000e+00]],
  
         [[  0.00000000e+00],
          [  1.00000000e+00],
          [  0.00000000e+00]],
  
         [[  0.00000000e+00],
          [  0.00000000e+00],
          [ -1.00000000e+00]],
  
         [[  0.00000000e+00],
          [  0.00000000e+00],
          [  1.11022302e-16]],
  
         [[  0.00000000e+00],
          [  0.00000000e+00],
          [  0.00000000e+00]],
  
         [[  0.00000000e+00],
          [  0.00000000e+00],
          [  1.00000000e+00]]])}}}}}
  
  QG-utils, psi_tables, flat_tables:
  {'FE0_C2_D001': array([[  0.00000000e+00,   0.00000000e+00,   0.00000000e+00,
            0.00000000e+00,   0.00000000e+00,   0.00000000e+00,
            0.00000000e+00,   0.00000000e+00,  -1.00000000e+00,
            1.11022302e-16,   0.00000000e+00,   1.00000000e+00]]), 'FE0_C1_D001': array([[  0.00000000e+00,   0.00000000e+00,   0.00000000e+00,
            0.00000000e+00,  -1.00000000e+00,   1.11022302e-16,
            0.00000000e+00,   1.00000000e+00,   0.00000000e+00,
            0.00000000e+00,   0.00000000e+00,   0.00000000e+00]]), 'FE0_C1_D010': array([[ 0.,  0.,  0.,  0., -1.,  0.,  1.,  0.,  0.,  0.,  0.,  0.]]), 'FE0_C2_D010': array([[ 0.,  0.,  0.,  0.,  0.,  0.,  0.,  0., -1.,  0.,  1.,  0.]]), 'FE0_C1_D100': array([[ 0.,  0.,  0.,  0., -1.,  1.,  0.,  0.,  0.,  0.,  0.,  0.]]), 'FE0_C0_D100': array([[-1.,  1.,  0.,  0.,  0.,  0.,  0.,  0.,  0.,  0.,  0.,  0.]]), 'FE0_C0_D010': array([[-1.,  0.,  1.,  0.,  0.,  0.,  0.,  0.,  0.,  0.,  0.,  0.]]), 'FE0_C0_D001': array([[ -1.00000000e+00,   1.11022302e-16,   0.00000000e+00,
            1.00000000e+00,   0.00000000e+00,   0.00000000e+00,
            0.00000000e+00,   0.00000000e+00,   0.00000000e+00,
            0.00000000e+00,   0.00000000e+00,   0.00000000e+00]]), 'FE1': array([[ 1.]]), 'FE0_C2_D100': array([[ 0.,  0.,  0.,  0.,  0.,  0.,  0.,  0., -1.,  1.,  0.,  0.]]), 'FE0_C2': array([[ 0.  ,  0.  ,  0.  ,  0.  ,  0.  ,  0.  ,  0.  ,  0.  ,  0.25,
           0.25,  0.25,  0.25]]), 'FE0_C1': array([[ 0.  ,  0.  ,  0.  ,  0.  ,  0.25,  0.25,  0.25,  0.25,  0.  ,
           0.  ,  0.  ,  0.  ]]), 'FE0_C0': array([[ 0.25,  0.25,  0.25,  0.25,  0.  ,  0.  ,  0.  ,  0.  ,  0.  ,
           0.  ,  0.  ,  0.  ]])}
  
  tables: {'FE0_C2_D001': array([[  0.00000000e+00,   0.00000000e+00,   0.00000000e+00,
            0.00000000e+00,   0.00000000e+00,   0.00000000e+00,
            0.00000000e+00,   0.00000000e+00,  -1.00000000e+00,
            1.11022302e-16,   0.00000000e+00,   1.00000000e+00]]), 'FE0_C1_D001': array([[  0.00000000e+00,   0.00000000e+00,   0.00000000e+00,
            0.00000000e+00,  -1.00000000e+00,   1.11022302e-16,
            0.00000000e+00,   1.00000000e+00,   0.00000000e+00,
            0.00000000e+00,   0.00000000e+00,   0.00000000e+00]]), 'FE0_C1_D010': array([[ 0.,  0.,  0.,  0., -1.,  0.,  1.,  0.,  0.,  0.,  0.,  0.]]), 'FE0_C2_D010': array([[ 0.,  0.,  0.,  0.,  0.,  0.,  0.,  0., -1.,  0.,  1.,  0.]]), 'FE0_C1_D100': array([[ 0.,  0.,  0.,  0., -1.,  1.,  0.,  0.,  0.,  0.,  0.,  0.]]), 'FE0_C0_D100': array([[-1.,  1.,  0.,  0.,  0.,  0.,  0.,  0.,  0.,  0.,  0.,  0.]]), 'FE0_C0_D010': array([[-1.,  0.,  1.,  0.,  0.,  0.,  0.,  0.,  0.,  0.,  0.,  0.]]), 'FE0_C0_D001': array([[ -1.00000000e+00,   1.11022302e-16,   0.00000000e+00,
            1.00000000e+00,   0.00000000e+00,   0.00000000e+00,
            0.00000000e+00,   0.00000000e+00,   0.00000000e+00,
            0.00000000e+00,   0.00000000e+00,   0.00000000e+00]]), 'FE1': array([[ 1.]]), 'FE0_C2_D100': array([[ 0.,  0.,  0.,  0.,  0.,  0.,  0.,  0., -1.,  1.,  0.,  0.]]), 'FE0_C2': array([[ 0.  ,  0.  ,  0.  ,  0.  ,  0.  ,  0.  ,  0.  ,  0.  ,  0.25,
           0.25,  0.25,  0.25]]), 'FE0_C1': array([[ 0.  ,  0.  ,  0.  ,  0.  ,  0.25,  0.25,  0.25,  0.25,  0.  ,
           0.  ,  0.  ,  0.  ]]), 'FE0_C0': array([[ 0.25,  0.25,  0.25,  0.25,  0.  ,  0.  ,  0.  ,  0.  ,  0.  ,
           0.  ,  0.  ,  0.  ]])}
  
  name_map: {}
  
  inv_name_map: {'FE0_C2_D001': 'FE0_C2_D001', 'FE0_C1_D001': 'FE0_C1_D001', 'FE0_C1_D010': 'FE0_C1_D010', 'FE0_C2_D010': 'FE0_C2_D010', 'FE0_C1_D100': 'FE0_C1_D100', 'FE0_C0_D100': 'FE0_C0_D100', 'FE0_C0_D010': 'FE0_C0_D010', 'FE0_C0_D001': 'FE0_C0_D001', 'FE1': 'FE1', 'FE0_C2_D100': 'FE0_C2_D100', 'FE0_C2': 'FE0_C2', 'FE0_C1': 'FE0_C1', 'FE0_C0': 'FE0_C0'}
  
  QG-utils, psi_tables, unique_tables:
  {'FE0_C2_D001': array([[ 0.,  0.,  0.,  0.,  0.,  0.,  0.,  0., -1.,  0.,  0.,  1.]]), 'FE0_C1_D001': array([[ 0.,  0.,  0.,  0., -1.,  0.,  0.,  1.,  0.,  0.,  0.,  0.]]), 'FE0_C1_D010': array([[ 0.,  0.,  0.,  0., -1.,  0.,  1.,  0.,  0.,  0.,  0.,  0.]]), 'FE0_C2_D010': array([[ 0.,  0.,  0.,  0.,  0.,  0.,  0.,  0., -1.,  0.,  1.,  0.]]), 'FE0_C1_D100': array([[ 0.,  0.,  0.,  0., -1.,  1.,  0.,  0.,  0.,  0.,  0.,  0.]]), 'FE0_C0_D100': array([[-1.,  1.,  0.,  0.,  0.,  0.,  0.,  0.,  0.,  0.,  0.,  0.]]), 'FE0_C0_D010': array([[-1.,  0.,  1.,  0.,  0.,  0.,  0.,  0.,  0.,  0.,  0.,  0.]]), 'FE0_C0_D001': array([[-1.,  0.,  0.,  1.,  0.,  0.,  0.,  0.,  0.,  0.,  0.,  0.]]), 'FE1': array([[ 1.]]), 'FE0_C2_D100': array([[ 0.,  0.,  0.,  0.,  0.,  0.,  0.,  0., -1.,  1.,  0.,  0.]]), 'FE0_C2': array([[ 0.  ,  0.  ,  0.  ,  0.  ,  0.  ,  0.  ,  0.  ,  0.  ,  0.25,
           0.25,  0.25,  0.25]]), 'FE0_C1': array([[ 0.  ,  0.  ,  0.  ,  0.  ,  0.25,  0.25,  0.25,  0.25,  0.  ,
           0.  ,  0.  ,  0.  ]]), 'FE0_C0': array([[ 0.25,  0.25,  0.25,  0.25,  0.  ,  0.  ,  0.  ,  0.  ,  0.  ,
           0.  ,  0.  ,  0.  ]])}
  
  QG-utils, psi_tables, name_map:
  {'FE0_C2_D001': ('FE0_C2_D001', (), False, False), 'FE0_C1_D001': ('FE0_C1_D001', (), False, False), 'FE0_C1_D010': ('FE0_C1_D010', (), False, False), 'FE0_C2_D010': ('FE0_C2_D010', (), False, False), 'FE0_C1_D100': ('FE0_C1_D100', (), False, False), 'FE0_C0_D100': ('FE0_C0_D100', (), False, False), 'FE0_C0_D010': ('FE0_C0_D010', (), False, False), 'FE0_C0_D001': ('FE0_C0_D001', (), False, False), 'FE1': ('FE1', (), False, True), 'FE0_C2_D100': ('FE0_C2_D100', (), False, False), 'FE0_C2': ('FE0_C2', (), False, False), 'FE0_C1': ('FE0_C1', (), False, False), 'FE0_C0': ('FE0_C0', (), False, False)}
  Transforming cell integral
  Reusing element from cache
  Reusing element from cache
  Reusing element from cache
  Reusing element from cache
  Reusing element from cache
  Reusing element from cache
  Reusing element from cache
  Reusing element from cache
  Reusing element from cache
  Reusing element from cache
  Reusing element from cache
  Reusing element from cache
  Reusing element from cache
  Reusing element from cache
  Reusing element from cache
  Reusing element from cache
  Reusing element from cache
  Reusing element from cache
  Reusing element from cache
  Reusing element from cache
  Reusing element from cache
  Reusing element from cache
  Reusing element from cache
  Reusing element from cache
  Reusing element from cache
  Reusing element from cache
  Reusing element from cache
  Reusing element from cache
  Reusing element from cache
  Reusing element from cache
  Reusing element from cache
  Reusing element from cache
  Reusing element from cache
  Reusing element from cache
  Reusing element from cache
  Reusing element from cache
  Reusing element from cache
  Reusing element from cache
  Reusing element from cache
  Reusing element from cache
  Reusing element from cache
  Reusing element from cache
  Reusing element from cache
  Reusing element from cache
  Reusing element from cache
  Reusing element from cache
  Reusing element from cache
  Reusing element from cache
  Reusing element from cache
  Reusing element from cache
  Reusing element from cache
  Reusing element from cache
  Reusing element from cache
  Reusing element from cache
  Reusing element from cache
  Reusing element from cache
  Computing representation of forms
  
Compiler stage 2 finished in 0.562147 seconds.

Compiler stage 3: Optimizing intermediate representation
--------------------------------------------------------
  Skipping optimizations, add -O to optimize
  
Compiler stage 3 finished in 0.000302076 seconds.

Compiler stage 4: Generating code
---------------------------------
  Generating code for 3 element(s)
  Removing unused variable: tmp4
  Removing unused variable: tmp3
  Removing unused variable: tmp2
  Removing unused variable: tmp1
  Removing unused variable: tmp0
  Removing unused variable: tmp7
  Removing unused variable: tmp6
  Removing unused variable: tmp5
  Removing unused variable: tt
  Removing unused variable: ss
  Removing unused variable: rr
  Removing unused variable: Z
  Removing unused variable: Y
  Removing unused variable: X
  Removing unused variable: d_22
  Removing unused variable: d_21
  Removing unused variable: d_20
  Removing unused variable: d_12
  Removing unused variable: d_11
  Removing unused variable: d_10
  Removing unused variable: d_02
  Removing unused variable: d_01
  Removing unused variable: d_00
  Removing unused variable: C2
  Removing unused variable: C1
  Removing unused variable: C0
  Removing unused variable: tmp4
  Removing unused variable: tmp3
  Removing unused variable: tmp2
  Removing unused variable: tmp1
  Removing unused variable: tmp7
  Removing unused variable: tmp6
  Removing unused variable: tmp5
  Removing unused variable: tt
  Removing unused variable: ss
  Removing unused variable: rr
  Removing unused variable: tmp4
  Removing unused variable: tmp3
  Removing unused variable: tmp2
  Removing unused variable: tmp1
  Removing unused variable: tmp7
  Removing unused variable: tmp6
  Removing unused variable: tmp5
  Removing unused variable: tt
  Removing unused variable: ss
  Removing unused variable: rr
  Removing unused variable: tmp4
  Removing unused variable: tmp3
  Removing unused variable: tmp2
  Removing unused variable: tmp1
  Removing unused variable: tmp7
  Removing unused variable: tmp6
  Removing unused variable: tmp5
  Removing unused variable: tt
  Removing unused variable: ss
  Removing unused variable: rr
  Removing unused variable: tmp4
  Removing unused variable: tmp3
  Removing unused variable: tmp2
  Removing unused variable: tmp1
  Removing unused variable: tmp7
  Removing unused variable: tmp6
  Removing unused variable: tmp5
  Removing unused variable: tt
  Removing unused variable: ss
  Removing unused variable: rr
  Removing unused variable: tmp4
  Removing unused variable: tmp3
  Removing unused variable: tmp2
  Removing unused variable: tmp1
  Removing unused variable: tmp7
  Removing unused variable: tmp6
  Removing unused variable: tmp5
  Removing unused variable: tt
  Removing unused variable: ss
  Removing unused variable: rr
  Removing unused variable: tmp4
  Removing unused variable: tmp3
  Removing unused variable: tmp2
  Removing unused variable: tmp1
  Removing unused variable: tmp7
  Removing unused variable: tmp6
  Removing unused variable: tmp5
  Removing unused variable: tt
  Removing unused variable: ss
  Removing unused variable: rr
  Removing unused variable: tmp4
  Removing unused variable: tmp3
  Removing unused variable: tmp2
  Removing unused variable: tmp1
  Removing unused variable: tmp7
  Removing unused variable: tmp6
  Removing unused variable: tmp5
  Removing unused variable: tt
  Removing unused variable: ss
  Removing unused variable: rr
  Removing unused variable: tmp4
  Removing unused variable: tmp3
  Removing unused variable: tmp2
  Removing unused variable: tmp1
  Removing unused variable: tmp7
  Removing unused variable: tmp6
  Removing unused variable: tmp5
  Removing unused variable: tt
  Removing unused variable: ss
  Removing unused variable: rr
  Removing unused variable: tmp4
  Removing unused variable: tmp3
  Removing unused variable: tmp2
  Removing unused variable: tmp1
  Removing unused variable: tmp7
  Removing unused variable: tmp6
  Removing unused variable: tmp5
  Removing unused variable: tt
  Removing unused variable: ss
  Removing unused variable: rr
  Removing unused variable: tmp4
  Removing unused variable: tmp3
  Removing unused variable: tmp2
  Removing unused variable: tmp1
  Removing unused variable: tmp7
  Removing unused variable: tmp6
  Removing unused variable: tmp5
  Removing unused variable: tt
  Removing unused variable: ss
  Removing unused variable: rr
  Removing unused variable: tmp4
  Removing unused variable: tmp3
  Removing unused variable: tmp2
  Removing unused variable: tmp1
  Removing unused variable: tmp7
  Removing unused variable: tmp6
  Removing unused variable: tmp5
  Removing unused variable: tt
  Removing unused variable: ss
  Removing unused variable: rr
  Removing unused variable: tmp4
  Removing unused variable: tmp3
  Removing unused variable: tmp2
  Removing unused variable: tmp1
  Removing unused variable: tmp7
  Removing unused variable: tmp6
  Removing unused variable: tmp5
  Removing unused variable: tt
  Removing unused variable: ss
  Removing unused variable: rr
  Removing unused variable: tmp4
  Removing unused variable: tmp3
  Removing unused variable: tmp2
  Removing unused variable: tmp1
  Removing unused variable: tmp7
  Removing unused variable: tmp6
  Removing unused variable: tmp5
  Removing unused variable: tt
  Removing unused variable: ss
  Removing unused variable: rr
  Removing unused variable: tmp4
  Removing unused variable: tmp3
  Removing unused variable: tmp2
  Removing unused variable: tmp1
  Removing unused variable: tmp7
  Removing unused variable: tmp6
  Removing unused variable: tmp5
  Removing unused variable: tt
  Removing unused variable: ss
  Removing unused variable: rr
  Removing unused variable: tmp4
  Removing unused variable: tmp3
  Removing unused variable: tmp2
  Removing unused variable: tmp1
  Removing unused variable: tmp7
  Removing unused variable: tmp6
  Removing unused variable: tmp5
  Removing unused variable: tt
  Removing unused variable: ss
  Removing unused variable: rr
  Removing unused variable: tmp4
  Removing unused variable: tmp3
  Removing unused variable: tmp2
  Removing unused variable: tmp1
  Removing unused variable: tmp7
  Removing unused variable: tmp6
  Removing unused variable: tmp5
  Removing unused variable: tt
  Removing unused variable: ss
  Removing unused variable: rr
  Removing unused variable: tmp4
  Removing unused variable: tmp3
  Removing unused variable: tmp2
  Removing unused variable: tmp1
  Removing unused variable: tmp7
  Removing unused variable: tmp6
  Removing unused variable: tmp5
  Removing unused variable: tt
  Removing unused variable: ss
  Removing unused variable: rr
  Removing unused variable: tmp4
  Removing unused variable: tmp3
  Removing unused variable: tmp2
  Removing unused variable: tmp1
  Removing unused variable: tmp7
  Removing unused variable: tmp6
  Removing unused variable: tmp5
  Removing unused variable: tt
  Removing unused variable: ss
  Removing unused variable: rr
  Removing unused variable: tmp4
  Removing unused variable: tmp3
  Removing unused variable: tmp2
  Removing unused variable: tmp1
  Removing unused variable: tmp7
  Removing unused variable: tmp6
  Removing unused variable: tmp5
  Removing unused variable: tt
  Removing unused variable: ss
  Removing unused variable: rr
  Removing unused variable: tmp4
  Removing unused variable: tmp3
  Removing unused variable: tmp2
  Removing unused variable: tmp1
  Removing unused variable: tmp7
  Removing unused variable: tmp6
  Removing unused variable: tmp5
  Removing unused variable: tt
  Removing unused variable: ss
  Removing unused variable: rr
  Removing unused variable: tmp4
  Removing unused variable: tmp3
  Removing unused variable: tmp2
  Removing unused variable: tmp1
  Removing unused variable: tmp7
  Removing unused variable: tmp6
  Removing unused variable: tmp5
  Removing unused variable: tt
  Removing unused variable: ss
  Removing unused variable: rr
  Removing unused variable: tmp4
  Removing unused variable: tmp3
  Removing unused variable: tmp2
  Removing unused variable: tmp1
  Removing unused variable: tmp7
  Removing unused variable: tmp6
  Removing unused variable: tmp5
  Removing unused variable: tt
  Removing unused variable: ss
  Removing unused variable: rr
  Removing unused variable: tmp4
  Removing unused variable: tmp3
  Removing unused variable: tmp2
  Removing unused variable: tmp1
  Removing unused variable: tmp7
  Removing unused variable: tmp6
  Removing unused variable: tmp5
  Removing unused variable: tt
  Removing unused variable: ss
  Removing unused variable: rr
  Removing unused variable: tmp4
  Removing unused variable: tmp3
  Removing unused variable: tmp2
  Removing unused variable: tmp1
  Removing unused variable: tmp7
  Removing unused variable: tmp6
  Removing unused variable: tmp5
  Removing unused variable: tt
  Removing unused variable: ss
  Removing unused variable: rr
  Removing unused variable: tmp4
  Removing unused variable: tmp3
  Removing unused variable: tmp2
  Removing unused variable: tmp1
  Removing unused variable: tmp7
  Removing unused variable: tmp6
  Removing unused variable: tmp5
  Removing unused variable: tt
  Removing unused variable: ss
  Removing unused variable: rr
  Removing unused variable: tmp4
  Removing unused variable: tmp3
  Removing unused variable: tmp2
  Removing unused variable: tmp1
  Removing unused variable: tmp7
  Removing unused variable: tmp6
  Removing unused variable: tmp5
  Removing unused variable: tt
  Removing unused variable: ss
  Removing unused variable: rr
  Removing unused variable: tmp4
  Removing unused variable: tmp3
  Removing unused variable: tmp2
  Removing unused variable: tmp1
  Removing unused variable: tmp7
  Removing unused variable: tmp6
  Removing unused variable: tmp5
  Removing unused variable: tt
  Removing unused variable: ss
  Removing unused variable: rr
  Removing unused variable: tmp4
  Removing unused variable: tmp3
  Removing unused variable: tmp2
  Removing unused variable: tmp1
  Removing unused variable: tmp7
  Removing unused variable: tmp6
  Removing unused variable: tmp5
  Removing unused variable: tt
  Removing unused variable: ss
  Removing unused variable: rr
  Removing unused variable: tmp4
  Removing unused variable: tmp3
  Removing unused variable: tmp2
  Removing unused variable: tmp1
  Removing unused variable: tmp7
  Removing unused variable: tmp6
  Removing unused variable: tmp5
  Removing unused variable: tt
  Removing unused variable: ss
  Removing unused variable: rr
  Removing unused variable: tmp4
  Removing unused variable: tmp3
  Removing unused variable: tmp2
  Removing unused variable: tmp1
  Removing unused variable: tmp7
  Removing unused variable: tmp6
  Removing unused variable: tmp5
  Removing unused variable: tt
  Removing unused variable: ss
  Removing unused variable: rr
  Removing unused variable: tmp4
  Removing unused variable: tmp3
  Removing unused variable: tmp2
  Removing unused variable: tmp1
  Removing unused variable: tmp7
  Removing unused variable: tmp6
  Removing unused variable: tmp5
  Removing unused variable: tt
  Removing unused variable: ss
  Removing unused variable: rr
  Removing unused variable: tmp4
  Removing unused variable: tmp3
  Removing unused variable: tmp2
  Removing unused variable: tmp1
  Removing unused variable: tmp7
  Removing unused variable: tmp6
  Removing unused variable: tmp5
  Removing unused variable: tt
  Removing unused variable: ss
  Removing unused variable: rr
  Generating code for 3 dofmap(s)
  Generating code for integrals
  Removing unused variable: circumradius
  Removing unused variable: area
  Removing unused variable: s
  Removing unused variable: lc
  Removing unused variable: lb
  Removing unused variable: la
  Removing unused variable: v2v3
  Removing unused variable: v1v3
  Removing unused variable: v0v3
  Removing unused variable: v0v1
  Removing unused variable: v0v2
  Removing unused variable: v1v2
  Removing unused variable: volume
  Removing unused variable: circumradius
  Removing unused variable: area
  Removing unused variable: s
  Removing unused variable: lc
  Removing unused variable: lb
  Removing unused variable: la
  Removing unused variable: v2v3
  Removing unused variable: v1v3
  Removing unused variable: v0v3
  Removing unused variable: v0v1
  Removing unused variable: v0v2
  Removing unused variable: v1v2
  Removing unused variable: volume
  Generating code for forms
  
Compiler stage 4 finished in 0.320696 seconds.

Compiler stage 4.1: Generating additional wrapper code
------------------------------------------------------
  Generating wrapper code for DOLFIN
  
Compiler stage 4.1 finished in 0.00127697 seconds.

Compiler stage 5: Formatting code
---------------------------------
  Output written to ./HyperElasticity.h.
  
Compiler stage 5 finished in 0.00178385 seconds.

[1;37;32mFFC finished in 1.08725 seconds.[0m
