This is FFC, the FEniCS Form Compiler, version 1.4.0.
For further information, visit http://www.fenics.org/ffc/.

Compiling form Forms

Compiler stage 1: Analyzing form(s)
-----------------------------------
  
  Name:                   'a'
  Geometric dimension:    2
  Rank:                   2
  Arguments:              '[v_0, v_1]'
  Argument names:         '[v, u]'
  Number of coefficients: 0
  Coefficients:           '[]'
  Coefficient names:      '[]'
  Unique elements:        'N1curl3(?)'
  Unique sub elements:    'N1curl3(?)'
  
  Extracting monomial form representation from UFL form
  Transforming monomial form to reference element
  Reusing element from cache
  Reusing element from cache
  Reusing element from cache
  Reusing element from cache
  Reusing element from cache
  Reusing element from cache
  Reusing element from cache
  Reusing element from cache
  Reusing element from cache
  Reusing element from cache
  Reusing element from cache
  Reusing element from cache
  Reusing element from cache
  Reusing element from cache
  Reusing element from cache
  Estimated cost of tensor representation: 4
  representation:    auto --> quadrature
  Selecting quadrature degree based on total polynomial degree of integrand: 4
  quadrature_degree: auto --> 4
  quadrature_rule:   auto --> default
  
  Name:                   'L'
  Geometric dimension:    2
  Rank:                   2
  Arguments:              '[v_0, v_1]'
  Argument names:         '[v, u]'
  Number of coefficients: 0
  Coefficients:           '[]'
  Coefficient names:      '[]'
  Unique elements:        'N1curl3(?)'
  Unique sub elements:    'N1curl3(?)'
  
  Extracting monomial form representation from UFL form
  Transforming monomial form to reference element
  Reusing element from cache
  Reusing element from cache
  Reusing element from cache
  Reusing element from cache
  Reusing element from cache
  Reusing element from cache
  Estimated cost of tensor representation: 2
  representation:    auto --> tensor
  Selecting quadrature degree based on total polynomial degree of integrand: 6
  quadrature_degree: auto --> 6
  quadrature_rule:   auto --> default
  
Compiler stage 1 finished in 0.0654829 seconds.

Compiler stage 2: Computing intermediate representation
-------------------------------------------------------
  Computing representation of 1 elements
  Reusing element from cache
  Reusing element from cache
  Computing representation of 1 dofmaps
  Reusing element from cache
  Computing representation of integrals
  Computing quadrature representation
  Reusing element from cache
  Reusing element from cache
  Reusing element from cache
  Reusing element from cache
  Reusing element from cache
  
  QG-utils, psi_tables:
  {6: {VectorElement('Lagrange', Domain(Cell('triangle', 2), label=None, data=None), 1, dim=2, quad_scheme=None): {None: {None: {(0, 1): array([[[-1., -1., -1., -1., -1., -1.],
          [ 0.,  0.,  0.,  0.,  0.,  0.]],
  
         [[ 0.,  0.,  0.,  0.,  0.,  0.],
          [ 0.,  0.,  0.,  0.,  0.,  0.]],
  
         [[ 1.,  1.,  1.,  1.,  1.,  1.],
          [ 0.,  0.,  0.,  0.,  0.,  0.]],
  
         [[ 0.,  0.,  0.,  0.,  0.,  0.],
          [-1., -1., -1., -1., -1., -1.]],
  
         [[ 0.,  0.,  0.,  0.,  0.,  0.],
          [ 0.,  0.,  0.,  0.,  0.,  0.]],
  
         [[ 0.,  0.,  0.,  0.,  0.,  0.],
          [ 1.,  1.,  1.,  1.,  1.,  1.]]]), (1, 0): array([[[-1., -1., -1., -1., -1., -1.],
          [ 0.,  0.,  0.,  0.,  0.,  0.]],
  
         [[ 1.,  1.,  1.,  1.,  1.,  1.],
          [ 0.,  0.,  0.,  0.,  0.,  0.]],
  
         [[ 0.,  0.,  0.,  0.,  0.,  0.],
          [ 0.,  0.,  0.,  0.,  0.,  0.]],
  
         [[ 0.,  0.,  0.,  0.,  0.,  0.],
          [-1., -1., -1., -1., -1., -1.]],
  
         [[ 0.,  0.,  0.,  0.,  0.,  0.],
          [ 1.,  1.,  1.,  1.,  1.,  1.]],
  
         [[ 0.,  0.,  0.,  0.,  0.,  0.],
          [ 0.,  0.,  0.,  0.,  0.,  0.]]]), (0, 0): array([[[ 0.09157621,  0.09157621,  0.81684757,  0.44594849,  0.44594849,
            0.10810302],
          [ 0.        ,  0.        ,  0.        ,  0.        ,  0.        ,
            0.        ]],
  
         [[ 0.81684757,  0.09157621,  0.09157621,  0.10810302,  0.44594849,
            0.44594849],
          [ 0.        ,  0.        ,  0.        ,  0.        ,  0.        ,
            0.        ]],
  
         [[ 0.09157621,  0.81684757,  0.09157621,  0.44594849,  0.10810302,
            0.44594849],
          [ 0.        ,  0.        ,  0.        ,  0.        ,  0.        ,
            0.        ]],
  
         [[ 0.        ,  0.        ,  0.        ,  0.        ,  0.        ,
            0.        ],
          [ 0.09157621,  0.09157621,  0.81684757,  0.44594849,  0.44594849,
            0.10810302]],
  
         [[ 0.        ,  0.        ,  0.        ,  0.        ,  0.        ,
            0.        ],
          [ 0.81684757,  0.09157621,  0.09157621,  0.10810302,  0.44594849,
            0.44594849]],
  
         [[ 0.        ,  0.        ,  0.        ,  0.        ,  0.        ,
            0.        ],
          [ 0.09157621,  0.81684757,  0.09157621,  0.44594849,  0.10810302,
            0.44594849]]])}}}, FiniteElement('Nedelec 1st kind H(curl)', Domain(Cell('triangle', 2), label=None, data=None), 3, quad_scheme=None): {None: {None: {(0, 1): array([[[-2.8427847794918146, -1.7907476897548973, -0.73072715891173889,
           0.56545274029199499, 0.79373186720449285, -0.95713849588396949],
          [2.9621807486793523, 0.13283520973481244, -0.46492323407186542,
           -0.18261057639232881, -0.3013233574694234, 1.0546317511429952]],
  
         [[2.6013316940813116, 5.7574429632920721, 0.36974459894346978,
           -0.67142057142433176, 0.013416809313154587, -2.1460884611138527],
          [5.9243614973586833, -0.92984646814372818, 0.26567041946964198,
           -0.36522115278465861, 2.1092635022859976, -0.6026467149388548]],
  
         [[-0.63275387137770478, -10.10108767901, -1.1507889751399314,
           2.0890186793857395, 0.034506537173266238, -0.0042703740714600258],
          [-2.9621807486793381, 1.4611873070830139, -1.1290992827459641,
           0.18261057639232903, -3.3145569321637232, 2.5612485384901498]],
  
         [[1.8598264416577144, 4.7529284384342585, 1.3815974724087905,
           -1.6041100426061892, -0.9763424435968211, 2.7491041918717314],
          [0.24411423244589453, 4.2530097767913579, -5.7573094579218278,
           -0.55374866553464375, 0.81135287831948921, 2.6010001526526625]],
  
         [[-0.63541501841311776, -11.681804460650797, -1.6714852259375714,
           2.7487351760527234, 0.3518043434715028, -1.437842930861672],
          [-1.1768364061026659e-14, -10.010319234713194, 10.01031923471316,
           3.3306690738754696e-15, 1.7896472743331635, -1.7896472743331682]],
  
         [[1.6157122092117984, 7.1389069303306414, 0.49991866164287968,
           -1.0503613770715445, 0.14810403921906223, -1.7876953219163045],
          [-0.24411423244589225, 5.7573094579218447, -4.2530097767913411,
           0.55374866553464019, -2.6010001526526652, -0.81135287831948866]],
  
         [[2.3294268773016422, -0.021689692393989102, -11.562274986092966,
           1.906408102993409, -2.5655189125616049, 3.3490634693369841],
          [2.9621807486793457, 1.1290992827459692, -1.4611873070830113,
           -0.18261057639232869, -2.5612485384901533, 3.3145569321637209]],
  
         [[-3.3230298032773584, 0.10407417947384556, 6.6872894314357882,
           -0.30619941863967459, -1.5434417461750041, -2.0958466929728408],
          [-5.9243614973586904, -0.26567041946963721, 0.92984646814373439,
           0.36522115278465633, 0.60264671493885491, -2.109263502285998]],
  
         [[-5.8049655281711541, -0.26580392483987536, -1.9235828994896984,
           0.74806331668432002, -2.0117702470269663, 1.0950552246739169],
          [-2.9621807486793563, 0.46492323407186209, -0.13283520973482066,
           0.18261057639233147, -1.0546317511429981, 0.30132335746942551]],
  
         [[16.756624755930606, -16.83189336050966, 14.95331980883304,
           -1.0330014150671394, 19.692601753220746, -15.431245965290266],
          [33.513249511861382, -1.8785735516764897, -1.8785735516764719,
           -2.0660028301343281, 4.2613557879304711, 4.2613557879304658]],
  
         [[28.250337550111205, 0.91761218704344683, -30.970567403201986,
           15.171423306557839, 9.2405576147593997, 2.3212143076612191],
          [51.306475579148668, 2.3007733229476903, -8.0527066303168073,
           -3.1629079631094097, -5.2190736464427525, 18.266757762549506]],
  
         [[-10.312595005821199, -25.933482529750144, -19.478002335487815,
           29.929887517939225, -13.077289185765691, 18.036697707450578],
          [-29.621807486792424, 10.626816778785221, -7.3059365354148227,
           1.8261057639232279, -24.105868597553563, 16.57278466081808]],
  
         [[-5.5604520504505954, 16.756624755930776, 3.6818784987741173,
           -5.8755329743621445, -1.0330014150671689, 10.136888762292593],
          [-16.756624755930716, -1.8785735516765287, 3.7571471033529984,
           1.0330014150671647, 4.2613557879305155, -8.5227115758609848]],
  
         [[17.117522665955445, 3.451159984421619, 6.7640427126908378,
           -4.8631776237648996, -7.8286104696640955, 18.622653785227406],
          [-23.010045610320027, 4.3226797527477281, 7.7738397371691734,
           6.9077063614820471, 12.83857205328046, 5.0099615836164393]],
  
         [[-9.8295833783406206, 29.621807486792584, 6.5087031349702826,
           -10.386573023141594, -1.8261057639232379, 17.919656959877031],
          [19.389046892033374, 2.1736925672156486, 12.136333297326804,
           8.3122868540072048, 34.289993391692498, 11.690741581485989]]], dtype=object), (1, 0): array([[[-1.4611873070830135, 2.9621807486793235, 1.1290992827459674,
           3.3145569321637263, -0.18261057639232905, -2.5612485384901538],
          [10.101087679010009, 0.632753871377701, 1.1507889751399325,
           -0.03450653717326059, -2.0890186793857417, 0.0042703740714476607]],
  
         [[0.92984646814373506, -5.9243614973586851, -0.26567041946964393,
           -2.1092635022860078, 0.36522115278465922, 0.60264671493886224],
          [-5.7574429632921049, -2.6013316940813129, -0.36974459894346984,
           -0.013416809313161443, 0.67142057142433664, 2.1460884611138731]],
  
         [[-0.13283520973482055, -2.9621807486793488, 0.46492323407187053,
           0.30132335746943573, 0.18261057639232911, -1.0546317511430061],
          [1.7907476897549031, 2.8427847794918213, 0.73072715891173945,
           -0.79373186720448863, -0.56545274029199444, 0.95713849588395727]],
  
         [[1.1290992827459649, 2.9621807486793714, -1.4611873070830126,
           -2.561248538490152, -0.18261057639232969, 3.314556932163724],
          [-0.021689692393999725, 2.3294268773016489, -11.562274986092961,
           -2.5655189125616067, 1.9064081029934079, 3.3490634693369845]],
  
         [[-0.2656704194696396, -5.9243614973587047, 0.92984646814373739,
           0.60264671493886302, 0.36522115278465828, -2.1092635022860087],
          [0.10407417947385125, -3.3230298032773646, 6.6872894314357927,
           -1.5434417461750063, -0.30619941863967409, -2.0958466929728479]],
  
         [[0.46492323407186609, -2.9621807486793408, -0.13283520973482263,
           -1.0546317511430037, 0.1826105763923295, 0.30132335746943029],
          [-0.26580392483989607, -5.8049655281711541, -1.9235828994897004,
           -2.0117702470269636, 0.74806331668432369, 1.0950552246739211]],
  
         [[4.2530097767913473, 0.24411423244590091, -5.7573094579218251,
           0.81135287831949832, -0.55374866553464264, 2.601000152652658],
          [4.7529284384342443, 1.8598264416577233, 1.3815974724087847,
           -0.97634244359681943, -1.6041100426061845, 2.7491041918717243]],
  
         [[-10.010319234713181, 1.4535274179881872e-15, 10.010319234713164,
           1.7896472743331697, 1.1830772254640687e-15, -1.7896472743331613],
          [-11.681804460650792, -0.63541501841312042, -1.6714852259375645,
           0.35180434347149725, 2.748735176052719, -1.4378429308616605]],
  
         [[5.7573094579218331, -0.24411423244590003, -4.2530097767913357,
           -2.6010001526526674, 0.55374866553463986, -0.81135287831949876],
          [7.138906930330652, 1.6157122092118068, 0.4999186616428769,
           0.14810403921906834, -1.0503613770715436, -1.7876953219163214]],
  
         [[-1.8785735516764903, -16.756624755930773, 3.7571471033529735,
           4.2613557879304809, 1.033001415067166, -8.5227115758609724],
          [16.756624755930712, -5.5604520504506061, 3.6818784987741004,
           -1.03300141506717, -5.8755329743621276, 10.136888762292616]],
  
         [[4.0438128596000427, 5.2863843585085775, 14.397292812864555,
           36.11529139944647, 10.652504759854693, 12.62945999045416],
          [27.378817781785102, 0.046092418717460504, 9.0187236169210934,
           -5.4957592163867526, -11.42662490818517, 24.830205046969827]],
  
         [[2.6567041946962977, -29.621807486792413, 0.6641760486740762,
           -6.0264671493883482, 1.826105763923227, -1.5066167873471024],
          [-11.822111524362853, 19.739001167743737, 2.6034812539881287,
           -5.866722661100324, 0.98165114627436445, 7.16786278395083]],
  
         [[-1.8785735516764914, 33.513249511861403, -1.8785735516764686,
           4.2613557879304729, -2.0660028301343369, 4.2613557879304755],
          [-16.831893360509522, 16.756624755930613, 14.953319808833053,
           19.69260175322076, -1.0330014150671754, -15.43124596529028]],
  
         [[10.353479953264523, 1.7871399756601309e-13, -10.353479953264548,
           -23.485831408992297, -2.0255612133378404e-15, 23.485831408992283],
          [-22.000248585841845, 5.1941995210739442, -32.353728539106015,
           -6.7049858401289226, 33.505754576225037, 16.780845568863352]],
  
         [[-3.3208802433703526, 59.243614973584883, -3.3208802433703704,
           7.5330839367354319, -3.652211527846462, 7.5330839367354905],
          [13.761416729676984, 29.621807486792356, -17.082296973047281,
           14.541202232398234, -1.8261057639232343, -7.0081182956627668]]], dtype=object), (0, 0): array([[[-0.22572700066794837, -0.16128786333934439, -0.10530003423051545,
           0.015661083139564554, 0.083751639946537754, 0.14291199833236701],
          [0.60716808047250814, 0.12609448040868795, 0.24652144684612062,
           0.13571724021440501, -0.37261621444437321, -0.24536529925157022]],
  
         [[0.33258764579152805, 0.59689270626796376, 0.091733712916662935,
           -0.17581224710182836, 0.10346956020990222, -0.43031407748743383],
          [-0.59689270626796598, -0.33258764579152861, -0.091733712916663074,
           -0.10346956020990383, 0.17581224710183022, 0.43031407748743539]],
  
         [[-0.12609448040868837, -0.6071680804725077, -0.24652144684612076,
           0.37261621444437226, -0.1357172402144039, 0.24536529925156972],
          [0.1612878633393455, 0.22572700066794893, 0.1053000342305148,
           -0.083751639946537046, -0.015661083139565025, -0.14291199833236792]],
  
         [[0.10530003423051591, 0.16128786333934764, 0.22572700066794749,
           -0.14291199833236742, -0.083751639946537559, -0.015661083139564498],
          [0.35182148107663441, 0.28738234374803584, 0.83289508114044597,
           -0.38827729758393731, -0.45636785439090988, 0.12005615707484001]],
  
         [[-0.091733712916663199, -0.59689270626796964, -0.33258764579152772,
           0.4303140774874345, -0.10346956020990272, 0.17581224710182863],
          [-0.18346742583332418, -0.92948035205949608, -0.92948035205948654,
           0.86062815497486922, 0.072342686891925939, 0.072342686891925079]],
  
         [[0.24652144684612071, 0.60716808047250459, 0.12609448040868845,
           -0.2453652992515695, 0.13571724021440401, -0.37261621444437226],
          [0.35182148107663369, 0.83289508114045119, 0.28738234374803107,
           -0.38827729758393759, 0.12005615707484055, -0.45636785439090943]],
  
         [[0.28738234374803473, 0.35182148107663602, 0.83289508114044541,
           -0.45636785439091054, -0.38827729758393714, 0.12005615707483971],
          [0.16128786333934814, 0.10530003423051638, 0.2257270006679471,
           -0.083751639946537421, -0.14291199833236723, -0.015661083139564921]],
  
         [[-0.92948035205949597, -0.18346742583332576, -0.92948035205948687,
           0.072342686891925523, 0.86062815497486933, 0.072342686891926578],
          [-0.59689270626797053, -0.09173371291666331, -0.33258764579152744,
           -0.10346956020990319, 0.43031407748743505, 0.17581224710182911]],
  
         [[0.8328950811404503, 0.3518214810766363, 0.28738234374803129,
           0.12005615707484055, -0.38827729758393725, -0.45636785439091127],
          [0.60716808047250603, 0.24652144684612159, 0.12609448040868801,
           0.13571724021440498, -0.24536529925157058, -0.37261621444437321]],
  
         [[2.2343700072011208, 0.87189441351102093, 1.553132210356081,
           4.1759861457662701, 2.7363063850459128, 3.4561462654060917],
          [1.5865780911283878e-14, -0.68123779684504515, 0.68123779684504027,
           -9.0205620750793969e-16, -0.71983988036017388, 0.7198398803601761]],
  
         [[2.8959192737801374, 0.17797470189043602, -3.7914836168253734,
           -4.2197173436554172, 0.55854620194017246, 4.0143794449943764],
          [-0.17797470189041492, -0.59514595083247079, 1.4907102938777024,
           -0.55854620194017512, -0.99935630278730037, 1.2046942014483473]],
  
         [[-1.8774672563591612, 6.2021058945578158, -3.081736920733444,
           1.7913013441735806, -2.9218682633538329, 0.5187921922455988],
          [-0.30826122613616835, 1.3777163039878508, 0.17344663961355347,
           -0.96743040013500892, 0.81408241256416869, -0.45842673936381911]],
  
         [[-0.68123779684504371, 1.6671699198784318e-14, 0.68123779684504104,
           -0.71983988036017554, 1.655219941516346e-15, 0.71983988036017366],
          [0.87189441351102714, 2.2343700072011221, 1.553132210356083,
           2.7363063850459195, 4.1759861457662666, 3.4561462654060913]],
  
         [[0.89556434304524446, -0.35594940378087159, 0.8955643430452398,
           0.20533789866104202, -1.1170924038803507, 0.20533789866104202],
          [5.4601686125934874, -0.17797470189043055, -4.5646042695482745,
           -2.2511390416058537, -0.55854620194017346, 2.4564769402668953]],
  
         [[-1.2042696643742827, 3.0458070564197476e-14, 1.2042696643742832,
           -1.2725091519279852, 1.2485855805667669e-16, 1.2725091519279812],
          [-2.9469223342108184, 3.4466732865821634, -1.7426526698365508,
           1.9446493317444236, -4.5500330884821736, 3.2171584836724074]]], dtype=object)}}}}}
  
  QG-utils, psi_tables, flat_tables:
  {'FE0_C1_D01': array([[ 0.,  0.,  0., -1.,  0.,  1.],
         [ 0.,  0.,  0., -1.,  0.,  1.],
         [ 0.,  0.,  0., -1.,  0.,  1.],
         [ 0.,  0.,  0., -1.,  0.,  1.],
         [ 0.,  0.,  0., -1.,  0.,  1.],
         [ 0.,  0.,  0., -1.,  0.,  1.]]), 'FE1_C0': array([[-0.22572700066794837, 0.33258764579152805, -0.12609448040868837,
          0.10530003423051591, -0.091733712916663199, 0.24652144684612071,
          0.28738234374803473, -0.92948035205949597, 0.8328950811404503,
          2.2343700072011208, 2.8959192737801374, -1.8774672563591612,
          -0.68123779684504371, 0.89556434304524446, -1.2042696643742827],
         [-0.16128786333934439, 0.59689270626796376, -0.6071680804725077,
          0.16128786333934764, -0.59689270626796964, 0.60716808047250459,
          0.35182148107663602, -0.18346742583332576, 0.3518214810766363,
          0.87189441351102093, 0.17797470189043602, 6.2021058945578158,
          1.6671699198784318e-14, -0.35594940378087159,
          3.0458070564197476e-14],
         [-0.10530003423051545, 0.091733712916662935, -0.24652144684612076,
          0.22572700066794749, -0.33258764579152772, 0.12609448040868845,
          0.83289508114044541, -0.92948035205948687, 0.28738234374803129,
          1.553132210356081, -3.7914836168253734, -3.081736920733444,
          0.68123779684504104, 0.8955643430452398, 1.2042696643742832],
         [0.015661083139564554, -0.17581224710182836, 0.37261621444437226,
          -0.14291199833236742, 0.4303140774874345, -0.2453652992515695,
          -0.45636785439091054, 0.072342686891925523, 0.12005615707484055,
          4.1759861457662701, -4.2197173436554172, 1.7913013441735806,
          -0.71983988036017554, 0.20533789866104202, -1.2725091519279852],
         [0.083751639946537754, 0.10346956020990222, -0.1357172402144039,
          -0.083751639946537559, -0.10346956020990272, 0.13571724021440401,
          -0.38827729758393714, 0.86062815497486933, -0.38827729758393725,
          2.7363063850459128, 0.55854620194017246, -2.9218682633538329,
          1.655219941516346e-15, -1.1170924038803507, 1.2485855805667669e-16],
         [0.14291199833236701, -0.43031407748743383, 0.24536529925156972,
          -0.015661083139564498, 0.17581224710182863, -0.37261621444437226,
          0.12005615707483971, 0.072342686891926578, -0.45636785439091127,
          3.4561462654060917, 4.0143794449943764, 0.5187921922455988,
          0.71983988036017366, 0.20533789866104202, 1.2725091519279812]], dtype=object), 'FE1_C1': array([[0.60716808047250814, -0.59689270626796598, 0.1612878633393455,
          0.35182148107663441, -0.18346742583332418, 0.35182148107663369,
          0.16128786333934814, -0.59689270626797053, 0.60716808047250603,
          1.5865780911283878e-14, -0.17797470189041492, -0.30826122613616835,
          0.87189441351102714, 5.4601686125934874, -2.9469223342108184],
         [0.12609448040868795, -0.33258764579152861, 0.22572700066794893,
          0.28738234374803584, -0.92948035205949608, 0.83289508114045119,
          0.10530003423051638, -0.09173371291666331, 0.24652144684612159,
          -0.68123779684504515, -0.59514595083247079, 1.3777163039878508,
          2.2343700072011221, -0.17797470189043055, 3.4466732865821634],
         [0.24652144684612062, -0.091733712916663074, 0.1053000342305148,
          0.83289508114044597, -0.92948035205948654, 0.28738234374803107,
          0.2257270006679471, -0.33258764579152744, 0.12609448040868801,
          0.68123779684504027, 1.4907102938777024, 0.17344663961355347,
          1.553132210356083, -4.5646042695482745, -1.7426526698365508],
         [0.13571724021440501, -0.10346956020990383, -0.083751639946537046,
          -0.38827729758393731, 0.86062815497486922, -0.38827729758393759,
          -0.083751639946537421, -0.10346956020990319, 0.13571724021440498,
          -9.0205620750793969e-16, -0.55854620194017512,
          -0.96743040013500892, 2.7363063850459195, -2.2511390416058537,
          1.9446493317444236],
         [-0.37261621444437321, 0.17581224710183022, -0.015661083139565025,
          -0.45636785439090988, 0.072342686891925939, 0.12005615707484055,
          -0.14291199833236723, 0.43031407748743505, -0.24536529925157058,
          -0.71983988036017388, -0.99935630278730037, 0.81408241256416869,
          4.1759861457662666, -0.55854620194017346, -4.5500330884821736],
         [-0.24536529925157022, 0.43031407748743539, -0.14291199833236792,
          0.12005615707484001, 0.072342686891925079, -0.45636785439090943,
          -0.015661083139564921, 0.17581224710182911, -0.37261621444437321,
          0.7198398803601761, 1.2046942014483473, -0.45842673936381911,
          3.4561462654060913, 2.4564769402668953, 3.2171584836724074]], dtype=object), 'FE0_C1_D10': array([[ 0.,  0.,  0., -1.,  1.,  0.],
         [ 0.,  0.,  0., -1.,  1.,  0.],
         [ 0.,  0.,  0., -1.,  1.,  0.],
         [ 0.,  0.,  0., -1.,  1.,  0.],
         [ 0.,  0.,  0., -1.,  1.,  0.],
         [ 0.,  0.,  0., -1.,  1.,  0.]]), 'FE1_C1_D10': array([[10.101087679010009, -5.7574429632921049, 1.7907476897549031,
          -0.021689692393999725, 0.10407417947385125, -0.26580392483989607,
          4.7529284384342443, -11.681804460650792, 7.138906930330652,
          16.756624755930712, 27.378817781785102, -11.822111524362853,
          -16.831893360509522, -22.000248585841845, 13.761416729676984],
         [0.632753871377701, -2.6013316940813129, 2.8427847794918213,
          2.3294268773016489, -3.3230298032773646, -5.8049655281711541,
          1.8598264416577233, -0.63541501841312042, 1.6157122092118068,
          -5.5604520504506061, 0.046092418717460504, 19.739001167743737,
          16.756624755930613, 5.1941995210739442, 29.621807486792356],
         [1.1507889751399325, -0.36974459894346984, 0.73072715891173945,
          -11.562274986092961, 6.6872894314357927, -1.9235828994897004,
          1.3815974724087847, -1.6714852259375645, 0.4999186616428769,
          3.6818784987741004, 9.0187236169210934, 2.6034812539881287,
          14.953319808833053, -32.353728539106015, -17.082296973047281],
         [-0.03450653717326059, -0.013416809313161443, -0.79373186720448863,
          -2.5655189125616067, -1.5434417461750063, -2.0117702470269636,
          -0.97634244359681943, 0.35180434347149725, 0.14810403921906834,
          -1.03300141506717, -5.4957592163867526, -5.866722661100324,
          19.69260175322076, -6.7049858401289226, 14.541202232398234],
         [-2.0890186793857417, 0.67142057142433664, -0.56545274029199444,
          1.9064081029934079, -0.30619941863967409, 0.74806331668432369,
          -1.6041100426061845, 2.748735176052719, -1.0503613770715436,
          -5.8755329743621276, -11.42662490818517, 0.98165114627436445,
          -1.0330014150671754, 33.505754576225037, -1.8261057639232343],
         [0.0042703740714476607, 2.1460884611138731, 0.95713849588395727,
          3.3490634693369845, -2.0958466929728479, 1.0950552246739211,
          2.7491041918717243, -1.4378429308616605, -1.7876953219163214,
          10.136888762292616, 24.830205046969827, 7.16786278395083,
          -15.43124596529028, 16.780845568863352, -7.0081182956627668]], dtype=object), 'FE0_C0_D10': array([[-1.,  1.,  0.,  0.,  0.,  0.],
         [-1.,  1.,  0.,  0.,  0.,  0.],
         [-1.,  1.,  0.,  0.,  0.,  0.],
         [-1.,  1.,  0.,  0.,  0.,  0.],
         [-1.,  1.,  0.,  0.,  0.,  0.],
         [-1.,  1.,  0.,  0.,  0.,  0.]]), 'FE0_C0_D01': array([[-1.,  0.,  1.,  0.,  0.,  0.],
         [-1.,  0.,  1.,  0.,  0.,  0.],
         [-1.,  0.,  1.,  0.,  0.,  0.],
         [-1.,  0.,  1.,  0.,  0.,  0.],
         [-1.,  0.,  1.,  0.,  0.,  0.],
         [-1.,  0.,  1.,  0.,  0.,  0.]]), 'FE1_C1_D01': array([[2.9621807486793523, 5.9243614973586833, -2.9621807486793381,
          0.24411423244589453, -1.1768364061026659e-14, -0.24411423244589225,
          2.9621807486793457, -5.9243614973586904, -2.9621807486793563,
          33.513249511861382, 51.306475579148668, -29.621807486792424,
          -16.756624755930716, -23.010045610320027, 19.389046892033374],
         [0.13283520973481244, -0.92984646814372818, 1.4611873070830139,
          4.2530097767913579, -10.010319234713194, 5.7573094579218447,
          1.1290992827459692, -0.26567041946963721, 0.46492323407186209,
          -1.8785735516764897, 2.3007733229476903, 10.626816778785221,
          -1.8785735516765287, 4.3226797527477281, 2.1736925672156486],
         [-0.46492323407186542, 0.26567041946964198, -1.1290992827459641,
          -5.7573094579218278, 10.01031923471316, -4.2530097767913411,
          -1.4611873070830113, 0.92984646814373439, -0.13283520973482066,
          -1.8785735516764719, -8.0527066303168073, -7.3059365354148227,
          3.7571471033529984, 7.7738397371691734, 12.136333297326804],
         [-0.18261057639232881, -0.36522115278465861, 0.18261057639232903,
          -0.55374866553464375, 3.3306690738754696e-15, 0.55374866553464019,
          -0.18261057639232869, 0.36522115278465633, 0.18261057639233147,
          -2.0660028301343281, -3.1629079631094097, 1.8261057639232279,
          1.0330014150671647, 6.9077063614820471, 8.3122868540072048],
         [-0.3013233574694234, 2.1092635022859976, -3.3145569321637232,
          0.81135287831948921, 1.7896472743331635, -2.6010001526526652,
          -2.5612485384901533, 0.60264671493885491, -1.0546317511429981,
          4.2613557879304711, -5.2190736464427525, -24.105868597553563,
          4.2613557879305155, 12.83857205328046, 34.289993391692498],
         [1.0546317511429952, -0.6026467149388548, 2.5612485384901498,
          2.6010001526526625, -1.7896472743331682, -0.81135287831948866,
          3.3145569321637209, -2.109263502285998, 0.30132335746942551,
          4.2613557879304658, 18.266757762549506, 16.57278466081808,
          -8.5227115758609848, 5.0099615836164393, 11.690741581485989]], dtype=object), 'FE1_C0_D01': array([[-2.8427847794918146, 2.6013316940813116, -0.63275387137770478,
          1.8598264416577144, -0.63541501841311776, 1.6157122092117984,
          2.3294268773016422, -3.3230298032773584, -5.8049655281711541,
          16.756624755930606, 28.250337550111205, -10.312595005821199,
          -5.5604520504505954, 17.117522665955445, -9.8295833783406206],
         [-1.7907476897548973, 5.7574429632920721, -10.10108767901,
          4.7529284384342585, -11.681804460650797, 7.1389069303306414,
          -0.021689692393989102, 0.10407417947384556, -0.26580392483987536,
          -16.83189336050966, 0.91761218704344683, -25.933482529750144,
          16.756624755930776, 3.451159984421619, 29.621807486792584],
         [-0.73072715891173889, 0.36974459894346978, -1.1507889751399314,
          1.3815974724087905, -1.6714852259375714, 0.49991866164287968,
          -11.562274986092966, 6.6872894314357882, -1.9235828994896984,
          14.95331980883304, -30.970567403201986, -19.478002335487815,
          3.6818784987741173, 6.7640427126908378, 6.5087031349702826],
         [0.56545274029199499, -0.67142057142433176, 2.0890186793857395,
          -1.6041100426061892, 2.7487351760527234, -1.0503613770715445,
          1.906408102993409, -0.30619941863967459, 0.74806331668432002,
          -1.0330014150671394, 15.171423306557839, 29.929887517939225,
          -5.8755329743621445, -4.8631776237648996, -10.386573023141594],
         [0.79373186720449285, 0.013416809313154587, 0.034506537173266238,
          -0.9763424435968211, 0.3518043434715028, 0.14810403921906223,
          -2.5655189125616049, -1.5434417461750041, -2.0117702470269663,
          19.692601753220746, 9.2405576147593997, -13.077289185765691,
          -1.0330014150671689, -7.8286104696640955, -1.8261057639232379],
         [-0.95713849588396949, -2.1460884611138527, -0.0042703740714600258,
          2.7491041918717314, -1.437842930861672, -1.7876953219163045,
          3.3490634693369841, -2.0958466929728408, 1.0950552246739169,
          -15.431245965290266, 2.3212143076612191, 18.036697707450578,
          10.136888762292593, 18.622653785227406, 17.919656959877031]], dtype=object), 'FE1_C0_D10': array([[-1.4611873070830135, 0.92984646814373506, -0.13283520973482055,
          1.1290992827459649, -0.2656704194696396, 0.46492323407186609,
          4.2530097767913473, -10.010319234713181, 5.7573094579218331,
          -1.8785735516764903, 4.0438128596000427, 2.6567041946962977,
          -1.8785735516764914, 10.353479953264523, -3.3208802433703526],
         [2.9621807486793235, -5.9243614973586851, -2.9621807486793488,
          2.9621807486793714, -5.9243614973587047, -2.9621807486793408,
          0.24411423244590091, 1.4535274179881872e-15, -0.24411423244590003,
          -16.756624755930773, 5.2863843585085775, -29.621807486792413,
          33.513249511861403, 1.7871399756601309e-13, 59.243614973584883],
         [1.1290992827459674, -0.26567041946964393, 0.46492323407187053,
          -1.4611873070830126, 0.92984646814373739, -0.13283520973482263,
          -5.7573094579218251, 10.010319234713164, -4.2530097767913357,
          3.7571471033529735, 14.397292812864555, 0.6641760486740762,
          -1.8785735516764686, -10.353479953264548, -3.3208802433703704],
         [3.3145569321637263, -2.1092635022860078, 0.30132335746943573,
          -2.561248538490152, 0.60264671493886302, -1.0546317511430037,
          0.81135287831949832, 1.7896472743331697, -2.6010001526526674,
          4.2613557879304809, 36.11529139944647, -6.0264671493883482,
          4.2613557879304729, -23.485831408992297, 7.5330839367354319],
         [-0.18261057639232905, 0.36522115278465922, 0.18261057639232911,
          -0.18261057639232969, 0.36522115278465828, 0.1826105763923295,
          -0.55374866553464264, 1.1830772254640687e-15, 0.55374866553463986,
          1.033001415067166, 10.652504759854693, 1.826105763923227,
          -2.0660028301343369, -2.0255612133378404e-15, -3.652211527846462],
         [-2.5612485384901538, 0.60264671493886224, -1.0546317511430061,
          3.314556932163724, -2.1092635022860087, 0.30132335746943029,
          2.601000152652658, -1.7896472743331613, -0.81135287831949876,
          -8.5227115758609724, 12.62945999045416, -1.5066167873471024,
          4.2613557879304755, 23.485831408992283, 7.5330839367354905]], dtype=object), 'FE0_C1': array([[ 0.        ,  0.        ,  0.        ,  0.09157621,  0.81684757,
           0.09157621],
         [ 0.        ,  0.        ,  0.        ,  0.09157621,  0.09157621,
           0.81684757],
         [ 0.        ,  0.        ,  0.        ,  0.81684757,  0.09157621,
           0.09157621],
         [ 0.        ,  0.        ,  0.        ,  0.44594849,  0.10810302,
           0.44594849],
         [ 0.        ,  0.        ,  0.        ,  0.44594849,  0.44594849,
           0.10810302],
         [ 0.        ,  0.        ,  0.        ,  0.10810302,  0.44594849,
           0.44594849]]), 'FE0_C0': array([[ 0.09157621,  0.81684757,  0.09157621,  0.        ,  0.        ,
           0.        ],
         [ 0.09157621,  0.09157621,  0.81684757,  0.        ,  0.        ,
           0.        ],
         [ 0.81684757,  0.09157621,  0.09157621,  0.        ,  0.        ,
           0.        ],
         [ 0.44594849,  0.10810302,  0.44594849,  0.        ,  0.        ,
           0.        ],
         [ 0.44594849,  0.44594849,  0.10810302,  0.        ,  0.        ,
           0.        ],
         [ 0.10810302,  0.44594849,  0.44594849,  0.        ,  0.        ,
           0.        ]])}
  
  tables: {'FE0_C1_D01': array([[ 0.,  0.,  0., -1.,  0.,  1.],
         [ 0.,  0.,  0., -1.,  0.,  1.],
         [ 0.,  0.,  0., -1.,  0.,  1.],
         [ 0.,  0.,  0., -1.,  0.,  1.],
         [ 0.,  0.,  0., -1.,  0.,  1.],
         [ 0.,  0.,  0., -1.,  0.,  1.]]), 'FE1_C0': array([[-0.22572700066794837, 0.33258764579152805, -0.12609448040868837,
          0.10530003423051591, -0.091733712916663199, 0.24652144684612071,
          0.28738234374803473, -0.92948035205949597, 0.8328950811404503,
          2.2343700072011208, 2.8959192737801374, -1.8774672563591612,
          -0.68123779684504371, 0.89556434304524446, -1.2042696643742827],
         [-0.16128786333934439, 0.59689270626796376, -0.6071680804725077,
          0.16128786333934764, -0.59689270626796964, 0.60716808047250459,
          0.35182148107663602, -0.18346742583332576, 0.3518214810766363,
          0.87189441351102093, 0.17797470189043602, 6.2021058945578158,
          1.6671699198784318e-14, -0.35594940378087159,
          3.0458070564197476e-14],
         [-0.10530003423051545, 0.091733712916662935, -0.24652144684612076,
          0.22572700066794749, -0.33258764579152772, 0.12609448040868845,
          0.83289508114044541, -0.92948035205948687, 0.28738234374803129,
          1.553132210356081, -3.7914836168253734, -3.081736920733444,
          0.68123779684504104, 0.8955643430452398, 1.2042696643742832],
         [0.015661083139564554, -0.17581224710182836, 0.37261621444437226,
          -0.14291199833236742, 0.4303140774874345, -0.2453652992515695,
          -0.45636785439091054, 0.072342686891925523, 0.12005615707484055,
          4.1759861457662701, -4.2197173436554172, 1.7913013441735806,
          -0.71983988036017554, 0.20533789866104202, -1.2725091519279852],
         [0.083751639946537754, 0.10346956020990222, -0.1357172402144039,
          -0.083751639946537559, -0.10346956020990272, 0.13571724021440401,
          -0.38827729758393714, 0.86062815497486933, -0.38827729758393725,
          2.7363063850459128, 0.55854620194017246, -2.9218682633538329,
          1.655219941516346e-15, -1.1170924038803507, 1.2485855805667669e-16],
         [0.14291199833236701, -0.43031407748743383, 0.24536529925156972,
          -0.015661083139564498, 0.17581224710182863, -0.37261621444437226,
          0.12005615707483971, 0.072342686891926578, -0.45636785439091127,
          3.4561462654060917, 4.0143794449943764, 0.5187921922455988,
          0.71983988036017366, 0.20533789866104202, 1.2725091519279812]], dtype=object), 'FE1_C1': array([[0.60716808047250814, -0.59689270626796598, 0.1612878633393455,
          0.35182148107663441, -0.18346742583332418, 0.35182148107663369,
          0.16128786333934814, -0.59689270626797053, 0.60716808047250603,
          1.5865780911283878e-14, -0.17797470189041492, -0.30826122613616835,
          0.87189441351102714, 5.4601686125934874, -2.9469223342108184],
         [0.12609448040868795, -0.33258764579152861, 0.22572700066794893,
          0.28738234374803584, -0.92948035205949608, 0.83289508114045119,
          0.10530003423051638, -0.09173371291666331, 0.24652144684612159,
          -0.68123779684504515, -0.59514595083247079, 1.3777163039878508,
          2.2343700072011221, -0.17797470189043055, 3.4466732865821634],
         [0.24652144684612062, -0.091733712916663074, 0.1053000342305148,
          0.83289508114044597, -0.92948035205948654, 0.28738234374803107,
          0.2257270006679471, -0.33258764579152744, 0.12609448040868801,
          0.68123779684504027, 1.4907102938777024, 0.17344663961355347,
          1.553132210356083, -4.5646042695482745, -1.7426526698365508],
         [0.13571724021440501, -0.10346956020990383, -0.083751639946537046,
          -0.38827729758393731, 0.86062815497486922, -0.38827729758393759,
          -0.083751639946537421, -0.10346956020990319, 0.13571724021440498,
          -9.0205620750793969e-16, -0.55854620194017512,
          -0.96743040013500892, 2.7363063850459195, -2.2511390416058537,
          1.9446493317444236],
         [-0.37261621444437321, 0.17581224710183022, -0.015661083139565025,
          -0.45636785439090988, 0.072342686891925939, 0.12005615707484055,
          -0.14291199833236723, 0.43031407748743505, -0.24536529925157058,
          -0.71983988036017388, -0.99935630278730037, 0.81408241256416869,
          4.1759861457662666, -0.55854620194017346, -4.5500330884821736],
         [-0.24536529925157022, 0.43031407748743539, -0.14291199833236792,
          0.12005615707484001, 0.072342686891925079, -0.45636785439090943,
          -0.015661083139564921, 0.17581224710182911, -0.37261621444437321,
          0.7198398803601761, 1.2046942014483473, -0.45842673936381911,
          3.4561462654060913, 2.4564769402668953, 3.2171584836724074]], dtype=object), 'FE0_C1_D10': array([[ 0.,  0.,  0., -1.,  1.,  0.],
         [ 0.,  0.,  0., -1.,  1.,  0.],
         [ 0.,  0.,  0., -1.,  1.,  0.],
         [ 0.,  0.,  0., -1.,  1.,  0.],
         [ 0.,  0.,  0., -1.,  1.,  0.],
         [ 0.,  0.,  0., -1.,  1.,  0.]]), 'FE1_C1_D10': array([[10.101087679010009, -5.7574429632921049, 1.7907476897549031,
          -0.021689692393999725, 0.10407417947385125, -0.26580392483989607,
          4.7529284384342443, -11.681804460650792, 7.138906930330652,
          16.756624755930712, 27.378817781785102, -11.822111524362853,
          -16.831893360509522, -22.000248585841845, 13.761416729676984],
         [0.632753871377701, -2.6013316940813129, 2.8427847794918213,
          2.3294268773016489, -3.3230298032773646, -5.8049655281711541,
          1.8598264416577233, -0.63541501841312042, 1.6157122092118068,
          -5.5604520504506061, 0.046092418717460504, 19.739001167743737,
          16.756624755930613, 5.1941995210739442, 29.621807486792356],
         [1.1507889751399325, -0.36974459894346984, 0.73072715891173945,
          -11.562274986092961, 6.6872894314357927, -1.9235828994897004,
          1.3815974724087847, -1.6714852259375645, 0.4999186616428769,
          3.6818784987741004, 9.0187236169210934, 2.6034812539881287,
          14.953319808833053, -32.353728539106015, -17.082296973047281],
         [-0.03450653717326059, -0.013416809313161443, -0.79373186720448863,
          -2.5655189125616067, -1.5434417461750063, -2.0117702470269636,
          -0.97634244359681943, 0.35180434347149725, 0.14810403921906834,
          -1.03300141506717, -5.4957592163867526, -5.866722661100324,
          19.69260175322076, -6.7049858401289226, 14.541202232398234],
         [-2.0890186793857417, 0.67142057142433664, -0.56545274029199444,
          1.9064081029934079, -0.30619941863967409, 0.74806331668432369,
          -1.6041100426061845, 2.748735176052719, -1.0503613770715436,
          -5.8755329743621276, -11.42662490818517, 0.98165114627436445,
          -1.0330014150671754, 33.505754576225037, -1.8261057639232343],
         [0.0042703740714476607, 2.1460884611138731, 0.95713849588395727,
          3.3490634693369845, -2.0958466929728479, 1.0950552246739211,
          2.7491041918717243, -1.4378429308616605, -1.7876953219163214,
          10.136888762292616, 24.830205046969827, 7.16786278395083,
          -15.43124596529028, 16.780845568863352, -7.0081182956627668]], dtype=object), 'FE0_C0_D10': array([[-1.,  1.,  0.,  0.,  0.,  0.],
         [-1.,  1.,  0.,  0.,  0.,  0.],
         [-1.,  1.,  0.,  0.,  0.,  0.],
         [-1.,  1.,  0.,  0.,  0.,  0.],
         [-1.,  1.,  0.,  0.,  0.,  0.],
         [-1.,  1.,  0.,  0.,  0.,  0.]]), 'FE0_C0_D01': array([[-1.,  0.,  1.,  0.,  0.,  0.],
         [-1.,  0.,  1.,  0.,  0.,  0.],
         [-1.,  0.,  1.,  0.,  0.,  0.],
         [-1.,  0.,  1.,  0.,  0.,  0.],
         [-1.,  0.,  1.,  0.,  0.,  0.],
         [-1.,  0.,  1.,  0.,  0.,  0.]]), 'FE1_C1_D01': array([[2.9621807486793523, 5.9243614973586833, -2.9621807486793381,
          0.24411423244589453, -1.1768364061026659e-14, -0.24411423244589225,
          2.9621807486793457, -5.9243614973586904, -2.9621807486793563,
          33.513249511861382, 51.306475579148668, -29.621807486792424,
          -16.756624755930716, -23.010045610320027, 19.389046892033374],
         [0.13283520973481244, -0.92984646814372818, 1.4611873070830139,
          4.2530097767913579, -10.010319234713194, 5.7573094579218447,
          1.1290992827459692, -0.26567041946963721, 0.46492323407186209,
          -1.8785735516764897, 2.3007733229476903, 10.626816778785221,
          -1.8785735516765287, 4.3226797527477281, 2.1736925672156486],
         [-0.46492323407186542, 0.26567041946964198, -1.1290992827459641,
          -5.7573094579218278, 10.01031923471316, -4.2530097767913411,
          -1.4611873070830113, 0.92984646814373439, -0.13283520973482066,
          -1.8785735516764719, -8.0527066303168073, -7.3059365354148227,
          3.7571471033529984, 7.7738397371691734, 12.136333297326804],
         [-0.18261057639232881, -0.36522115278465861, 0.18261057639232903,
          -0.55374866553464375, 3.3306690738754696e-15, 0.55374866553464019,
          -0.18261057639232869, 0.36522115278465633, 0.18261057639233147,
          -2.0660028301343281, -3.1629079631094097, 1.8261057639232279,
          1.0330014150671647, 6.9077063614820471, 8.3122868540072048],
         [-0.3013233574694234, 2.1092635022859976, -3.3145569321637232,
          0.81135287831948921, 1.7896472743331635, -2.6010001526526652,
          -2.5612485384901533, 0.60264671493885491, -1.0546317511429981,
          4.2613557879304711, -5.2190736464427525, -24.105868597553563,
          4.2613557879305155, 12.83857205328046, 34.289993391692498],
         [1.0546317511429952, -0.6026467149388548, 2.5612485384901498,
          2.6010001526526625, -1.7896472743331682, -0.81135287831948866,
          3.3145569321637209, -2.109263502285998, 0.30132335746942551,
          4.2613557879304658, 18.266757762549506, 16.57278466081808,
          -8.5227115758609848, 5.0099615836164393, 11.690741581485989]], dtype=object), 'FE1_C0_D01': array([[-2.8427847794918146, 2.6013316940813116, -0.63275387137770478,
          1.8598264416577144, -0.63541501841311776, 1.6157122092117984,
          2.3294268773016422, -3.3230298032773584, -5.8049655281711541,
          16.756624755930606, 28.250337550111205, -10.312595005821199,
          -5.5604520504505954, 17.117522665955445, -9.8295833783406206],
         [-1.7907476897548973, 5.7574429632920721, -10.10108767901,
          4.7529284384342585, -11.681804460650797, 7.1389069303306414,
          -0.021689692393989102, 0.10407417947384556, -0.26580392483987536,
          -16.83189336050966, 0.91761218704344683, -25.933482529750144,
          16.756624755930776, 3.451159984421619, 29.621807486792584],
         [-0.73072715891173889, 0.36974459894346978, -1.1507889751399314,
          1.3815974724087905, -1.6714852259375714, 0.49991866164287968,
          -11.562274986092966, 6.6872894314357882, -1.9235828994896984,
          14.95331980883304, -30.970567403201986, -19.478002335487815,
          3.6818784987741173, 6.7640427126908378, 6.5087031349702826],
         [0.56545274029199499, -0.67142057142433176, 2.0890186793857395,
          -1.6041100426061892, 2.7487351760527234, -1.0503613770715445,
          1.906408102993409, -0.30619941863967459, 0.74806331668432002,
          -1.0330014150671394, 15.171423306557839, 29.929887517939225,
          -5.8755329743621445, -4.8631776237648996, -10.386573023141594],
         [0.79373186720449285, 0.013416809313154587, 0.034506537173266238,
          -0.9763424435968211, 0.3518043434715028, 0.14810403921906223,
          -2.5655189125616049, -1.5434417461750041, -2.0117702470269663,
          19.692601753220746, 9.2405576147593997, -13.077289185765691,
          -1.0330014150671689, -7.8286104696640955, -1.8261057639232379],
         [-0.95713849588396949, -2.1460884611138527, -0.0042703740714600258,
          2.7491041918717314, -1.437842930861672, -1.7876953219163045,
          3.3490634693369841, -2.0958466929728408, 1.0950552246739169,
          -15.431245965290266, 2.3212143076612191, 18.036697707450578,
          10.136888762292593, 18.622653785227406, 17.919656959877031]], dtype=object), 'FE1_C0_D10': array([[-1.4611873070830135, 0.92984646814373506, -0.13283520973482055,
          1.1290992827459649, -0.2656704194696396, 0.46492323407186609,
          4.2530097767913473, -10.010319234713181, 5.7573094579218331,
          -1.8785735516764903, 4.0438128596000427, 2.6567041946962977,
          -1.8785735516764914, 10.353479953264523, -3.3208802433703526],
         [2.9621807486793235, -5.9243614973586851, -2.9621807486793488,
          2.9621807486793714, -5.9243614973587047, -2.9621807486793408,
          0.24411423244590091, 1.4535274179881872e-15, -0.24411423244590003,
          -16.756624755930773, 5.2863843585085775, -29.621807486792413,
          33.513249511861403, 1.7871399756601309e-13, 59.243614973584883],
         [1.1290992827459674, -0.26567041946964393, 0.46492323407187053,
          -1.4611873070830126, 0.92984646814373739, -0.13283520973482263,
          -5.7573094579218251, 10.010319234713164, -4.2530097767913357,
          3.7571471033529735, 14.397292812864555, 0.6641760486740762,
          -1.8785735516764686, -10.353479953264548, -3.3208802433703704],
         [3.3145569321637263, -2.1092635022860078, 0.30132335746943573,
          -2.561248538490152, 0.60264671493886302, -1.0546317511430037,
          0.81135287831949832, 1.7896472743331697, -2.6010001526526674,
          4.2613557879304809, 36.11529139944647, -6.0264671493883482,
          4.2613557879304729, -23.485831408992297, 7.5330839367354319],
         [-0.18261057639232905, 0.36522115278465922, 0.18261057639232911,
          -0.18261057639232969, 0.36522115278465828, 0.1826105763923295,
          -0.55374866553464264, 1.1830772254640687e-15, 0.55374866553463986,
          1.033001415067166, 10.652504759854693, 1.826105763923227,
          -2.0660028301343369, -2.0255612133378404e-15, -3.652211527846462],
         [-2.5612485384901538, 0.60264671493886224, -1.0546317511430061,
          3.314556932163724, -2.1092635022860087, 0.30132335746943029,
          2.601000152652658, -1.7896472743331613, -0.81135287831949876,
          -8.5227115758609724, 12.62945999045416, -1.5066167873471024,
          4.2613557879304755, 23.485831408992283, 7.5330839367354905]], dtype=object), 'FE0_C1': array([[ 0.        ,  0.        ,  0.        ,  0.09157621,  0.81684757,
           0.09157621],
         [ 0.        ,  0.        ,  0.        ,  0.09157621,  0.09157621,
           0.81684757],
         [ 0.        ,  0.        ,  0.        ,  0.81684757,  0.09157621,
           0.09157621],
         [ 0.        ,  0.        ,  0.        ,  0.44594849,  0.10810302,
           0.44594849],
         [ 0.        ,  0.        ,  0.        ,  0.44594849,  0.44594849,
           0.10810302],
         [ 0.        ,  0.        ,  0.        ,  0.10810302,  0.44594849,
           0.44594849]]), 'FE0_C0': array([[ 0.09157621,  0.81684757,  0.09157621,  0.        ,  0.        ,
           0.        ],
         [ 0.09157621,  0.09157621,  0.81684757,  0.        ,  0.        ,
           0.        ],
         [ 0.81684757,  0.09157621,  0.09157621,  0.        ,  0.        ,
           0.        ],
         [ 0.44594849,  0.10810302,  0.44594849,  0.        ,  0.        ,
           0.        ],
         [ 0.44594849,  0.44594849,  0.10810302,  0.        ,  0.        ,
           0.        ],
         [ 0.10810302,  0.44594849,  0.44594849,  0.        ,  0.        ,
           0.        ]])}
  
  name_map: {}
  
  inv_name_map: {'FE0_C1_D01': 'FE0_C1_D01', 'FE1_C0': 'FE1_C0', 'FE1_C1': 'FE1_C1', 'FE0_C1_D10': 'FE0_C1_D10', 'FE1_C1_D10': 'FE1_C1_D10', 'FE0_C0_D10': 'FE0_C0_D10', 'FE0_C0_D01': 'FE0_C0_D01', 'FE1_C1_D01': 'FE1_C1_D01', 'FE1_C0_D01': 'FE1_C0_D01', 'FE1_C0_D10': 'FE1_C0_D10', 'FE0_C1': 'FE0_C1', 'FE0_C0': 'FE0_C0'}
  
  QG-utils, psi_tables, unique_tables:
  {'FE1_C0': array([[-0.22572700066794837, 0.33258764579152805, -0.12609448040868837,
          0.10530003423051591, -0.091733712916663199, 0.24652144684612071,
          0.28738234374803473, -0.92948035205949597, 0.8328950811404503,
          2.2343700072011208, 2.8959192737801374, -1.8774672563591612,
          -0.68123779684504371, 0.89556434304524446, -1.2042696643742827],
         [-0.16128786333934439, 0.59689270626796376, -0.6071680804725077,
          0.16128786333934764, -0.59689270626796964, 0.60716808047250459,
          0.35182148107663602, -0.18346742583332576, 0.3518214810766363,
          0.87189441351102093, 0.17797470189043602, 6.2021058945578158,
          1.6671699198784318e-14, -0.35594940378087159,
          3.0458070564197476e-14],
         [-0.10530003423051545, 0.091733712916662935, -0.24652144684612076,
          0.22572700066794749, -0.33258764579152772, 0.12609448040868845,
          0.83289508114044541, -0.92948035205948687, 0.28738234374803129,
          1.553132210356081, -3.7914836168253734, -3.081736920733444,
          0.68123779684504104, 0.8955643430452398, 1.2042696643742832],
         [0.015661083139564554, -0.17581224710182836, 0.37261621444437226,
          -0.14291199833236742, 0.4303140774874345, -0.2453652992515695,
          -0.45636785439091054, 0.072342686891925523, 0.12005615707484055,
          4.1759861457662701, -4.2197173436554172, 1.7913013441735806,
          -0.71983988036017554, 0.20533789866104202, -1.2725091519279852],
         [0.083751639946537754, 0.10346956020990222, -0.1357172402144039,
          -0.083751639946537559, -0.10346956020990272, 0.13571724021440401,
          -0.38827729758393714, 0.86062815497486933, -0.38827729758393725,
          2.7363063850459128, 0.55854620194017246, -2.9218682633538329, 0,
          -1.1170924038803507, 0],
         [0.14291199833236701, -0.43031407748743383, 0.24536529925156972,
          -0.015661083139564498, 0.17581224710182863, -0.37261621444437226,
          0.12005615707483971, 0.072342686891926578, -0.45636785439091127,
          3.4561462654060917, 4.0143794449943764, 0.5187921922455988,
          0.71983988036017366, 0.20533789866104202, 1.2725091519279812]], dtype=object), 'FE1_C1': array([[0.60716808047250814, -0.59689270626796598, 0.1612878633393455,
          0.35182148107663441, -0.18346742583332418, 0.35182148107663369,
          0.16128786333934814, -0.59689270626797053, 0.60716808047250603,
          1.5865780911283878e-14, -0.17797470189041492, -0.30826122613616835,
          0.87189441351102714, 5.4601686125934874, -2.9469223342108184],
         [0.12609448040868795, -0.33258764579152861, 0.22572700066794893,
          0.28738234374803584, -0.92948035205949608, 0.83289508114045119,
          0.10530003423051638, -0.09173371291666331, 0.24652144684612159,
          -0.68123779684504515, -0.59514595083247079, 1.3777163039878508,
          2.2343700072011221, -0.17797470189043055, 3.4466732865821634],
         [0.24652144684612062, -0.091733712916663074, 0.1053000342305148,
          0.83289508114044597, -0.92948035205948654, 0.28738234374803107,
          0.2257270006679471, -0.33258764579152744, 0.12609448040868801,
          0.68123779684504027, 1.4907102938777024, 0.17344663961355347,
          1.553132210356083, -4.5646042695482745, -1.7426526698365508],
         [0.13571724021440501, -0.10346956020990383, -0.083751639946537046,
          -0.38827729758393731, 0.86062815497486922, -0.38827729758393759,
          -0.083751639946537421, -0.10346956020990319, 0.13571724021440498,
          0, -0.55854620194017512, -0.96743040013500892, 2.7363063850459195,
          -2.2511390416058537, 1.9446493317444236],
         [-0.37261621444437321, 0.17581224710183022, -0.015661083139565025,
          -0.45636785439090988, 0.072342686891925939, 0.12005615707484055,
          -0.14291199833236723, 0.43031407748743505, -0.24536529925157058,
          -0.71983988036017388, -0.99935630278730037, 0.81408241256416869,
          4.1759861457662666, -0.55854620194017346, -4.5500330884821736],
         [-0.24536529925157022, 0.43031407748743539, -0.14291199833236792,
          0.12005615707484001, 0.072342686891925079, -0.45636785439090943,
          -0.015661083139564921, 0.17581224710182911, -0.37261621444437321,
          0.7198398803601761, 1.2046942014483473, -0.45842673936381911,
          3.4561462654060913, 2.4564769402668953, 3.2171584836724074]], dtype=object), 'FE1_C1_D10': array([[10.101087679010009, -5.7574429632921049, 1.7907476897549031,
          -0.021689692393999725, 0.10407417947385125, -0.26580392483989607,
          4.7529284384342443, -11.681804460650792, 7.138906930330652,
          16.756624755930712, 27.378817781785102, -11.822111524362853,
          -16.831893360509522, -22.000248585841845, 13.761416729676984],
         [0.632753871377701, -2.6013316940813129, 2.8427847794918213,
          2.3294268773016489, -3.3230298032773646, -5.8049655281711541,
          1.8598264416577233, -0.63541501841312042, 1.6157122092118068,
          -5.5604520504506061, 0.046092418717460504, 19.739001167743737,
          16.756624755930613, 5.1941995210739442, 29.621807486792356],
         [1.1507889751399325, -0.36974459894346984, 0.73072715891173945,
          -11.562274986092961, 6.6872894314357927, -1.9235828994897004,
          1.3815974724087847, -1.6714852259375645, 0.4999186616428769,
          3.6818784987741004, 9.0187236169210934, 2.6034812539881287,
          14.953319808833053, -32.353728539106015, -17.082296973047281],
         [-0.03450653717326059, -0.013416809313161443, -0.79373186720448863,
          -2.5655189125616067, -1.5434417461750063, -2.0117702470269636,
          -0.97634244359681943, 0.35180434347149725, 0.14810403921906834,
          -1.03300141506717, -5.4957592163867526, -5.866722661100324,
          19.69260175322076, -6.7049858401289226, 14.541202232398234],
         [-2.0890186793857417, 0.67142057142433664, -0.56545274029199444,
          1.9064081029934079, -0.30619941863967409, 0.74806331668432369,
          -1.6041100426061845, 2.748735176052719, -1.0503613770715436,
          -5.8755329743621276, -11.42662490818517, 0.98165114627436445,
          -1.0330014150671754, 33.505754576225037, -1.8261057639232343],
         [0.0042703740714476607, 2.1460884611138731, 0.95713849588395727,
          3.3490634693369845, -2.0958466929728479, 1.0950552246739211,
          2.7491041918717243, -1.4378429308616605, -1.7876953219163214,
          10.136888762292616, 24.830205046969827, 7.16786278395083,
          -15.43124596529028, 16.780845568863352, -7.0081182956627668]], dtype=object), 'FE0_C0_D01': array([[-1.,  1.],
         [-1.,  1.],
         [-1.,  1.],
         [-1.,  1.],
         [-1.,  1.],
         [-1.,  1.]]), 'FE1_C1_D01': array([[2.9621807486793523, 5.9243614973586833, -2.9621807486793381,
          0.24411423244589453, -1.1768364061026659e-14, -0.24411423244589225,
          2.9621807486793457, -5.9243614973586904, -2.9621807486793563,
          33.513249511861382, 51.306475579148668, -29.621807486792424,
          -16.756624755930716, -23.010045610320027, 19.389046892033374],
         [0.13283520973481244, -0.92984646814372818, 1.4611873070830139,
          4.2530097767913579, -10.010319234713194, 5.7573094579218447,
          1.1290992827459692, -0.26567041946963721, 0.46492323407186209,
          -1.8785735516764897, 2.3007733229476903, 10.626816778785221,
          -1.8785735516765287, 4.3226797527477281, 2.1736925672156486],
         [-0.46492323407186542, 0.26567041946964198, -1.1290992827459641,
          -5.7573094579218278, 10.01031923471316, -4.2530097767913411,
          -1.4611873070830113, 0.92984646814373439, -0.13283520973482066,
          -1.8785735516764719, -8.0527066303168073, -7.3059365354148227,
          3.7571471033529984, 7.7738397371691734, 12.136333297326804],
         [-0.18261057639232881, -0.36522115278465861, 0.18261057639232903,
          -0.55374866553464375, 0, 0.55374866553464019, -0.18261057639232869,
          0.36522115278465633, 0.18261057639233147, -2.0660028301343281,
          -3.1629079631094097, 1.8261057639232279, 1.0330014150671647,
          6.9077063614820471, 8.3122868540072048],
         [-0.3013233574694234, 2.1092635022859976, -3.3145569321637232,
          0.81135287831948921, 1.7896472743331635, -2.6010001526526652,
          -2.5612485384901533, 0.60264671493885491, -1.0546317511429981,
          4.2613557879304711, -5.2190736464427525, -24.105868597553563,
          4.2613557879305155, 12.83857205328046, 34.289993391692498],
         [1.0546317511429952, -0.6026467149388548, 2.5612485384901498,
          2.6010001526526625, -1.7896472743331682, -0.81135287831948866,
          3.3145569321637209, -2.109263502285998, 0.30132335746942551,
          4.2613557879304658, 18.266757762549506, 16.57278466081808,
          -8.5227115758609848, 5.0099615836164393, 11.690741581485989]], dtype=object), 'FE1_C0_D01': array([[-2.8427847794918146, 2.6013316940813116, -0.63275387137770478,
          1.8598264416577144, -0.63541501841311776, 1.6157122092117984,
          2.3294268773016422, -3.3230298032773584, -5.8049655281711541,
          16.756624755930606, 28.250337550111205, -10.312595005821199,
          -5.5604520504505954, 17.117522665955445, -9.8295833783406206],
         [-1.7907476897548973, 5.7574429632920721, -10.10108767901,
          4.7529284384342585, -11.681804460650797, 7.1389069303306414,
          -0.021689692393989102, 0.10407417947384556, -0.26580392483987536,
          -16.83189336050966, 0.91761218704344683, -25.933482529750144,
          16.756624755930776, 3.451159984421619, 29.621807486792584],
         [-0.73072715891173889, 0.36974459894346978, -1.1507889751399314,
          1.3815974724087905, -1.6714852259375714, 0.49991866164287968,
          -11.562274986092966, 6.6872894314357882, -1.9235828994896984,
          14.95331980883304, -30.970567403201986, -19.478002335487815,
          3.6818784987741173, 6.7640427126908378, 6.5087031349702826],
         [0.56545274029199499, -0.67142057142433176, 2.0890186793857395,
          -1.6041100426061892, 2.7487351760527234, -1.0503613770715445,
          1.906408102993409, -0.30619941863967459, 0.74806331668432002,
          -1.0330014150671394, 15.171423306557839, 29.929887517939225,
          -5.8755329743621445, -4.8631776237648996, -10.386573023141594],
         [0.79373186720449285, 0.013416809313154587, 0.034506537173266238,
          -0.9763424435968211, 0.3518043434715028, 0.14810403921906223,
          -2.5655189125616049, -1.5434417461750041, -2.0117702470269663,
          19.692601753220746, 9.2405576147593997, -13.077289185765691,
          -1.0330014150671689, -7.8286104696640955, -1.8261057639232379],
         [-0.95713849588396949, -2.1460884611138527, -0.0042703740714600258,
          2.7491041918717314, -1.437842930861672, -1.7876953219163045,
          3.3490634693369841, -2.0958466929728408, 1.0950552246739169,
          -15.431245965290266, 2.3212143076612191, 18.036697707450578,
          10.136888762292593, 18.622653785227406, 17.919656959877031]], dtype=object), 'FE1_C0_D10': array([[-1.4611873070830135, 0.92984646814373506, -0.13283520973482055,
          1.1290992827459649, -0.2656704194696396, 0.46492323407186609,
          4.2530097767913473, -10.010319234713181, 5.7573094579218331,
          -1.8785735516764903, 4.0438128596000427, 2.6567041946962977,
          -1.8785735516764914, 10.353479953264523, -3.3208802433703526],
         [2.9621807486793235, -5.9243614973586851, -2.9621807486793488,
          2.9621807486793714, -5.9243614973587047, -2.9621807486793408,
          0.24411423244590091, 0, -0.24411423244590003, -16.756624755930773,
          5.2863843585085775, -29.621807486792413, 33.513249511861403,
          1.7871399756601309e-13, 59.243614973584883],
         [1.1290992827459674, -0.26567041946964393, 0.46492323407187053,
          -1.4611873070830126, 0.92984646814373739, -0.13283520973482263,
          -5.7573094579218251, 10.010319234713164, -4.2530097767913357,
          3.7571471033529735, 14.397292812864555, 0.6641760486740762,
          -1.8785735516764686, -10.353479953264548, -3.3208802433703704],
         [3.3145569321637263, -2.1092635022860078, 0.30132335746943573,
          -2.561248538490152, 0.60264671493886302, -1.0546317511430037,
          0.81135287831949832, 1.7896472743331697, -2.6010001526526674,
          4.2613557879304809, 36.11529139944647, -6.0264671493883482,
          4.2613557879304729, -23.485831408992297, 7.5330839367354319],
         [-0.18261057639232905, 0.36522115278465922, 0.18261057639232911,
          -0.18261057639232969, 0.36522115278465828, 0.1826105763923295,
          -0.55374866553464264, 0, 0.55374866553463986, 1.033001415067166,
          10.652504759854693, 1.826105763923227, -2.0660028301343369, 0,
          -3.652211527846462],
         [-2.5612485384901538, 0.60264671493886224, -1.0546317511430061,
          3.314556932163724, -2.1092635022860087, 0.30132335746943029,
          2.601000152652658, -1.7896472743331613, -0.81135287831949876,
          -8.5227115758609724, 12.62945999045416, -1.5066167873471024,
          4.2613557879304755, 23.485831408992283, 7.5330839367354905]], dtype=object), 'FE0_C0': array([[ 0.09157621,  0.81684757,  0.09157621],
         [ 0.09157621,  0.09157621,  0.81684757],
         [ 0.81684757,  0.09157621,  0.09157621],
         [ 0.44594849,  0.10810302,  0.44594849],
         [ 0.44594849,  0.44594849,  0.10810302],
         [ 0.10810302,  0.44594849,  0.44594849]])}
  
  QG-utils, psi_tables, name_map:
  {'FE0_C1_D01': ('FE0_C0_D01', (4, [3, 5]), False, False), 'FE1_C0': ('FE1_C0', (), False, False), 'FE1_C1': ('FE1_C1', (), False, False), 'FE0_C1_D10': ('FE0_C0_D01', (5, [3, 4]), False, False), 'FE1_C1_D10': ('FE1_C1_D10', (), False, False), 'FE0_C0_D10': ('FE0_C0_D01', (2, [0, 1]), False, False), 'FE0_C0_D01': ('FE0_C0_D01', (1, [0, 2]), False, False), 'FE1_C1_D01': ('FE1_C1_D01', (), False, False), 'FE1_C0_D01': ('FE1_C0_D01', (), False, False), 'FE1_C0_D10': ('FE1_C0_D10', (), False, False), 'FE0_C1': ('FE0_C0', (3, [3, 4, 5]), False, False), 'FE0_C0': ('FE0_C0', (0, [0, 1, 2]), False, False)}
  Transforming cell integral
  Reusing element from cache
  Reusing element from cache
  Reusing element from cache
  Reusing element from cache
  Reusing element from cache
  Reusing element from cache
  Reusing element from cache
  Reusing element from cache
  Reusing element from cache
  Reusing element from cache
  Computing tensor representation
  Extracting monomial form representation from UFL form
  Transforming monomial form to reference element
  Reusing element from cache
  Reusing element from cache
  Reusing element from cache
  Reusing element from cache
  Reusing element from cache
  Reusing element from cache
  Precomputing integrals on reference element
  Reusing element from cache
  900 entries computed in 0.00381 seconds
  Shape of reference tensor: (15, 15, 2, 2)
  Primary multi index:   rank = 2 dims = [15, 15] indices = [[0, 0], [0, 1], [0, 2], [0, 3], [0, 4], [0, 5], [0, 6], [0, 7], [0, 8], [0, 9], [0, 10], [0, 11], [0, 12], [0, 13], [0, 14], [1, 0], [1, 1], [1, 2], [1, 3], [1, 4], [1, 5], [1, 6], [1, 7], [1, 8], [1, 9], [1, 10], [1, 11], [1, 12], [1, 13], [1, 14], [2, 0], [2, 1], [2, 2], [2, 3], [2, 4], [2, 5], [2, 6], [2, 7], [2, 8], [2, 9], [2, 10], [2, 11], [2, 12], [2, 13], [2, 14], [3, 0], [3, 1], [3, 2], [3, 3], [3, 4], [3, 5], [3, 6], [3, 7], [3, 8], [3, 9], [3, 10], [3, 11], [3, 12], [3, 13], [3, 14], [4, 0], [4, 1], [4, 2], [4, 3], [4, 4], [4, 5], [4, 6], [4, 7], [4, 8], [4, 9], [4, 10], [4, 11], [4, 12], [4, 13], [4, 14], [5, 0], [5, 1], [5, 2], [5, 3], [5, 4], [5, 5], [5, 6], [5, 7], [5, 8], [5, 9], [5, 10], [5, 11], [5, 12], [5, 13], [5, 14], [6, 0], [6, 1], [6, 2], [6, 3], [6, 4], [6, 5], [6, 6], [6, 7], [6, 8], [6, 9], [6, 10], [6, 11], [6, 12], [6, 13], [6, 14], [7, 0], [7, 1], [7, 2], [7, 3], [7, 4], [7, 5], [7, 6], [7, 7], [7, 8], [7, 9], [7, 10], [7, 11], [7, 12], [7, 13], [7, 14], [8, 0], [8, 1], [8, 2], [8, 3], [8, 4], [8, 5], [8, 6], [8, 7], [8, 8], [8, 9], [8, 10], [8, 11], [8, 12], [8, 13], [8, 14], [9, 0], [9, 1], [9, 2], [9, 3], [9, 4], [9, 5], [9, 6], [9, 7], [9, 8], [9, 9], [9, 10], [9, 11], [9, 12], [9, 13], [9, 14], [10, 0], [10, 1], [10, 2], [10, 3], [10, 4], [10, 5], [10, 6], [10, 7], [10, 8], [10, 9], [10, 10], [10, 11], [10, 12], [10, 13], [10, 14], [11, 0], [11, 1], [11, 2], [11, 3], [11, 4], [11, 5], [11, 6], [11, 7], [11, 8], [11, 9], [11, 10], [11, 11], [11, 12], [11, 13], [11, 14], [12, 0], [12, 1], [12, 2], [12, 3], [12, 4], [12, 5], [12, 6], [12, 7], [12, 8], [12, 9], [12, 10], [12, 11], [12, 12], [12, 13], [12, 14], [13, 0], [13, 1], [13, 2], [13, 3], [13, 4], [13, 5], [13, 6], [13, 7], [13, 8], [13, 9], [13, 10], [13, 11], [13, 12], [13, 13], [13, 14], [14, 0], [14, 1], [14, 2], [14, 3], [14, 4], [14, 5], [14, 6], [14, 7], [14, 8], [14, 9], [14, 10], [14, 11], [14, 12], [14, 13], [14, 14]]
  Secondary multi index: rank = 2 dims = [2, 2] indices = [[0, 0], [0, 1], [1, 0], [1, 1]]
  Internal multi index:  rank = 0 dims = [] indices = [[]]
  Secondary multi index: rank = 2 dims = [2, 2] indices = [[0, 0], [0, 1], [1, 0], [1, 1]]
  External multi index:  rank = 1 dims = [2] indices = [[0], [1]]
  Reusing element from cache
  Computing representation of forms
  
Compiler stage 2 finished in 0.133233 seconds.

Compiler stage 3: Optimizing intermediate representation
--------------------------------------------------------
  Optimising expressions for cell integral
  FErari not installed, skipping tensor optimizations
  
Compiler stage 3 finished in 0.00293708 seconds.

Compiler stage 4: Generating code
---------------------------------
  Generating code for 1 element(s)
  Removing unused variable: tmp7
  Removing unused variable: tmp6
  Removing unused variable: tmp5
  Removing unused variable: tt
  Removing unused variable: ss
  Removing unused variable: rr
  Removing unused variable: tmp7
  Removing unused variable: tmp6
  Removing unused variable: tmp5
  Removing unused variable: tt
  Removing unused variable: ss
  Removing unused variable: rr
  Removing unused variable: tmp7
  Removing unused variable: tmp6
  Removing unused variable: tmp5
  Removing unused variable: tt
  Removing unused variable: ss
  Removing unused variable: rr
  Removing unused variable: tmp7
  Removing unused variable: tmp6
  Removing unused variable: tmp5
  Removing unused variable: tt
  Removing unused variable: ss
  Removing unused variable: rr
  Removing unused variable: tmp7
  Removing unused variable: tmp6
  Removing unused variable: tmp5
  Removing unused variable: tt
  Removing unused variable: ss
  Removing unused variable: rr
  Removing unused variable: tmp7
  Removing unused variable: tmp6
  Removing unused variable: tmp5
  Removing unused variable: tt
  Removing unused variable: ss
  Removing unused variable: rr
  Removing unused variable: tmp7
  Removing unused variable: tmp6
  Removing unused variable: tmp5
  Removing unused variable: tt
  Removing unused variable: ss
  Removing unused variable: rr
  Removing unused variable: tmp7
  Removing unused variable: tmp6
  Removing unused variable: tmp5
  Removing unused variable: tt
  Removing unused variable: ss
  Removing unused variable: rr
  Removing unused variable: tmp7
  Removing unused variable: tmp6
  Removing unused variable: tmp5
  Removing unused variable: tt
  Removing unused variable: ss
  Removing unused variable: rr
  Removing unused variable: tmp7
  Removing unused variable: tmp6
  Removing unused variable: tmp5
  Removing unused variable: tt
  Removing unused variable: ss
  Removing unused variable: rr
  Removing unused variable: tmp7
  Removing unused variable: tmp6
  Removing unused variable: tmp5
  Removing unused variable: tt
  Removing unused variable: ss
  Removing unused variable: rr
  Removing unused variable: tmp7
  Removing unused variable: tmp6
  Removing unused variable: tmp5
  Removing unused variable: tt
  Removing unused variable: ss
  Removing unused variable: rr
  Removing unused variable: tmp7
  Removing unused variable: tmp6
  Removing unused variable: tmp5
  Removing unused variable: tt
  Removing unused variable: ss
  Removing unused variable: rr
  Removing unused variable: tmp7
  Removing unused variable: tmp6
  Removing unused variable: tmp5
  Removing unused variable: tt
  Removing unused variable: ss
  Removing unused variable: rr
  Removing unused variable: tmp7
  Removing unused variable: tmp6
  Removing unused variable: tmp5
  Removing unused variable: tt
  Removing unused variable: ss
  Removing unused variable: rr
  Removing unused variable: tmp7
  Removing unused variable: tmp6
  Removing unused variable: tmp5
  Removing unused variable: tt
  Removing unused variable: ss
  Removing unused variable: rr
  Removing unused variable: tmp7
  Removing unused variable: tmp6
  Removing unused variable: tmp5
  Removing unused variable: tt
  Removing unused variable: ss
  Removing unused variable: rr
  Removing unused variable: tmp7
  Removing unused variable: tmp6
  Removing unused variable: tmp5
  Removing unused variable: tt
  Removing unused variable: ss
  Removing unused variable: rr
  Removing unused variable: tmp7
  Removing unused variable: tmp6
  Removing unused variable: tmp5
  Removing unused variable: tt
  Removing unused variable: ss
  Removing unused variable: rr
  Removing unused variable: tmp7
  Removing unused variable: tmp6
  Removing unused variable: tmp5
  Removing unused variable: tt
  Removing unused variable: ss
  Removing unused variable: rr
  Removing unused variable: tmp7
  Removing unused variable: tmp6
  Removing unused variable: tmp5
  Removing unused variable: tt
  Removing unused variable: ss
  Removing unused variable: rr
  Removing unused variable: tmp7
  Removing unused variable: tmp6
  Removing unused variable: tmp5
  Removing unused variable: tt
  Removing unused variable: ss
  Removing unused variable: rr
  Removing unused variable: tmp7
  Removing unused variable: tmp6
  Removing unused variable: tmp5
  Removing unused variable: tt
  Removing unused variable: ss
  Removing unused variable: rr
  Removing unused variable: tmp7
  Removing unused variable: tmp6
  Removing unused variable: tmp5
  Removing unused variable: tt
  Removing unused variable: ss
  Removing unused variable: rr
  Removing unused variable: tmp7
  Removing unused variable: tmp6
  Removing unused variable: tmp5
  Removing unused variable: tt
  Removing unused variable: ss
  Removing unused variable: rr
  Removing unused variable: tmp7
  Removing unused variable: tmp6
  Removing unused variable: tmp5
  Removing unused variable: tt
  Removing unused variable: ss
  Removing unused variable: rr
  Removing unused variable: tmp7
  Removing unused variable: tmp6
  Removing unused variable: tmp5
  Removing unused variable: tt
  Removing unused variable: ss
  Removing unused variable: rr
  Removing unused variable: tmp7
  Removing unused variable: tmp6
  Removing unused variable: tmp5
  Removing unused variable: tt
  Removing unused variable: ss
  Removing unused variable: rr
  Removing unused variable: tmp7
  Removing unused variable: tmp6
  Removing unused variable: tmp5
  Removing unused variable: tt
  Removing unused variable: ss
  Removing unused variable: rr
  Removing unused variable: tmp7
  Removing unused variable: tmp6
  Removing unused variable: tmp5
  Removing unused variable: tt
  Removing unused variable: ss
  Removing unused variable: rr
  Generating code for 1 dofmap(s)
  Generating code for integrals
  Removing unused variable: circumradius
  Removing unused variable: v0v1
  Removing unused variable: v0v2
  Removing unused variable: v1v2
  Removing unused variable: volume
  Generating code for forms
  
Compiler stage 4 finished in 0.351271 seconds.

Compiler stage 4.1: Generating additional wrapper code
------------------------------------------------------
  Generating wrapper code for DOLFIN
  
Compiler stage 4.1 finished in 0.00058794 seconds.

Compiler stage 5: Formatting code
---------------------------------
  Output written to ./Forms.h.
  
Compiler stage 5 finished in 0.00120091 seconds.

[1;37;32mFFC finished in 0.55508 seconds.[0m
