This is FFC, the FEniCS Form Compiler, version 0.9.10.
For further information, visit http://www.fenics.org/ffc/.

Compiling form Biharmonic

Compiler stage 1: Analyzing form(s)
-----------------------------------
  
  Name:                             'a'
  Rank:                             2
  Cell:                             <triangle cell in R2>
  Topological dimension:            2
  Geometric dimension:              2
  Number of facets:                 3
  Number of coefficients:           1
  Number of cell domains:           1
  Number of exterior facet domains: 0
  Number or interior facet domains: 1
  Number of macro cell domains:     0
  Number of surface domains:        0
  Arguments:                        '[v_0, v_1]'
  Coefficients:                     '[c_0]'
  Argument names:                   '[v, u]'
  Coefficient names:                '[alpha]'
  Unique elements:                  'CG2(?), DG0(?)'
  Unique sub elements:              'CG2(?), DG0(?)'
  
  Extracting monomial form representation from UFL form
  Transforming monomial form to reference element
  Reusing element from cache
  Estimated cost of tensor representation: 4
  representation:    auto --> quadrature
  Selecting quadrature degree based on total polynomial degree of integrand: 0
  quadrature_degree: auto --> 0
  quadrature_rule:   auto --> default
  Extracting monomial form representation from UFL form
  Monomial extraction failed: No handler defined for terminal Circumradius.
  Estimated cost of tensor representation: -1
  representation:    auto --> quadrature
  Selecting quadrature degree based on total polynomial degree of integrand: 2
  quadrature_degree: auto --> 2
  quadrature_rule:   auto --> default
  
  Name:                             'L'
  Rank:                             1
  Cell:                             <triangle cell in R2>
  Topological dimension:            2
  Geometric dimension:              2
  Number of facets:                 3
  Number of coefficients:           1
  Number of cell domains:           1
  Number of exterior facet domains: 0
  Number or interior facet domains: 0
  Number of macro cell domains:     0
  Number of surface domains:        0
  Arguments:                        '[v_0]'
  Coefficients:                     '[w_0]'
  Argument names:                   '[v]'
  Coefficient names:                '[f]'
  Unique elements:                  'CG2(?)'
  Unique sub elements:              'CG2(?)'
  
  Extracting monomial form representation from UFL form
  Transforming monomial form to reference element
  Reusing element from cache
  Reusing element from cache
  Estimated cost of tensor representation: 1
  representation:    auto --> tensor
  Selecting quadrature degree based on total polynomial degree of integrand: 4
  quadrature_degree: auto --> 4
  quadrature_rule:   auto --> default
  
Compiler stage 1 finished in 0.0827549 seconds.

Compiler stage 2: Computing intermediate representation
-------------------------------------------------------
  Computing representation of 2 elements
  Reusing element from cache
  Computing representation of 2 dofmaps
  Reusing element from cache
  Reusing element from cache
  Computing representation of integrals
  Computing quadrature representation
  Reusing element from cache
  Reusing element from cache
  Reusing element from cache
  
  QG-utils, psi_tables:
  {1: {FiniteElement('Lagrange', Cell('triangle', Space(2)), 2, None): {None: {(0, 1): array([[-0.333333333333],
         [-4.16333634234e-17],
         [0.333333333333],
         [1.33333333333],
         [2.77555756156e-16],
         [-1.33333333333]], dtype=object), (0, 0): array([[-0.111111111111],
         [-0.111111111111],
         [-0.111111111111],
         [0.444444444444],
         [0.444444444444],
         [0.444444444444]], dtype=object), (0, 2): array([[4.0],
         [6.66133814775e-16],
         [4.0],
         [4.4408920985e-16],
         [-8.0],
         [6.66133814775e-16]], dtype=object), (2, 0): array([[4.0],
         [4.0],
         [0.0],
         [5.80155714351e-16],
         [-5.80155714351e-16],
         [-8.0]], dtype=object), (1, 0): array([[-0.333333333333],
         [0.333333333333],
         [0.0],
         [1.33333333333],
         [-1.33333333333],
         [3.23108063566e-16]], dtype=object), (1, 1): array([[4.0],
         [-4.4408920985e-16],
         [0.0],
         [4.0],
         [-4.0],
         [-4.0]], dtype=object)}}}}
  
  QG-utils, psi_tables, flat_tables:
  {'FE0_D10': array([[-0.333333333333, 0.333333333333, 0.0, 1.33333333333,
          -1.33333333333, 3.23108063566e-16]], dtype=object), 'FE0_D02': array([[4.0, 6.66133814775e-16, 4.0, 4.4408920985e-16, -8.0,
          6.66133814775e-16]], dtype=object), 'FE0_D01': array([[-0.333333333333, -4.16333634234e-17, 0.333333333333, 1.33333333333,
          2.77555756156e-16, -1.33333333333]], dtype=object), 'FE0_D11': array([[4.0, -4.4408920985e-16, 0.0, 4.0, -4.0, -4.0]], dtype=object), 'FE0_D20': array([[4.0, 4.0, 0.0, 5.80155714351e-16, -5.80155714351e-16, -8.0]], dtype=object), 'FE0': array([[-0.111111111111, -0.111111111111, -0.111111111111, 0.444444444444,
          0.444444444444, 0.444444444444]], dtype=object)}
  
  tables: {'FE0_D10': array([[-0.333333333333, 0.333333333333, 0.0, 1.33333333333,
          -1.33333333333, 3.23108063566e-16]], dtype=object), 'FE0_D02': array([[4.0, 6.66133814775e-16, 4.0, 4.4408920985e-16, -8.0,
          6.66133814775e-16]], dtype=object), 'FE0_D01': array([[-0.333333333333, -4.16333634234e-17, 0.333333333333, 1.33333333333,
          2.77555756156e-16, -1.33333333333]], dtype=object), 'FE0_D11': array([[4.0, -4.4408920985e-16, 0.0, 4.0, -4.0, -4.0]], dtype=object), 'FE0_D20': array([[4.0, 4.0, 0.0, 5.80155714351e-16, -5.80155714351e-16, -8.0]], dtype=object), 'FE0': array([[-0.111111111111, -0.111111111111, -0.111111111111, 0.444444444444,
          0.444444444444, 0.444444444444]], dtype=object)}
  
  name_map: {}
  
  inv_name_map: {'FE0_D10': 'FE0_D10', 'FE0_D02': 'FE0_D02', 'FE0_D01': 'FE0_D01', 'FE0_D11': 'FE0_D11', 'FE0_D20': 'FE0_D20', 'FE0': 'FE0'}
  
  QG-utils, psi_tables, unique_tables:
  {'FE0_D02': array([[4.0, 4.0, -8.0]], dtype=object), 'FE0_D01': array([[-0.333333333333, 0.333333333333, 1.33333333333, -1.33333333333]], dtype=object), 'FE0_D11': array([[4.0, 4.0, -4.0, -4.0]], dtype=object), 'FE0': array([[-0.111111111111, -0.111111111111, -0.111111111111, 0.444444444444,
          0.444444444444, 0.444444444444]], dtype=object)}
  
  QG-utils, psi_tables, name_map:
  {'FE0_D10': ('FE0_D01', (2, [0, 1, 3, 4]), False, False), 'FE0_D02': ('FE0_D02', (1, [0, 2, 4]), False, False), 'FE0_D01': ('FE0_D01', (0, [0, 2, 3, 5]), False, False), 'FE0_D11': ('FE0_D11', (3, [0, 3, 4, 5]), False, False), 'FE0_D20': ('FE0_D02', (4, [0, 1, 5]), False, False), 'FE0': ('FE0', (), False, False)}
  Transforming cell integral
  Reusing element from cache
  Reusing element from cache
  Reusing element from cache
  Reusing element from cache
  Reusing element from cache
  Reusing element from cache
  Reusing element from cache
  Reusing element from cache
  Computing quadrature representation
  Reusing element from cache
  Reusing element from cache
  Reusing element from cache
  Reusing element from cache
  
  QG-utils, psi_tables:
  {2: {FiniteElement('Discontinuous Lagrange', Cell('triangle', Space(2)), 0, None): {0: {(0, 0): array([[1.0, 1.0]], dtype=object)}, 1: {(0, 0): array([[1.0, 1.0]], dtype=object)}, 2: {(0, 0): array([[1.0, 1.0]], dtype=object)}}, FiniteElement('Lagrange', Cell('triangle', Space(2)), 2, None): {0: {(0, 1): array([[1.0, 1.0],
         [2.22044604925e-16, 4.4408920985e-16],
         [-0.154700538379, 2.15470053838],
         [3.15470053838, 0.845299461621],
         [-0.845299461621, -3.15470053838],
         [-3.15470053838, -0.845299461621]], dtype=object), (0, 0): array([[1.38777878078e-16, 1.73472347598e-16],
         [0.455341801261, -0.122008467928],
         [-0.122008467928, 0.455341801261],
         [0.666666666667, 0.666666666667],
         [-6.24500451352e-17, -1.11022302463e-16],
         [3.46944695195e-17, 1.45716771982e-16]], dtype=object), (0, 2): array([[4.0, 4.0],
         [1.11022302463e-15, 8.881784197e-16],
         [4.0, 4.0],
         [4.88498130835e-15, -3.10862446895e-15],
         [-8.0, -8.0],
         [-1.55431223448e-15, 1.55431223448e-15]], dtype=object), (2, 0): array([[4.0, 4.0],
         [4.0, 4.0],
         [0.0, 0.0],
         [4.92763903431e-17, 2.56142432424e-15],
         [-4.92763903431e-17, -2.56142432424e-15],
         [-8.0, -8.0]], dtype=object), (1, 0): array([[1.0, 1.0],
         [2.15470053838, -0.154700538379],
         [0.0, 0.0],
         [0.845299461621, 3.15470053838],
         [-0.845299461621, -3.15470053838],
         [-3.15470053838, -0.845299461621]], dtype=object), (1, 1): array([[4.0, 4.0],
         [1.33226762955e-15, 4.4408920985e-16],
         [0.0, 0.0],
         [4.0, 4.0],
         [-4.0, -4.0],
         [-4.0, -4.0]], dtype=object)}, 1: {(0, 1): array([[-2.15470053838, 0.154700538379],
         [-1.11022302463e-16, -1.11022302463e-16],
         [-0.154700538379, 2.15470053838],
         [0.0, -1.11022302463e-15],
         [2.30940107676, -2.30940107676],
         [2.77555756156e-16, 6.66133814775e-16]], dtype=object), (0, 0): array([[0.455341801261, -0.122008467928],
         [-6.93889390391e-18, 1.11022302463e-16],
         [-0.122008467928, 0.455341801261],
         [-6.93889390391e-17, -8.32667268469e-17],
         [0.666666666667, 0.666666666667],
         [3.46944695195e-17, 1.17961196366e-16]], dtype=object), (0, 2): array([[4.0, 4.0],
         [-1.55431223448e-15, 0.0],
         [4.0, 4.0],
         [1.7763568394e-15, -4.88498130835e-15],
         [-8.0, -8.0],
         [1.11022302463e-15, 3.10862446895e-15]], dtype=object), (2, 0): array([[4.0, 4.0],
         [4.0, 4.0],
         [0.0, 0.0],
         [4.92763903431e-17, 2.56142432424e-15],
         [-4.92763903431e-17, -2.56142432424e-15],
         [-8.0, -8.0]], dtype=object), (1, 0): array([[-2.15470053838, 0.154700538379],
         [-1.0, -1.0],
         [0.0, 0.0],
         [0.845299461621, 3.15470053838],
         [-0.845299461621, -3.15470053838],
         [3.15470053838, 0.845299461621]], dtype=object), (1, 1): array([[4.0, 4.0],
         [-1.11022302463e-15, -1.99840144433e-15],
         [0.0, 0.0],
         [4.0, 4.0],
         [-4.0, -4.0],
         [-4.0, -4.0]], dtype=object)}, 2: {(0, 1): array([[-2.15470053838, 0.154700538379],
         [-1.11022302463e-16, -1.11022302463e-16],
         [-1.0, -1.0],
         [0.845299461621, 3.15470053838],
         [3.15470053838, 0.845299461621],
         [-0.845299461621, -3.15470053838]], dtype=object), (0, 0): array([[0.455341801261, -0.122008467928],
         [-0.122008467928, 0.455341801261],
         [0.0, 0.0],
         [-2.77555756156e-17, 2.77555756156e-17],
         [0.0, -5.55111512313e-17],
         [0.666666666667, 0.666666666667]], dtype=object), (0, 2): array([[4.0, 4.0],
         [-1.11022302463e-15, 1.33226762955e-15],
         [4.0, 4.0],
         [2.22044604925e-15, 3.10862446895e-15],
         [-8.0, -8.0],
         [1.11022302463e-15, 4.4408920985e-16]], dtype=object), (2, 0): array([[4.0, 4.0],
         [4.0, 4.0],
         [0.0, 0.0],
         [-8.70233571527e-16, -8.70233571527e-16],
         [8.70233571527e-16, 8.70233571527e-16],
         [-8.0, -8.0]], dtype=object), (1, 0): array([[-2.15470053838, 0.154700538379],
         [-0.154700538379, 2.15470053838],
         [0.0, 0.0],
         [-1.33226762955e-15, -1.66533453694e-15],
         [1.33226762955e-15, 1.66533453694e-15],
         [2.30940107676, -2.30940107676]], dtype=object), (1, 1): array([[4.0, 4.0],
         [-2.6645352591e-15, -1.7763568394e-15],
         [0.0, 0.0],
         [4.0, 4.0],
         [-4.0, -4.0],
         [-4.0, -4.0]], dtype=object)}}}}
  
  QG-utils, psi_tables, flat_tables:
  {'FE1_f0': array([[1.0],
         [1.0]], dtype=object), 'FE0_f0': array([[1.38777878078e-16, 0.455341801261, -0.122008467928, 0.666666666667,
          -6.24500451352e-17, 3.46944695195e-17],
         [1.73472347598e-16, -0.122008467928, 0.455341801261, 0.666666666667,
          -1.11022302463e-16, 1.45716771982e-16]], dtype=object), 'FE0_f1': array([[0.455341801261, -6.93889390391e-18, -0.122008467928,
          -6.93889390391e-17, 0.666666666667, 3.46944695195e-17],
         [-0.122008467928, 1.11022302463e-16, 0.455341801261,
          -8.32667268469e-17, 0.666666666667, 1.17961196366e-16]], dtype=object), 'FE0_f2': array([[0.455341801261, -0.122008467928, 0.0, -2.77555756156e-17, 0.0,
          0.666666666667],
         [-0.122008467928, 0.455341801261, 0.0, 2.77555756156e-17,
          -5.55111512313e-17, 0.666666666667]], dtype=object), 'FE0_f0_D20': array([[4.0, 4.0, 0.0, 4.92763903431e-17, -4.92763903431e-17, -8.0],
         [4.0, 4.0, 0.0, 2.56142432424e-15, -2.56142432424e-15, -8.0]], dtype=object), 'FE0_f2_D02': array([[4.0, -1.11022302463e-15, 4.0, 2.22044604925e-15, -8.0,
          1.11022302463e-15],
         [4.0, 1.33226762955e-15, 4.0, 3.10862446895e-15, -8.0,
          4.4408920985e-16]], dtype=object), 'FE0_f2_D01': array([[-2.15470053838, -1.11022302463e-16, -1.0, 0.845299461621,
          3.15470053838, -0.845299461621],
         [0.154700538379, -1.11022302463e-16, -1.0, 3.15470053838,
          0.845299461621, -3.15470053838]], dtype=object), 'FE0_f0_D01': array([[1.0, 2.22044604925e-16, -0.154700538379, 3.15470053838,
          -0.845299461621, -3.15470053838],
         [1.0, 4.4408920985e-16, 2.15470053838, 0.845299461621,
          -3.15470053838, -0.845299461621]], dtype=object), 'FE0_f0_D10': array([[1.0, 2.15470053838, 0.0, 0.845299461621, -0.845299461621,
          -3.15470053838],
         [1.0, -0.154700538379, 0.0, 3.15470053838, -3.15470053838,
          -0.845299461621]], dtype=object), 'FE0_f0_D11': array([[4.0, 1.33226762955e-15, 0.0, 4.0, -4.0, -4.0],
         [4.0, 4.4408920985e-16, 0.0, 4.0, -4.0, -4.0]], dtype=object), 'FE0_f2_D20': array([[4.0, 4.0, 0.0, -8.70233571527e-16, 8.70233571527e-16, -8.0],
         [4.0, 4.0, 0.0, -8.70233571527e-16, 8.70233571527e-16, -8.0]], dtype=object), 'FE0_f1_D11': array([[4.0, -1.11022302463e-15, 0.0, 4.0, -4.0, -4.0],
         [4.0, -1.99840144433e-15, 0.0, 4.0, -4.0, -4.0]], dtype=object), 'FE0_f1_D10': array([[-2.15470053838, -1.0, 0.0, 0.845299461621, -0.845299461621,
          3.15470053838],
         [0.154700538379, -1.0, 0.0, 3.15470053838, -3.15470053838,
          0.845299461621]], dtype=object), 'FE0_f2_D10': array([[-2.15470053838, -0.154700538379, 0.0, -1.33226762955e-15,
          1.33226762955e-15, 2.30940107676],
         [0.154700538379, 2.15470053838, 0.0, -1.66533453694e-15,
          1.66533453694e-15, -2.30940107676]], dtype=object), 'FE0_f2_D11': array([[4.0, -2.6645352591e-15, 0.0, 4.0, -4.0, -4.0],
         [4.0, -1.7763568394e-15, 0.0, 4.0, -4.0, -4.0]], dtype=object), 'FE1_f2': array([[1.0],
         [1.0]], dtype=object), 'FE0_f1_D20': array([[4.0, 4.0, 0.0, 4.92763903431e-17, -4.92763903431e-17, -8.0],
         [4.0, 4.0, 0.0, 2.56142432424e-15, -2.56142432424e-15, -8.0]], dtype=object), 'FE0_f0_D02': array([[4.0, 1.11022302463e-15, 4.0, 4.88498130835e-15, -8.0,
          -1.55431223448e-15],
         [4.0, 8.881784197e-16, 4.0, -3.10862446895e-15, -8.0,
          1.55431223448e-15]], dtype=object), 'FE0_f1_D01': array([[-2.15470053838, -1.11022302463e-16, -0.154700538379, 0.0,
          2.30940107676, 2.77555756156e-16],
         [0.154700538379, -1.11022302463e-16, 2.15470053838,
          -1.11022302463e-15, -2.30940107676, 6.66133814775e-16]], dtype=object), 'FE0_f1_D02': array([[4.0, -1.55431223448e-15, 4.0, 1.7763568394e-15, -8.0,
          1.11022302463e-15],
         [4.0, 0.0, 4.0, -4.88498130835e-15, -8.0, 3.10862446895e-15]], dtype=object), 'FE1_f1': array([[1.0],
         [1.0]], dtype=object)}
  
  tables: {'FE1_f0': array([[1.0],
         [1.0]], dtype=object), 'FE0_f0': array([[1.38777878078e-16, 0.455341801261, -0.122008467928, 0.666666666667,
          -6.24500451352e-17, 3.46944695195e-17],
         [1.73472347598e-16, -0.122008467928, 0.455341801261, 0.666666666667,
          -1.11022302463e-16, 1.45716771982e-16]], dtype=object), 'FE0_f1': array([[0.455341801261, -6.93889390391e-18, -0.122008467928,
          -6.93889390391e-17, 0.666666666667, 3.46944695195e-17],
         [-0.122008467928, 1.11022302463e-16, 0.455341801261,
          -8.32667268469e-17, 0.666666666667, 1.17961196366e-16]], dtype=object), 'FE0_f2': array([[0.455341801261, -0.122008467928, 0.0, -2.77555756156e-17, 0.0,
          0.666666666667],
         [-0.122008467928, 0.455341801261, 0.0, 2.77555756156e-17,
          -5.55111512313e-17, 0.666666666667]], dtype=object), 'FE0_f0_D20': array([[4.0, 4.0, 0.0, 4.92763903431e-17, -4.92763903431e-17, -8.0],
         [4.0, 4.0, 0.0, 2.56142432424e-15, -2.56142432424e-15, -8.0]], dtype=object), 'FE0_f2_D01': array([[-2.15470053838, -1.11022302463e-16, -1.0, 0.845299461621,
          3.15470053838, -0.845299461621],
         [0.154700538379, -1.11022302463e-16, -1.0, 3.15470053838,
          0.845299461621, -3.15470053838]], dtype=object), 'FE0_f0_D01': array([[1.0, 2.22044604925e-16, -0.154700538379, 3.15470053838,
          -0.845299461621, -3.15470053838],
         [1.0, 4.4408920985e-16, 2.15470053838, 0.845299461621,
          -3.15470053838, -0.845299461621]], dtype=object), 'FE0_f0_D10': array([[1.0, 2.15470053838, 0.0, 0.845299461621, -0.845299461621,
          -3.15470053838],
         [1.0, -0.154700538379, 0.0, 3.15470053838, -3.15470053838,
          -0.845299461621]], dtype=object), 'FE0_f0_D11': array([[4.0, 1.33226762955e-15, 0.0, 4.0, -4.0, -4.0],
         [4.0, 4.4408920985e-16, 0.0, 4.0, -4.0, -4.0]], dtype=object), 'FE0_f1_D10': array([[-2.15470053838, -1.0, 0.0, 0.845299461621, -0.845299461621,
          3.15470053838],
         [0.154700538379, -1.0, 0.0, 3.15470053838, -3.15470053838,
          0.845299461621]], dtype=object), 'FE0_f2_D10': array([[-2.15470053838, -0.154700538379, 0.0, -1.33226762955e-15,
          1.33226762955e-15, 2.30940107676],
         [0.154700538379, 2.15470053838, 0.0, -1.66533453694e-15,
          1.66533453694e-15, -2.30940107676]], dtype=object), 'FE0_f2_D11': array([[4.0, -2.6645352591e-15, 0.0, 4.0, -4.0, -4.0],
         [4.0, -1.7763568394e-15, 0.0, 4.0, -4.0, -4.0]], dtype=object), 'FE0_f1_D20': array([[4.0, 4.0, 0.0, 4.92763903431e-17, -4.92763903431e-17, -8.0],
         [4.0, 4.0, 0.0, 2.56142432424e-15, -2.56142432424e-15, -8.0]], dtype=object), 'FE0_f0_D02': array([[4.0, 1.11022302463e-15, 4.0, 4.88498130835e-15, -8.0,
          -1.55431223448e-15],
         [4.0, 8.881784197e-16, 4.0, -3.10862446895e-15, -8.0,
          1.55431223448e-15]], dtype=object), 'FE0_f1_D01': array([[-2.15470053838, -1.11022302463e-16, -0.154700538379, 0.0,
          2.30940107676, 2.77555756156e-16],
         [0.154700538379, -1.11022302463e-16, 2.15470053838,
          -1.11022302463e-15, -2.30940107676, 6.66133814775e-16]], dtype=object)}
  
  name_map: {'FE1_f0': ['FE1_f1', 'FE1_f2'], 'FE0_f1_D20': ['FE0_f2_D20'], 'FE0_f0_D11': ['FE0_f1_D11'], 'FE0_f0_D02': ['FE0_f1_D02', 'FE0_f2_D02']}
  
  inv_name_map: {'FE0_f0': 'FE0_f0', 'FE0_f1': 'FE0_f1', 'FE0_f2': 'FE0_f2', 'FE0_f0_D20': 'FE0_f0_D20', 'FE0_f2_D02': 'FE0_f0_D02', 'FE0_f2_D01': 'FE0_f2_D01', 'FE0_f0_D02': 'FE0_f0_D02', 'FE0_f0_D01': 'FE0_f0_D01', 'FE0_f0_D10': 'FE0_f0_D10', 'FE0_f0_D11': 'FE0_f0_D11', 'FE0_f2_D20': 'FE0_f1_D20', 'FE0_f1_D11': 'FE0_f0_D11', 'FE0_f1_D10': 'FE0_f1_D10', 'FE0_f2_D10': 'FE0_f2_D10', 'FE0_f2_D11': 'FE0_f2_D11', 'FE0_f1_D01': 'FE0_f1_D01', 'FE1_f2': 'FE1_f0', 'FE1_f1': 'FE1_f0', 'FE1_f0': 'FE1_f0', 'FE0_f1_D20': 'FE0_f1_D20', 'FE0_f1_D02': 'FE0_f0_D02'}
  
  QG-utils, psi_tables, unique_tables:
  {'FE1_f0': array([[1.0],
         [1.0]], dtype=object), 'FE0_f0': array([[0.455341801261, -0.122008467928, 0.666666666667],
         [-0.122008467928, 0.455341801261, 0.666666666667]], dtype=object), 'FE0_f2_D01': array([[-2.15470053838, -1.0, 0.845299461621, 3.15470053838,
          -0.845299461621],
         [0.154700538379, -1.0, 3.15470053838, 0.845299461621, -3.15470053838]], dtype=object), 'FE0_f0_D01': array([[1.0, -0.154700538379, 3.15470053838, -0.845299461621,
          -3.15470053838],
         [1.0, 2.15470053838, 0.845299461621, -3.15470053838, -0.845299461621]], dtype=object), 'FE0_f0_D10': array([[1.0, 2.15470053838, 0.845299461621, -0.845299461621, -3.15470053838],
         [1.0, -0.154700538379, 3.15470053838, -3.15470053838,
          -0.845299461621]], dtype=object), 'FE0_f0_D11': array([[4.0, 4.0, -4.0, -4.0],
         [4.0, 4.0, -4.0, -4.0]], dtype=object), 'FE0_f1_D10': array([[-2.15470053838, -1.0, 0.845299461621, -0.845299461621,
          3.15470053838],
         [0.154700538379, -1.0, 3.15470053838, -3.15470053838, 0.845299461621]], dtype=object), 'FE0_f2_D11': array([[4.0, 4.0, -4.0, -4.0],
         [4.0, 4.0, -4.0, -4.0]], dtype=object), 'FE0_f0_D02': array([[4.0, 4.0, -8.0],
         [4.0, 4.0, -8.0]], dtype=object), 'FE0_f1_D01': array([[-2.15470053838, -0.154700538379, 2.30940107676],
         [0.154700538379, 2.15470053838, -2.30940107676]], dtype=object)}
  
  QG-utils, psi_tables, name_map:
  {'FE0_f0': ('FE0_f0', (0, [1, 2, 3]), False, False), 'FE0_f1': ('FE0_f0', (6, [0, 2, 4]), False, False), 'FE0_f2': ('FE0_f0', (10, [0, 1, 5]), False, False), 'FE0_f0_D20': ('FE0_f0_D02', (5, [0, 1, 5]), False, False), 'FE0_f2_D02': ('FE0_f0_D02', (2, [0, 2, 4]), False, False), 'FE0_f2_D01': ('FE0_f2_D01', (11, [0, 2, 3, 4, 5]), False, False), 'FE0_f0_D02': ('FE0_f0_D02', (2, [0, 2, 4]), False, False), 'FE0_f0_D01': ('FE0_f0_D01', (1, [0, 2, 3, 4, 5]), False, False), 'FE0_f0_D10': ('FE0_f0_D10', (3, [0, 1, 3, 4, 5]), False, False), 'FE0_f0_D11': ('FE0_f0_D11', (4, [0, 3, 4, 5]), False, False), 'FE0_f2_D20': ('FE0_f0_D02', (9, [0, 1, 5]), False, False), 'FE0_f1_D11': ('FE0_f0_D11', (4, [0, 3, 4, 5]), False, False), 'FE0_f1_D10': ('FE0_f1_D10', (8, [0, 1, 3, 4, 5]), False, False), 'FE0_f2_D10': ('FE0_f1_D01', (12, [0, 1, 5]), False, False), 'FE0_f2_D11': ('FE0_f2_D11', (13, [0, 3, 4, 5]), False, False), 'FE0_f1_D01': ('FE0_f1_D01', (7, [0, 2, 4]), False, False), 'FE1_f2': ('FE1_f0', (), False, True), 'FE1_f1': ('FE1_f0', (), False, True), 'FE1_f0': ('FE1_f0', (), False, True), 'FE0_f1_D20': ('FE0_f0_D02', (9, [0, 1, 5]), False, False), 'FE0_f1_D02': ('FE0_f0_D02', (2, [0, 2, 4]), False, False)}
  Transforming interior facet integral (0, 0)
  Reusing element from cache
  Reusing element from cache
  Reusing element from cache
  Reusing element from cache
  Reusing element from cache
  Reusing element from cache
  Reusing element from cache
  Reusing element from cache
  Reusing element from cache
  Reusing element from cache
  Reusing element from cache
  Reusing element from cache
  Reusing element from cache
  Reusing element from cache
  Reusing element from cache
  Reusing element from cache
  Reusing element from cache
  Reusing element from cache
  Reusing element from cache
  Reusing element from cache
  Reusing element from cache
  Reusing element from cache
  Reusing element from cache
  Reusing element from cache
  Reusing element from cache
  Reusing element from cache
  Reusing element from cache
  Reusing element from cache
  Reusing element from cache
  Reusing element from cache
  Reusing element from cache
  Reusing element from cache
  Reusing element from cache
  Reusing element from cache
  Reusing element from cache
  Reusing element from cache
  Reusing element from cache
  Reusing element from cache
  Reusing element from cache
  Reusing element from cache
  Reusing element from cache
  Reusing element from cache
  Reusing element from cache
  Reusing element from cache
  Reusing element from cache
  Reusing element from cache
  Reusing element from cache
  Reusing element from cache
  Transforming interior facet integral (0, 1)
  Reusing element from cache
  Reusing element from cache
  Reusing element from cache
  Reusing element from cache
  Reusing element from cache
  Reusing element from cache
  Reusing element from cache
  Reusing element from cache
  Reusing element from cache
  Reusing element from cache
  Reusing element from cache
  Reusing element from cache
  Reusing element from cache
  Reusing element from cache
  Reusing element from cache
  Reusing element from cache
  Reusing element from cache
  Reusing element from cache
  Reusing element from cache
  Reusing element from cache
  Reusing element from cache
  Reusing element from cache
  Reusing element from cache
  Reusing element from cache
  Reusing element from cache
  Reusing element from cache
  Reusing element from cache
  Reusing element from cache
  Reusing element from cache
  Reusing element from cache
  Reusing element from cache
  Reusing element from cache
  Reusing element from cache
  Reusing element from cache
  Reusing element from cache
  Reusing element from cache
  Reusing element from cache
  Reusing element from cache
  Reusing element from cache
  Reusing element from cache
  Reusing element from cache
  Reusing element from cache
  Reusing element from cache
  Reusing element from cache
  Reusing element from cache
  Reusing element from cache
  Reusing element from cache
  Reusing element from cache
  Transforming interior facet integral (0, 2)
  Reusing element from cache
  Reusing element from cache
  Reusing element from cache
  Reusing element from cache
  Reusing element from cache
  Reusing element from cache
  Reusing element from cache
  Reusing element from cache
  Reusing element from cache
  Reusing element from cache
  Reusing element from cache
  Reusing element from cache
  Reusing element from cache
  Reusing element from cache
  Reusing element from cache
  Reusing element from cache
  Reusing element from cache
  Reusing element from cache
  Reusing element from cache
  Reusing element from cache
  Reusing element from cache
  Reusing element from cache
  Reusing element from cache
  Reusing element from cache
  Reusing element from cache
  Reusing element from cache
  Reusing element from cache
  Reusing element from cache
  Reusing element from cache
  Reusing element from cache
  Reusing element from cache
  Reusing element from cache
  Reusing element from cache
  Reusing element from cache
  Reusing element from cache
  Reusing element from cache
  Reusing element from cache
  Reusing element from cache
  Reusing element from cache
  Reusing element from cache
  Reusing element from cache
  Reusing element from cache
  Reusing element from cache
  Reusing element from cache
  Reusing element from cache
  Reusing element from cache
  Reusing element from cache
  Reusing element from cache
  Transforming interior facet integral (1, 0)
  Reusing element from cache
  Reusing element from cache
  Reusing element from cache
  Reusing element from cache
  Reusing element from cache
  Reusing element from cache
  Reusing element from cache
  Reusing element from cache
  Reusing element from cache
  Reusing element from cache
  Reusing element from cache
  Reusing element from cache
  Reusing element from cache
  Reusing element from cache
  Reusing element from cache
  Reusing element from cache
  Reusing element from cache
  Reusing element from cache
  Reusing element from cache
  Reusing element from cache
  Reusing element from cache
  Reusing element from cache
  Reusing element from cache
  Reusing element from cache
  Reusing element from cache
  Reusing element from cache
  Reusing element from cache
  Reusing element from cache
  Reusing element from cache
  Reusing element from cache
  Reusing element from cache
  Reusing element from cache
  Reusing element from cache
  Reusing element from cache
  Reusing element from cache
  Reusing element from cache
  Reusing element from cache
  Reusing element from cache
  Reusing element from cache
  Reusing element from cache
  Reusing element from cache
  Reusing element from cache
  Reusing element from cache
  Reusing element from cache
  Reusing element from cache
  Reusing element from cache
  Reusing element from cache
  Reusing element from cache
  Transforming interior facet integral (1, 1)
  Reusing element from cache
  Reusing element from cache
  Reusing element from cache
  Reusing element from cache
  Reusing element from cache
  Reusing element from cache
  Reusing element from cache
  Reusing element from cache
  Reusing element from cache
  Reusing element from cache
  Reusing element from cache
  Reusing element from cache
  Reusing element from cache
  Reusing element from cache
  Reusing element from cache
  Reusing element from cache
  Reusing element from cache
  Reusing element from cache
  Reusing element from cache
  Reusing element from cache
  Reusing element from cache
  Reusing element from cache
  Reusing element from cache
  Reusing element from cache
  Reusing element from cache
  Reusing element from cache
  Reusing element from cache
  Reusing element from cache
  Reusing element from cache
  Reusing element from cache
  Reusing element from cache
  Reusing element from cache
  Reusing element from cache
  Reusing element from cache
  Reusing element from cache
  Reusing element from cache
  Reusing element from cache
  Reusing element from cache
  Reusing element from cache
  Reusing element from cache
  Reusing element from cache
  Reusing element from cache
  Reusing element from cache
  Reusing element from cache
  Reusing element from cache
  Reusing element from cache
  Reusing element from cache
  Reusing element from cache
  Transforming interior facet integral (1, 2)
  Reusing element from cache
  Reusing element from cache
  Reusing element from cache
  Reusing element from cache
  Reusing element from cache
  Reusing element from cache
  Reusing element from cache
  Reusing element from cache
  Reusing element from cache
  Reusing element from cache
  Reusing element from cache
  Reusing element from cache
  Reusing element from cache
  Reusing element from cache
  Reusing element from cache
  Reusing element from cache
  Reusing element from cache
  Reusing element from cache
  Reusing element from cache
  Reusing element from cache
  Reusing element from cache
  Reusing element from cache
  Reusing element from cache
  Reusing element from cache
  Reusing element from cache
  Reusing element from cache
  Reusing element from cache
  Reusing element from cache
  Reusing element from cache
  Reusing element from cache
  Reusing element from cache
  Reusing element from cache
  Reusing element from cache
  Reusing element from cache
  Reusing element from cache
  Reusing element from cache
  Reusing element from cache
  Reusing element from cache
  Reusing element from cache
  Reusing element from cache
  Reusing element from cache
  Reusing element from cache
  Reusing element from cache
  Reusing element from cache
  Reusing element from cache
  Reusing element from cache
  Reusing element from cache
  Reusing element from cache
  Transforming interior facet integral (2, 0)
  Reusing element from cache
  Reusing element from cache
  Reusing element from cache
  Reusing element from cache
  Reusing element from cache
  Reusing element from cache
  Reusing element from cache
  Reusing element from cache
  Reusing element from cache
  Reusing element from cache
  Reusing element from cache
  Reusing element from cache
  Reusing element from cache
  Reusing element from cache
  Reusing element from cache
  Reusing element from cache
  Reusing element from cache
  Reusing element from cache
  Reusing element from cache
  Reusing element from cache
  Reusing element from cache
  Reusing element from cache
  Reusing element from cache
  Reusing element from cache
  Reusing element from cache
  Reusing element from cache
  Reusing element from cache
  Reusing element from cache
  Reusing element from cache
  Reusing element from cache
  Reusing element from cache
  Reusing element from cache
  Reusing element from cache
  Reusing element from cache
  Reusing element from cache
  Reusing element from cache
  Reusing element from cache
  Reusing element from cache
  Reusing element from cache
  Reusing element from cache
  Reusing element from cache
  Reusing element from cache
  Reusing element from cache
  Reusing element from cache
  Reusing element from cache
  Reusing element from cache
  Reusing element from cache
  Reusing element from cache
  Transforming interior facet integral (2, 1)
  Reusing element from cache
  Reusing element from cache
  Reusing element from cache
  Reusing element from cache
  Reusing element from cache
  Reusing element from cache
  Reusing element from cache
  Reusing element from cache
  Reusing element from cache
  Reusing element from cache
  Reusing element from cache
  Reusing element from cache
  Reusing element from cache
  Reusing element from cache
  Reusing element from cache
  Reusing element from cache
  Reusing element from cache
  Reusing element from cache
  Reusing element from cache
  Reusing element from cache
  Reusing element from cache
  Reusing element from cache
  Reusing element from cache
  Reusing element from cache
  Reusing element from cache
  Reusing element from cache
  Reusing element from cache
  Reusing element from cache
  Reusing element from cache
  Reusing element from cache
  Reusing element from cache
  Reusing element from cache
  Reusing element from cache
  Reusing element from cache
  Reusing element from cache
  Reusing element from cache
  Reusing element from cache
  Reusing element from cache
  Reusing element from cache
  Reusing element from cache
  Reusing element from cache
  Reusing element from cache
  Reusing element from cache
  Reusing element from cache
  Reusing element from cache
  Reusing element from cache
  Reusing element from cache
  Reusing element from cache
  Transforming interior facet integral (2, 2)
  Reusing element from cache
  Reusing element from cache
  Reusing element from cache
  Reusing element from cache
  Reusing element from cache
  Reusing element from cache
  Reusing element from cache
  Reusing element from cache
  Reusing element from cache
  Reusing element from cache
  Reusing element from cache
  Reusing element from cache
  Reusing element from cache
  Reusing element from cache
  Reusing element from cache
  Reusing element from cache
  Reusing element from cache
  Reusing element from cache
  Reusing element from cache
  Reusing element from cache
  Reusing element from cache
  Reusing element from cache
  Reusing element from cache
  Reusing element from cache
  Reusing element from cache
  Reusing element from cache
  Reusing element from cache
  Reusing element from cache
  Reusing element from cache
  Reusing element from cache
  Reusing element from cache
  Reusing element from cache
  Reusing element from cache
  Reusing element from cache
  Reusing element from cache
  Reusing element from cache
  Reusing element from cache
  Reusing element from cache
  Reusing element from cache
  Reusing element from cache
  Reusing element from cache
  Reusing element from cache
  Reusing element from cache
  Reusing element from cache
  Reusing element from cache
  Reusing element from cache
  Reusing element from cache
  Reusing element from cache
  Computing tensor representation
  Extracting monomial form representation from UFL form
  Reusing monomial integrand from cache
  Transforming monomial form to reference element
  Precomputing integrals on reference element
  Reusing element from cache
  36 entries computed in 0.00254 seconds
  Shape of reference tensor: (6, 6)
  Primary multi index:   rank = 1 dims = [6] indices = [[0], [1], [2], [3], [4], [5]]
  Secondary multi index: rank = 1 dims = [6] indices = [[0], [1], [2], [3], [4], [5]]
  Internal multi index:  rank = 0 dims = [] indices = [[]]
  Secondary multi index: rank = 1 dims = [6] indices = [[0], [1], [2], [3], [4], [5]]
  External multi index:  rank = 0 dims = [] indices = [[]]
  Computing representation of forms
  
Compiler stage 2 finished in 0.498649 seconds.

Compiler stage 3: Optimizing intermediate representation
--------------------------------------------------------
  Optimising expressions for cell integral
  Optimising expressions for facet integral (0, 0)
  Optimising expressions for facet integral (0, 1)
  Optimising expressions for facet integral (0, 2)
  Optimising expressions for facet integral (1, 0)
  Optimising expressions for facet integral (1, 1)
  Optimising expressions for facet integral (1, 2)
  Optimising expressions for facet integral (2, 0)
  Optimising expressions for facet integral (2, 1)
  Optimising expressions for facet integral (2, 2)
  Skipping FErari optimizations as requested.
  
Compiler stage 3 finished in 0.464996 seconds.

Compiler stage 4: Generating code
---------------------------------
  Generating code for 2 elements
  Removing unused variable: tmp2
  Removing unused variable: tmp1
  Removing unused variable: tmp0
  Removing unused variable: tmp7
  Removing unused variable: tmp6
  Removing unused variable: tmp5
  Removing unused variable: tt
  Removing unused variable: ss
  Removing unused variable: rr
  Removing unused variable: Y
  Removing unused variable: X
  Removing unused variable: C1
  Removing unused variable: C0
  Removing unused variable: K_11
  Removing unused variable: K_10
  Removing unused variable: K_01
  Removing unused variable: K_00
  Removing unused variable: detJ
  Removing unused variable: J_11
  Removing unused variable: J_10
  Removing unused variable: J_01
  Removing unused variable: J_00
  Removing unused variable: x
  Removing unused variable: tmp2
  Removing unused variable: tmp1
  Removing unused variable: tmp0
  Removing unused variable: tmp7
  Removing unused variable: tmp6
  Removing unused variable: tmp5
  Removing unused variable: tt
  Removing unused variable: ss
  Removing unused variable: rr
  Removing unused variable: Y
  Removing unused variable: X
  Removing unused variable: C1
  Removing unused variable: C0
  Removing unused variable: K_11
  Removing unused variable: K_10
  Removing unused variable: K_01
  Removing unused variable: K_00
  Generating code for 2 dofmaps
  Generating code for integrals
  Removing unused variable: circumradius
  Removing unused variable: v0v1
  Removing unused variable: v0v2
  Removing unused variable: v1v2
  Removing unused variable: volume
  Cell, number of operations to compute tensor: 381
  Interior facets (0, 0), number of operations to compute tensor: 7728
  Interior facets (0, 1), number of operations to compute tensor: 6792
  Interior facets (0, 2), number of operations to compute tensor: 6792
  Interior facets (1, 0), number of operations to compute tensor: 6792
  Interior facets (1, 1), number of operations to compute tensor: 5904
  Interior facets (1, 2), number of operations to compute tensor: 5904
  Interior facets (2, 0), number of operations to compute tensor: 6792
  Interior facets (2, 1), number of operations to compute tensor: 5904
  Interior facets (2, 2), number of operations to compute tensor: 5904
  Removing unused variable: K_11
  Removing unused variable: K_10
  Removing unused variable: K_01
  Removing unused variable: K_00
  Generating code for forms
  
Compiler stage 4 finished in 0.392239 seconds.

Compiler stage 4.1: Generating additional wrapper code
------------------------------------------------------
  Generating wrapper code for DOLFIN
  
Compiler stage 4.1 finished in 0.00250101 seconds.

Compiler stage 5: Formatting code
---------------------------------
  Output written to ./Biharmonic.h.
  
Compiler stage 5 finished in 0.00223207 seconds.

[1;37;32mFFC finished in 1.44394 seconds.[0m
This is FFC, the FEniCS Form Compiler, version 0.9.10.
For further information, visit http://www.fenics.org/ffc/.

Compiling form Biharmonic

Compiler stage 1: Analyzing form(s)
-----------------------------------
  
  Name:                             'a'
  Rank:                             2
  Cell:                             <triangle cell in R2>
  Topological dimension:            2
  Geometric dimension:              2
  Number of facets:                 3
  Number of coefficients:           1
  Number of cell domains:           1
  Number of exterior facet domains: 0
  Number or interior facet domains: 1
  Number of macro cell domains:     0
  Number of surface domains:        0
  Arguments:                        '[v_0, v_1]'
  Coefficients:                     '[c_0]'
  Argument names:                   '[v, u]'
  Coefficient names:                '[alpha]'
  Unique elements:                  'CG2(?), DG0(?)'
  Unique sub elements:              'CG2(?), DG0(?)'
  
  Extracting monomial form representation from UFL form
  Transforming monomial form to reference element
  Reusing element from cache
  Estimated cost of tensor representation: 4
  representation:    auto --> quadrature
  Selecting quadrature degree based on total polynomial degree of integrand: 0
  quadrature_degree: auto --> 0
  quadrature_rule:   auto --> default
  Extracting monomial form representation from UFL form
  Monomial extraction failed: No handler defined for terminal Circumradius.
  Estimated cost of tensor representation: -1
  representation:    auto --> quadrature
  Selecting quadrature degree based on total polynomial degree of integrand: 2
  quadrature_degree: auto --> 2
  quadrature_rule:   auto --> default
  
  Name:                             'L'
  Rank:                             1
  Cell:                             <triangle cell in R2>
  Topological dimension:            2
  Geometric dimension:              2
  Number of facets:                 3
  Number of coefficients:           1
  Number of cell domains:           1
  Number of exterior facet domains: 0
  Number or interior facet domains: 0
  Number of macro cell domains:     0
  Number of surface domains:        0
  Arguments:                        '[v_0]'
  Coefficients:                     '[w_0]'
  Argument names:                   '[v]'
  Coefficient names:                '[f]'
  Unique elements:                  'CG2(?)'
  Unique sub elements:              'CG2(?)'
  
  Extracting monomial form representation from UFL form
  Transforming monomial form to reference element
  Reusing element from cache
  Reusing element from cache
  Estimated cost of tensor representation: 1
  representation:    auto --> tensor
  Selecting quadrature degree based on total polynomial degree of integrand: 4
  quadrature_degree: auto --> 4
  quadrature_rule:   auto --> default
  
Compiler stage 1 finished in 0.0863302 seconds.

Compiler stage 2: Computing intermediate representation
-------------------------------------------------------
  Computing representation of 2 elements
  Reusing element from cache
  Computing representation of 2 dofmaps
  Reusing element from cache
  Reusing element from cache
  Computing representation of integrals
  Computing quadrature representation
  Reusing element from cache
  Reusing element from cache
  Reusing element from cache
  
  QG-utils, psi_tables:
  {1: {FiniteElement('Lagrange', Cell('triangle', Space(2)), 2, None): {None: {(0, 1): array([[-0.333333333333],
         [-4.16333634234e-17],
         [0.333333333333],
         [1.33333333333],
         [2.77555756156e-16],
         [-1.33333333333]], dtype=object), (0, 0): array([[-0.111111111111],
         [-0.111111111111],
         [-0.111111111111],
         [0.444444444444],
         [0.444444444444],
         [0.444444444444]], dtype=object), (0, 2): array([[4.0],
         [6.66133814775e-16],
         [4.0],
         [4.4408920985e-16],
         [-8.0],
         [6.66133814775e-16]], dtype=object), (2, 0): array([[4.0],
         [4.0],
         [0.0],
         [5.80155714351e-16],
         [-5.80155714351e-16],
         [-8.0]], dtype=object), (1, 0): array([[-0.333333333333],
         [0.333333333333],
         [0.0],
         [1.33333333333],
         [-1.33333333333],
         [3.23108063566e-16]], dtype=object), (1, 1): array([[4.0],
         [-4.4408920985e-16],
         [0.0],
         [4.0],
         [-4.0],
         [-4.0]], dtype=object)}}}}
  
  QG-utils, psi_tables, flat_tables:
  {'FE0_D10': array([[-0.333333333333, 0.333333333333, 0.0, 1.33333333333,
          -1.33333333333, 3.23108063566e-16]], dtype=object), 'FE0_D02': array([[4.0, 6.66133814775e-16, 4.0, 4.4408920985e-16, -8.0,
          6.66133814775e-16]], dtype=object), 'FE0_D01': array([[-0.333333333333, -4.16333634234e-17, 0.333333333333, 1.33333333333,
          2.77555756156e-16, -1.33333333333]], dtype=object), 'FE0_D11': array([[4.0, -4.4408920985e-16, 0.0, 4.0, -4.0, -4.0]], dtype=object), 'FE0_D20': array([[4.0, 4.0, 0.0, 5.80155714351e-16, -5.80155714351e-16, -8.0]], dtype=object), 'FE0': array([[-0.111111111111, -0.111111111111, -0.111111111111, 0.444444444444,
          0.444444444444, 0.444444444444]], dtype=object)}
  
  tables: {'FE0_D10': array([[-0.333333333333, 0.333333333333, 0.0, 1.33333333333,
          -1.33333333333, 3.23108063566e-16]], dtype=object), 'FE0_D02': array([[4.0, 6.66133814775e-16, 4.0, 4.4408920985e-16, -8.0,
          6.66133814775e-16]], dtype=object), 'FE0_D01': array([[-0.333333333333, -4.16333634234e-17, 0.333333333333, 1.33333333333,
          2.77555756156e-16, -1.33333333333]], dtype=object), 'FE0_D11': array([[4.0, -4.4408920985e-16, 0.0, 4.0, -4.0, -4.0]], dtype=object), 'FE0_D20': array([[4.0, 4.0, 0.0, 5.80155714351e-16, -5.80155714351e-16, -8.0]], dtype=object), 'FE0': array([[-0.111111111111, -0.111111111111, -0.111111111111, 0.444444444444,
          0.444444444444, 0.444444444444]], dtype=object)}
  
  name_map: {}
  
  inv_name_map: {'FE0_D10': 'FE0_D10', 'FE0_D02': 'FE0_D02', 'FE0_D01': 'FE0_D01', 'FE0_D11': 'FE0_D11', 'FE0_D20': 'FE0_D20', 'FE0': 'FE0'}
  
  QG-utils, psi_tables, unique_tables:
  {'FE0_D02': array([[4.0, 4.0, -8.0]], dtype=object), 'FE0_D01': array([[-0.333333333333, 0.333333333333, 1.33333333333, -1.33333333333]], dtype=object), 'FE0_D11': array([[4.0, 4.0, -4.0, -4.0]], dtype=object), 'FE0': array([[-0.111111111111, -0.111111111111, -0.111111111111, 0.444444444444,
          0.444444444444, 0.444444444444]], dtype=object)}
  
  QG-utils, psi_tables, name_map:
  {'FE0_D10': ('FE0_D01', (2, [0, 1, 3, 4]), False, False), 'FE0_D02': ('FE0_D02', (1, [0, 2, 4]), False, False), 'FE0_D01': ('FE0_D01', (0, [0, 2, 3, 5]), False, False), 'FE0_D11': ('FE0_D11', (3, [0, 3, 4, 5]), False, False), 'FE0_D20': ('FE0_D02', (4, [0, 1, 5]), False, False), 'FE0': ('FE0', (), False, False)}
  Transforming cell integral
  Reusing element from cache
  Reusing element from cache
  Reusing element from cache
  Reusing element from cache
  Reusing element from cache
  Reusing element from cache
  Reusing element from cache
  Reusing element from cache
  Computing quadrature representation
  Reusing element from cache
  Reusing element from cache
  Reusing element from cache
  Reusing element from cache
  
  QG-utils, psi_tables:
  {2: {FiniteElement('Discontinuous Lagrange', Cell('triangle', Space(2)), 0, None): {0: {(0, 0): array([[1.0, 1.0]], dtype=object)}, 1: {(0, 0): array([[1.0, 1.0]], dtype=object)}, 2: {(0, 0): array([[1.0, 1.0]], dtype=object)}}, FiniteElement('Lagrange', Cell('triangle', Space(2)), 2, None): {0: {(0, 1): array([[1.0, 1.0],
         [2.22044604925e-16, 4.4408920985e-16],
         [-0.154700538379, 2.15470053838],
         [3.15470053838, 0.845299461621],
         [-0.845299461621, -3.15470053838],
         [-3.15470053838, -0.845299461621]], dtype=object), (0, 0): array([[1.38777878078e-16, 1.73472347598e-16],
         [0.455341801261, -0.122008467928],
         [-0.122008467928, 0.455341801261],
         [0.666666666667, 0.666666666667],
         [-6.24500451352e-17, -1.11022302463e-16],
         [3.46944695195e-17, 1.45716771982e-16]], dtype=object), (0, 2): array([[4.0, 4.0],
         [1.11022302463e-15, 8.881784197e-16],
         [4.0, 4.0],
         [4.88498130835e-15, -3.10862446895e-15],
         [-8.0, -8.0],
         [-1.55431223448e-15, 1.55431223448e-15]], dtype=object), (2, 0): array([[4.0, 4.0],
         [4.0, 4.0],
         [0.0, 0.0],
         [4.92763903431e-17, 2.56142432424e-15],
         [-4.92763903431e-17, -2.56142432424e-15],
         [-8.0, -8.0]], dtype=object), (1, 0): array([[1.0, 1.0],
         [2.15470053838, -0.154700538379],
         [0.0, 0.0],
         [0.845299461621, 3.15470053838],
         [-0.845299461621, -3.15470053838],
         [-3.15470053838, -0.845299461621]], dtype=object), (1, 1): array([[4.0, 4.0],
         [1.33226762955e-15, 4.4408920985e-16],
         [0.0, 0.0],
         [4.0, 4.0],
         [-4.0, -4.0],
         [-4.0, -4.0]], dtype=object)}, 1: {(0, 1): array([[-2.15470053838, 0.154700538379],
         [-1.11022302463e-16, -1.11022302463e-16],
         [-0.154700538379, 2.15470053838],
         [0.0, -1.11022302463e-15],
         [2.30940107676, -2.30940107676],
         [2.77555756156e-16, 6.66133814775e-16]], dtype=object), (0, 0): array([[0.455341801261, -0.122008467928],
         [-6.93889390391e-18, 1.11022302463e-16],
         [-0.122008467928, 0.455341801261],
         [-6.93889390391e-17, -8.32667268469e-17],
         [0.666666666667, 0.666666666667],
         [3.46944695195e-17, 1.17961196366e-16]], dtype=object), (0, 2): array([[4.0, 4.0],
         [-1.55431223448e-15, 0.0],
         [4.0, 4.0],
         [1.7763568394e-15, -4.88498130835e-15],
         [-8.0, -8.0],
         [1.11022302463e-15, 3.10862446895e-15]], dtype=object), (2, 0): array([[4.0, 4.0],
         [4.0, 4.0],
         [0.0, 0.0],
         [4.92763903431e-17, 2.56142432424e-15],
         [-4.92763903431e-17, -2.56142432424e-15],
         [-8.0, -8.0]], dtype=object), (1, 0): array([[-2.15470053838, 0.154700538379],
         [-1.0, -1.0],
         [0.0, 0.0],
         [0.845299461621, 3.15470053838],
         [-0.845299461621, -3.15470053838],
         [3.15470053838, 0.845299461621]], dtype=object), (1, 1): array([[4.0, 4.0],
         [-1.11022302463e-15, -1.99840144433e-15],
         [0.0, 0.0],
         [4.0, 4.0],
         [-4.0, -4.0],
         [-4.0, -4.0]], dtype=object)}, 2: {(0, 1): array([[-2.15470053838, 0.154700538379],
         [-1.11022302463e-16, -1.11022302463e-16],
         [-1.0, -1.0],
         [0.845299461621, 3.15470053838],
         [3.15470053838, 0.845299461621],
         [-0.845299461621, -3.15470053838]], dtype=object), (0, 0): array([[0.455341801261, -0.122008467928],
         [-0.122008467928, 0.455341801261],
         [0.0, 0.0],
         [-2.77555756156e-17, 2.77555756156e-17],
         [0.0, -5.55111512313e-17],
         [0.666666666667, 0.666666666667]], dtype=object), (0, 2): array([[4.0, 4.0],
         [-1.11022302463e-15, 1.33226762955e-15],
         [4.0, 4.0],
         [2.22044604925e-15, 3.10862446895e-15],
         [-8.0, -8.0],
         [1.11022302463e-15, 4.4408920985e-16]], dtype=object), (2, 0): array([[4.0, 4.0],
         [4.0, 4.0],
         [0.0, 0.0],
         [-8.70233571527e-16, -8.70233571527e-16],
         [8.70233571527e-16, 8.70233571527e-16],
         [-8.0, -8.0]], dtype=object), (1, 0): array([[-2.15470053838, 0.154700538379],
         [-0.154700538379, 2.15470053838],
         [0.0, 0.0],
         [-1.33226762955e-15, -1.66533453694e-15],
         [1.33226762955e-15, 1.66533453694e-15],
         [2.30940107676, -2.30940107676]], dtype=object), (1, 1): array([[4.0, 4.0],
         [-2.6645352591e-15, -1.7763568394e-15],
         [0.0, 0.0],
         [4.0, 4.0],
         [-4.0, -4.0],
         [-4.0, -4.0]], dtype=object)}}}}
  
  QG-utils, psi_tables, flat_tables:
  {'FE1_f0': array([[1.0],
         [1.0]], dtype=object), 'FE0_f0': array([[1.38777878078e-16, 0.455341801261, -0.122008467928, 0.666666666667,
          -6.24500451352e-17, 3.46944695195e-17],
         [1.73472347598e-16, -0.122008467928, 0.455341801261, 0.666666666667,
          -1.11022302463e-16, 1.45716771982e-16]], dtype=object), 'FE0_f1': array([[0.455341801261, -6.93889390391e-18, -0.122008467928,
          -6.93889390391e-17, 0.666666666667, 3.46944695195e-17],
         [-0.122008467928, 1.11022302463e-16, 0.455341801261,
          -8.32667268469e-17, 0.666666666667, 1.17961196366e-16]], dtype=object), 'FE0_f2': array([[0.455341801261, -0.122008467928, 0.0, -2.77555756156e-17, 0.0,
          0.666666666667],
         [-0.122008467928, 0.455341801261, 0.0, 2.77555756156e-17,
          -5.55111512313e-17, 0.666666666667]], dtype=object), 'FE0_f0_D20': array([[4.0, 4.0, 0.0, 4.92763903431e-17, -4.92763903431e-17, -8.0],
         [4.0, 4.0, 0.0, 2.56142432424e-15, -2.56142432424e-15, -8.0]], dtype=object), 'FE0_f2_D02': array([[4.0, -1.11022302463e-15, 4.0, 2.22044604925e-15, -8.0,
          1.11022302463e-15],
         [4.0, 1.33226762955e-15, 4.0, 3.10862446895e-15, -8.0,
          4.4408920985e-16]], dtype=object), 'FE0_f2_D01': array([[-2.15470053838, -1.11022302463e-16, -1.0, 0.845299461621,
          3.15470053838, -0.845299461621],
         [0.154700538379, -1.11022302463e-16, -1.0, 3.15470053838,
          0.845299461621, -3.15470053838]], dtype=object), 'FE0_f0_D01': array([[1.0, 2.22044604925e-16, -0.154700538379, 3.15470053838,
          -0.845299461621, -3.15470053838],
         [1.0, 4.4408920985e-16, 2.15470053838, 0.845299461621,
          -3.15470053838, -0.845299461621]], dtype=object), 'FE0_f0_D10': array([[1.0, 2.15470053838, 0.0, 0.845299461621, -0.845299461621,
          -3.15470053838],
         [1.0, -0.154700538379, 0.0, 3.15470053838, -3.15470053838,
          -0.845299461621]], dtype=object), 'FE0_f0_D11': array([[4.0, 1.33226762955e-15, 0.0, 4.0, -4.0, -4.0],
         [4.0, 4.4408920985e-16, 0.0, 4.0, -4.0, -4.0]], dtype=object), 'FE0_f2_D20': array([[4.0, 4.0, 0.0, -8.70233571527e-16, 8.70233571527e-16, -8.0],
         [4.0, 4.0, 0.0, -8.70233571527e-16, 8.70233571527e-16, -8.0]], dtype=object), 'FE0_f1_D11': array([[4.0, -1.11022302463e-15, 0.0, 4.0, -4.0, -4.0],
         [4.0, -1.99840144433e-15, 0.0, 4.0, -4.0, -4.0]], dtype=object), 'FE0_f1_D10': array([[-2.15470053838, -1.0, 0.0, 0.845299461621, -0.845299461621,
          3.15470053838],
         [0.154700538379, -1.0, 0.0, 3.15470053838, -3.15470053838,
          0.845299461621]], dtype=object), 'FE0_f2_D10': array([[-2.15470053838, -0.154700538379, 0.0, -1.33226762955e-15,
          1.33226762955e-15, 2.30940107676],
         [0.154700538379, 2.15470053838, 0.0, -1.66533453694e-15,
          1.66533453694e-15, -2.30940107676]], dtype=object), 'FE0_f2_D11': array([[4.0, -2.6645352591e-15, 0.0, 4.0, -4.0, -4.0],
         [4.0, -1.7763568394e-15, 0.0, 4.0, -4.0, -4.0]], dtype=object), 'FE1_f2': array([[1.0],
         [1.0]], dtype=object), 'FE0_f1_D20': array([[4.0, 4.0, 0.0, 4.92763903431e-17, -4.92763903431e-17, -8.0],
         [4.0, 4.0, 0.0, 2.56142432424e-15, -2.56142432424e-15, -8.0]], dtype=object), 'FE0_f0_D02': array([[4.0, 1.11022302463e-15, 4.0, 4.88498130835e-15, -8.0,
          -1.55431223448e-15],
         [4.0, 8.881784197e-16, 4.0, -3.10862446895e-15, -8.0,
          1.55431223448e-15]], dtype=object), 'FE0_f1_D01': array([[-2.15470053838, -1.11022302463e-16, -0.154700538379, 0.0,
          2.30940107676, 2.77555756156e-16],
         [0.154700538379, -1.11022302463e-16, 2.15470053838,
          -1.11022302463e-15, -2.30940107676, 6.66133814775e-16]], dtype=object), 'FE0_f1_D02': array([[4.0, -1.55431223448e-15, 4.0, 1.7763568394e-15, -8.0,
          1.11022302463e-15],
         [4.0, 0.0, 4.0, -4.88498130835e-15, -8.0, 3.10862446895e-15]], dtype=object), 'FE1_f1': array([[1.0],
         [1.0]], dtype=object)}
  
  tables: {'FE1_f0': array([[1.0],
         [1.0]], dtype=object), 'FE0_f0': array([[1.38777878078e-16, 0.455341801261, -0.122008467928, 0.666666666667,
          -6.24500451352e-17, 3.46944695195e-17],
         [1.73472347598e-16, -0.122008467928, 0.455341801261, 0.666666666667,
          -1.11022302463e-16, 1.45716771982e-16]], dtype=object), 'FE0_f1': array([[0.455341801261, -6.93889390391e-18, -0.122008467928,
          -6.93889390391e-17, 0.666666666667, 3.46944695195e-17],
         [-0.122008467928, 1.11022302463e-16, 0.455341801261,
          -8.32667268469e-17, 0.666666666667, 1.17961196366e-16]], dtype=object), 'FE0_f2': array([[0.455341801261, -0.122008467928, 0.0, -2.77555756156e-17, 0.0,
          0.666666666667],
         [-0.122008467928, 0.455341801261, 0.0, 2.77555756156e-17,
          -5.55111512313e-17, 0.666666666667]], dtype=object), 'FE0_f0_D20': array([[4.0, 4.0, 0.0, 4.92763903431e-17, -4.92763903431e-17, -8.0],
         [4.0, 4.0, 0.0, 2.56142432424e-15, -2.56142432424e-15, -8.0]], dtype=object), 'FE0_f2_D01': array([[-2.15470053838, -1.11022302463e-16, -1.0, 0.845299461621,
          3.15470053838, -0.845299461621],
         [0.154700538379, -1.11022302463e-16, -1.0, 3.15470053838,
          0.845299461621, -3.15470053838]], dtype=object), 'FE0_f0_D01': array([[1.0, 2.22044604925e-16, -0.154700538379, 3.15470053838,
          -0.845299461621, -3.15470053838],
         [1.0, 4.4408920985e-16, 2.15470053838, 0.845299461621,
          -3.15470053838, -0.845299461621]], dtype=object), 'FE0_f0_D10': array([[1.0, 2.15470053838, 0.0, 0.845299461621, -0.845299461621,
          -3.15470053838],
         [1.0, -0.154700538379, 0.0, 3.15470053838, -3.15470053838,
          -0.845299461621]], dtype=object), 'FE0_f0_D11': array([[4.0, 1.33226762955e-15, 0.0, 4.0, -4.0, -4.0],
         [4.0, 4.4408920985e-16, 0.0, 4.0, -4.0, -4.0]], dtype=object), 'FE0_f1_D10': array([[-2.15470053838, -1.0, 0.0, 0.845299461621, -0.845299461621,
          3.15470053838],
         [0.154700538379, -1.0, 0.0, 3.15470053838, -3.15470053838,
          0.845299461621]], dtype=object), 'FE0_f2_D10': array([[-2.15470053838, -0.154700538379, 0.0, -1.33226762955e-15,
          1.33226762955e-15, 2.30940107676],
         [0.154700538379, 2.15470053838, 0.0, -1.66533453694e-15,
          1.66533453694e-15, -2.30940107676]], dtype=object), 'FE0_f2_D11': array([[4.0, -2.6645352591e-15, 0.0, 4.0, -4.0, -4.0],
         [4.0, -1.7763568394e-15, 0.0, 4.0, -4.0, -4.0]], dtype=object), 'FE0_f1_D20': array([[4.0, 4.0, 0.0, 4.92763903431e-17, -4.92763903431e-17, -8.0],
         [4.0, 4.0, 0.0, 2.56142432424e-15, -2.56142432424e-15, -8.0]], dtype=object), 'FE0_f0_D02': array([[4.0, 1.11022302463e-15, 4.0, 4.88498130835e-15, -8.0,
          -1.55431223448e-15],
         [4.0, 8.881784197e-16, 4.0, -3.10862446895e-15, -8.0,
          1.55431223448e-15]], dtype=object), 'FE0_f1_D01': array([[-2.15470053838, -1.11022302463e-16, -0.154700538379, 0.0,
          2.30940107676, 2.77555756156e-16],
         [0.154700538379, -1.11022302463e-16, 2.15470053838,
          -1.11022302463e-15, -2.30940107676, 6.66133814775e-16]], dtype=object)}
  
  name_map: {'FE1_f0': ['FE1_f1', 'FE1_f2'], 'FE0_f1_D20': ['FE0_f2_D20'], 'FE0_f0_D11': ['FE0_f1_D11'], 'FE0_f0_D02': ['FE0_f1_D02', 'FE0_f2_D02']}
  
  inv_name_map: {'FE0_f0': 'FE0_f0', 'FE0_f1': 'FE0_f1', 'FE0_f2': 'FE0_f2', 'FE0_f0_D20': 'FE0_f0_D20', 'FE0_f2_D02': 'FE0_f0_D02', 'FE0_f2_D01': 'FE0_f2_D01', 'FE0_f0_D02': 'FE0_f0_D02', 'FE0_f0_D01': 'FE0_f0_D01', 'FE0_f0_D10': 'FE0_f0_D10', 'FE0_f0_D11': 'FE0_f0_D11', 'FE0_f2_D20': 'FE0_f1_D20', 'FE0_f1_D11': 'FE0_f0_D11', 'FE0_f1_D10': 'FE0_f1_D10', 'FE0_f2_D10': 'FE0_f2_D10', 'FE0_f2_D11': 'FE0_f2_D11', 'FE0_f1_D01': 'FE0_f1_D01', 'FE1_f2': 'FE1_f0', 'FE1_f1': 'FE1_f0', 'FE1_f0': 'FE1_f0', 'FE0_f1_D20': 'FE0_f1_D20', 'FE0_f1_D02': 'FE0_f0_D02'}
  
  QG-utils, psi_tables, unique_tables:
  {'FE1_f0': array([[1.0],
         [1.0]], dtype=object), 'FE0_f0': array([[0.455341801261, -0.122008467928, 0.666666666667],
         [-0.122008467928, 0.455341801261, 0.666666666667]], dtype=object), 'FE0_f2_D01': array([[-2.15470053838, -1.0, 0.845299461621, 3.15470053838,
          -0.845299461621],
         [0.154700538379, -1.0, 3.15470053838, 0.845299461621, -3.15470053838]], dtype=object), 'FE0_f0_D01': array([[1.0, -0.154700538379, 3.15470053838, -0.845299461621,
          -3.15470053838],
         [1.0, 2.15470053838, 0.845299461621, -3.15470053838, -0.845299461621]], dtype=object), 'FE0_f0_D10': array([[1.0, 2.15470053838, 0.845299461621, -0.845299461621, -3.15470053838],
         [1.0, -0.154700538379, 3.15470053838, -3.15470053838,
          -0.845299461621]], dtype=object), 'FE0_f0_D11': array([[4.0, 4.0, -4.0, -4.0],
         [4.0, 4.0, -4.0, -4.0]], dtype=object), 'FE0_f1_D10': array([[-2.15470053838, -1.0, 0.845299461621, -0.845299461621,
          3.15470053838],
         [0.154700538379, -1.0, 3.15470053838, -3.15470053838, 0.845299461621]], dtype=object), 'FE0_f2_D11': array([[4.0, 4.0, -4.0, -4.0],
         [4.0, 4.0, -4.0, -4.0]], dtype=object), 'FE0_f0_D02': array([[4.0, 4.0, -8.0],
         [4.0, 4.0, -8.0]], dtype=object), 'FE0_f1_D01': array([[-2.15470053838, -0.154700538379, 2.30940107676],
         [0.154700538379, 2.15470053838, -2.30940107676]], dtype=object)}
  
  QG-utils, psi_tables, name_map:
  {'FE0_f0': ('FE0_f0', (0, [1, 2, 3]), False, False), 'FE0_f1': ('FE0_f0', (6, [0, 2, 4]), False, False), 'FE0_f2': ('FE0_f0', (10, [0, 1, 5]), False, False), 'FE0_f0_D20': ('FE0_f0_D02', (5, [0, 1, 5]), False, False), 'FE0_f2_D02': ('FE0_f0_D02', (2, [0, 2, 4]), False, False), 'FE0_f2_D01': ('FE0_f2_D01', (11, [0, 2, 3, 4, 5]), False, False), 'FE0_f0_D02': ('FE0_f0_D02', (2, [0, 2, 4]), False, False), 'FE0_f0_D01': ('FE0_f0_D01', (1, [0, 2, 3, 4, 5]), False, False), 'FE0_f0_D10': ('FE0_f0_D10', (3, [0, 1, 3, 4, 5]), False, False), 'FE0_f0_D11': ('FE0_f0_D11', (4, [0, 3, 4, 5]), False, False), 'FE0_f2_D20': ('FE0_f0_D02', (9, [0, 1, 5]), False, False), 'FE0_f1_D11': ('FE0_f0_D11', (4, [0, 3, 4, 5]), False, False), 'FE0_f1_D10': ('FE0_f1_D10', (8, [0, 1, 3, 4, 5]), False, False), 'FE0_f2_D10': ('FE0_f1_D01', (12, [0, 1, 5]), False, False), 'FE0_f2_D11': ('FE0_f2_D11', (13, [0, 3, 4, 5]), False, False), 'FE0_f1_D01': ('FE0_f1_D01', (7, [0, 2, 4]), False, False), 'FE1_f2': ('FE1_f0', (), False, True), 'FE1_f1': ('FE1_f0', (), False, True), 'FE1_f0': ('FE1_f0', (), False, True), 'FE0_f1_D20': ('FE0_f0_D02', (9, [0, 1, 5]), False, False), 'FE0_f1_D02': ('FE0_f0_D02', (2, [0, 2, 4]), False, False)}
  Transforming interior facet integral (0, 0)
  Reusing element from cache
  Reusing element from cache
  Reusing element from cache
  Reusing element from cache
  Reusing element from cache
  Reusing element from cache
  Reusing element from cache
  Reusing element from cache
  Reusing element from cache
  Reusing element from cache
  Reusing element from cache
  Reusing element from cache
  Reusing element from cache
  Reusing element from cache
  Reusing element from cache
  Reusing element from cache
  Reusing element from cache
  Reusing element from cache
  Reusing element from cache
  Reusing element from cache
  Reusing element from cache
  Reusing element from cache
  Reusing element from cache
  Reusing element from cache
  Reusing element from cache
  Reusing element from cache
  Reusing element from cache
  Reusing element from cache
  Reusing element from cache
  Reusing element from cache
  Reusing element from cache
  Reusing element from cache
  Reusing element from cache
  Reusing element from cache
  Reusing element from cache
  Reusing element from cache
  Reusing element from cache
  Reusing element from cache
  Reusing element from cache
  Reusing element from cache
  Reusing element from cache
  Reusing element from cache
  Reusing element from cache
  Reusing element from cache
  Reusing element from cache
  Reusing element from cache
  Reusing element from cache
  Reusing element from cache
  Transforming interior facet integral (0, 1)
  Reusing element from cache
  Reusing element from cache
  Reusing element from cache
  Reusing element from cache
  Reusing element from cache
  Reusing element from cache
  Reusing element from cache
  Reusing element from cache
  Reusing element from cache
  Reusing element from cache
  Reusing element from cache
  Reusing element from cache
  Reusing element from cache
  Reusing element from cache
  Reusing element from cache
  Reusing element from cache
  Reusing element from cache
  Reusing element from cache
  Reusing element from cache
  Reusing element from cache
  Reusing element from cache
  Reusing element from cache
  Reusing element from cache
  Reusing element from cache
  Reusing element from cache
  Reusing element from cache
  Reusing element from cache
  Reusing element from cache
  Reusing element from cache
  Reusing element from cache
  Reusing element from cache
  Reusing element from cache
  Reusing element from cache
  Reusing element from cache
  Reusing element from cache
  Reusing element from cache
  Reusing element from cache
  Reusing element from cache
  Reusing element from cache
  Reusing element from cache
  Reusing element from cache
  Reusing element from cache
  Reusing element from cache
  Reusing element from cache
  Reusing element from cache
  Reusing element from cache
  Reusing element from cache
  Reusing element from cache
  Transforming interior facet integral (0, 2)
  Reusing element from cache
  Reusing element from cache
  Reusing element from cache
  Reusing element from cache
  Reusing element from cache
  Reusing element from cache
  Reusing element from cache
  Reusing element from cache
  Reusing element from cache
  Reusing element from cache
  Reusing element from cache
  Reusing element from cache
  Reusing element from cache
  Reusing element from cache
  Reusing element from cache
  Reusing element from cache
  Reusing element from cache
  Reusing element from cache
  Reusing element from cache
  Reusing element from cache
  Reusing element from cache
  Reusing element from cache
  Reusing element from cache
  Reusing element from cache
  Reusing element from cache
  Reusing element from cache
  Reusing element from cache
  Reusing element from cache
  Reusing element from cache
  Reusing element from cache
  Reusing element from cache
  Reusing element from cache
  Reusing element from cache
  Reusing element from cache
  Reusing element from cache
  Reusing element from cache
  Reusing element from cache
  Reusing element from cache
  Reusing element from cache
  Reusing element from cache
  Reusing element from cache
  Reusing element from cache
  Reusing element from cache
  Reusing element from cache
  Reusing element from cache
  Reusing element from cache
  Reusing element from cache
  Reusing element from cache
  Transforming interior facet integral (1, 0)
  Reusing element from cache
  Reusing element from cache
  Reusing element from cache
  Reusing element from cache
  Reusing element from cache
  Reusing element from cache
  Reusing element from cache
  Reusing element from cache
  Reusing element from cache
  Reusing element from cache
  Reusing element from cache
  Reusing element from cache
  Reusing element from cache
  Reusing element from cache
  Reusing element from cache
  Reusing element from cache
  Reusing element from cache
  Reusing element from cache
  Reusing element from cache
  Reusing element from cache
  Reusing element from cache
  Reusing element from cache
  Reusing element from cache
  Reusing element from cache
  Reusing element from cache
  Reusing element from cache
  Reusing element from cache
  Reusing element from cache
  Reusing element from cache
  Reusing element from cache
  Reusing element from cache
  Reusing element from cache
  Reusing element from cache
  Reusing element from cache
  Reusing element from cache
  Reusing element from cache
  Reusing element from cache
  Reusing element from cache
  Reusing element from cache
  Reusing element from cache
  Reusing element from cache
  Reusing element from cache
  Reusing element from cache
  Reusing element from cache
  Reusing element from cache
  Reusing element from cache
  Reusing element from cache
  Reusing element from cache
  Transforming interior facet integral (1, 1)
  Reusing element from cache
  Reusing element from cache
  Reusing element from cache
  Reusing element from cache
  Reusing element from cache
  Reusing element from cache
  Reusing element from cache
  Reusing element from cache
  Reusing element from cache
  Reusing element from cache
  Reusing element from cache
  Reusing element from cache
  Reusing element from cache
  Reusing element from cache
  Reusing element from cache
  Reusing element from cache
  Reusing element from cache
  Reusing element from cache
  Reusing element from cache
  Reusing element from cache
  Reusing element from cache
  Reusing element from cache
  Reusing element from cache
  Reusing element from cache
  Reusing element from cache
  Reusing element from cache
  Reusing element from cache
  Reusing element from cache
  Reusing element from cache
  Reusing element from cache
  Reusing element from cache
  Reusing element from cache
  Reusing element from cache
  Reusing element from cache
  Reusing element from cache
  Reusing element from cache
  Reusing element from cache
  Reusing element from cache
  Reusing element from cache
  Reusing element from cache
  Reusing element from cache
  Reusing element from cache
  Reusing element from cache
  Reusing element from cache
  Reusing element from cache
  Reusing element from cache
  Reusing element from cache
  Reusing element from cache
  Transforming interior facet integral (1, 2)
  Reusing element from cache
  Reusing element from cache
  Reusing element from cache
  Reusing element from cache
  Reusing element from cache
  Reusing element from cache
  Reusing element from cache
  Reusing element from cache
  Reusing element from cache
  Reusing element from cache
  Reusing element from cache
  Reusing element from cache
  Reusing element from cache
  Reusing element from cache
  Reusing element from cache
  Reusing element from cache
  Reusing element from cache
  Reusing element from cache
  Reusing element from cache
  Reusing element from cache
  Reusing element from cache
  Reusing element from cache
  Reusing element from cache
  Reusing element from cache
  Reusing element from cache
  Reusing element from cache
  Reusing element from cache
  Reusing element from cache
  Reusing element from cache
  Reusing element from cache
  Reusing element from cache
  Reusing element from cache
  Reusing element from cache
  Reusing element from cache
  Reusing element from cache
  Reusing element from cache
  Reusing element from cache
  Reusing element from cache
  Reusing element from cache
  Reusing element from cache
  Reusing element from cache
  Reusing element from cache
  Reusing element from cache
  Reusing element from cache
  Reusing element from cache
  Reusing element from cache
  Reusing element from cache
  Reusing element from cache
  Transforming interior facet integral (2, 0)
  Reusing element from cache
  Reusing element from cache
  Reusing element from cache
  Reusing element from cache
  Reusing element from cache
  Reusing element from cache
  Reusing element from cache
  Reusing element from cache
  Reusing element from cache
  Reusing element from cache
  Reusing element from cache
  Reusing element from cache
  Reusing element from cache
  Reusing element from cache
  Reusing element from cache
  Reusing element from cache
  Reusing element from cache
  Reusing element from cache
  Reusing element from cache
  Reusing element from cache
  Reusing element from cache
  Reusing element from cache
  Reusing element from cache
  Reusing element from cache
  Reusing element from cache
  Reusing element from cache
  Reusing element from cache
  Reusing element from cache
  Reusing element from cache
  Reusing element from cache
  Reusing element from cache
  Reusing element from cache
  Reusing element from cache
  Reusing element from cache
  Reusing element from cache
  Reusing element from cache
  Reusing element from cache
  Reusing element from cache
  Reusing element from cache
  Reusing element from cache
  Reusing element from cache
  Reusing element from cache
  Reusing element from cache
  Reusing element from cache
  Reusing element from cache
  Reusing element from cache
  Reusing element from cache
  Reusing element from cache
  Transforming interior facet integral (2, 1)
  Reusing element from cache
  Reusing element from cache
  Reusing element from cache
  Reusing element from cache
  Reusing element from cache
  Reusing element from cache
  Reusing element from cache
  Reusing element from cache
  Reusing element from cache
  Reusing element from cache
  Reusing element from cache
  Reusing element from cache
  Reusing element from cache
  Reusing element from cache
  Reusing element from cache
  Reusing element from cache
  Reusing element from cache
  Reusing element from cache
  Reusing element from cache
  Reusing element from cache
  Reusing element from cache
  Reusing element from cache
  Reusing element from cache
  Reusing element from cache
  Reusing element from cache
  Reusing element from cache
  Reusing element from cache
  Reusing element from cache
  Reusing element from cache
  Reusing element from cache
  Reusing element from cache
  Reusing element from cache
  Reusing element from cache
  Reusing element from cache
  Reusing element from cache
  Reusing element from cache
  Reusing element from cache
  Reusing element from cache
  Reusing element from cache
  Reusing element from cache
  Reusing element from cache
  Reusing element from cache
  Reusing element from cache
  Reusing element from cache
  Reusing element from cache
  Reusing element from cache
  Reusing element from cache
  Reusing element from cache
  Transforming interior facet integral (2, 2)
  Reusing element from cache
  Reusing element from cache
  Reusing element from cache
  Reusing element from cache
  Reusing element from cache
  Reusing element from cache
  Reusing element from cache
  Reusing element from cache
  Reusing element from cache
  Reusing element from cache
  Reusing element from cache
  Reusing element from cache
  Reusing element from cache
  Reusing element from cache
  Reusing element from cache
  Reusing element from cache
  Reusing element from cache
  Reusing element from cache
  Reusing element from cache
  Reusing element from cache
  Reusing element from cache
  Reusing element from cache
  Reusing element from cache
  Reusing element from cache
  Reusing element from cache
  Reusing element from cache
  Reusing element from cache
  Reusing element from cache
  Reusing element from cache
  Reusing element from cache
  Reusing element from cache
  Reusing element from cache
  Reusing element from cache
  Reusing element from cache
  Reusing element from cache
  Reusing element from cache
  Reusing element from cache
  Reusing element from cache
  Reusing element from cache
  Reusing element from cache
  Reusing element from cache
  Reusing element from cache
  Reusing element from cache
  Reusing element from cache
  Reusing element from cache
  Reusing element from cache
  Reusing element from cache
  Reusing element from cache
  Computing tensor representation
  Extracting monomial form representation from UFL form
  Reusing monomial integrand from cache
  Transforming monomial form to reference element
  Precomputing integrals on reference element
  Reusing element from cache
  36 entries computed in 0.00252 seconds
  Shape of reference tensor: (6, 6)
  Primary multi index:   rank = 1 dims = [6] indices = [[0], [1], [2], [3], [4], [5]]
  Secondary multi index: rank = 1 dims = [6] indices = [[0], [1], [2], [3], [4], [5]]
  Internal multi index:  rank = 0 dims = [] indices = [[]]
  Secondary multi index: rank = 1 dims = [6] indices = [[0], [1], [2], [3], [4], [5]]
  External multi index:  rank = 0 dims = [] indices = [[]]
  Computing representation of forms
  
Compiler stage 2 finished in 0.517282 seconds.

Compiler stage 3: Optimizing intermediate representation
--------------------------------------------------------
  Optimising expressions for cell integral
  Optimising expressions for facet integral (0, 0)
  Optimising expressions for facet integral (0, 1)
  Optimising expressions for facet integral (0, 2)
  Optimising expressions for facet integral (1, 0)
  Optimising expressions for facet integral (1, 1)
  Optimising expressions for facet integral (1, 2)
  Optimising expressions for facet integral (2, 0)
  Optimising expressions for facet integral (2, 1)
  Optimising expressions for facet integral (2, 2)
  Skipping FErari optimizations as requested.
  
Compiler stage 3 finished in 0.465649 seconds.

Compiler stage 4: Generating code
---------------------------------
  Generating code for 2 elements
  Removing unused variable: tmp2
  Removing unused variable: tmp1
  Removing unused variable: tmp0
  Removing unused variable: tmp7
  Removing unused variable: tmp6
  Removing unused variable: tmp5
  Removing unused variable: tt
  Removing unused variable: ss
  Removing unused variable: rr
  Removing unused variable: Y
  Removing unused variable: X
  Removing unused variable: C1
  Removing unused variable: C0
  Removing unused variable: K_11
  Removing unused variable: K_10
  Removing unused variable: K_01
  Removing unused variable: K_00
  Removing unused variable: detJ
  Removing unused variable: J_11
  Removing unused variable: J_10
  Removing unused variable: J_01
  Removing unused variable: J_00
  Removing unused variable: x
  Removing unused variable: tmp2
  Removing unused variable: tmp1
  Removing unused variable: tmp0
  Removing unused variable: tmp7
  Removing unused variable: tmp6
  Removing unused variable: tmp5
  Removing unused variable: tt
  Removing unused variable: ss
  Removing unused variable: rr
  Removing unused variable: Y
  Removing unused variable: X
  Removing unused variable: C1
  Removing unused variable: C0
  Removing unused variable: K_11
  Removing unused variable: K_10
  Removing unused variable: K_01
  Removing unused variable: K_00
  Generating code for 2 dofmaps
  Generating code for integrals
  Removing unused variable: circumradius
  Removing unused variable: v0v1
  Removing unused variable: v0v2
  Removing unused variable: v1v2
  Removing unused variable: volume
  Cell, number of operations to compute tensor: 381
  Interior facets (0, 0), number of operations to compute tensor: 7728
  Interior facets (0, 1), number of operations to compute tensor: 6792
  Interior facets (0, 2), number of operations to compute tensor: 6792
  Interior facets (1, 0), number of operations to compute tensor: 6792
  Interior facets (1, 1), number of operations to compute tensor: 5904
  Interior facets (1, 2), number of operations to compute tensor: 5904
  Interior facets (2, 0), number of operations to compute tensor: 6792
  Interior facets (2, 1), number of operations to compute tensor: 5904
  Interior facets (2, 2), number of operations to compute tensor: 5904
  Removing unused variable: K_11
  Removing unused variable: K_10
  Removing unused variable: K_01
  Removing unused variable: K_00
  Generating code for forms
  
Compiler stage 4 finished in 0.403504 seconds.

Compiler stage 4.1: Generating additional wrapper code
------------------------------------------------------
  Generating wrapper code for DOLFIN
  
Compiler stage 4.1 finished in 0.00264001 seconds.

Compiler stage 5: Formatting code
---------------------------------
  Output written to ./Biharmonic.h.
  
Compiler stage 5 finished in 0.00232196 seconds.

[1;37;32mFFC finished in 1.47831 seconds.[0m
