This is FFC, the FEniCS Form Compiler, version 0.9.10.
For further information, visit http://www.fenics.org/ffc/.

Compiling form Poisson

Compiler stage 1: Analyzing form(s)
-----------------------------------
  
  Name:                             'a'
  Rank:                             2
  Cell:                             <triangle cell in R2>
  Topological dimension:            2
  Geometric dimension:              2
  Number of facets:                 3
  Number of coefficients:           0
  Number of cell domains:           1
  Number of exterior facet domains: 1
  Number or interior facet domains: 1
  Number of macro cell domains:     0
  Number of surface domains:        0
  Arguments:                        '[v_0, v_1]'
  Coefficients:                     '[]'
  Argument names:                   '[v, u]'
  Coefficient names:                '[]'
  Unique elements:                  'DG1(?)'
  Unique sub elements:              'DG1(?)'
  
  Extracting monomial form representation from UFL form
  Transforming monomial form to reference element
  Reusing element from cache
  Estimated cost of tensor representation: 2
  representation:    auto --> tensor
  Selecting quadrature degree based on total polynomial degree of integrand: 0
  quadrature_degree: auto --> 0
  quadrature_rule:   auto --> default
  Extracting monomial form representation from UFL form
  Monomial extraction failed: No handler defined for terminal Circumradius.
  Estimated cost of tensor representation: -1
  representation:    auto --> quadrature
  Selecting quadrature degree based on total polynomial degree of integrand: 2
  quadrature_degree: auto --> 2
  quadrature_rule:   auto --> default
  Extracting monomial form representation from UFL form
  Monomial extraction failed: No handler defined for terminal Circumradius.
  Estimated cost of tensor representation: -1
  representation:    auto --> quadrature
  Selecting quadrature degree based on total polynomial degree of integrand: 2
  quadrature_degree: auto --> 2
  quadrature_rule:   auto --> default
  
  Name:                             'L'
  Rank:                             1
  Cell:                             <triangle cell in R2>
  Topological dimension:            2
  Geometric dimension:              2
  Number of facets:                 3
  Number of coefficients:           1
  Number of cell domains:           1
  Number of exterior facet domains: 0
  Number or interior facet domains: 0
  Number of macro cell domains:     0
  Number of surface domains:        0
  Arguments:                        '[v_0]'
  Coefficients:                     '[w_0]'
  Argument names:                   '[v]'
  Coefficient names:                '[f]'
  Unique elements:                  'DG1(?)'
  Unique sub elements:              'DG1(?)'
  
  Extracting monomial form representation from UFL form
  Transforming monomial form to reference element
  Reusing element from cache
  Reusing element from cache
  Estimated cost of tensor representation: 1
  representation:    auto --> tensor
  Selecting quadrature degree based on total polynomial degree of integrand: 2
  quadrature_degree: auto --> 2
  quadrature_rule:   auto --> default
  
Compiler stage 1 finished in 0.0674481 seconds.

Compiler stage 2: Computing intermediate representation
-------------------------------------------------------
  Computing representation of 1 elements
  Reusing element from cache
  Computing representation of 1 dofmaps
  Reusing element from cache
  Computing representation of integrals
  Computing tensor representation
  Extracting monomial form representation from UFL form
  Reusing monomial integrand from cache
  Transforming monomial form to reference element
  Precomputing integrals on reference element
  Reusing element from cache
  36 entries computed in 0.00169 seconds
  Shape of reference tensor: (3, 3, 2, 2)
  Primary multi index:   rank = 2 dims = [3, 3] indices = [[0, 0], [0, 1], [0, 2], [1, 0], [1, 1], [1, 2], [2, 0], [2, 1], [2, 2]]
  Secondary multi index: rank = 2 dims = [2, 2] indices = [[0, 0], [0, 1], [1, 0], [1, 1]]
  Internal multi index:  rank = 0 dims = [] indices = [[]]
  Secondary multi index: rank = 2 dims = [2, 2] indices = [[0, 0], [0, 1], [1, 0], [1, 1]]
  External multi index:  rank = 1 dims = [2] indices = [[0], [1]]
  Computing quadrature representation
  Reusing element from cache
  Reusing element from cache
  Reusing element from cache
  
  QG-utils, psi_tables:
  {2: {FiniteElement('Discontinuous Lagrange', Cell('triangle', Space(2)), 1, None): {0: {(0, 1): array([[-1.0, -1.0],
         [0.0, 0.0],
         [1.0, 1.0]], dtype=object), (1, 0): array([[-1.0, -1.0],
         [1.0, 1.0],
         [0.0, 0.0]], dtype=object), (0, 0): array([[-2.08166817117e-17, 5.55111512313e-17],
         [0.788675134595, 0.211324865405],
         [0.211324865405, 0.788675134595]], dtype=object)}, 1: {(0, 1): array([[-1.0, -1.0],
         [0.0, 0.0],
         [1.0, 1.0]], dtype=object), (1, 0): array([[-1.0, -1.0],
         [1.0, 1.0],
         [0.0, 0.0]], dtype=object), (0, 0): array([[0.788675134595, 0.211324865405],
         [-2.08166817117e-17, 5.55111512313e-17],
         [0.211324865405, 0.788675134595]], dtype=object)}, 2: {(0, 1): array([[-1.0, -1.0],
         [0.0, 0.0],
         [1.0, 1.0]], dtype=object), (1, 0): array([[-1.0, -1.0],
         [1.0, 1.0],
         [0.0, 0.0]], dtype=object), (0, 0): array([[0.788675134595, 0.211324865405],
         [0.211324865405, 0.788675134595],
         [0.0, 0.0]], dtype=object)}}}}
  
  QG-utils, psi_tables, flat_tables:
  {'FE0_f0': array([[-2.08166817117e-17, 0.788675134595, 0.211324865405],
         [5.55111512313e-17, 0.211324865405, 0.788675134595]], dtype=object), 'FE0_f1': array([[0.788675134595, -2.08166817117e-17, 0.211324865405],
         [0.211324865405, 5.55111512313e-17, 0.788675134595]], dtype=object), 'FE0_f2': array([[0.788675134595, 0.211324865405, 0.0],
         [0.211324865405, 0.788675134595, 0.0]], dtype=object), 'FE0_f2_D01': array([[-1.0, 0.0, 1.0],
         [-1.0, 0.0, 1.0]], dtype=object), 'FE0_f0_D01': array([[-1.0, 0.0, 1.0],
         [-1.0, 0.0, 1.0]], dtype=object), 'FE0_f0_D10': array([[-1.0, 1.0, 0.0],
         [-1.0, 1.0, 0.0]], dtype=object), 'FE0_f1_D10': array([[-1.0, 1.0, 0.0],
         [-1.0, 1.0, 0.0]], dtype=object), 'FE0_f2_D10': array([[-1.0, 1.0, 0.0],
         [-1.0, 1.0, 0.0]], dtype=object), 'FE0_f1_D01': array([[-1.0, 0.0, 1.0],
         [-1.0, 0.0, 1.0]], dtype=object)}
  
  tables: {'FE0_f0': array([[-2.08166817117e-17, 0.788675134595, 0.211324865405],
         [5.55111512313e-17, 0.211324865405, 0.788675134595]], dtype=object), 'FE0_f1': array([[0.788675134595, -2.08166817117e-17, 0.211324865405],
         [0.211324865405, 5.55111512313e-17, 0.788675134595]], dtype=object), 'FE0_f2': array([[0.788675134595, 0.211324865405, 0.0],
         [0.211324865405, 0.788675134595, 0.0]], dtype=object), 'FE0_f0_D01': array([[-1.0, 0.0, 1.0],
         [-1.0, 0.0, 1.0]], dtype=object), 'FE0_f0_D10': array([[-1.0, 1.0, 0.0],
         [-1.0, 1.0, 0.0]], dtype=object)}
  
  name_map: {'FE0_f0_D01': ['FE0_f1_D01', 'FE0_f2_D01'], 'FE0_f0_D10': ['FE0_f1_D10', 'FE0_f2_D10']}
  
  inv_name_map: {'FE0_f0': 'FE0_f0', 'FE0_f1': 'FE0_f1', 'FE0_f2': 'FE0_f2', 'FE0_f2_D01': 'FE0_f0_D01', 'FE0_f0_D01': 'FE0_f0_D01', 'FE0_f0_D10': 'FE0_f0_D10', 'FE0_f1_D10': 'FE0_f0_D10', 'FE0_f2_D10': 'FE0_f0_D10', 'FE0_f1_D01': 'FE0_f0_D01'}
  
  QG-utils, psi_tables, unique_tables:
  {'FE0_f0': array([[0.788675134595, 0.211324865405],
         [0.211324865405, 0.788675134595]], dtype=object), 'FE0_f0_D01': array([[-1.0, 1.0],
         [-1.0, 1.0]], dtype=object)}
  
  QG-utils, psi_tables, name_map:
  {'FE0_f0': ('FE0_f0', (0, [1, 2]), False, False), 'FE0_f1': ('FE0_f0', (3, [0, 2]), False, False), 'FE0_f2': ('FE0_f0', (4, [0, 1]), False, False), 'FE0_f2_D01': ('FE0_f0_D01', (1, [0, 2]), False, False), 'FE0_f0_D01': ('FE0_f0_D01', (1, [0, 2]), False, False), 'FE0_f0_D10': ('FE0_f0_D01', (2, [0, 1]), False, False), 'FE0_f1_D10': ('FE0_f0_D01', (2, [0, 1]), False, False), 'FE0_f2_D10': ('FE0_f0_D01', (2, [0, 1]), False, False), 'FE0_f1_D01': ('FE0_f0_D01', (1, [0, 2]), False, False)}
  Transforming exterior facet integral 0
  Reusing element from cache
  Reusing element from cache
  Reusing element from cache
  Reusing element from cache
  Reusing element from cache
  Reusing element from cache
  Reusing element from cache
  Reusing element from cache
  Reusing element from cache
  Reusing element from cache
  Reusing element from cache
  Reusing element from cache
  Reusing element from cache
  Reusing element from cache
  Reusing element from cache
  Reusing element from cache
  Reusing element from cache
  Reusing element from cache
  Reusing element from cache
  Reusing element from cache
  Transforming exterior facet integral 1
  Reusing element from cache
  Reusing element from cache
  Reusing element from cache
  Reusing element from cache
  Reusing element from cache
  Reusing element from cache
  Reusing element from cache
  Reusing element from cache
  Reusing element from cache
  Reusing element from cache
  Reusing element from cache
  Reusing element from cache
  Reusing element from cache
  Reusing element from cache
  Reusing element from cache
  Reusing element from cache
  Reusing element from cache
  Reusing element from cache
  Reusing element from cache
  Reusing element from cache
  Transforming exterior facet integral 2
  Reusing element from cache
  Reusing element from cache
  Reusing element from cache
  Reusing element from cache
  Reusing element from cache
  Reusing element from cache
  Reusing element from cache
  Reusing element from cache
  Reusing element from cache
  Reusing element from cache
  Reusing element from cache
  Reusing element from cache
  Reusing element from cache
  Reusing element from cache
  Reusing element from cache
  Reusing element from cache
  Reusing element from cache
  Reusing element from cache
  Reusing element from cache
  Reusing element from cache
  Computing quadrature representation
  Reusing element from cache
  Reusing element from cache
  Reusing element from cache
  
  QG-utils, psi_tables:
  {2: {FiniteElement('Discontinuous Lagrange', Cell('triangle', Space(2)), 1, None): {0: {(0, 1): array([[-1.0, -1.0],
         [0.0, 0.0],
         [1.0, 1.0]], dtype=object), (1, 0): array([[-1.0, -1.0],
         [1.0, 1.0],
         [0.0, 0.0]], dtype=object), (0, 0): array([[-2.08166817117e-17, 5.55111512313e-17],
         [0.788675134595, 0.211324865405],
         [0.211324865405, 0.788675134595]], dtype=object)}, 1: {(0, 1): array([[-1.0, -1.0],
         [0.0, 0.0],
         [1.0, 1.0]], dtype=object), (1, 0): array([[-1.0, -1.0],
         [1.0, 1.0],
         [0.0, 0.0]], dtype=object), (0, 0): array([[0.788675134595, 0.211324865405],
         [-2.08166817117e-17, 5.55111512313e-17],
         [0.211324865405, 0.788675134595]], dtype=object)}, 2: {(0, 1): array([[-1.0, -1.0],
         [0.0, 0.0],
         [1.0, 1.0]], dtype=object), (1, 0): array([[-1.0, -1.0],
         [1.0, 1.0],
         [0.0, 0.0]], dtype=object), (0, 0): array([[0.788675134595, 0.211324865405],
         [0.211324865405, 0.788675134595],
         [0.0, 0.0]], dtype=object)}}}}
  
  QG-utils, psi_tables, flat_tables:
  {'FE0_f0': array([[-2.08166817117e-17, 0.788675134595, 0.211324865405],
         [5.55111512313e-17, 0.211324865405, 0.788675134595]], dtype=object), 'FE0_f1': array([[0.788675134595, -2.08166817117e-17, 0.211324865405],
         [0.211324865405, 5.55111512313e-17, 0.788675134595]], dtype=object), 'FE0_f2': array([[0.788675134595, 0.211324865405, 0.0],
         [0.211324865405, 0.788675134595, 0.0]], dtype=object), 'FE0_f2_D01': array([[-1.0, 0.0, 1.0],
         [-1.0, 0.0, 1.0]], dtype=object), 'FE0_f0_D01': array([[-1.0, 0.0, 1.0],
         [-1.0, 0.0, 1.0]], dtype=object), 'FE0_f0_D10': array([[-1.0, 1.0, 0.0],
         [-1.0, 1.0, 0.0]], dtype=object), 'FE0_f1_D10': array([[-1.0, 1.0, 0.0],
         [-1.0, 1.0, 0.0]], dtype=object), 'FE0_f2_D10': array([[-1.0, 1.0, 0.0],
         [-1.0, 1.0, 0.0]], dtype=object), 'FE0_f1_D01': array([[-1.0, 0.0, 1.0],
         [-1.0, 0.0, 1.0]], dtype=object)}
  
  tables: {'FE0_f0': array([[-2.08166817117e-17, 0.788675134595, 0.211324865405],
         [5.55111512313e-17, 0.211324865405, 0.788675134595]], dtype=object), 'FE0_f1': array([[0.788675134595, -2.08166817117e-17, 0.211324865405],
         [0.211324865405, 5.55111512313e-17, 0.788675134595]], dtype=object), 'FE0_f2': array([[0.788675134595, 0.211324865405, 0.0],
         [0.211324865405, 0.788675134595, 0.0]], dtype=object), 'FE0_f0_D01': array([[-1.0, 0.0, 1.0],
         [-1.0, 0.0, 1.0]], dtype=object), 'FE0_f0_D10': array([[-1.0, 1.0, 0.0],
         [-1.0, 1.0, 0.0]], dtype=object)}
  
  name_map: {'FE0_f0_D01': ['FE0_f1_D01', 'FE0_f2_D01'], 'FE0_f0_D10': ['FE0_f1_D10', 'FE0_f2_D10']}
  
  inv_name_map: {'FE0_f0': 'FE0_f0', 'FE0_f1': 'FE0_f1', 'FE0_f2': 'FE0_f2', 'FE0_f2_D01': 'FE0_f0_D01', 'FE0_f0_D01': 'FE0_f0_D01', 'FE0_f0_D10': 'FE0_f0_D10', 'FE0_f1_D10': 'FE0_f0_D10', 'FE0_f2_D10': 'FE0_f0_D10', 'FE0_f1_D01': 'FE0_f0_D01'}
  
  QG-utils, psi_tables, unique_tables:
  {'FE0_f0': array([[0.788675134595, 0.211324865405],
         [0.211324865405, 0.788675134595]], dtype=object), 'FE0_f0_D01': array([[-1.0, 1.0],
         [-1.0, 1.0]], dtype=object)}
  
  QG-utils, psi_tables, name_map:
  {'FE0_f0': ('FE0_f0', (0, [1, 2]), False, False), 'FE0_f1': ('FE0_f0', (3, [0, 2]), False, False), 'FE0_f2': ('FE0_f0', (4, [0, 1]), False, False), 'FE0_f2_D01': ('FE0_f0_D01', (1, [0, 2]), False, False), 'FE0_f0_D01': ('FE0_f0_D01', (1, [0, 2]), False, False), 'FE0_f0_D10': ('FE0_f0_D01', (2, [0, 1]), False, False), 'FE0_f1_D10': ('FE0_f0_D01', (2, [0, 1]), False, False), 'FE0_f2_D10': ('FE0_f0_D01', (2, [0, 1]), False, False), 'FE0_f1_D01': ('FE0_f0_D01', (1, [0, 2]), False, False)}
  Transforming interior facet integral (0, 0)
  Reusing element from cache
  Reusing element from cache
  Reusing element from cache
  Reusing element from cache
  Reusing element from cache
  Reusing element from cache
  Reusing element from cache
  Reusing element from cache
  Reusing element from cache
  Reusing element from cache
  Reusing element from cache
  Reusing element from cache
  Reusing element from cache
  Reusing element from cache
  Reusing element from cache
  Reusing element from cache
  Reusing element from cache
  Reusing element from cache
  Reusing element from cache
  Reusing element from cache
  Reusing element from cache
  Reusing element from cache
  Reusing element from cache
  Reusing element from cache
  Reusing element from cache
  Reusing element from cache
  Reusing element from cache
  Reusing element from cache
  Reusing element from cache
  Reusing element from cache
  Reusing element from cache
  Reusing element from cache
  Reusing element from cache
  Reusing element from cache
  Reusing element from cache
  Reusing element from cache
  Reusing element from cache
  Reusing element from cache
  Reusing element from cache
  Reusing element from cache
  Reusing element from cache
  Reusing element from cache
  Reusing element from cache
  Reusing element from cache
  Reusing element from cache
  Reusing element from cache
  Reusing element from cache
  Reusing element from cache
  Transforming interior facet integral (0, 1)
  Reusing element from cache
  Reusing element from cache
  Reusing element from cache
  Reusing element from cache
  Reusing element from cache
  Reusing element from cache
  Reusing element from cache
  Reusing element from cache
  Reusing element from cache
  Reusing element from cache
  Reusing element from cache
  Reusing element from cache
  Reusing element from cache
  Reusing element from cache
  Reusing element from cache
  Reusing element from cache
  Reusing element from cache
  Reusing element from cache
  Reusing element from cache
  Reusing element from cache
  Reusing element from cache
  Reusing element from cache
  Reusing element from cache
  Reusing element from cache
  Reusing element from cache
  Reusing element from cache
  Reusing element from cache
  Reusing element from cache
  Reusing element from cache
  Reusing element from cache
  Reusing element from cache
  Reusing element from cache
  Reusing element from cache
  Reusing element from cache
  Reusing element from cache
  Reusing element from cache
  Reusing element from cache
  Reusing element from cache
  Reusing element from cache
  Reusing element from cache
  Reusing element from cache
  Reusing element from cache
  Reusing element from cache
  Reusing element from cache
  Reusing element from cache
  Reusing element from cache
  Reusing element from cache
  Reusing element from cache
  Transforming interior facet integral (0, 2)
  Reusing element from cache
  Reusing element from cache
  Reusing element from cache
  Reusing element from cache
  Reusing element from cache
  Reusing element from cache
  Reusing element from cache
  Reusing element from cache
  Reusing element from cache
  Reusing element from cache
  Reusing element from cache
  Reusing element from cache
  Reusing element from cache
  Reusing element from cache
  Reusing element from cache
  Reusing element from cache
  Reusing element from cache
  Reusing element from cache
  Reusing element from cache
  Reusing element from cache
  Reusing element from cache
  Reusing element from cache
  Reusing element from cache
  Reusing element from cache
  Reusing element from cache
  Reusing element from cache
  Reusing element from cache
  Reusing element from cache
  Reusing element from cache
  Reusing element from cache
  Reusing element from cache
  Reusing element from cache
  Reusing element from cache
  Reusing element from cache
  Reusing element from cache
  Reusing element from cache
  Reusing element from cache
  Reusing element from cache
  Reusing element from cache
  Reusing element from cache
  Reusing element from cache
  Reusing element from cache
  Reusing element from cache
  Reusing element from cache
  Reusing element from cache
  Reusing element from cache
  Reusing element from cache
  Reusing element from cache
  Transforming interior facet integral (1, 0)
  Reusing element from cache
  Reusing element from cache
  Reusing element from cache
  Reusing element from cache
  Reusing element from cache
  Reusing element from cache
  Reusing element from cache
  Reusing element from cache
  Reusing element from cache
  Reusing element from cache
  Reusing element from cache
  Reusing element from cache
  Reusing element from cache
  Reusing element from cache
  Reusing element from cache
  Reusing element from cache
  Reusing element from cache
  Reusing element from cache
  Reusing element from cache
  Reusing element from cache
  Reusing element from cache
  Reusing element from cache
  Reusing element from cache
  Reusing element from cache
  Reusing element from cache
  Reusing element from cache
  Reusing element from cache
  Reusing element from cache
  Reusing element from cache
  Reusing element from cache
  Reusing element from cache
  Reusing element from cache
  Reusing element from cache
  Reusing element from cache
  Reusing element from cache
  Reusing element from cache
  Reusing element from cache
  Reusing element from cache
  Reusing element from cache
  Reusing element from cache
  Reusing element from cache
  Reusing element from cache
  Reusing element from cache
  Reusing element from cache
  Reusing element from cache
  Reusing element from cache
  Reusing element from cache
  Reusing element from cache
  Transforming interior facet integral (1, 1)
  Reusing element from cache
  Reusing element from cache
  Reusing element from cache
  Reusing element from cache
  Reusing element from cache
  Reusing element from cache
  Reusing element from cache
  Reusing element from cache
  Reusing element from cache
  Reusing element from cache
  Reusing element from cache
  Reusing element from cache
  Reusing element from cache
  Reusing element from cache
  Reusing element from cache
  Reusing element from cache
  Reusing element from cache
  Reusing element from cache
  Reusing element from cache
  Reusing element from cache
  Reusing element from cache
  Reusing element from cache
  Reusing element from cache
  Reusing element from cache
  Reusing element from cache
  Reusing element from cache
  Reusing element from cache
  Reusing element from cache
  Reusing element from cache
  Reusing element from cache
  Reusing element from cache
  Reusing element from cache
  Reusing element from cache
  Reusing element from cache
  Reusing element from cache
  Reusing element from cache
  Reusing element from cache
  Reusing element from cache
  Reusing element from cache
  Reusing element from cache
  Reusing element from cache
  Reusing element from cache
  Reusing element from cache
  Reusing element from cache
  Reusing element from cache
  Reusing element from cache
  Reusing element from cache
  Reusing element from cache
  Transforming interior facet integral (1, 2)
  Reusing element from cache
  Reusing element from cache
  Reusing element from cache
  Reusing element from cache
  Reusing element from cache
  Reusing element from cache
  Reusing element from cache
  Reusing element from cache
  Reusing element from cache
  Reusing element from cache
  Reusing element from cache
  Reusing element from cache
  Reusing element from cache
  Reusing element from cache
  Reusing element from cache
  Reusing element from cache
  Reusing element from cache
  Reusing element from cache
  Reusing element from cache
  Reusing element from cache
  Reusing element from cache
  Reusing element from cache
  Reusing element from cache
  Reusing element from cache
  Reusing element from cache
  Reusing element from cache
  Reusing element from cache
  Reusing element from cache
  Reusing element from cache
  Reusing element from cache
  Reusing element from cache
  Reusing element from cache
  Reusing element from cache
  Reusing element from cache
  Reusing element from cache
  Reusing element from cache
  Reusing element from cache
  Reusing element from cache
  Reusing element from cache
  Reusing element from cache
  Reusing element from cache
  Reusing element from cache
  Reusing element from cache
  Reusing element from cache
  Reusing element from cache
  Reusing element from cache
  Reusing element from cache
  Reusing element from cache
  Transforming interior facet integral (2, 0)
  Reusing element from cache
  Reusing element from cache
  Reusing element from cache
  Reusing element from cache
  Reusing element from cache
  Reusing element from cache
  Reusing element from cache
  Reusing element from cache
  Reusing element from cache
  Reusing element from cache
  Reusing element from cache
  Reusing element from cache
  Reusing element from cache
  Reusing element from cache
  Reusing element from cache
  Reusing element from cache
  Reusing element from cache
  Reusing element from cache
  Reusing element from cache
  Reusing element from cache
  Reusing element from cache
  Reusing element from cache
  Reusing element from cache
  Reusing element from cache
  Reusing element from cache
  Reusing element from cache
  Reusing element from cache
  Reusing element from cache
  Reusing element from cache
  Reusing element from cache
  Reusing element from cache
  Reusing element from cache
  Reusing element from cache
  Reusing element from cache
  Reusing element from cache
  Reusing element from cache
  Reusing element from cache
  Reusing element from cache
  Reusing element from cache
  Reusing element from cache
  Reusing element from cache
  Reusing element from cache
  Reusing element from cache
  Reusing element from cache
  Reusing element from cache
  Reusing element from cache
  Reusing element from cache
  Reusing element from cache
  Transforming interior facet integral (2, 1)
  Reusing element from cache
  Reusing element from cache
  Reusing element from cache
  Reusing element from cache
  Reusing element from cache
  Reusing element from cache
  Reusing element from cache
  Reusing element from cache
  Reusing element from cache
  Reusing element from cache
  Reusing element from cache
  Reusing element from cache
  Reusing element from cache
  Reusing element from cache
  Reusing element from cache
  Reusing element from cache
  Reusing element from cache
  Reusing element from cache
  Reusing element from cache
  Reusing element from cache
  Reusing element from cache
  Reusing element from cache
  Reusing element from cache
  Reusing element from cache
  Reusing element from cache
  Reusing element from cache
  Reusing element from cache
  Reusing element from cache
  Reusing element from cache
  Reusing element from cache
  Reusing element from cache
  Reusing element from cache
  Reusing element from cache
  Reusing element from cache
  Reusing element from cache
  Reusing element from cache
  Reusing element from cache
  Reusing element from cache
  Reusing element from cache
  Reusing element from cache
  Reusing element from cache
  Reusing element from cache
  Reusing element from cache
  Reusing element from cache
  Reusing element from cache
  Reusing element from cache
  Reusing element from cache
  Reusing element from cache
  Transforming interior facet integral (2, 2)
  Reusing element from cache
  Reusing element from cache
  Reusing element from cache
  Reusing element from cache
  Reusing element from cache
  Reusing element from cache
  Reusing element from cache
  Reusing element from cache
  Reusing element from cache
  Reusing element from cache
  Reusing element from cache
  Reusing element from cache
  Reusing element from cache
  Reusing element from cache
  Reusing element from cache
  Reusing element from cache
  Reusing element from cache
  Reusing element from cache
  Reusing element from cache
  Reusing element from cache
  Reusing element from cache
  Reusing element from cache
  Reusing element from cache
  Reusing element from cache
  Reusing element from cache
  Reusing element from cache
  Reusing element from cache
  Reusing element from cache
  Reusing element from cache
  Reusing element from cache
  Reusing element from cache
  Reusing element from cache
  Reusing element from cache
  Reusing element from cache
  Reusing element from cache
  Reusing element from cache
  Reusing element from cache
  Reusing element from cache
  Reusing element from cache
  Reusing element from cache
  Reusing element from cache
  Reusing element from cache
  Reusing element from cache
  Reusing element from cache
  Reusing element from cache
  Reusing element from cache
  Reusing element from cache
  Reusing element from cache
  Computing tensor representation
  Extracting monomial form representation from UFL form
  Reusing monomial integrand from cache
  Transforming monomial form to reference element
  Precomputing integrals on reference element
  Reusing element from cache
  9 entries computed in 0.00137 seconds
  Shape of reference tensor: (3, 3)
  Primary multi index:   rank = 1 dims = [3] indices = [[0], [1], [2]]
  Secondary multi index: rank = 1 dims = [3] indices = [[0], [1], [2]]
  Internal multi index:  rank = 0 dims = [] indices = [[]]
  Secondary multi index: rank = 1 dims = [3] indices = [[0], [1], [2]]
  External multi index:  rank = 0 dims = [] indices = [[]]
  Computing representation of forms
  
Compiler stage 2 finished in 0.265423 seconds.

Compiler stage 3: Optimizing intermediate representation
--------------------------------------------------------
  Skipping FErari optimizations as requested.
  Optimising expressions for facet integral 0
  Optimising expressions for facet integral 1
  Optimising expressions for facet integral 2
  Optimising expressions for facet integral (0, 0)
  Optimising expressions for facet integral (0, 1)
  Optimising expressions for facet integral (0, 2)
  Optimising expressions for facet integral (1, 0)
  Optimising expressions for facet integral (1, 1)
  Optimising expressions for facet integral (1, 2)
  Optimising expressions for facet integral (2, 0)
  Optimising expressions for facet integral (2, 1)
  Optimising expressions for facet integral (2, 2)
  Skipping FErari optimizations as requested.
  
Compiler stage 3 finished in 0.0447361 seconds.

Compiler stage 4: Generating code
---------------------------------
  Generating code for 1 elements
  Removing unused variable: tmp2
  Removing unused variable: tmp1
  Removing unused variable: tmp7
  Removing unused variable: tmp6
  Removing unused variable: tmp5
  Removing unused variable: tt
  Removing unused variable: tmp2
  Removing unused variable: tmp1
  Removing unused variable: tmp7
  Removing unused variable: tmp6
  Removing unused variable: tmp5
  Removing unused variable: tt
  Removing unused variable: tmp2
  Removing unused variable: tmp1
  Removing unused variable: tmp7
  Removing unused variable: tmp6
  Removing unused variable: tmp5
  Removing unused variable: tt
  Removing unused variable: K_11
  Removing unused variable: K_10
  Removing unused variable: K_01
  Removing unused variable: K_00
  Removing unused variable: tmp2
  Removing unused variable: tmp1
  Removing unused variable: tmp7
  Removing unused variable: tmp6
  Removing unused variable: tmp5
  Removing unused variable: tt
  Removing unused variable: tmp2
  Removing unused variable: tmp1
  Removing unused variable: tmp7
  Removing unused variable: tmp6
  Removing unused variable: tmp5
  Removing unused variable: tt
  Removing unused variable: tmp2
  Removing unused variable: tmp1
  Removing unused variable: tmp7
  Removing unused variable: tmp6
  Removing unused variable: tmp5
  Removing unused variable: tt
  Generating code for 1 dofmaps
  Generating code for integrals
  Exterior facet 0, number of operations to compute tensor: 136
  Exterior facet 1, number of operations to compute tensor: 136
  Exterior facet 2, number of operations to compute tensor: 136
  Interior facets (0, 0), number of operations to compute tensor: 563
  Interior facets (0, 1), number of operations to compute tensor: 563
  Interior facets (0, 2), number of operations to compute tensor: 563
  Interior facets (1, 0), number of operations to compute tensor: 563
  Interior facets (1, 1), number of operations to compute tensor: 563
  Interior facets (1, 2), number of operations to compute tensor: 563
  Interior facets (2, 0), number of operations to compute tensor: 563
  Interior facets (2, 1), number of operations to compute tensor: 563
  Interior facets (2, 2), number of operations to compute tensor: 563
  Removing unused variable: K_11
  Removing unused variable: K_10
  Removing unused variable: K_01
  Removing unused variable: K_00
  Generating code for forms
  
Compiler stage 4 finished in 0.176125 seconds.

Compiler stage 4.1: Generating additional wrapper code
------------------------------------------------------
  Generating wrapper code for DOLFIN
  
Compiler stage 4.1 finished in 0.0023551 seconds.

Compiler stage 5: Formatting code
---------------------------------
  Output written to ./Poisson.h.
  
Compiler stage 5 finished in 0.00143981 seconds.

[1;37;32mFFC finished in 0.558102 seconds.[0m
This is FFC, the FEniCS Form Compiler, version 0.9.10.
For further information, visit http://www.fenics.org/ffc/.

Compiling form Poisson

Compiler stage 1: Analyzing form(s)
-----------------------------------
  
  Name:                             'a'
  Rank:                             2
  Cell:                             <triangle cell in R2>
  Topological dimension:            2
  Geometric dimension:              2
  Number of facets:                 3
  Number of coefficients:           0
  Number of cell domains:           1
  Number of exterior facet domains: 1
  Number or interior facet domains: 1
  Number of macro cell domains:     0
  Number of surface domains:        0
  Arguments:                        '[v_0, v_1]'
  Coefficients:                     '[]'
  Argument names:                   '[v, u]'
  Coefficient names:                '[]'
  Unique elements:                  'DG1(?)'
  Unique sub elements:              'DG1(?)'
  
  Extracting monomial form representation from UFL form
  Transforming monomial form to reference element
  Reusing element from cache
  Estimated cost of tensor representation: 2
  representation:    auto --> tensor
  Selecting quadrature degree based on total polynomial degree of integrand: 0
  quadrature_degree: auto --> 0
  quadrature_rule:   auto --> default
  Extracting monomial form representation from UFL form
  Monomial extraction failed: No handler defined for terminal Circumradius.
  Estimated cost of tensor representation: -1
  representation:    auto --> quadrature
  Selecting quadrature degree based on total polynomial degree of integrand: 2
  quadrature_degree: auto --> 2
  quadrature_rule:   auto --> default
  Extracting monomial form representation from UFL form
  Monomial extraction failed: No handler defined for terminal Circumradius.
  Estimated cost of tensor representation: -1
  representation:    auto --> quadrature
  Selecting quadrature degree based on total polynomial degree of integrand: 2
  quadrature_degree: auto --> 2
  quadrature_rule:   auto --> default
  
  Name:                             'L'
  Rank:                             1
  Cell:                             <triangle cell in R2>
  Topological dimension:            2
  Geometric dimension:              2
  Number of facets:                 3
  Number of coefficients:           1
  Number of cell domains:           1
  Number of exterior facet domains: 0
  Number or interior facet domains: 0
  Number of macro cell domains:     0
  Number of surface domains:        0
  Arguments:                        '[v_0]'
  Coefficients:                     '[w_0]'
  Argument names:                   '[v]'
  Coefficient names:                '[f]'
  Unique elements:                  'DG1(?)'
  Unique sub elements:              'DG1(?)'
  
  Extracting monomial form representation from UFL form
  Transforming monomial form to reference element
  Reusing element from cache
  Reusing element from cache
  Estimated cost of tensor representation: 1
  representation:    auto --> tensor
  Selecting quadrature degree based on total polynomial degree of integrand: 2
  quadrature_degree: auto --> 2
  quadrature_rule:   auto --> default
  
Compiler stage 1 finished in 0.0679538 seconds.

Compiler stage 2: Computing intermediate representation
-------------------------------------------------------
  Computing representation of 1 elements
  Reusing element from cache
  Computing representation of 1 dofmaps
  Reusing element from cache
  Computing representation of integrals
  Computing tensor representation
  Extracting monomial form representation from UFL form
  Reusing monomial integrand from cache
  Transforming monomial form to reference element
  Precomputing integrals on reference element
  Reusing element from cache
  36 entries computed in 0.00162 seconds
  Shape of reference tensor: (3, 3, 2, 2)
  Primary multi index:   rank = 2 dims = [3, 3] indices = [[0, 0], [0, 1], [0, 2], [1, 0], [1, 1], [1, 2], [2, 0], [2, 1], [2, 2]]
  Secondary multi index: rank = 2 dims = [2, 2] indices = [[0, 0], [0, 1], [1, 0], [1, 1]]
  Internal multi index:  rank = 0 dims = [] indices = [[]]
  Secondary multi index: rank = 2 dims = [2, 2] indices = [[0, 0], [0, 1], [1, 0], [1, 1]]
  External multi index:  rank = 1 dims = [2] indices = [[0], [1]]
  Computing quadrature representation
  Reusing element from cache
  Reusing element from cache
  Reusing element from cache
  
  QG-utils, psi_tables:
  {2: {FiniteElement('Discontinuous Lagrange', Cell('triangle', Space(2)), 1, None): {0: {(0, 1): array([[-1.0, -1.0],
         [0.0, 0.0],
         [1.0, 1.0]], dtype=object), (1, 0): array([[-1.0, -1.0],
         [1.0, 1.0],
         [0.0, 0.0]], dtype=object), (0, 0): array([[-2.08166817117e-17, 5.55111512313e-17],
         [0.788675134595, 0.211324865405],
         [0.211324865405, 0.788675134595]], dtype=object)}, 1: {(0, 1): array([[-1.0, -1.0],
         [0.0, 0.0],
         [1.0, 1.0]], dtype=object), (1, 0): array([[-1.0, -1.0],
         [1.0, 1.0],
         [0.0, 0.0]], dtype=object), (0, 0): array([[0.788675134595, 0.211324865405],
         [-2.08166817117e-17, 5.55111512313e-17],
         [0.211324865405, 0.788675134595]], dtype=object)}, 2: {(0, 1): array([[-1.0, -1.0],
         [0.0, 0.0],
         [1.0, 1.0]], dtype=object), (1, 0): array([[-1.0, -1.0],
         [1.0, 1.0],
         [0.0, 0.0]], dtype=object), (0, 0): array([[0.788675134595, 0.211324865405],
         [0.211324865405, 0.788675134595],
         [0.0, 0.0]], dtype=object)}}}}
  
  QG-utils, psi_tables, flat_tables:
  {'FE0_f0': array([[-2.08166817117e-17, 0.788675134595, 0.211324865405],
         [5.55111512313e-17, 0.211324865405, 0.788675134595]], dtype=object), 'FE0_f1': array([[0.788675134595, -2.08166817117e-17, 0.211324865405],
         [0.211324865405, 5.55111512313e-17, 0.788675134595]], dtype=object), 'FE0_f2': array([[0.788675134595, 0.211324865405, 0.0],
         [0.211324865405, 0.788675134595, 0.0]], dtype=object), 'FE0_f2_D01': array([[-1.0, 0.0, 1.0],
         [-1.0, 0.0, 1.0]], dtype=object), 'FE0_f0_D01': array([[-1.0, 0.0, 1.0],
         [-1.0, 0.0, 1.0]], dtype=object), 'FE0_f0_D10': array([[-1.0, 1.0, 0.0],
         [-1.0, 1.0, 0.0]], dtype=object), 'FE0_f1_D10': array([[-1.0, 1.0, 0.0],
         [-1.0, 1.0, 0.0]], dtype=object), 'FE0_f2_D10': array([[-1.0, 1.0, 0.0],
         [-1.0, 1.0, 0.0]], dtype=object), 'FE0_f1_D01': array([[-1.0, 0.0, 1.0],
         [-1.0, 0.0, 1.0]], dtype=object)}
  
  tables: {'FE0_f0': array([[-2.08166817117e-17, 0.788675134595, 0.211324865405],
         [5.55111512313e-17, 0.211324865405, 0.788675134595]], dtype=object), 'FE0_f1': array([[0.788675134595, -2.08166817117e-17, 0.211324865405],
         [0.211324865405, 5.55111512313e-17, 0.788675134595]], dtype=object), 'FE0_f2': array([[0.788675134595, 0.211324865405, 0.0],
         [0.211324865405, 0.788675134595, 0.0]], dtype=object), 'FE0_f0_D01': array([[-1.0, 0.0, 1.0],
         [-1.0, 0.0, 1.0]], dtype=object), 'FE0_f0_D10': array([[-1.0, 1.0, 0.0],
         [-1.0, 1.0, 0.0]], dtype=object)}
  
  name_map: {'FE0_f0_D01': ['FE0_f1_D01', 'FE0_f2_D01'], 'FE0_f0_D10': ['FE0_f1_D10', 'FE0_f2_D10']}
  
  inv_name_map: {'FE0_f0': 'FE0_f0', 'FE0_f1': 'FE0_f1', 'FE0_f2': 'FE0_f2', 'FE0_f2_D01': 'FE0_f0_D01', 'FE0_f0_D01': 'FE0_f0_D01', 'FE0_f0_D10': 'FE0_f0_D10', 'FE0_f1_D10': 'FE0_f0_D10', 'FE0_f2_D10': 'FE0_f0_D10', 'FE0_f1_D01': 'FE0_f0_D01'}
  
  QG-utils, psi_tables, unique_tables:
  {'FE0_f0': array([[0.788675134595, 0.211324865405],
         [0.211324865405, 0.788675134595]], dtype=object), 'FE0_f0_D01': array([[-1.0, 1.0],
         [-1.0, 1.0]], dtype=object)}
  
  QG-utils, psi_tables, name_map:
  {'FE0_f0': ('FE0_f0', (0, [1, 2]), False, False), 'FE0_f1': ('FE0_f0', (3, [0, 2]), False, False), 'FE0_f2': ('FE0_f0', (4, [0, 1]), False, False), 'FE0_f2_D01': ('FE0_f0_D01', (1, [0, 2]), False, False), 'FE0_f0_D01': ('FE0_f0_D01', (1, [0, 2]), False, False), 'FE0_f0_D10': ('FE0_f0_D01', (2, [0, 1]), False, False), 'FE0_f1_D10': ('FE0_f0_D01', (2, [0, 1]), False, False), 'FE0_f2_D10': ('FE0_f0_D01', (2, [0, 1]), False, False), 'FE0_f1_D01': ('FE0_f0_D01', (1, [0, 2]), False, False)}
  Transforming exterior facet integral 0
  Reusing element from cache
  Reusing element from cache
  Reusing element from cache
  Reusing element from cache
  Reusing element from cache
  Reusing element from cache
  Reusing element from cache
  Reusing element from cache
  Reusing element from cache
  Reusing element from cache
  Reusing element from cache
  Reusing element from cache
  Reusing element from cache
  Reusing element from cache
  Reusing element from cache
  Reusing element from cache
  Reusing element from cache
  Reusing element from cache
  Reusing element from cache
  Reusing element from cache
  Transforming exterior facet integral 1
  Reusing element from cache
  Reusing element from cache
  Reusing element from cache
  Reusing element from cache
  Reusing element from cache
  Reusing element from cache
  Reusing element from cache
  Reusing element from cache
  Reusing element from cache
  Reusing element from cache
  Reusing element from cache
  Reusing element from cache
  Reusing element from cache
  Reusing element from cache
  Reusing element from cache
  Reusing element from cache
  Reusing element from cache
  Reusing element from cache
  Reusing element from cache
  Reusing element from cache
  Transforming exterior facet integral 2
  Reusing element from cache
  Reusing element from cache
  Reusing element from cache
  Reusing element from cache
  Reusing element from cache
  Reusing element from cache
  Reusing element from cache
  Reusing element from cache
  Reusing element from cache
  Reusing element from cache
  Reusing element from cache
  Reusing element from cache
  Reusing element from cache
  Reusing element from cache
  Reusing element from cache
  Reusing element from cache
  Reusing element from cache
  Reusing element from cache
  Reusing element from cache
  Reusing element from cache
  Computing quadrature representation
  Reusing element from cache
  Reusing element from cache
  Reusing element from cache
  
  QG-utils, psi_tables:
  {2: {FiniteElement('Discontinuous Lagrange', Cell('triangle', Space(2)), 1, None): {0: {(0, 1): array([[-1.0, -1.0],
         [0.0, 0.0],
         [1.0, 1.0]], dtype=object), (1, 0): array([[-1.0, -1.0],
         [1.0, 1.0],
         [0.0, 0.0]], dtype=object), (0, 0): array([[-2.08166817117e-17, 5.55111512313e-17],
         [0.788675134595, 0.211324865405],
         [0.211324865405, 0.788675134595]], dtype=object)}, 1: {(0, 1): array([[-1.0, -1.0],
         [0.0, 0.0],
         [1.0, 1.0]], dtype=object), (1, 0): array([[-1.0, -1.0],
         [1.0, 1.0],
         [0.0, 0.0]], dtype=object), (0, 0): array([[0.788675134595, 0.211324865405],
         [-2.08166817117e-17, 5.55111512313e-17],
         [0.211324865405, 0.788675134595]], dtype=object)}, 2: {(0, 1): array([[-1.0, -1.0],
         [0.0, 0.0],
         [1.0, 1.0]], dtype=object), (1, 0): array([[-1.0, -1.0],
         [1.0, 1.0],
         [0.0, 0.0]], dtype=object), (0, 0): array([[0.788675134595, 0.211324865405],
         [0.211324865405, 0.788675134595],
         [0.0, 0.0]], dtype=object)}}}}
  
  QG-utils, psi_tables, flat_tables:
  {'FE0_f0': array([[-2.08166817117e-17, 0.788675134595, 0.211324865405],
         [5.55111512313e-17, 0.211324865405, 0.788675134595]], dtype=object), 'FE0_f1': array([[0.788675134595, -2.08166817117e-17, 0.211324865405],
         [0.211324865405, 5.55111512313e-17, 0.788675134595]], dtype=object), 'FE0_f2': array([[0.788675134595, 0.211324865405, 0.0],
         [0.211324865405, 0.788675134595, 0.0]], dtype=object), 'FE0_f2_D01': array([[-1.0, 0.0, 1.0],
         [-1.0, 0.0, 1.0]], dtype=object), 'FE0_f0_D01': array([[-1.0, 0.0, 1.0],
         [-1.0, 0.0, 1.0]], dtype=object), 'FE0_f0_D10': array([[-1.0, 1.0, 0.0],
         [-1.0, 1.0, 0.0]], dtype=object), 'FE0_f1_D10': array([[-1.0, 1.0, 0.0],
         [-1.0, 1.0, 0.0]], dtype=object), 'FE0_f2_D10': array([[-1.0, 1.0, 0.0],
         [-1.0, 1.0, 0.0]], dtype=object), 'FE0_f1_D01': array([[-1.0, 0.0, 1.0],
         [-1.0, 0.0, 1.0]], dtype=object)}
  
  tables: {'FE0_f0': array([[-2.08166817117e-17, 0.788675134595, 0.211324865405],
         [5.55111512313e-17, 0.211324865405, 0.788675134595]], dtype=object), 'FE0_f1': array([[0.788675134595, -2.08166817117e-17, 0.211324865405],
         [0.211324865405, 5.55111512313e-17, 0.788675134595]], dtype=object), 'FE0_f2': array([[0.788675134595, 0.211324865405, 0.0],
         [0.211324865405, 0.788675134595, 0.0]], dtype=object), 'FE0_f0_D01': array([[-1.0, 0.0, 1.0],
         [-1.0, 0.0, 1.0]], dtype=object), 'FE0_f0_D10': array([[-1.0, 1.0, 0.0],
         [-1.0, 1.0, 0.0]], dtype=object)}
  
  name_map: {'FE0_f0_D01': ['FE0_f1_D01', 'FE0_f2_D01'], 'FE0_f0_D10': ['FE0_f1_D10', 'FE0_f2_D10']}
  
  inv_name_map: {'FE0_f0': 'FE0_f0', 'FE0_f1': 'FE0_f1', 'FE0_f2': 'FE0_f2', 'FE0_f2_D01': 'FE0_f0_D01', 'FE0_f0_D01': 'FE0_f0_D01', 'FE0_f0_D10': 'FE0_f0_D10', 'FE0_f1_D10': 'FE0_f0_D10', 'FE0_f2_D10': 'FE0_f0_D10', 'FE0_f1_D01': 'FE0_f0_D01'}
  
  QG-utils, psi_tables, unique_tables:
  {'FE0_f0': array([[0.788675134595, 0.211324865405],
         [0.211324865405, 0.788675134595]], dtype=object), 'FE0_f0_D01': array([[-1.0, 1.0],
         [-1.0, 1.0]], dtype=object)}
  
  QG-utils, psi_tables, name_map:
  {'FE0_f0': ('FE0_f0', (0, [1, 2]), False, False), 'FE0_f1': ('FE0_f0', (3, [0, 2]), False, False), 'FE0_f2': ('FE0_f0', (4, [0, 1]), False, False), 'FE0_f2_D01': ('FE0_f0_D01', (1, [0, 2]), False, False), 'FE0_f0_D01': ('FE0_f0_D01', (1, [0, 2]), False, False), 'FE0_f0_D10': ('FE0_f0_D01', (2, [0, 1]), False, False), 'FE0_f1_D10': ('FE0_f0_D01', (2, [0, 1]), False, False), 'FE0_f2_D10': ('FE0_f0_D01', (2, [0, 1]), False, False), 'FE0_f1_D01': ('FE0_f0_D01', (1, [0, 2]), False, False)}
  Transforming interior facet integral (0, 0)
  Reusing element from cache
  Reusing element from cache
  Reusing element from cache
  Reusing element from cache
  Reusing element from cache
  Reusing element from cache
  Reusing element from cache
  Reusing element from cache
  Reusing element from cache
  Reusing element from cache
  Reusing element from cache
  Reusing element from cache
  Reusing element from cache
  Reusing element from cache
  Reusing element from cache
  Reusing element from cache
  Reusing element from cache
  Reusing element from cache
  Reusing element from cache
  Reusing element from cache
  Reusing element from cache
  Reusing element from cache
  Reusing element from cache
  Reusing element from cache
  Reusing element from cache
  Reusing element from cache
  Reusing element from cache
  Reusing element from cache
  Reusing element from cache
  Reusing element from cache
  Reusing element from cache
  Reusing element from cache
  Reusing element from cache
  Reusing element from cache
  Reusing element from cache
  Reusing element from cache
  Reusing element from cache
  Reusing element from cache
  Reusing element from cache
  Reusing element from cache
  Reusing element from cache
  Reusing element from cache
  Reusing element from cache
  Reusing element from cache
  Reusing element from cache
  Reusing element from cache
  Reusing element from cache
  Reusing element from cache
  Transforming interior facet integral (0, 1)
  Reusing element from cache
  Reusing element from cache
  Reusing element from cache
  Reusing element from cache
  Reusing element from cache
  Reusing element from cache
  Reusing element from cache
  Reusing element from cache
  Reusing element from cache
  Reusing element from cache
  Reusing element from cache
  Reusing element from cache
  Reusing element from cache
  Reusing element from cache
  Reusing element from cache
  Reusing element from cache
  Reusing element from cache
  Reusing element from cache
  Reusing element from cache
  Reusing element from cache
  Reusing element from cache
  Reusing element from cache
  Reusing element from cache
  Reusing element from cache
  Reusing element from cache
  Reusing element from cache
  Reusing element from cache
  Reusing element from cache
  Reusing element from cache
  Reusing element from cache
  Reusing element from cache
  Reusing element from cache
  Reusing element from cache
  Reusing element from cache
  Reusing element from cache
  Reusing element from cache
  Reusing element from cache
  Reusing element from cache
  Reusing element from cache
  Reusing element from cache
  Reusing element from cache
  Reusing element from cache
  Reusing element from cache
  Reusing element from cache
  Reusing element from cache
  Reusing element from cache
  Reusing element from cache
  Reusing element from cache
  Transforming interior facet integral (0, 2)
  Reusing element from cache
  Reusing element from cache
  Reusing element from cache
  Reusing element from cache
  Reusing element from cache
  Reusing element from cache
  Reusing element from cache
  Reusing element from cache
  Reusing element from cache
  Reusing element from cache
  Reusing element from cache
  Reusing element from cache
  Reusing element from cache
  Reusing element from cache
  Reusing element from cache
  Reusing element from cache
  Reusing element from cache
  Reusing element from cache
  Reusing element from cache
  Reusing element from cache
  Reusing element from cache
  Reusing element from cache
  Reusing element from cache
  Reusing element from cache
  Reusing element from cache
  Reusing element from cache
  Reusing element from cache
  Reusing element from cache
  Reusing element from cache
  Reusing element from cache
  Reusing element from cache
  Reusing element from cache
  Reusing element from cache
  Reusing element from cache
  Reusing element from cache
  Reusing element from cache
  Reusing element from cache
  Reusing element from cache
  Reusing element from cache
  Reusing element from cache
  Reusing element from cache
  Reusing element from cache
  Reusing element from cache
  Reusing element from cache
  Reusing element from cache
  Reusing element from cache
  Reusing element from cache
  Reusing element from cache
  Transforming interior facet integral (1, 0)
  Reusing element from cache
  Reusing element from cache
  Reusing element from cache
  Reusing element from cache
  Reusing element from cache
  Reusing element from cache
  Reusing element from cache
  Reusing element from cache
  Reusing element from cache
  Reusing element from cache
  Reusing element from cache
  Reusing element from cache
  Reusing element from cache
  Reusing element from cache
  Reusing element from cache
  Reusing element from cache
  Reusing element from cache
  Reusing element from cache
  Reusing element from cache
  Reusing element from cache
  Reusing element from cache
  Reusing element from cache
  Reusing element from cache
  Reusing element from cache
  Reusing element from cache
  Reusing element from cache
  Reusing element from cache
  Reusing element from cache
  Reusing element from cache
  Reusing element from cache
  Reusing element from cache
  Reusing element from cache
  Reusing element from cache
  Reusing element from cache
  Reusing element from cache
  Reusing element from cache
  Reusing element from cache
  Reusing element from cache
  Reusing element from cache
  Reusing element from cache
  Reusing element from cache
  Reusing element from cache
  Reusing element from cache
  Reusing element from cache
  Reusing element from cache
  Reusing element from cache
  Reusing element from cache
  Reusing element from cache
  Transforming interior facet integral (1, 1)
  Reusing element from cache
  Reusing element from cache
  Reusing element from cache
  Reusing element from cache
  Reusing element from cache
  Reusing element from cache
  Reusing element from cache
  Reusing element from cache
  Reusing element from cache
  Reusing element from cache
  Reusing element from cache
  Reusing element from cache
  Reusing element from cache
  Reusing element from cache
  Reusing element from cache
  Reusing element from cache
  Reusing element from cache
  Reusing element from cache
  Reusing element from cache
  Reusing element from cache
  Reusing element from cache
  Reusing element from cache
  Reusing element from cache
  Reusing element from cache
  Reusing element from cache
  Reusing element from cache
  Reusing element from cache
  Reusing element from cache
  Reusing element from cache
  Reusing element from cache
  Reusing element from cache
  Reusing element from cache
  Reusing element from cache
  Reusing element from cache
  Reusing element from cache
  Reusing element from cache
  Reusing element from cache
  Reusing element from cache
  Reusing element from cache
  Reusing element from cache
  Reusing element from cache
  Reusing element from cache
  Reusing element from cache
  Reusing element from cache
  Reusing element from cache
  Reusing element from cache
  Reusing element from cache
  Reusing element from cache
  Transforming interior facet integral (1, 2)
  Reusing element from cache
  Reusing element from cache
  Reusing element from cache
  Reusing element from cache
  Reusing element from cache
  Reusing element from cache
  Reusing element from cache
  Reusing element from cache
  Reusing element from cache
  Reusing element from cache
  Reusing element from cache
  Reusing element from cache
  Reusing element from cache
  Reusing element from cache
  Reusing element from cache
  Reusing element from cache
  Reusing element from cache
  Reusing element from cache
  Reusing element from cache
  Reusing element from cache
  Reusing element from cache
  Reusing element from cache
  Reusing element from cache
  Reusing element from cache
  Reusing element from cache
  Reusing element from cache
  Reusing element from cache
  Reusing element from cache
  Reusing element from cache
  Reusing element from cache
  Reusing element from cache
  Reusing element from cache
  Reusing element from cache
  Reusing element from cache
  Reusing element from cache
  Reusing element from cache
  Reusing element from cache
  Reusing element from cache
  Reusing element from cache
  Reusing element from cache
  Reusing element from cache
  Reusing element from cache
  Reusing element from cache
  Reusing element from cache
  Reusing element from cache
  Reusing element from cache
  Reusing element from cache
  Reusing element from cache
  Transforming interior facet integral (2, 0)
  Reusing element from cache
  Reusing element from cache
  Reusing element from cache
  Reusing element from cache
  Reusing element from cache
  Reusing element from cache
  Reusing element from cache
  Reusing element from cache
  Reusing element from cache
  Reusing element from cache
  Reusing element from cache
  Reusing element from cache
  Reusing element from cache
  Reusing element from cache
  Reusing element from cache
  Reusing element from cache
  Reusing element from cache
  Reusing element from cache
  Reusing element from cache
  Reusing element from cache
  Reusing element from cache
  Reusing element from cache
  Reusing element from cache
  Reusing element from cache
  Reusing element from cache
  Reusing element from cache
  Reusing element from cache
  Reusing element from cache
  Reusing element from cache
  Reusing element from cache
  Reusing element from cache
  Reusing element from cache
  Reusing element from cache
  Reusing element from cache
  Reusing element from cache
  Reusing element from cache
  Reusing element from cache
  Reusing element from cache
  Reusing element from cache
  Reusing element from cache
  Reusing element from cache
  Reusing element from cache
  Reusing element from cache
  Reusing element from cache
  Reusing element from cache
  Reusing element from cache
  Reusing element from cache
  Reusing element from cache
  Transforming interior facet integral (2, 1)
  Reusing element from cache
  Reusing element from cache
  Reusing element from cache
  Reusing element from cache
  Reusing element from cache
  Reusing element from cache
  Reusing element from cache
  Reusing element from cache
  Reusing element from cache
  Reusing element from cache
  Reusing element from cache
  Reusing element from cache
  Reusing element from cache
  Reusing element from cache
  Reusing element from cache
  Reusing element from cache
  Reusing element from cache
  Reusing element from cache
  Reusing element from cache
  Reusing element from cache
  Reusing element from cache
  Reusing element from cache
  Reusing element from cache
  Reusing element from cache
  Reusing element from cache
  Reusing element from cache
  Reusing element from cache
  Reusing element from cache
  Reusing element from cache
  Reusing element from cache
  Reusing element from cache
  Reusing element from cache
  Reusing element from cache
  Reusing element from cache
  Reusing element from cache
  Reusing element from cache
  Reusing element from cache
  Reusing element from cache
  Reusing element from cache
  Reusing element from cache
  Reusing element from cache
  Reusing element from cache
  Reusing element from cache
  Reusing element from cache
  Reusing element from cache
  Reusing element from cache
  Reusing element from cache
  Reusing element from cache
  Transforming interior facet integral (2, 2)
  Reusing element from cache
  Reusing element from cache
  Reusing element from cache
  Reusing element from cache
  Reusing element from cache
  Reusing element from cache
  Reusing element from cache
  Reusing element from cache
  Reusing element from cache
  Reusing element from cache
  Reusing element from cache
  Reusing element from cache
  Reusing element from cache
  Reusing element from cache
  Reusing element from cache
  Reusing element from cache
  Reusing element from cache
  Reusing element from cache
  Reusing element from cache
  Reusing element from cache
  Reusing element from cache
  Reusing element from cache
  Reusing element from cache
  Reusing element from cache
  Reusing element from cache
  Reusing element from cache
  Reusing element from cache
  Reusing element from cache
  Reusing element from cache
  Reusing element from cache
  Reusing element from cache
  Reusing element from cache
  Reusing element from cache
  Reusing element from cache
  Reusing element from cache
  Reusing element from cache
  Reusing element from cache
  Reusing element from cache
  Reusing element from cache
  Reusing element from cache
  Reusing element from cache
  Reusing element from cache
  Reusing element from cache
  Reusing element from cache
  Reusing element from cache
  Reusing element from cache
  Reusing element from cache
  Reusing element from cache
  Computing tensor representation
  Extracting monomial form representation from UFL form
  Reusing monomial integrand from cache
  Transforming monomial form to reference element
  Precomputing integrals on reference element
  Reusing element from cache
  9 entries computed in 0.00127 seconds
  Shape of reference tensor: (3, 3)
  Primary multi index:   rank = 1 dims = [3] indices = [[0], [1], [2]]
  Secondary multi index: rank = 1 dims = [3] indices = [[0], [1], [2]]
  Internal multi index:  rank = 0 dims = [] indices = [[]]
  Secondary multi index: rank = 1 dims = [3] indices = [[0], [1], [2]]
  External multi index:  rank = 0 dims = [] indices = [[]]
  Computing representation of forms
  
Compiler stage 2 finished in 0.26392 seconds.

Compiler stage 3: Optimizing intermediate representation
--------------------------------------------------------
  Skipping FErari optimizations as requested.
  Optimising expressions for facet integral 0
  Optimising expressions for facet integral 1
  Optimising expressions for facet integral 2
  Optimising expressions for facet integral (0, 0)
  Optimising expressions for facet integral (0, 1)
  Optimising expressions for facet integral (0, 2)
  Optimising expressions for facet integral (1, 0)
  Optimising expressions for facet integral (1, 1)
  Optimising expressions for facet integral (1, 2)
  Optimising expressions for facet integral (2, 0)
  Optimising expressions for facet integral (2, 1)
  Optimising expressions for facet integral (2, 2)
  Skipping FErari optimizations as requested.
  
Compiler stage 3 finished in 0.0458491 seconds.

Compiler stage 4: Generating code
---------------------------------
  Generating code for 1 elements
  Removing unused variable: tmp2
  Removing unused variable: tmp1
  Removing unused variable: tmp7
  Removing unused variable: tmp6
  Removing unused variable: tmp5
  Removing unused variable: tt
  Removing unused variable: tmp2
  Removing unused variable: tmp1
  Removing unused variable: tmp7
  Removing unused variable: tmp6
  Removing unused variable: tmp5
  Removing unused variable: tt
  Removing unused variable: tmp2
  Removing unused variable: tmp1
  Removing unused variable: tmp7
  Removing unused variable: tmp6
  Removing unused variable: tmp5
  Removing unused variable: tt
  Removing unused variable: K_11
  Removing unused variable: K_10
  Removing unused variable: K_01
  Removing unused variable: K_00
  Removing unused variable: tmp2
  Removing unused variable: tmp1
  Removing unused variable: tmp7
  Removing unused variable: tmp6
  Removing unused variable: tmp5
  Removing unused variable: tt
  Removing unused variable: tmp2
  Removing unused variable: tmp1
  Removing unused variable: tmp7
  Removing unused variable: tmp6
  Removing unused variable: tmp5
  Removing unused variable: tt
  Removing unused variable: tmp2
  Removing unused variable: tmp1
  Removing unused variable: tmp7
  Removing unused variable: tmp6
  Removing unused variable: tmp5
  Removing unused variable: tt
  Generating code for 1 dofmaps
  Generating code for integrals
  Exterior facet 0, number of operations to compute tensor: 136
  Exterior facet 1, number of operations to compute tensor: 136
  Exterior facet 2, number of operations to compute tensor: 136
  Interior facets (0, 0), number of operations to compute tensor: 563
  Interior facets (0, 1), number of operations to compute tensor: 563
  Interior facets (0, 2), number of operations to compute tensor: 563
  Interior facets (1, 0), number of operations to compute tensor: 563
  Interior facets (1, 1), number of operations to compute tensor: 563
  Interior facets (1, 2), number of operations to compute tensor: 563
  Interior facets (2, 0), number of operations to compute tensor: 563
  Interior facets (2, 1), number of operations to compute tensor: 563
  Interior facets (2, 2), number of operations to compute tensor: 563
  Removing unused variable: K_11
  Removing unused variable: K_10
  Removing unused variable: K_01
  Removing unused variable: K_00
  Generating code for forms
  
Compiler stage 4 finished in 0.175691 seconds.

Compiler stage 4.1: Generating additional wrapper code
------------------------------------------------------
  Generating wrapper code for DOLFIN
  
Compiler stage 4.1 finished in 0.00230408 seconds.

Compiler stage 5: Formatting code
---------------------------------
  Output written to ./Poisson.h.
  
Compiler stage 5 finished in 0.00152707 seconds.

[1;37;32mFFC finished in 0.557797 seconds.[0m
