This is FFC, the FEniCS Form Compiler, version 0.9.10.
For further information, visit http://www.fenics.org/ffc/.

Compiling form Poisson

Compiler stage 1: Analyzing form(s)
-----------------------------------
  
  Name:                             'a'
  Rank:                             2
  Cell:                             <tetrahedron cell in R3>
  Topological dimension:            3
  Geometric dimension:              3
  Number of facets:                 4
  Number of coefficients:           0
  Number of cell domains:           1
  Number of exterior facet domains: 0
  Number or interior facet domains: 0
  Number of macro cell domains:     0
  Number of surface domains:        0
  Arguments:                        '[v_0, v_1]'
  Coefficients:                     '[]'
  Argument names:                   '[v, u]'
  Coefficient names:                '[]'
  Unique elements:                  'CG1(?)'
  Unique sub elements:              'CG1(?)'
  
  Extracting monomial form representation from UFL form
  Transforming monomial form to reference element
  Reusing element from cache
  Estimated cost of tensor representation: 2
  representation:    auto --> tensor
  Selecting quadrature degree based on total polynomial degree of integrand: 0
  quadrature_degree: auto --> 0
  quadrature_rule:   auto --> default
  
  Name:                             'L'
  Rank:                             1
  Cell:                             <tetrahedron cell in R3>
  Topological dimension:            3
  Geometric dimension:              3
  Number of facets:                 4
  Number of coefficients:           1
  Number of cell domains:           1
  Number of exterior facet domains: 0
  Number or interior facet domains: 0
  Number of macro cell domains:     0
  Number of surface domains:        0
  Arguments:                        '[v_0]'
  Coefficients:                     '[w_0]'
  Argument names:                   '[v]'
  Coefficient names:                '[f]'
  Unique elements:                  'CG1(?)'
  Unique sub elements:              'CG1(?)'
  
  Extracting monomial form representation from UFL form
  Transforming monomial form to reference element
  Reusing element from cache
  Reusing element from cache
  Estimated cost of tensor representation: 1
  representation:    auto --> tensor
  Selecting quadrature degree based on total polynomial degree of integrand: 2
  quadrature_degree: auto --> 2
  quadrature_rule:   auto --> default
  
Compiler stage 1 finished in 0.0381041 seconds.

Compiler stage 2: Computing intermediate representation
-------------------------------------------------------
  Computing representation of 1 elements
  Reusing element from cache
  Computing representation of 1 dofmaps
  Reusing element from cache
  Computing representation of integrals
  Computing tensor representation
  Extracting monomial form representation from UFL form
  Reusing monomial integrand from cache
  Transforming monomial form to reference element
  Precomputing integrals on reference element
  Reusing element from cache
  144 entries computed in 0.0017 seconds
  Shape of reference tensor: (4, 4, 3, 3)
  Primary multi index:   rank = 2 dims = [4, 4] indices = [[0, 0], [0, 1], [0, 2], [0, 3], [1, 0], [1, 1], [1, 2], [1, 3], [2, 0], [2, 1], [2, 2], [2, 3], [3, 0], [3, 1], [3, 2], [3, 3]]
  Secondary multi index: rank = 2 dims = [3, 3] indices = [[0, 0], [0, 1], [0, 2], [1, 0], [1, 1], [1, 2], [2, 0], [2, 1], [2, 2]]
  Internal multi index:  rank = 0 dims = [] indices = [[]]
  Secondary multi index: rank = 2 dims = [3, 3] indices = [[0, 0], [0, 1], [0, 2], [1, 0], [1, 1], [1, 2], [2, 0], [2, 1], [2, 2]]
  External multi index:  rank = 1 dims = [3] indices = [[0], [1], [2]]
  Computing tensor representation
  Extracting monomial form representation from UFL form
  Reusing monomial integrand from cache
  Transforming monomial form to reference element
  Precomputing integrals on reference element
  Reusing element from cache
  16 entries computed in 0.00141 seconds
  Shape of reference tensor: (4, 4)
  Primary multi index:   rank = 1 dims = [4] indices = [[0], [1], [2], [3]]
  Secondary multi index: rank = 1 dims = [4] indices = [[0], [1], [2], [3]]
  Internal multi index:  rank = 0 dims = [] indices = [[]]
  Secondary multi index: rank = 1 dims = [4] indices = [[0], [1], [2], [3]]
  External multi index:  rank = 0 dims = [] indices = [[]]
  Computing representation of forms
  
Compiler stage 2 finished in 0.015249 seconds.

Compiler stage 3: Optimizing intermediate representation
--------------------------------------------------------
  Skipping FErari optimizations as requested.
  Skipping FErari optimizations as requested.
  
Compiler stage 3 finished in 0.000849009 seconds.

Compiler stage 4: Generating code
---------------------------------
  Generating code for 1 elements
  Removing unused variable: tmp4
  Removing unused variable: tmp3
  Removing unused variable: tmp2
  Removing unused variable: tmp1
  Removing unused variable: tmp7
  Removing unused variable: tmp6
  Removing unused variable: tmp5
  Removing unused variable: tt
  Removing unused variable: tmp4
  Removing unused variable: tmp3
  Removing unused variable: tmp2
  Removing unused variable: tmp1
  Removing unused variable: tmp7
  Removing unused variable: tmp6
  Removing unused variable: tmp5
  Removing unused variable: tt
  Removing unused variable: tmp4
  Removing unused variable: tmp3
  Removing unused variable: tmp2
  Removing unused variable: tmp1
  Removing unused variable: tmp7
  Removing unused variable: tmp6
  Removing unused variable: tmp5
  Removing unused variable: tt
  Removing unused variable: tmp4
  Removing unused variable: tmp3
  Removing unused variable: tmp2
  Removing unused variable: tmp1
  Removing unused variable: tmp7
  Removing unused variable: tmp6
  Removing unused variable: tmp5
  Removing unused variable: tt
  Removing unused variable: K_22
  Removing unused variable: K_21
  Removing unused variable: K_20
  Removing unused variable: K_12
  Removing unused variable: K_11
  Removing unused variable: K_10
  Removing unused variable: K_02
  Removing unused variable: K_01
  Removing unused variable: K_00
  Removing unused variable: tmp4
  Removing unused variable: tmp3
  Removing unused variable: tmp2
  Removing unused variable: tmp1
  Removing unused variable: tmp7
  Removing unused variable: tmp6
  Removing unused variable: tmp5
  Removing unused variable: tt
  Removing unused variable: tmp4
  Removing unused variable: tmp3
  Removing unused variable: tmp2
  Removing unused variable: tmp1
  Removing unused variable: tmp7
  Removing unused variable: tmp6
  Removing unused variable: tmp5
  Removing unused variable: tt
  Removing unused variable: tmp4
  Removing unused variable: tmp3
  Removing unused variable: tmp2
  Removing unused variable: tmp1
  Removing unused variable: tmp7
  Removing unused variable: tmp6
  Removing unused variable: tmp5
  Removing unused variable: tt
  Removing unused variable: tmp4
  Removing unused variable: tmp3
  Removing unused variable: tmp2
  Removing unused variable: tmp1
  Removing unused variable: tmp7
  Removing unused variable: tmp6
  Removing unused variable: tmp5
  Removing unused variable: tt
  Generating code for 1 dofmaps
  Generating code for integrals
  Removing unused variable: K_22
  Removing unused variable: K_21
  Removing unused variable: K_20
  Removing unused variable: K_12
  Removing unused variable: K_11
  Removing unused variable: K_10
  Removing unused variable: K_02
  Removing unused variable: K_01
  Removing unused variable: K_00
  Removing unused variable: d_22
  Removing unused variable: d_21
  Removing unused variable: d_12
  Removing unused variable: d_11
  Removing unused variable: d_02
  Removing unused variable: d_01
  Generating code for forms
  
Compiler stage 4 finished in 0.201852 seconds.

Compiler stage 4.1: Generating additional wrapper code
------------------------------------------------------
  Generating wrapper code for DOLFIN
  
Compiler stage 4.1 finished in 0.0023551 seconds.

Compiler stage 5: Formatting code
---------------------------------
  Output written to ./Poisson.h.
  
Compiler stage 5 finished in 0.00137687 seconds.

[1;37;32mFFC finished in 0.260514 seconds.[0m
This is FFC, the FEniCS Form Compiler, version 0.9.10.
For further information, visit http://www.fenics.org/ffc/.

Compiling form Poisson

Compiler stage 1: Analyzing form(s)
-----------------------------------
  
  Name:                             'a'
  Rank:                             2
  Cell:                             <tetrahedron cell in R3>
  Topological dimension:            3
  Geometric dimension:              3
  Number of facets:                 4
  Number of coefficients:           0
  Number of cell domains:           1
  Number of exterior facet domains: 0
  Number or interior facet domains: 0
  Number of macro cell domains:     0
  Number of surface domains:        0
  Arguments:                        '[v_0, v_1]'
  Coefficients:                     '[]'
  Argument names:                   '[v, u]'
  Coefficient names:                '[]'
  Unique elements:                  'CG1(?)'
  Unique sub elements:              'CG1(?)'
  
  Extracting monomial form representation from UFL form
  Transforming monomial form to reference element
  Reusing element from cache
  Estimated cost of tensor representation: 2
  representation:    auto --> tensor
  Selecting quadrature degree based on total polynomial degree of integrand: 0
  quadrature_degree: auto --> 0
  quadrature_rule:   auto --> default
  
  Name:                             'L'
  Rank:                             1
  Cell:                             <tetrahedron cell in R3>
  Topological dimension:            3
  Geometric dimension:              3
  Number of facets:                 4
  Number of coefficients:           1
  Number of cell domains:           1
  Number of exterior facet domains: 0
  Number or interior facet domains: 0
  Number of macro cell domains:     0
  Number of surface domains:        0
  Arguments:                        '[v_0]'
  Coefficients:                     '[w_0]'
  Argument names:                   '[v]'
  Coefficient names:                '[f]'
  Unique elements:                  'CG1(?)'
  Unique sub elements:              'CG1(?)'
  
  Extracting monomial form representation from UFL form
  Transforming monomial form to reference element
  Reusing element from cache
  Reusing element from cache
  Estimated cost of tensor representation: 1
  representation:    auto --> tensor
  Selecting quadrature degree based on total polynomial degree of integrand: 2
  quadrature_degree: auto --> 2
  quadrature_rule:   auto --> default
  
Compiler stage 1 finished in 0.0400889 seconds.

Compiler stage 2: Computing intermediate representation
-------------------------------------------------------
  Computing representation of 1 elements
  Reusing element from cache
  Computing representation of 1 dofmaps
  Reusing element from cache
  Computing representation of integrals
  Computing tensor representation
  Extracting monomial form representation from UFL form
  Reusing monomial integrand from cache
  Transforming monomial form to reference element
  Precomputing integrals on reference element
  Reusing element from cache
  144 entries computed in 0.00162 seconds
  Shape of reference tensor: (4, 4, 3, 3)
  Primary multi index:   rank = 2 dims = [4, 4] indices = [[0, 0], [0, 1], [0, 2], [0, 3], [1, 0], [1, 1], [1, 2], [1, 3], [2, 0], [2, 1], [2, 2], [2, 3], [3, 0], [3, 1], [3, 2], [3, 3]]
  Secondary multi index: rank = 2 dims = [3, 3] indices = [[0, 0], [0, 1], [0, 2], [1, 0], [1, 1], [1, 2], [2, 0], [2, 1], [2, 2]]
  Internal multi index:  rank = 0 dims = [] indices = [[]]
  Secondary multi index: rank = 2 dims = [3, 3] indices = [[0, 0], [0, 1], [0, 2], [1, 0], [1, 1], [1, 2], [2, 0], [2, 1], [2, 2]]
  External multi index:  rank = 1 dims = [3] indices = [[0], [1], [2]]
  Computing tensor representation
  Extracting monomial form representation from UFL form
  Reusing monomial integrand from cache
  Transforming monomial form to reference element
  Precomputing integrals on reference element
  Reusing element from cache
  16 entries computed in 0.00132 seconds
  Shape of reference tensor: (4, 4)
  Primary multi index:   rank = 1 dims = [4] indices = [[0], [1], [2], [3]]
  Secondary multi index: rank = 1 dims = [4] indices = [[0], [1], [2], [3]]
  Internal multi index:  rank = 0 dims = [] indices = [[]]
  Secondary multi index: rank = 1 dims = [4] indices = [[0], [1], [2], [3]]
  External multi index:  rank = 0 dims = [] indices = [[]]
  Computing representation of forms
  
Compiler stage 2 finished in 0.0154309 seconds.

Compiler stage 3: Optimizing intermediate representation
--------------------------------------------------------
  Skipping FErari optimizations as requested.
  Skipping FErari optimizations as requested.
  
Compiler stage 3 finished in 0.000467062 seconds.

Compiler stage 4: Generating code
---------------------------------
  Generating code for 1 elements
  Removing unused variable: tmp4
  Removing unused variable: tmp3
  Removing unused variable: tmp2
  Removing unused variable: tmp1
  Removing unused variable: tmp7
  Removing unused variable: tmp6
  Removing unused variable: tmp5
  Removing unused variable: tt
  Removing unused variable: tmp4
  Removing unused variable: tmp3
  Removing unused variable: tmp2
  Removing unused variable: tmp1
  Removing unused variable: tmp7
  Removing unused variable: tmp6
  Removing unused variable: tmp5
  Removing unused variable: tt
  Removing unused variable: tmp4
  Removing unused variable: tmp3
  Removing unused variable: tmp2
  Removing unused variable: tmp1
  Removing unused variable: tmp7
  Removing unused variable: tmp6
  Removing unused variable: tmp5
  Removing unused variable: tt
  Removing unused variable: tmp4
  Removing unused variable: tmp3
  Removing unused variable: tmp2
  Removing unused variable: tmp1
  Removing unused variable: tmp7
  Removing unused variable: tmp6
  Removing unused variable: tmp5
  Removing unused variable: tt
  Removing unused variable: K_22
  Removing unused variable: K_21
  Removing unused variable: K_20
  Removing unused variable: K_12
  Removing unused variable: K_11
  Removing unused variable: K_10
  Removing unused variable: K_02
  Removing unused variable: K_01
  Removing unused variable: K_00
  Removing unused variable: tmp4
  Removing unused variable: tmp3
  Removing unused variable: tmp2
  Removing unused variable: tmp1
  Removing unused variable: tmp7
  Removing unused variable: tmp6
  Removing unused variable: tmp5
  Removing unused variable: tt
  Removing unused variable: tmp4
  Removing unused variable: tmp3
  Removing unused variable: tmp2
  Removing unused variable: tmp1
  Removing unused variable: tmp7
  Removing unused variable: tmp6
  Removing unused variable: tmp5
  Removing unused variable: tt
  Removing unused variable: tmp4
  Removing unused variable: tmp3
  Removing unused variable: tmp2
  Removing unused variable: tmp1
  Removing unused variable: tmp7
  Removing unused variable: tmp6
  Removing unused variable: tmp5
  Removing unused variable: tt
  Removing unused variable: tmp4
  Removing unused variable: tmp3
  Removing unused variable: tmp2
  Removing unused variable: tmp1
  Removing unused variable: tmp7
  Removing unused variable: tmp6
  Removing unused variable: tmp5
  Removing unused variable: tt
  Generating code for 1 dofmaps
  Generating code for integrals
  Removing unused variable: K_22
  Removing unused variable: K_21
  Removing unused variable: K_20
  Removing unused variable: K_12
  Removing unused variable: K_11
  Removing unused variable: K_10
  Removing unused variable: K_02
  Removing unused variable: K_01
  Removing unused variable: K_00
  Removing unused variable: d_22
  Removing unused variable: d_21
  Removing unused variable: d_12
  Removing unused variable: d_11
  Removing unused variable: d_02
  Removing unused variable: d_01
  Generating code for forms
  
Compiler stage 4 finished in 0.201988 seconds.

Compiler stage 4.1: Generating additional wrapper code
------------------------------------------------------
  Generating wrapper code for DOLFIN
  
Compiler stage 4.1 finished in 0.00250506 seconds.

Compiler stage 5: Formatting code
---------------------------------
  Output written to ./Poisson.h.
  
Compiler stage 5 finished in 0.00135398 seconds.

[1;37;32mFFC finished in 0.262402 seconds.[0m
