This is FFC, the FEniCS Form Compiler, version 2016.1.0.
UFC backend version 2016.1.0, signature 1b14b3cad537cb974523d529928ad9bde02ef657.
For further information, visit https://bitbucket.org/fenics-project/ffc/.

Compiling form Functionals

Compiler stage 1: Analyzing form(s)
-----------------------------------
  
  Geometric dimension:                 2
  Number of exterior_facet subdomains: 2
  Rank:                                0
  Arguments:                           '()'
  Number of coefficients:              1
  Coefficients:                        '[w_0]'
  Unique elements:                     'CG1(?), Vector<2 x CG1(?)>'
  Unique sub elements:                 'CG1(?), Vector<2 x CG1(?)>'
  
  Extracting monomial form representation from UFL form
  Monomial extraction failed: No handler defined for terminal FacetNormal.
  Estimated cost of tensor representation: -1
  representation:    auto --> quadrature
  quadrature_rule:   auto --> default
  quadrature_degree: auto --> 1
  quadrature_degree: 1
  
  Geometric dimension:                 2
  Number of exterior_facet subdomains: 2
  Rank:                                0
  Arguments:                           '()'
  Number of coefficients:              1
  Coefficients:                        '[w_0]'
  Unique elements:                     'CG1(?), Vector<2 x CG1(?)>'
  Unique sub elements:                 'CG1(?), Vector<2 x CG1(?)>'
  
  Extracting monomial form representation from UFL form
  Monomial extraction failed: No handler defined for terminal FacetNormal.
  Estimated cost of tensor representation: -1
  representation:    auto --> quadrature
  quadrature_rule:   auto --> default
  quadrature_degree: auto --> 1
  quadrature_degree: 1
  
Compiler stage 1 finished in 0.0321281 seconds.

Compiler stage 2: Computing intermediate representation
-------------------------------------------------------
  Computing representation of 2 elements
  Reusing element from cache
  Reusing element from cache
  Reusing element from cache
  Reusing element from cache
  Reusing element from cache
  Reusing element from cache
  Computing representation of 2 dofmaps
  Reusing element from cache
  Reusing element from cache
  Computing representation of 1 coordinate mappings
  Reusing element from cache
  Computing representation of integrals
  Computing quadrature representation
  Reusing element from cache
  Reusing element from cache
  Reusing element from cache
  Reusing element from cache
  
  QG-utils, psi_tables:
  {1: {VectorElement(FiniteElement('Lagrange', triangle, 1), dim=2): {None: {0: {(0, 1): array([[[ -1.00000000e+00],
          [  0.00000000e+00]],
  
         [[  8.88178420e-16],
          [  0.00000000e+00]],
  
         [[  1.00000000e+00],
          [  0.00000000e+00]],
  
         [[  0.00000000e+00],
          [ -1.00000000e+00]],
  
         [[  0.00000000e+00],
          [  8.88178420e-16]],
  
         [[  0.00000000e+00],
          [  1.00000000e+00]]]), (1, 0): array([[[-1.],
          [ 0.]],
  
         [[ 1.],
          [ 0.]],
  
         [[ 0.],
          [ 0.]],
  
         [[ 0.],
          [-1.]],
  
         [[ 0.],
          [ 1.]],
  
         [[ 0.],
          [ 0.]]]), (0, 0): array([[[  4.16333634e-17],
          [  0.00000000e+00]],
  
         [[  5.00000000e-01],
          [  0.00000000e+00]],
  
         [[  5.00000000e-01],
          [  0.00000000e+00]],
  
         [[  0.00000000e+00],
          [  4.16333634e-17]],
  
         [[  0.00000000e+00],
          [  5.00000000e-01]],
  
         [[  0.00000000e+00],
          [  5.00000000e-01]]])}, 1: {(0, 1): array([[[ -1.00000000e+00],
          [  0.00000000e+00]],
  
         [[  8.88178420e-16],
          [  0.00000000e+00]],
  
         [[  1.00000000e+00],
          [  0.00000000e+00]],
  
         [[  0.00000000e+00],
          [ -1.00000000e+00]],
  
         [[  0.00000000e+00],
          [  8.88178420e-16]],
  
         [[  0.00000000e+00],
          [  1.00000000e+00]]]), (1, 0): array([[[-1.],
          [ 0.]],
  
         [[ 1.],
          [ 0.]],
  
         [[ 0.],
          [ 0.]],
  
         [[ 0.],
          [-1.]],
  
         [[ 0.],
          [ 1.]],
  
         [[ 0.],
          [ 0.]]]), (0, 0): array([[[  5.00000000e-01],
          [  0.00000000e+00]],
  
         [[  4.16333634e-17],
          [  0.00000000e+00]],
  
         [[  5.00000000e-01],
          [  0.00000000e+00]],
  
         [[  0.00000000e+00],
          [  5.00000000e-01]],
  
         [[  0.00000000e+00],
          [  4.16333634e-17]],
  
         [[  0.00000000e+00],
          [  5.00000000e-01]]])}, 2: {(0, 1): array([[[ -1.00000000e+00],
          [  0.00000000e+00]],
  
         [[  8.88178420e-16],
          [  0.00000000e+00]],
  
         [[  1.00000000e+00],
          [  0.00000000e+00]],
  
         [[  0.00000000e+00],
          [ -1.00000000e+00]],
  
         [[  0.00000000e+00],
          [  8.88178420e-16]],
  
         [[  0.00000000e+00],
          [  1.00000000e+00]]]), (1, 0): array([[[-1.],
          [ 0.]],
  
         [[ 1.],
          [ 0.]],
  
         [[ 0.],
          [ 0.]],
  
         [[ 0.],
          [-1.]],
  
         [[ 0.],
          [ 1.]],
  
         [[ 0.],
          [ 0.]]]), (0, 0): array([[[ 0.5],
          [ 0. ]],
  
         [[ 0.5],
          [ 0. ]],
  
         [[ 0. ],
          [ 0. ]],
  
         [[ 0. ],
          [ 0.5]],
  
         [[ 0. ],
          [ 0.5]],
  
         [[ 0. ],
          [ 0. ]]])}}}, FiniteElement('Lagrange', triangle, 1): {None: {0: {(0, 0): array([[  4.16333634e-17],
         [  5.00000000e-01],
         [  5.00000000e-01]])}, 1: {(0, 0): array([[  5.00000000e-01],
         [  4.16333634e-17],
         [  5.00000000e-01]])}, 2: {(0, 0): array([[ 0.5],
         [ 0.5],
         [ 0. ]])}}}}}
  
  QG-utils, psi_tables, flat_tables:
  {'FE1_f2_C1_D10': array([[ 0.,  0.,  0., -1.,  1.,  0.]]), 'FE1_f2_C0_D01': array([[ -1.00000000e+00,   8.88178420e-16,   1.00000000e+00,
            0.00000000e+00,   0.00000000e+00,   0.00000000e+00]]), 'FE0_f0': array([[  4.16333634e-17,   5.00000000e-01,   5.00000000e-01]]), 'FE0_f1': array([[  5.00000000e-01,   4.16333634e-17,   5.00000000e-01]]), 'FE0_f2': array([[ 0.5,  0.5,  0. ]]), 'FE1_f1_C0_D01': array([[ -1.00000000e+00,   8.88178420e-16,   1.00000000e+00,
            0.00000000e+00,   0.00000000e+00,   0.00000000e+00]]), 'FE1_f0_C0': array([[  4.16333634e-17,   5.00000000e-01,   5.00000000e-01,
            0.00000000e+00,   0.00000000e+00,   0.00000000e+00]]), 'FE1_f0_C1': array([[  0.00000000e+00,   0.00000000e+00,   0.00000000e+00,
            4.16333634e-17,   5.00000000e-01,   5.00000000e-01]]), 'FE1_f0_C1_D01': array([[  0.00000000e+00,   0.00000000e+00,   0.00000000e+00,
           -1.00000000e+00,   8.88178420e-16,   1.00000000e+00]]), 'FE1_f2_C1_D01': array([[  0.00000000e+00,   0.00000000e+00,   0.00000000e+00,
           -1.00000000e+00,   8.88178420e-16,   1.00000000e+00]]), 'FE1_f1_C1_D10': array([[ 0.,  0.,  0., -1.,  1.,  0.]]), 'FE1_f2_C0_D10': array([[-1.,  1.,  0.,  0.,  0.,  0.]]), 'FE1_f2_C0': array([[ 0.5,  0.5,  0. ,  0. ,  0. ,  0. ]]), 'FE1_f0_C1_D10': array([[ 0.,  0.,  0., -1.,  1.,  0.]]), 'FE1_f1_C1': array([[  0.00000000e+00,   0.00000000e+00,   0.00000000e+00,
            5.00000000e-01,   4.16333634e-17,   5.00000000e-01]]), 'FE1_f1_C1_D01': array([[  0.00000000e+00,   0.00000000e+00,   0.00000000e+00,
           -1.00000000e+00,   8.88178420e-16,   1.00000000e+00]]), 'FE1_f2_C1': array([[ 0. ,  0. ,  0. ,  0.5,  0.5,  0. ]]), 'FE1_f1_C0_D10': array([[-1.,  1.,  0.,  0.,  0.,  0.]]), 'FE1_f0_C0_D01': array([[ -1.00000000e+00,   8.88178420e-16,   1.00000000e+00,
            0.00000000e+00,   0.00000000e+00,   0.00000000e+00]]), 'FE1_f0_C0_D10': array([[-1.,  1.,  0.,  0.,  0.,  0.]]), 'FE1_f1_C0': array([[  5.00000000e-01,   4.16333634e-17,   5.00000000e-01,
            0.00000000e+00,   0.00000000e+00,   0.00000000e+00]])}
  
  tables: {'FE0_f0': array([[  4.16333634e-17,   5.00000000e-01,   5.00000000e-01]]), 'FE0_f1': array([[  5.00000000e-01,   4.16333634e-17,   5.00000000e-01]]), 'FE0_f2': array([[ 0.5,  0.5,  0. ]]), 'FE1_f0_C0': array([[  4.16333634e-17,   5.00000000e-01,   5.00000000e-01,
            0.00000000e+00,   0.00000000e+00,   0.00000000e+00]]), 'FE1_f0_C1': array([[  0.00000000e+00,   0.00000000e+00,   0.00000000e+00,
            4.16333634e-17,   5.00000000e-01,   5.00000000e-01]]), 'FE1_f0_C1_D01': array([[  0.00000000e+00,   0.00000000e+00,   0.00000000e+00,
           -1.00000000e+00,   8.88178420e-16,   1.00000000e+00]]), 'FE1_f2_C0': array([[ 0.5,  0.5,  0. ,  0. ,  0. ,  0. ]]), 'FE1_f0_C1_D10': array([[ 0.,  0.,  0., -1.,  1.,  0.]]), 'FE1_f1_C1': array([[  0.00000000e+00,   0.00000000e+00,   0.00000000e+00,
            5.00000000e-01,   4.16333634e-17,   5.00000000e-01]]), 'FE1_f2_C1': array([[ 0. ,  0. ,  0. ,  0.5,  0.5,  0. ]]), 'FE1_f0_C0_D01': array([[ -1.00000000e+00,   8.88178420e-16,   1.00000000e+00,
            0.00000000e+00,   0.00000000e+00,   0.00000000e+00]]), 'FE1_f0_C0_D10': array([[-1.,  1.,  0.,  0.,  0.,  0.]]), 'FE1_f1_C0': array([[  5.00000000e-01,   4.16333634e-17,   5.00000000e-01,
            0.00000000e+00,   0.00000000e+00,   0.00000000e+00]])}
  
  name_map: {'FE1_f0_C1_D10': ['FE1_f1_C1_D10', 'FE1_f2_C1_D10'], 'FE1_f0_C0_D01': ['FE1_f1_C0_D01', 'FE1_f2_C0_D01'], 'FE1_f0_C1_D01': ['FE1_f1_C1_D01', 'FE1_f2_C1_D01'], 'FE1_f0_C0_D10': ['FE1_f1_C0_D10', 'FE1_f2_C0_D10']}
  
  inv_name_map: {'FE0_f0': 'FE0_f0', 'FE1_f1_C0_D10': 'FE1_f0_C0_D10', 'FE0_f2': 'FE0_f2', 'FE1_f1_C0_D01': 'FE1_f0_C0_D01', 'FE1_f0_C0': 'FE1_f0_C0', 'FE1_f0_C1': 'FE1_f0_C1', 'FE1_f2_C1_D10': 'FE1_f0_C1_D10', 'FE1_f2_C1_D01': 'FE1_f0_C1_D01', 'FE1_f1_C1_D10': 'FE1_f0_C1_D10', 'FE1_f1_C0': 'FE1_f1_C0', 'FE1_f2_C0': 'FE1_f2_C0', 'FE1_f0_C1_D10': 'FE1_f0_C1_D10', 'FE1_f0_C1_D01': 'FE1_f0_C1_D01', 'FE1_f1_C1': 'FE1_f1_C1', 'FE1_f1_C1_D01': 'FE1_f0_C1_D01', 'FE1_f2_C1': 'FE1_f2_C1', 'FE1_f2_C0_D10': 'FE1_f0_C0_D10', 'FE1_f0_C0_D10': 'FE1_f0_C0_D10', 'FE1_f0_C0_D01': 'FE1_f0_C0_D01', 'FE1_f2_C0_D01': 'FE1_f0_C0_D01', 'FE0_f1': 'FE0_f1'}
  
  QG-utils, psi_tables, unique_tables:
  {'FE0_f0': array([[ 0.5,  0.5]]), 'FE1_f0_C0_D01': array([[-1.,  1.]])}
  
  QG-utils, psi_tables, name_map:
  {'FE0_f0': ('FE0_f0', (0, [1, 2]), False, False), 'FE1_f1_C0_D10': ('FE1_f0_C0_D01', (5, [0, 1]), False, False), 'FE0_f2': ('FE0_f0', (2, [0, 1]), False, False), 'FE1_f1_C0_D01': ('FE1_f0_C0_D01', (4, [0, 2]), False, False), 'FE1_f0_C0': ('FE0_f0', (3, [1, 2]), False, False), 'FE1_f0_C1': ('FE0_f0', (6, [4, 5]), False, False), 'FE1_f2_C1_D10': ('FE1_f0_C0_D01', (8, [3, 4]), False, False), 'FE1_f2_C1_D01': ('FE1_f0_C0_D01', (7, [3, 5]), False, False), 'FE1_f1_C1_D10': ('FE1_f0_C0_D01', (8, [3, 4]), False, False), 'FE1_f1_C0': ('FE0_f0', (9, [0, 2]), False, False), 'FE1_f2_C0': ('FE0_f0', (11, [0, 1]), False, False), 'FE1_f0_C1_D10': ('FE1_f0_C0_D01', (8, [3, 4]), False, False), 'FE1_f0_C1_D01': ('FE1_f0_C0_D01', (7, [3, 5]), False, False), 'FE1_f1_C1': ('FE0_f0', (10, [3, 5]), False, False), 'FE1_f1_C1_D01': ('FE1_f0_C0_D01', (7, [3, 5]), False, False), 'FE1_f2_C1': ('FE0_f0', (12, [3, 4]), False, False), 'FE1_f2_C0_D10': ('FE1_f0_C0_D01', (5, [0, 1]), False, False), 'FE1_f0_C0_D10': ('FE1_f0_C0_D01', (5, [0, 1]), False, False), 'FE1_f0_C0_D01': ('FE1_f0_C0_D01', (4, [0, 2]), False, False), 'FE1_f2_C0_D01': ('FE1_f0_C0_D01', (4, [0, 2]), False, False), 'FE0_f1': ('FE0_f0', (1, [0, 2]), False, False)}
  Transforming exterior facet integral 0
  Reusing element from cache
  Reusing element from cache
  Transforming exterior facet integral 1
  Reusing element from cache
  Reusing element from cache
  Transforming exterior facet integral 2
  Reusing element from cache
  Reusing element from cache
  Reusing element from cache
  Reusing element from cache
  Computing quadrature representation
  Reusing element from cache
  Reusing element from cache
  Reusing element from cache
  Reusing element from cache
  
  QG-utils, psi_tables:
  {1: {VectorElement(FiniteElement('Lagrange', triangle, 1), dim=2): {None: {0: {(0, 1): array([[[ -1.00000000e+00],
          [  0.00000000e+00]],
  
         [[  8.88178420e-16],
          [  0.00000000e+00]],
  
         [[  1.00000000e+00],
          [  0.00000000e+00]],
  
         [[  0.00000000e+00],
          [ -1.00000000e+00]],
  
         [[  0.00000000e+00],
          [  8.88178420e-16]],
  
         [[  0.00000000e+00],
          [  1.00000000e+00]]]), (1, 0): array([[[-1.],
          [ 0.]],
  
         [[ 1.],
          [ 0.]],
  
         [[ 0.],
          [ 0.]],
  
         [[ 0.],
          [-1.]],
  
         [[ 0.],
          [ 1.]],
  
         [[ 0.],
          [ 0.]]]), (0, 0): array([[[  4.16333634e-17],
          [  0.00000000e+00]],
  
         [[  5.00000000e-01],
          [  0.00000000e+00]],
  
         [[  5.00000000e-01],
          [  0.00000000e+00]],
  
         [[  0.00000000e+00],
          [  4.16333634e-17]],
  
         [[  0.00000000e+00],
          [  5.00000000e-01]],
  
         [[  0.00000000e+00],
          [  5.00000000e-01]]])}, 1: {(0, 1): array([[[ -1.00000000e+00],
          [  0.00000000e+00]],
  
         [[  8.88178420e-16],
          [  0.00000000e+00]],
  
         [[  1.00000000e+00],
          [  0.00000000e+00]],
  
         [[  0.00000000e+00],
          [ -1.00000000e+00]],
  
         [[  0.00000000e+00],
          [  8.88178420e-16]],
  
         [[  0.00000000e+00],
          [  1.00000000e+00]]]), (1, 0): array([[[-1.],
          [ 0.]],
  
         [[ 1.],
          [ 0.]],
  
         [[ 0.],
          [ 0.]],
  
         [[ 0.],
          [-1.]],
  
         [[ 0.],
          [ 1.]],
  
         [[ 0.],
          [ 0.]]]), (0, 0): array([[[  5.00000000e-01],
          [  0.00000000e+00]],
  
         [[  4.16333634e-17],
          [  0.00000000e+00]],
  
         [[  5.00000000e-01],
          [  0.00000000e+00]],
  
         [[  0.00000000e+00],
          [  5.00000000e-01]],
  
         [[  0.00000000e+00],
          [  4.16333634e-17]],
  
         [[  0.00000000e+00],
          [  5.00000000e-01]]])}, 2: {(0, 1): array([[[ -1.00000000e+00],
          [  0.00000000e+00]],
  
         [[  8.88178420e-16],
          [  0.00000000e+00]],
  
         [[  1.00000000e+00],
          [  0.00000000e+00]],
  
         [[  0.00000000e+00],
          [ -1.00000000e+00]],
  
         [[  0.00000000e+00],
          [  8.88178420e-16]],
  
         [[  0.00000000e+00],
          [  1.00000000e+00]]]), (1, 0): array([[[-1.],
          [ 0.]],
  
         [[ 1.],
          [ 0.]],
  
         [[ 0.],
          [ 0.]],
  
         [[ 0.],
          [-1.]],
  
         [[ 0.],
          [ 1.]],
  
         [[ 0.],
          [ 0.]]]), (0, 0): array([[[ 0.5],
          [ 0. ]],
  
         [[ 0.5],
          [ 0. ]],
  
         [[ 0. ],
          [ 0. ]],
  
         [[ 0. ],
          [ 0.5]],
  
         [[ 0. ],
          [ 0.5]],
  
         [[ 0. ],
          [ 0. ]]])}}}, FiniteElement('Lagrange', triangle, 1): {None: {0: {(0, 0): array([[  4.16333634e-17],
         [  5.00000000e-01],
         [  5.00000000e-01]])}, 1: {(0, 0): array([[  5.00000000e-01],
         [  4.16333634e-17],
         [  5.00000000e-01]])}, 2: {(0, 0): array([[ 0.5],
         [ 0.5],
         [ 0. ]])}}}}}
  
  QG-utils, psi_tables, flat_tables:
  {'FE1_f2_C1_D10': array([[ 0.,  0.,  0., -1.,  1.,  0.]]), 'FE1_f2_C0_D01': array([[ -1.00000000e+00,   8.88178420e-16,   1.00000000e+00,
            0.00000000e+00,   0.00000000e+00,   0.00000000e+00]]), 'FE0_f0': array([[  4.16333634e-17,   5.00000000e-01,   5.00000000e-01]]), 'FE0_f1': array([[  5.00000000e-01,   4.16333634e-17,   5.00000000e-01]]), 'FE0_f2': array([[ 0.5,  0.5,  0. ]]), 'FE1_f1_C0_D01': array([[ -1.00000000e+00,   8.88178420e-16,   1.00000000e+00,
            0.00000000e+00,   0.00000000e+00,   0.00000000e+00]]), 'FE1_f0_C0': array([[  4.16333634e-17,   5.00000000e-01,   5.00000000e-01,
            0.00000000e+00,   0.00000000e+00,   0.00000000e+00]]), 'FE1_f0_C1': array([[  0.00000000e+00,   0.00000000e+00,   0.00000000e+00,
            4.16333634e-17,   5.00000000e-01,   5.00000000e-01]]), 'FE1_f0_C1_D01': array([[  0.00000000e+00,   0.00000000e+00,   0.00000000e+00,
           -1.00000000e+00,   8.88178420e-16,   1.00000000e+00]]), 'FE1_f2_C1_D01': array([[  0.00000000e+00,   0.00000000e+00,   0.00000000e+00,
           -1.00000000e+00,   8.88178420e-16,   1.00000000e+00]]), 'FE1_f1_C1_D10': array([[ 0.,  0.,  0., -1.,  1.,  0.]]), 'FE1_f2_C0_D10': array([[-1.,  1.,  0.,  0.,  0.,  0.]]), 'FE1_f2_C0': array([[ 0.5,  0.5,  0. ,  0. ,  0. ,  0. ]]), 'FE1_f0_C1_D10': array([[ 0.,  0.,  0., -1.,  1.,  0.]]), 'FE1_f1_C1': array([[  0.00000000e+00,   0.00000000e+00,   0.00000000e+00,
            5.00000000e-01,   4.16333634e-17,   5.00000000e-01]]), 'FE1_f1_C1_D01': array([[  0.00000000e+00,   0.00000000e+00,   0.00000000e+00,
           -1.00000000e+00,   8.88178420e-16,   1.00000000e+00]]), 'FE1_f2_C1': array([[ 0. ,  0. ,  0. ,  0.5,  0.5,  0. ]]), 'FE1_f1_C0_D10': array([[-1.,  1.,  0.,  0.,  0.,  0.]]), 'FE1_f0_C0_D01': array([[ -1.00000000e+00,   8.88178420e-16,   1.00000000e+00,
            0.00000000e+00,   0.00000000e+00,   0.00000000e+00]]), 'FE1_f0_C0_D10': array([[-1.,  1.,  0.,  0.,  0.,  0.]]), 'FE1_f1_C0': array([[  5.00000000e-01,   4.16333634e-17,   5.00000000e-01,
            0.00000000e+00,   0.00000000e+00,   0.00000000e+00]])}
  
  tables: {'FE0_f0': array([[  4.16333634e-17,   5.00000000e-01,   5.00000000e-01]]), 'FE0_f1': array([[  5.00000000e-01,   4.16333634e-17,   5.00000000e-01]]), 'FE0_f2': array([[ 0.5,  0.5,  0. ]]), 'FE1_f0_C0': array([[  4.16333634e-17,   5.00000000e-01,   5.00000000e-01,
            0.00000000e+00,   0.00000000e+00,   0.00000000e+00]]), 'FE1_f0_C1': array([[  0.00000000e+00,   0.00000000e+00,   0.00000000e+00,
            4.16333634e-17,   5.00000000e-01,   5.00000000e-01]]), 'FE1_f0_C1_D01': array([[  0.00000000e+00,   0.00000000e+00,   0.00000000e+00,
           -1.00000000e+00,   8.88178420e-16,   1.00000000e+00]]), 'FE1_f2_C0': array([[ 0.5,  0.5,  0. ,  0. ,  0. ,  0. ]]), 'FE1_f0_C1_D10': array([[ 0.,  0.,  0., -1.,  1.,  0.]]), 'FE1_f1_C1': array([[  0.00000000e+00,   0.00000000e+00,   0.00000000e+00,
            5.00000000e-01,   4.16333634e-17,   5.00000000e-01]]), 'FE1_f2_C1': array([[ 0. ,  0. ,  0. ,  0.5,  0.5,  0. ]]), 'FE1_f0_C0_D01': array([[ -1.00000000e+00,   8.88178420e-16,   1.00000000e+00,
            0.00000000e+00,   0.00000000e+00,   0.00000000e+00]]), 'FE1_f0_C0_D10': array([[-1.,  1.,  0.,  0.,  0.,  0.]]), 'FE1_f1_C0': array([[  5.00000000e-01,   4.16333634e-17,   5.00000000e-01,
            0.00000000e+00,   0.00000000e+00,   0.00000000e+00]])}
  
  name_map: {'FE1_f0_C1_D10': ['FE1_f1_C1_D10', 'FE1_f2_C1_D10'], 'FE1_f0_C0_D01': ['FE1_f1_C0_D01', 'FE1_f2_C0_D01'], 'FE1_f0_C1_D01': ['FE1_f1_C1_D01', 'FE1_f2_C1_D01'], 'FE1_f0_C0_D10': ['FE1_f1_C0_D10', 'FE1_f2_C0_D10']}
  
  inv_name_map: {'FE0_f0': 'FE0_f0', 'FE1_f1_C0_D10': 'FE1_f0_C0_D10', 'FE0_f2': 'FE0_f2', 'FE1_f1_C0_D01': 'FE1_f0_C0_D01', 'FE1_f0_C0': 'FE1_f0_C0', 'FE1_f0_C1': 'FE1_f0_C1', 'FE1_f2_C1_D10': 'FE1_f0_C1_D10', 'FE1_f2_C1_D01': 'FE1_f0_C1_D01', 'FE1_f1_C1_D10': 'FE1_f0_C1_D10', 'FE1_f1_C0': 'FE1_f1_C0', 'FE1_f2_C0': 'FE1_f2_C0', 'FE1_f0_C1_D10': 'FE1_f0_C1_D10', 'FE1_f0_C1_D01': 'FE1_f0_C1_D01', 'FE1_f1_C1': 'FE1_f1_C1', 'FE1_f1_C1_D01': 'FE1_f0_C1_D01', 'FE1_f2_C1': 'FE1_f2_C1', 'FE1_f2_C0_D10': 'FE1_f0_C0_D10', 'FE1_f0_C0_D10': 'FE1_f0_C0_D10', 'FE1_f0_C0_D01': 'FE1_f0_C0_D01', 'FE1_f2_C0_D01': 'FE1_f0_C0_D01', 'FE0_f1': 'FE0_f1'}
  
  QG-utils, psi_tables, unique_tables:
  {'FE0_f0': array([[ 0.5,  0.5]]), 'FE1_f0_C0_D01': array([[-1.,  1.]])}
  
  QG-utils, psi_tables, name_map:
  {'FE0_f0': ('FE0_f0', (0, [1, 2]), False, False), 'FE1_f1_C0_D10': ('FE1_f0_C0_D01', (5, [0, 1]), False, False), 'FE0_f2': ('FE0_f0', (2, [0, 1]), False, False), 'FE1_f1_C0_D01': ('FE1_f0_C0_D01', (4, [0, 2]), False, False), 'FE1_f0_C0': ('FE0_f0', (3, [1, 2]), False, False), 'FE1_f0_C1': ('FE0_f0', (6, [4, 5]), False, False), 'FE1_f2_C1_D10': ('FE1_f0_C0_D01', (8, [3, 4]), False, False), 'FE1_f2_C1_D01': ('FE1_f0_C0_D01', (7, [3, 5]), False, False), 'FE1_f1_C1_D10': ('FE1_f0_C0_D01', (8, [3, 4]), False, False), 'FE1_f1_C0': ('FE0_f0', (9, [0, 2]), False, False), 'FE1_f2_C0': ('FE0_f0', (11, [0, 1]), False, False), 'FE1_f0_C1_D10': ('FE1_f0_C0_D01', (8, [3, 4]), False, False), 'FE1_f0_C1_D01': ('FE1_f0_C0_D01', (7, [3, 5]), False, False), 'FE1_f1_C1': ('FE0_f0', (10, [3, 5]), False, False), 'FE1_f1_C1_D01': ('FE1_f0_C0_D01', (7, [3, 5]), False, False), 'FE1_f2_C1': ('FE0_f0', (12, [3, 4]), False, False), 'FE1_f2_C0_D10': ('FE1_f0_C0_D01', (5, [0, 1]), False, False), 'FE1_f0_C0_D10': ('FE1_f0_C0_D01', (5, [0, 1]), False, False), 'FE1_f0_C0_D01': ('FE1_f0_C0_D01', (4, [0, 2]), False, False), 'FE1_f2_C0_D01': ('FE1_f0_C0_D01', (4, [0, 2]), False, False), 'FE0_f1': ('FE0_f0', (1, [0, 2]), False, False)}
  Transforming exterior facet integral 0
  Reusing element from cache
  Reusing element from cache
  Transforming exterior facet integral 1
  Reusing element from cache
  Reusing element from cache
  Transforming exterior facet integral 2
  Reusing element from cache
  Reusing element from cache
  Reusing element from cache
  Reusing element from cache
  Computing representation of forms
  
Compiler stage 2 finished in 0.127938 seconds.

Compiler stage 3: Optimizing intermediate representation
--------------------------------------------------------
  Optimising expressions for facet integral 0
  Optimising expressions for facet integral 1
  Optimising expressions for facet integral 2
  Optimising expressions for facet integral 0
  Optimising expressions for facet integral 1
  Optimising expressions for facet integral 2
  
Compiler stage 3 finished in 0.00124502 seconds.

Compiler stage 4: Generating code
---------------------------------
  Generating code for 2 element(s)
  Removing unused variable: tmp2
  Removing unused variable: tmp1
  Removing unused variable: tmp2
  Removing unused variable: tmp1
  Removing unused variable: tmp2
  Removing unused variable: tmp1
  Removing unused variable: tmp2
  Removing unused variable: tmp1
  Removing unused variable: tmp2
  Removing unused variable: tmp1
  Removing unused variable: tmp2
  Removing unused variable: tmp1
  Removing unused variable: tmp2
  Removing unused variable: tmp1
  Removing unused variable: tmp2
  Removing unused variable: tmp1
  Removing unused variable: tmp2
  Removing unused variable: tmp1
  Removing unused variable: tmp2
  Removing unused variable: tmp1
  Removing unused variable: tmp2
  Removing unused variable: tmp1
  Removing unused variable: tmp2
  Removing unused variable: tmp1
  Removing unused variable: tmp2
  Removing unused variable: tmp1
  Removing unused variable: tmp2
  Removing unused variable: tmp1
  Removing unused variable: tmp2
  Removing unused variable: tmp1
  Removing unused variable: tmp2
  Removing unused variable: tmp1
  Removing unused variable: tmp2
  Removing unused variable: tmp1
  Removing unused variable: tmp2
  Removing unused variable: tmp1
  Generating code for 2 dofmap(s)
  Generating code for 1 coordinate_mapping(s)
  Generating code for integrals
  Removing unused variable: circumradius
  Removing unused variable: v0v1
  Removing unused variable: v0v2
  Removing unused variable: v1v2
  Removing unused variable: volume
  Removing unused variable: facet_area
  Removing unused variable: n1
  Removing unused variable: circumradius
  Removing unused variable: v0v1
  Removing unused variable: v0v2
  Removing unused variable: v1v2
  Removing unused variable: volume
  Removing unused variable: facet_area
  Removing unused variable: n0
  Generating code for forms
  
Compiler stage 4 finished in 0.125604 seconds.

Compiler stage 4.1: Generating additional wrapper code
------------------------------------------------------
  Generating wrapper code for DOLFIN
  
Compiler stage 4.1 finished in 0.000950813 seconds.

Compiler stage 5: Formatting code
---------------------------------
  
Compiler stage 5 finished in 0.000720978 seconds.

FFC finished in 0.289169 seconds.
Output written to ./Functionals.h.
