This is FFC, the FEniCS Form Compiler, version 1.4.0.
For further information, visit http://www.fenics.org/ffc/.

Compiling element Velocity

Compiler stage 1: Analyzing form(s)
-----------------------------------
  
Compiler stage 1 finished in 0.000257015 seconds.

Compiler stage 2: Computing intermediate representation
-------------------------------------------------------
  Computing representation of 2 elements
  Reusing element from cache
  Reusing element from cache
  Reusing element from cache
  Reusing element from cache
  Computing representation of 2 dofmaps
  Reusing element from cache
  Reusing element from cache
  Computing representation of integrals
  Computing representation of forms
  
Compiler stage 2 finished in 0.013695 seconds.

Compiler stage 3: Optimizing intermediate representation
--------------------------------------------------------
  
Compiler stage 3 finished in 0.000164032 seconds.

Compiler stage 4: Generating code
---------------------------------
  Generating code for 2 element(s)
  Removing unused variable: tmp7
  Removing unused variable: tmp6
  Removing unused variable: tmp5
  Removing unused variable: tt
  Removing unused variable: ss
  Removing unused variable: rr
  Removing unused variable: tmp7
  Removing unused variable: tmp6
  Removing unused variable: tmp5
  Removing unused variable: tt
  Removing unused variable: ss
  Removing unused variable: rr
  Removing unused variable: tmp7
  Removing unused variable: tmp6
  Removing unused variable: tmp5
  Removing unused variable: tt
  Removing unused variable: ss
  Removing unused variable: rr
  Removing unused variable: tmp7
  Removing unused variable: tmp6
  Removing unused variable: tmp5
  Removing unused variable: tt
  Removing unused variable: ss
  Removing unused variable: rr
  Removing unused variable: tmp7
  Removing unused variable: tmp6
  Removing unused variable: tmp5
  Removing unused variable: tt
  Removing unused variable: ss
  Removing unused variable: rr
  Removing unused variable: tmp7
  Removing unused variable: tmp6
  Removing unused variable: tmp5
  Removing unused variable: tt
  Removing unused variable: ss
  Removing unused variable: rr
  Removing unused variable: tmp7
  Removing unused variable: tmp6
  Removing unused variable: tmp5
  Removing unused variable: tt
  Removing unused variable: ss
  Removing unused variable: rr
  Removing unused variable: tmp7
  Removing unused variable: tmp6
  Removing unused variable: tmp5
  Removing unused variable: tt
  Removing unused variable: ss
  Removing unused variable: rr
  Removing unused variable: tmp7
  Removing unused variable: tmp6
  Removing unused variable: tmp5
  Removing unused variable: tt
  Removing unused variable: ss
  Removing unused variable: rr
  Removing unused variable: tmp7
  Removing unused variable: tmp6
  Removing unused variable: tmp5
  Removing unused variable: tt
  Removing unused variable: ss
  Removing unused variable: rr
  Removing unused variable: tmp7
  Removing unused variable: tmp6
  Removing unused variable: tmp5
  Removing unused variable: tt
  Removing unused variable: ss
  Removing unused variable: rr
  Removing unused variable: tmp7
  Removing unused variable: tmp6
  Removing unused variable: tmp5
  Removing unused variable: tt
  Removing unused variable: ss
  Removing unused variable: rr
  Removing unused variable: tmp7
  Removing unused variable: tmp6
  Removing unused variable: tmp5
  Removing unused variable: tt
  Removing unused variable: ss
  Removing unused variable: rr
  Removing unused variable: tmp7
  Removing unused variable: tmp6
  Removing unused variable: tmp5
  Removing unused variable: tt
  Removing unused variable: ss
  Removing unused variable: rr
  Removing unused variable: tmp7
  Removing unused variable: tmp6
  Removing unused variable: tmp5
  Removing unused variable: tt
  Removing unused variable: ss
  Removing unused variable: rr
  Removing unused variable: tmp7
  Removing unused variable: tmp6
  Removing unused variable: tmp5
  Removing unused variable: tt
  Removing unused variable: ss
  Removing unused variable: rr
  Removing unused variable: tmp7
  Removing unused variable: tmp6
  Removing unused variable: tmp5
  Removing unused variable: tt
  Removing unused variable: ss
  Removing unused variable: rr
  Removing unused variable: tmp7
  Removing unused variable: tmp6
  Removing unused variable: tmp5
  Removing unused variable: tt
  Removing unused variable: ss
  Removing unused variable: rr
  Removing unused variable: tmp7
  Removing unused variable: tmp6
  Removing unused variable: tmp5
  Removing unused variable: tt
  Removing unused variable: ss
  Removing unused variable: rr
  Removing unused variable: tmp7
  Removing unused variable: tmp6
  Removing unused variable: tmp5
  Removing unused variable: tt
  Removing unused variable: ss
  Removing unused variable: rr
  Removing unused variable: tmp7
  Removing unused variable: tmp6
  Removing unused variable: tmp5
  Removing unused variable: tt
  Removing unused variable: ss
  Removing unused variable: rr
  Removing unused variable: tmp7
  Removing unused variable: tmp6
  Removing unused variable: tmp5
  Removing unused variable: tt
  Removing unused variable: ss
  Removing unused variable: rr
  Removing unused variable: tmp7
  Removing unused variable: tmp6
  Removing unused variable: tmp5
  Removing unused variable: tt
  Removing unused variable: ss
  Removing unused variable: rr
  Removing unused variable: tmp7
  Removing unused variable: tmp6
  Removing unused variable: tmp5
  Removing unused variable: tt
  Removing unused variable: ss
  Removing unused variable: rr
  Removing unused variable: tmp7
  Removing unused variable: tmp6
  Removing unused variable: tmp5
  Removing unused variable: tt
  Removing unused variable: ss
  Removing unused variable: rr
  Removing unused variable: tmp7
  Removing unused variable: tmp6
  Removing unused variable: tmp5
  Removing unused variable: tt
  Removing unused variable: ss
  Removing unused variable: rr
  Removing unused variable: tmp7
  Removing unused variable: tmp6
  Removing unused variable: tmp5
  Removing unused variable: tt
  Removing unused variable: ss
  Removing unused variable: rr
  Removing unused variable: tmp7
  Removing unused variable: tmp6
  Removing unused variable: tmp5
  Removing unused variable: tt
  Removing unused variable: ss
  Removing unused variable: rr
  Removing unused variable: tmp7
  Removing unused variable: tmp6
  Removing unused variable: tmp5
  Removing unused variable: tt
  Removing unused variable: ss
  Removing unused variable: rr
  Removing unused variable: tmp7
  Removing unused variable: tmp6
  Removing unused variable: tmp5
  Removing unused variable: tt
  Removing unused variable: ss
  Removing unused variable: rr
  Removing unused variable: tmp7
  Removing unused variable: tmp6
  Removing unused variable: tmp5
  Removing unused variable: tt
  Removing unused variable: ss
  Removing unused variable: rr
  Removing unused variable: tmp7
  Removing unused variable: tmp6
  Removing unused variable: tmp5
  Removing unused variable: tt
  Removing unused variable: ss
  Removing unused variable: rr
  Removing unused variable: tmp7
  Removing unused variable: tmp6
  Removing unused variable: tmp5
  Removing unused variable: tt
  Removing unused variable: ss
  Removing unused variable: rr
  Removing unused variable: tmp7
  Removing unused variable: tmp6
  Removing unused variable: tmp5
  Removing unused variable: tt
  Removing unused variable: ss
  Removing unused variable: rr
  Removing unused variable: tmp7
  Removing unused variable: tmp6
  Removing unused variable: tmp5
  Removing unused variable: tt
  Removing unused variable: ss
  Removing unused variable: rr
  Removing unused variable: tmp7
  Removing unused variable: tmp6
  Removing unused variable: tmp5
  Removing unused variable: tt
  Removing unused variable: ss
  Removing unused variable: rr
  Generating code for 2 dofmap(s)
  Generating code for integrals
  Generating code for forms
  
Compiler stage 4 finished in 0.283608 seconds.

Compiler stage 4.1: Generating additional wrapper code
------------------------------------------------------
  Generating wrapper code for DOLFIN
  
Compiler stage 4.1 finished in 0.000443935 seconds.

Compiler stage 5: Formatting code
---------------------------------
  Output written to ./Velocity.h.
  
Compiler stage 5 finished in 0.00126791 seconds.

[1;37;32mFFC finished in 0.29988 seconds.[0m
This is FFC, the FEniCS Form Compiler, version 1.4.0.
For further information, visit http://www.fenics.org/ffc/.

Compiling form AdvectionDiffusion

Compiler stage 1: Analyzing form(s)
-----------------------------------
  
  Name:                   'a'
  Geometric dimension:    2
  Rank:                   2
  Arguments:              '[v_0, v_1]'
  Argument names:         '[v, u]'
  Number of coefficients: 1
  Coefficients:           '[w_1]'
  Coefficient names:      '[b]'
  Unique elements:        'CG1(?), Vector<2 x CG2(?)>'
  Unique sub elements:    'CG1(?), Vector<2 x CG2(?)>, CG2(?)'
  
  Extracting monomial form representation from UFL form
  Transforming monomial form to reference element
  Reusing element from cache
  Reusing element from cache
  Reusing element from cache
  Reusing element from cache
  Reusing element from cache
  Reusing element from cache
  Reusing element from cache
  Reusing element from cache
  Estimated cost of tensor representation: 2
  representation:    auto --> tensor
  Selecting quadrature degree based on total polynomial degree of integrand: 3
  quadrature_degree: auto --> 3
  quadrature_rule:   auto --> default
  
  Name:                   'L'
  Geometric dimension:    2
  Rank:                   1
  Arguments:              '[v_0]'
  Argument names:         '[v]'
  Number of coefficients: 3
  Coefficients:           '[w_0, w_1, w_2]'
  Coefficient names:      '[u0, b, f]'
  Unique elements:        'CG1(?), Vector<2 x CG2(?)>'
  Unique sub elements:    'CG1(?), Vector<2 x CG2(?)>, CG2(?)'
  
  Extracting monomial form representation from UFL form
  Transforming monomial form to reference element
  Reusing element from cache
  Reusing element from cache
  Reusing element from cache
  Reusing element from cache
  Reusing element from cache
  Reusing element from cache
  Reusing element from cache
  Reusing element from cache
  Reusing element from cache
  Reusing element from cache
  Reusing element from cache
  Estimated cost of tensor representation: 3
  representation:    auto --> tensor
  Selecting quadrature degree based on total polynomial degree of integrand: 3
  quadrature_degree: auto --> 3
  quadrature_rule:   auto --> default
  
Compiler stage 1 finished in 0.040498 seconds.

Compiler stage 2: Computing intermediate representation
-------------------------------------------------------
  Computing representation of 3 elements
  Reusing element from cache
  Reusing element from cache
  Reusing element from cache
  Reusing element from cache
  Reusing element from cache
  Reusing element from cache
  Computing representation of 3 dofmaps
  Reusing element from cache
  Reusing element from cache
  Reusing element from cache
  Computing representation of integrals
  Computing tensor representation
  Extracting monomial form representation from UFL form
  Transforming monomial form to reference element
  Reusing element from cache
  Reusing element from cache
  Reusing element from cache
  Reusing element from cache
  Reusing element from cache
  Reusing element from cache
  Reusing element from cache
  Reusing element from cache
  Reusing element from cache
  Precomputing integrals on reference element
  Reusing element from cache
  36 entries computed in 0.00105 seconds
  Shape of reference tensor: (3, 3, 2, 2)
  Primary multi index:   rank = 2 dims = [3, 3] indices = [[0, 0], [0, 1], [0, 2], [1, 0], [1, 1], [1, 2], [2, 0], [2, 1], [2, 2]]
  Secondary multi index: rank = 2 dims = [2, 2] indices = [[0, 0], [0, 1], [1, 0], [1, 1]]
  Internal multi index:  rank = 0 dims = [] indices = [[]]
  Secondary multi index: rank = 2 dims = [2, 2] indices = [[0, 0], [0, 1], [1, 0], [1, 1]]
  External multi index:  rank = 1 dims = [2] indices = [[0], [1]]
  Precomputing integrals on reference element
  Reusing element from cache
  9 entries computed in 0.000932 seconds
  Shape of reference tensor: (3, 3)
  Primary multi index:   rank = 2 dims = [3, 3] indices = [[0, 0], [0, 1], [0, 2], [1, 0], [1, 1], [1, 2], [2, 0], [2, 1], [2, 2]]
  Secondary multi index: rank = 0 dims = [] indices = [[]]
  Internal multi index:  rank = 0 dims = [] indices = [[]]
  Secondary multi index: rank = 0 dims = [] indices = [[]]
  External multi index:  rank = 0 dims = [] indices = [[]]
  Precomputing integrals on reference element
  Reusing element from cache
  Reusing element from cache
  432 entries computed in 0.00242 seconds
  Shape of reference tensor: (3, 3, 12, 2, 2)
  Primary multi index:   rank = 2 dims = [3, 3] indices = [[0, 0], [0, 1], [0, 2], [1, 0], [1, 1], [1, 2], [2, 0], [2, 1], [2, 2]]
  Secondary multi index: rank = 3 dims = [12, 2, 2] indices = [[0, 0, 0], [0, 0, 1], [0, 1, 0], [0, 1, 1], [1, 0, 0], [1, 0, 1], [1, 1, 0], [1, 1, 1], [2, 0, 0], [2, 0, 1], [2, 1, 0], [2, 1, 1], [3, 0, 0], [3, 0, 1], [3, 1, 0], [3, 1, 1], [4, 0, 0], [4, 0, 1], [4, 1, 0], [4, 1, 1], [5, 0, 0], [5, 0, 1], [5, 1, 0], [5, 1, 1], [6, 0, 0], [6, 0, 1], [6, 1, 0], [6, 1, 1], [7, 0, 0], [7, 0, 1], [7, 1, 0], [7, 1, 1], [8, 0, 0], [8, 0, 1], [8, 1, 0], [8, 1, 1], [9, 0, 0], [9, 0, 1], [9, 1, 0], [9, 1, 1], [10, 0, 0], [10, 0, 1], [10, 1, 0], [10, 1, 1], [11, 0, 0], [11, 0, 1], [11, 1, 0], [11, 1, 1]]
  Internal multi index:  rank = 0 dims = [] indices = [[]]
  Secondary multi index: rank = 3 dims = [12, 2, 2] indices = [[0, 0, 0], [0, 0, 1], [0, 1, 0], [0, 1, 1], [1, 0, 0], [1, 0, 1], [1, 1, 0], [1, 1, 1], [2, 0, 0], [2, 0, 1], [2, 1, 0], [2, 1, 1], [3, 0, 0], [3, 0, 1], [3, 1, 0], [3, 1, 1], [4, 0, 0], [4, 0, 1], [4, 1, 0], [4, 1, 1], [5, 0, 0], [5, 0, 1], [5, 1, 0], [5, 1, 1], [6, 0, 0], [6, 0, 1], [6, 1, 0], [6, 1, 1], [7, 0, 0], [7, 0, 1], [7, 1, 0], [7, 1, 1], [8, 0, 0], [8, 0, 1], [8, 1, 0], [8, 1, 1], [9, 0, 0], [9, 0, 1], [9, 1, 0], [9, 1, 1], [10, 0, 0], [10, 0, 1], [10, 1, 0], [10, 1, 1], [11, 0, 0], [11, 0, 1], [11, 1, 0], [11, 1, 1]]
  External multi index:  rank = 0 dims = [] indices = [[]]
  Reusing element from cache
  Reusing element from cache
  Computing tensor representation
  Extracting monomial form representation from UFL form
  Transforming monomial form to reference element
  Reusing element from cache
  Reusing element from cache
  Reusing element from cache
  Reusing element from cache
  Reusing element from cache
  Reusing element from cache
  Reusing element from cache
  Reusing element from cache
  Reusing element from cache
  Reusing element from cache
  Reusing element from cache
  Precomputing integrals on reference element
  Reusing element from cache
  36 entries computed in 0.001 seconds
  Shape of reference tensor: (3, 2, 3, 2)
  Primary multi index:   rank = 1 dims = [3] indices = [[0], [1], [2]]
  Secondary multi index: rank = 3 dims = [2, 3, 2] indices = [[0, 0, 0], [0, 0, 1], [0, 1, 0], [0, 1, 1], [0, 2, 0], [0, 2, 1], [1, 0, 0], [1, 0, 1], [1, 1, 0], [1, 1, 1], [1, 2, 0], [1, 2, 1]]
  Internal multi index:  rank = 0 dims = [] indices = [[]]
  Secondary multi index: rank = 3 dims = [2, 3, 2] indices = [[0, 0, 0], [0, 0, 1], [0, 1, 0], [0, 1, 1], [0, 2, 0], [0, 2, 1], [1, 0, 0], [1, 0, 1], [1, 1, 0], [1, 1, 1], [1, 2, 0], [1, 2, 1]]
  External multi index:  rank = 1 dims = [2] indices = [[0], [1]]
  Precomputing integrals on reference element
  Reusing element from cache
  Reusing element from cache
  432 entries computed in 0.00236 seconds
  Shape of reference tensor: (3, 12, 2, 3, 2)
  Primary multi index:   rank = 1 dims = [3] indices = [[0], [1], [2]]
  Secondary multi index: rank = 4 dims = [12, 2, 3, 2] indices = [[0, 0, 0, 0], [0, 0, 0, 1], [0, 0, 1, 0], [0, 0, 1, 1], [0, 0, 2, 0], [0, 0, 2, 1], [0, 1, 0, 0], [0, 1, 0, 1], [0, 1, 1, 0], [0, 1, 1, 1], [0, 1, 2, 0], [0, 1, 2, 1], [1, 0, 0, 0], [1, 0, 0, 1], [1, 0, 1, 0], [1, 0, 1, 1], [1, 0, 2, 0], [1, 0, 2, 1], [1, 1, 0, 0], [1, 1, 0, 1], [1, 1, 1, 0], [1, 1, 1, 1], [1, 1, 2, 0], [1, 1, 2, 1], [2, 0, 0, 0], [2, 0, 0, 1], [2, 0, 1, 0], [2, 0, 1, 1], [2, 0, 2, 0], [2, 0, 2, 1], [2, 1, 0, 0], [2, 1, 0, 1], [2, 1, 1, 0], [2, 1, 1, 1], [2, 1, 2, 0], [2, 1, 2, 1], [3, 0, 0, 0], [3, 0, 0, 1], [3, 0, 1, 0], [3, 0, 1, 1], [3, 0, 2, 0], [3, 0, 2, 1], [3, 1, 0, 0], [3, 1, 0, 1], [3, 1, 1, 0], [3, 1, 1, 1], [3, 1, 2, 0], [3, 1, 2, 1], [4, 0, 0, 0], [4, 0, 0, 1], [4, 0, 1, 0], [4, 0, 1, 1], [4, 0, 2, 0], [4, 0, 2, 1], [4, 1, 0, 0], [4, 1, 0, 1], [4, 1, 1, 0], [4, 1, 1, 1], [4, 1, 2, 0], [4, 1, 2, 1], [5, 0, 0, 0], [5, 0, 0, 1], [5, 0, 1, 0], [5, 0, 1, 1], [5, 0, 2, 0], [5, 0, 2, 1], [5, 1, 0, 0], [5, 1, 0, 1], [5, 1, 1, 0], [5, 1, 1, 1], [5, 1, 2, 0], [5, 1, 2, 1], [6, 0, 0, 0], [6, 0, 0, 1], [6, 0, 1, 0], [6, 0, 1, 1], [6, 0, 2, 0], [6, 0, 2, 1], [6, 1, 0, 0], [6, 1, 0, 1], [6, 1, 1, 0], [6, 1, 1, 1], [6, 1, 2, 0], [6, 1, 2, 1], [7, 0, 0, 0], [7, 0, 0, 1], [7, 0, 1, 0], [7, 0, 1, 1], [7, 0, 2, 0], [7, 0, 2, 1], [7, 1, 0, 0], [7, 1, 0, 1], [7, 1, 1, 0], [7, 1, 1, 1], [7, 1, 2, 0], [7, 1, 2, 1], [8, 0, 0, 0], [8, 0, 0, 1], [8, 0, 1, 0], [8, 0, 1, 1], [8, 0, 2, 0], [8, 0, 2, 1], [8, 1, 0, 0], [8, 1, 0, 1], [8, 1, 1, 0], [8, 1, 1, 1], [8, 1, 2, 0], [8, 1, 2, 1], [9, 0, 0, 0], [9, 0, 0, 1], [9, 0, 1, 0], [9, 0, 1, 1], [9, 0, 2, 0], [9, 0, 2, 1], [9, 1, 0, 0], [9, 1, 0, 1], [9, 1, 1, 0], [9, 1, 1, 1], [9, 1, 2, 0], [9, 1, 2, 1], [10, 0, 0, 0], [10, 0, 0, 1], [10, 0, 1, 0], [10, 0, 1, 1], [10, 0, 2, 0], [10, 0, 2, 1], [10, 1, 0, 0], [10, 1, 0, 1], [10, 1, 1, 0], [10, 1, 1, 1], [10, 1, 2, 0], [10, 1, 2, 1], [11, 0, 0, 0], [11, 0, 0, 1], [11, 0, 1, 0], [11, 0, 1, 1], [11, 0, 2, 0], [11, 0, 2, 1], [11, 1, 0, 0], [11, 1, 0, 1], [11, 1, 1, 0], [11, 1, 1, 1], [11, 1, 2, 0], [11, 1, 2, 1]]
  Internal multi index:  rank = 0 dims = [] indices = [[]]
  Secondary multi index: rank = 4 dims = [12, 2, 3, 2] indices = [[0, 0, 0, 0], [0, 0, 0, 1], [0, 0, 1, 0], [0, 0, 1, 1], [0, 0, 2, 0], [0, 0, 2, 1], [0, 1, 0, 0], [0, 1, 0, 1], [0, 1, 1, 0], [0, 1, 1, 1], [0, 1, 2, 0], [0, 1, 2, 1], [1, 0, 0, 0], [1, 0, 0, 1], [1, 0, 1, 0], [1, 0, 1, 1], [1, 0, 2, 0], [1, 0, 2, 1], [1, 1, 0, 0], [1, 1, 0, 1], [1, 1, 1, 0], [1, 1, 1, 1], [1, 1, 2, 0], [1, 1, 2, 1], [2, 0, 0, 0], [2, 0, 0, 1], [2, 0, 1, 0], [2, 0, 1, 1], [2, 0, 2, 0], [2, 0, 2, 1], [2, 1, 0, 0], [2, 1, 0, 1], [2, 1, 1, 0], [2, 1, 1, 1], [2, 1, 2, 0], [2, 1, 2, 1], [3, 0, 0, 0], [3, 0, 0, 1], [3, 0, 1, 0], [3, 0, 1, 1], [3, 0, 2, 0], [3, 0, 2, 1], [3, 1, 0, 0], [3, 1, 0, 1], [3, 1, 1, 0], [3, 1, 1, 1], [3, 1, 2, 0], [3, 1, 2, 1], [4, 0, 0, 0], [4, 0, 0, 1], [4, 0, 1, 0], [4, 0, 1, 1], [4, 0, 2, 0], [4, 0, 2, 1], [4, 1, 0, 0], [4, 1, 0, 1], [4, 1, 1, 0], [4, 1, 1, 1], [4, 1, 2, 0], [4, 1, 2, 1], [5, 0, 0, 0], [5, 0, 0, 1], [5, 0, 1, 0], [5, 0, 1, 1], [5, 0, 2, 0], [5, 0, 2, 1], [5, 1, 0, 0], [5, 1, 0, 1], [5, 1, 1, 0], [5, 1, 1, 1], [5, 1, 2, 0], [5, 1, 2, 1], [6, 0, 0, 0], [6, 0, 0, 1], [6, 0, 1, 0], [6, 0, 1, 1], [6, 0, 2, 0], [6, 0, 2, 1], [6, 1, 0, 0], [6, 1, 0, 1], [6, 1, 1, 0], [6, 1, 1, 1], [6, 1, 2, 0], [6, 1, 2, 1], [7, 0, 0, 0], [7, 0, 0, 1], [7, 0, 1, 0], [7, 0, 1, 1], [7, 0, 2, 0], [7, 0, 2, 1], [7, 1, 0, 0], [7, 1, 0, 1], [7, 1, 1, 0], [7, 1, 1, 1], [7, 1, 2, 0], [7, 1, 2, 1], [8, 0, 0, 0], [8, 0, 0, 1], [8, 0, 1, 0], [8, 0, 1, 1], [8, 0, 2, 0], [8, 0, 2, 1], [8, 1, 0, 0], [8, 1, 0, 1], [8, 1, 1, 0], [8, 1, 1, 1], [8, 1, 2, 0], [8, 1, 2, 1], [9, 0, 0, 0], [9, 0, 0, 1], [9, 0, 1, 0], [9, 0, 1, 1], [9, 0, 2, 0], [9, 0, 2, 1], [9, 1, 0, 0], [9, 1, 0, 1], [9, 1, 1, 0], [9, 1, 1, 1], [9, 1, 2, 0], [9, 1, 2, 1], [10, 0, 0, 0], [10, 0, 0, 1], [10, 0, 1, 0], [10, 0, 1, 1], [10, 0, 2, 0], [10, 0, 2, 1], [10, 1, 0, 0], [10, 1, 0, 1], [10, 1, 1, 0], [10, 1, 1, 1], [10, 1, 2, 0], [10, 1, 2, 1], [11, 0, 0, 0], [11, 0, 0, 1], [11, 0, 1, 0], [11, 0, 1, 1], [11, 0, 2, 0], [11, 0, 2, 1], [11, 1, 0, 0], [11, 1, 0, 1], [11, 1, 1, 0], [11, 1, 1, 1], [11, 1, 2, 0], [11, 1, 2, 1]]
  External multi index:  rank = 0 dims = [] indices = [[]]
  Precomputing integrals on reference element
  Reusing element from cache
  9 entries computed in 0.000781 seconds
  Shape of reference tensor: (3, 3)
  Primary multi index:   rank = 1 dims = [3] indices = [[0], [1], [2]]
  Secondary multi index: rank = 1 dims = [3] indices = [[0], [1], [2]]
  Internal multi index:  rank = 0 dims = [] indices = [[]]
  Secondary multi index: rank = 1 dims = [3] indices = [[0], [1], [2]]
  External multi index:  rank = 0 dims = [] indices = [[]]
  Precomputing integrals on reference element
  Reusing element from cache
  9 entries computed in 0.000768 seconds
  Shape of reference tensor: (3, 3)
  Primary multi index:   rank = 1 dims = [3] indices = [[0], [1], [2]]
  Secondary multi index: rank = 1 dims = [3] indices = [[0], [1], [2]]
  Internal multi index:  rank = 0 dims = [] indices = [[]]
  Secondary multi index: rank = 1 dims = [3] indices = [[0], [1], [2]]
  External multi index:  rank = 0 dims = [] indices = [[]]
  Reusing element from cache
  Reusing element from cache
  Computing representation of forms
  
Compiler stage 2 finished in 0.0268822 seconds.

Compiler stage 3: Optimizing intermediate representation
--------------------------------------------------------
  FErari not installed, skipping tensor optimizations
  FErari not installed, skipping tensor optimizations
  
Compiler stage 3 finished in 0.00028801 seconds.

Compiler stage 4: Generating code
---------------------------------
  Generating code for 3 element(s)
  Removing unused variable: tmp7
  Removing unused variable: tmp6
  Removing unused variable: tmp5
  Removing unused variable: tt
  Removing unused variable: ss
  Removing unused variable: rr
  Removing unused variable: tmp7
  Removing unused variable: tmp6
  Removing unused variable: tmp5
  Removing unused variable: tt
  Removing unused variable: ss
  Removing unused variable: rr
  Removing unused variable: tmp7
  Removing unused variable: tmp6
  Removing unused variable: tmp5
  Removing unused variable: tt
  Removing unused variable: ss
  Removing unused variable: rr
  Removing unused variable: tmp7
  Removing unused variable: tmp6
  Removing unused variable: tmp5
  Removing unused variable: tt
  Removing unused variable: ss
  Removing unused variable: rr
  Removing unused variable: tmp7
  Removing unused variable: tmp6
  Removing unused variable: tmp5
  Removing unused variable: tt
  Removing unused variable: ss
  Removing unused variable: rr
  Removing unused variable: tmp7
  Removing unused variable: tmp6
  Removing unused variable: tmp5
  Removing unused variable: tt
  Removing unused variable: ss
  Removing unused variable: rr
  Removing unused variable: tmp7
  Removing unused variable: tmp6
  Removing unused variable: tmp5
  Removing unused variable: tt
  Removing unused variable: ss
  Removing unused variable: rr
  Removing unused variable: tmp7
  Removing unused variable: tmp6
  Removing unused variable: tmp5
  Removing unused variable: tt
  Removing unused variable: ss
  Removing unused variable: rr
  Removing unused variable: tmp7
  Removing unused variable: tmp6
  Removing unused variable: tmp5
  Removing unused variable: tt
  Removing unused variable: ss
  Removing unused variable: rr
  Removing unused variable: tmp7
  Removing unused variable: tmp6
  Removing unused variable: tmp5
  Removing unused variable: tt
  Removing unused variable: ss
  Removing unused variable: rr
  Removing unused variable: tmp7
  Removing unused variable: tmp6
  Removing unused variable: tmp5
  Removing unused variable: tt
  Removing unused variable: ss
  Removing unused variable: rr
  Removing unused variable: tmp7
  Removing unused variable: tmp6
  Removing unused variable: tmp5
  Removing unused variable: tt
  Removing unused variable: ss
  Removing unused variable: rr
  Removing unused variable: tmp7
  Removing unused variable: tmp6
  Removing unused variable: tmp5
  Removing unused variable: tt
  Removing unused variable: ss
  Removing unused variable: rr
  Removing unused variable: tmp7
  Removing unused variable: tmp6
  Removing unused variable: tmp5
  Removing unused variable: tt
  Removing unused variable: ss
  Removing unused variable: rr
  Removing unused variable: tmp7
  Removing unused variable: tmp6
  Removing unused variable: tmp5
  Removing unused variable: tt
  Removing unused variable: ss
  Removing unused variable: rr
  Removing unused variable: tmp7
  Removing unused variable: tmp6
  Removing unused variable: tmp5
  Removing unused variable: tt
  Removing unused variable: ss
  Removing unused variable: rr
  Removing unused variable: tmp7
  Removing unused variable: tmp6
  Removing unused variable: tmp5
  Removing unused variable: tt
  Removing unused variable: ss
  Removing unused variable: rr
  Removing unused variable: tmp7
  Removing unused variable: tmp6
  Removing unused variable: tmp5
  Removing unused variable: tt
  Removing unused variable: ss
  Removing unused variable: rr
  Removing unused variable: tmp7
  Removing unused variable: tmp6
  Removing unused variable: tmp5
  Removing unused variable: tt
  Removing unused variable: ss
  Removing unused variable: rr
  Removing unused variable: tmp7
  Removing unused variable: tmp6
  Removing unused variable: tmp5
  Removing unused variable: tt
  Removing unused variable: ss
  Removing unused variable: rr
  Removing unused variable: tmp7
  Removing unused variable: tmp6
  Removing unused variable: tmp5
  Removing unused variable: tt
  Removing unused variable: ss
  Removing unused variable: rr
  Removing unused variable: tmp7
  Removing unused variable: tmp6
  Removing unused variable: tmp5
  Removing unused variable: tt
  Removing unused variable: ss
  Removing unused variable: rr
  Removing unused variable: tmp7
  Removing unused variable: tmp6
  Removing unused variable: tmp5
  Removing unused variable: tt
  Removing unused variable: ss
  Removing unused variable: rr
  Removing unused variable: tmp7
  Removing unused variable: tmp6
  Removing unused variable: tmp5
  Removing unused variable: tt
  Removing unused variable: ss
  Removing unused variable: rr
  Removing unused variable: tmp7
  Removing unused variable: tmp6
  Removing unused variable: tmp5
  Removing unused variable: tt
  Removing unused variable: ss
  Removing unused variable: rr
  Removing unused variable: tmp7
  Removing unused variable: tmp6
  Removing unused variable: tmp5
  Removing unused variable: tt
  Removing unused variable: ss
  Removing unused variable: rr
  Removing unused variable: tmp7
  Removing unused variable: tmp6
  Removing unused variable: tmp5
  Removing unused variable: tt
  Removing unused variable: ss
  Removing unused variable: rr
  Removing unused variable: tmp7
  Removing unused variable: tmp6
  Removing unused variable: tmp5
  Removing unused variable: tt
  Removing unused variable: ss
  Removing unused variable: rr
  Removing unused variable: tmp7
  Removing unused variable: tmp6
  Removing unused variable: tmp5
  Removing unused variable: tt
  Removing unused variable: ss
  Removing unused variable: rr
  Removing unused variable: tmp7
  Removing unused variable: tmp6
  Removing unused variable: tmp5
  Removing unused variable: tt
  Removing unused variable: ss
  Removing unused variable: rr
  Removing unused variable: tmp7
  Removing unused variable: tmp6
  Removing unused variable: tmp5
  Removing unused variable: tt
  Removing unused variable: ss
  Removing unused variable: rr
  Removing unused variable: tmp7
  Removing unused variable: tmp6
  Removing unused variable: tmp5
  Removing unused variable: tt
  Removing unused variable: ss
  Removing unused variable: rr
  Removing unused variable: tmp7
  Removing unused variable: tmp6
  Removing unused variable: tmp5
  Removing unused variable: tt
  Removing unused variable: ss
  Removing unused variable: rr
  Removing unused variable: tmp7
  Removing unused variable: tmp6
  Removing unused variable: tmp5
  Removing unused variable: tt
  Removing unused variable: ss
  Removing unused variable: rr
  Removing unused variable: tmp7
  Removing unused variable: tmp6
  Removing unused variable: tmp5
  Removing unused variable: tt
  Removing unused variable: ss
  Removing unused variable: rr
  Removing unused variable: tmp7
  Removing unused variable: tmp6
  Removing unused variable: tmp5
  Removing unused variable: tt
  Removing unused variable: ss
  Removing unused variable: rr
  Removing unused variable: tmp2
  Removing unused variable: tmp1
  Removing unused variable: tmp7
  Removing unused variable: tmp6
  Removing unused variable: tmp5
  Removing unused variable: tt
  Removing unused variable: ss
  Removing unused variable: rr
  Removing unused variable: tmp2
  Removing unused variable: tmp1
  Removing unused variable: tmp7
  Removing unused variable: tmp6
  Removing unused variable: tmp5
  Removing unused variable: tt
  Removing unused variable: ss
  Removing unused variable: rr
  Removing unused variable: tmp2
  Removing unused variable: tmp1
  Removing unused variable: tmp7
  Removing unused variable: tmp6
  Removing unused variable: tmp5
  Removing unused variable: tt
  Removing unused variable: ss
  Removing unused variable: rr
  Removing unused variable: tmp2
  Removing unused variable: tmp1
  Removing unused variable: tmp7
  Removing unused variable: tmp6
  Removing unused variable: tmp5
  Removing unused variable: tt
  Removing unused variable: ss
  Removing unused variable: rr
  Removing unused variable: tmp2
  Removing unused variable: tmp1
  Removing unused variable: tmp7
  Removing unused variable: tmp6
  Removing unused variable: tmp5
  Removing unused variable: tt
  Removing unused variable: ss
  Removing unused variable: rr
  Removing unused variable: tmp2
  Removing unused variable: tmp1
  Removing unused variable: tmp7
  Removing unused variable: tmp6
  Removing unused variable: tmp5
  Removing unused variable: tt
  Removing unused variable: ss
  Removing unused variable: rr
  Generating code for 3 dofmap(s)
  Generating code for integrals
  Generating code for forms
  
Compiler stage 4 finished in 0.301311 seconds.

Compiler stage 4.1: Generating additional wrapper code
------------------------------------------------------
  Generating wrapper code for DOLFIN
  
Compiler stage 4.1 finished in 0.00113106 seconds.

Compiler stage 5: Formatting code
---------------------------------
  Output written to ./AdvectionDiffusion.h.
  
Compiler stage 5 finished in 0.00124693 seconds.

[1;37;32mFFC finished in 0.3718 seconds.[0m
