This is FFC, the FEniCS Form Compiler, version 2016.1.0.
UFC backend version 2016.1.0, signature 1b14b3cad537cb974523d529928ad9bde02ef657.
For further information, visit https://bitbucket.org/fenics-project/ffc/.

Compiling form DG0_eps_xx

Compiler stage 1: Analyzing form(s)
-----------------------------------
  
  Geometric dimension:       2
  Number of cell subdomains: 0
  Rank:                      2
  Arguments:                 '(v_0, v_1)'
  Number of coefficients:    0
  Coefficients:              '[]'
  Unique elements:           'DG0(?), Vector<2 x CG1(?)>'
  Unique sub elements:       'DG0(?), Vector<2 x CG1(?)>, CG1(?)'
  
  Extracting monomial form representation from UFL form
  Transforming monomial form to reference element
  Reusing element from cache
  Estimated cost of tensor representation: 0
  representation:    auto --> tensor
  quadrature_rule:   auto --> default
  quadrature_degree: auto --> 0
  quadrature_degree: 0
  
  Geometric dimension:       2
  Number of cell subdomains: 0
  Rank:                      1
  Arguments:                 '(v_0)'
  Number of coefficients:    1
  Coefficients:              '[w_0]'
  Unique elements:           'DG0(?), Vector<2 x CG1(?)>'
  Unique sub elements:       'DG0(?), Vector<2 x CG1(?)>, CG1(?)'
  
  Extracting monomial form representation from UFL form
  Transforming monomial form to reference element
  Reusing element from cache
  Reusing element from cache
  Reusing element from cache
  Estimated cost of tensor representation: 2
  representation:    auto --> tensor
  quadrature_rule:   auto --> default
  quadrature_degree: auto --> 0
  quadrature_degree: 0
  
Compiler stage 1 finished in 0.0816491 seconds.

Compiler stage 2: Computing intermediate representation
-------------------------------------------------------
  Computing representation of 3 elements
  Reusing element from cache
  Reusing element from cache
  Reusing element from cache
  Reusing element from cache
  Reusing element from cache
  Reusing element from cache
  Reusing element from cache
  Reusing element from cache
  Reusing element from cache
  Computing representation of 3 dofmaps
  Reusing element from cache
  Reusing element from cache
  Reusing element from cache
  Computing representation of 1 coordinate mappings
  Reusing element from cache
  Computing representation of integrals
  Computing tensor representation
  Extracting monomial form representation from UFL form
  Transforming monomial form to reference element
  Reusing element from cache
  Reusing element from cache
  Precomputing integrals on reference element
  Reusing element from cache
  1 entries computed in 0.000572 seconds
  Shape of reference tensor: (1, 1)
  Primary multi index:   rank = 2 dims = [1, 1] indices = [[0, 0]]
  Secondary multi index: rank = 0 dims = [] indices = [[]]
  Internal multi index:  rank = 0 dims = [] indices = [[]]
  Secondary multi index: rank = 0 dims = [] indices = [[]]
  External multi index:  rank = 0 dims = [] indices = [[]]
  Reusing element from cache
  Reusing element from cache
  Computing tensor representation
  Extracting monomial form representation from UFL form
  Transforming monomial form to reference element
  Reusing element from cache
  Reusing element from cache
  Reusing element from cache
  Precomputing integrals on reference element
  Reusing element from cache
  Reusing element from cache
  12 entries computed in 0.00112 seconds
  Shape of reference tensor: (1, 6, 2)
  Primary multi index:   rank = 1 dims = [1] indices = [[0]]
  Secondary multi index: rank = 2 dims = [6, 2] indices = [[0, 0], [0, 1], [1, 0], [1, 1], [2, 0], [2, 1], [3, 0], [3, 1], [4, 0], [4, 1], [5, 0], [5, 1]]
  Internal multi index:  rank = 0 dims = [] indices = [[]]
  Secondary multi index: rank = 2 dims = [6, 2] indices = [[0, 0], [0, 1], [1, 0], [1, 1], [2, 0], [2, 1], [3, 0], [3, 1], [4, 0], [4, 1], [5, 0], [5, 1]]
  External multi index:  rank = 0 dims = [] indices = [[]]
  Reusing element from cache
  Reusing element from cache
  Computing representation of forms
  
Compiler stage 2 finished in 0.0118291 seconds.

Compiler stage 3: Optimizing intermediate representation
--------------------------------------------------------
  
Compiler stage 3 finished in 0.000231028 seconds.

Compiler stage 4: Generating code
---------------------------------
  Generating code for 3 element(s)
  Removing unused variable: tmp2
  Removing unused variable: tmp1
  Removing unused variable: tmp2
  Removing unused variable: tmp1
  Removing unused variable: tmp2
  Removing unused variable: tmp1
  Removing unused variable: tmp2
  Removing unused variable: tmp1
  Removing unused variable: tmp2
  Removing unused variable: tmp1
  Removing unused variable: tmp2
  Removing unused variable: tmp1
  Removing unused variable: tmp2
  Removing unused variable: tmp1
  Removing unused variable: tmp2
  Removing unused variable: tmp1
  Removing unused variable: tmp2
  Removing unused variable: tmp1
  Removing unused variable: tmp2
  Removing unused variable: tmp1
  Removing unused variable: tmp2
  Removing unused variable: tmp1
  Removing unused variable: tmp2
  Removing unused variable: tmp1
  Removing unused variable: tmp2
  Removing unused variable: tmp1
  Removing unused variable: tmp2
  Removing unused variable: tmp1
  Removing unused variable: tmp2
  Removing unused variable: tmp1
  Removing unused variable: tmp2
  Removing unused variable: tmp1
  Removing unused variable: tmp2
  Removing unused variable: tmp1
  Removing unused variable: tmp2
  Removing unused variable: tmp1
  Removing unused variable: tmp2
  Removing unused variable: tmp1
  Removing unused variable: tmp0
  Removing unused variable: Y
  Removing unused variable: X
  Removing unused variable: C1
  Removing unused variable: C0
  Generating code for 3 dofmap(s)
  Generating code for 1 coordinate_mapping(s)
  Generating code for integrals
  Generating code for forms
  
Compiler stage 4 finished in 0.115847 seconds.

Compiler stage 4.1: Generating additional wrapper code
------------------------------------------------------
  Generating wrapper code for DOLFIN
  
Compiler stage 4.1 finished in 0.00094986 seconds.

Compiler stage 5: Formatting code
---------------------------------
  
Compiler stage 5 finished in 0.000667095 seconds.

FFC finished in 0.211664 seconds.
Output written to ./DG0_eps_xx.h.
This is FFC, the FEniCS Form Compiler, version 2016.1.0.
UFC backend version 2016.1.0, signature 1b14b3cad537cb974523d529928ad9bde02ef657.
For further information, visit https://bitbucket.org/fenics-project/ffc/.

Expr.geometric_dimension() is deprecated, please use find_geometric_dimension(expr) instead.
Expr.geometric_dimension() is deprecated, please use find_geometric_dimension(expr) instead.
Compiling form ElastoDynamics

Compiler stage 1: Analyzing form(s)
-----------------------------------
  
  Geometric dimension:       2
  Number of cell subdomains: 0
  Rank:                      2
  Arguments:                 '(v_0, v_1)'
  Number of coefficients:    9
  Coefficients:              '[w_6, w_7, w_8, w_9, w_{10}, w_{11}, w_{12}, w_{13}, w
                             _{14}]'
  Unique elements:           'Vector<2 x CG1(?)>, DG0(?)'
  Unique sub elements:       'Vector<2 x CG1(?)>, DG0(?), CG1(?)'
  
  Extracting monomial form representation from UFL form
  Monomial extraction failed: No handler defined for expression Division.
  Estimated cost of tensor representation: -1
  representation:    auto --> quadrature
  quadrature_rule:   auto --> default
  quadrature_degree: auto --> 2
  quadrature_degree: 2
  
  Geometric dimension:                 2
  Number of cell subdomains:           0
  Number of exterior_facet subdomains: 4
  Rank:                                1
  Arguments:                           '(v_0)'
  Number of coefficients:              15
  Coefficients:                        '[w_0, w_1, w_2, w_3, w_4, w_5, w_6, w_7, w_8
                                       , w_9, w_{10}, w_{11}, w_{12}, w_{13}, w_{14}
                                       ]'
  Unique elements:                     'Vector<2 x CG1(?)>, DG0(?)'
  Unique sub elements:                 'Vector<2 x CG1(?)>, DG0(?), CG1(?)'
  
  Extracting monomial form representation from UFL form
  Monomial extraction failed: No handler defined for terminal Identity.
  Estimated cost of tensor representation: -1
  representation:    auto --> quadrature
  quadrature_rule:   auto --> default
  quadrature_degree: auto --> 2
  quadrature_degree: 2
  Extracting monomial form representation from UFL form
  Transforming monomial form to reference element
  Reusing element from cache
  Reusing element from cache
  Reusing element from cache
  Reusing element from cache
  Reusing element from cache
  Reusing element from cache
  Reusing element from cache
  Reusing element from cache
  Reusing element from cache
  Reusing element from cache
  Reusing element from cache
  Reusing element from cache
  Reusing element from cache
  Reusing element from cache
  Reusing element from cache
  Reusing element from cache
  Reusing element from cache
  Reusing element from cache
  Reusing element from cache
  Estimated cost of tensor representation: 2
  representation:    auto --> tensor
  quadrature_rule:   auto --> default
  quadrature_degree: auto --> 2
  quadrature_degree: 2
  
Compiler stage 1 finished in 0.130836 seconds.

Compiler stage 2: Computing intermediate representation
-------------------------------------------------------
  Computing representation of 3 elements
  Reusing element from cache
  Reusing element from cache
  Reusing element from cache
  Reusing element from cache
  Reusing element from cache
  Reusing element from cache
  Reusing element from cache
  Reusing element from cache
  Reusing element from cache
  Computing representation of 3 dofmaps
  Reusing element from cache
  Reusing element from cache
  Reusing element from cache
  Computing representation of 1 coordinate mappings
  Reusing element from cache
  Computing representation of integrals
  Computing quadrature representation
  Reusing element from cache
  Reusing element from cache
  Reusing element from cache
  Reusing element from cache
  Reusing element from cache
  Reusing element from cache
  
  QG-utils, psi_tables:
  {3: {VectorElement(FiniteElement('Lagrange', triangle, 1), dim=2): {None: {None: {(0, 1): array([[[ -1.00000000e+00,  -1.00000000e+00,  -1.00000000e+00],
          [  0.00000000e+00,   0.00000000e+00,   0.00000000e+00]],
  
         [[  8.88178420e-16,   8.88178420e-16,   8.88178420e-16],
          [  0.00000000e+00,   0.00000000e+00,   0.00000000e+00]],
  
         [[  1.00000000e+00,   1.00000000e+00,   1.00000000e+00],
          [  0.00000000e+00,   0.00000000e+00,   0.00000000e+00]],
  
         [[  0.00000000e+00,   0.00000000e+00,   0.00000000e+00],
          [ -1.00000000e+00,  -1.00000000e+00,  -1.00000000e+00]],
  
         [[  0.00000000e+00,   0.00000000e+00,   0.00000000e+00],
          [  8.88178420e-16,   8.88178420e-16,   8.88178420e-16]],
  
         [[  0.00000000e+00,   0.00000000e+00,   0.00000000e+00],
          [  1.00000000e+00,   1.00000000e+00,   1.00000000e+00]]]), (1, 0): array([[[-1., -1., -1.],
          [ 0.,  0.,  0.]],
  
         [[ 1.,  1.,  1.],
          [ 0.,  0.,  0.]],
  
         [[ 0.,  0.,  0.],
          [ 0.,  0.,  0.]],
  
         [[ 0.,  0.,  0.],
          [-1., -1., -1.]],
  
         [[ 0.,  0.,  0.],
          [ 1.,  1.,  1.]],
  
         [[ 0.,  0.,  0.],
          [ 0.,  0.,  0.]]]), (0, 0): array([[[ 0.66666667,  0.16666667,  0.16666667],
          [ 0.        ,  0.        ,  0.        ]],
  
         [[ 0.16666667,  0.16666667,  0.66666667],
          [ 0.        ,  0.        ,  0.        ]],
  
         [[ 0.16666667,  0.66666667,  0.16666667],
          [ 0.        ,  0.        ,  0.        ]],
  
         [[ 0.        ,  0.        ,  0.        ],
          [ 0.66666667,  0.16666667,  0.16666667]],
  
         [[ 0.        ,  0.        ,  0.        ],
          [ 0.16666667,  0.16666667,  0.66666667]],
  
         [[ 0.        ,  0.        ,  0.        ],
          [ 0.16666667,  0.66666667,  0.16666667]]])}}}, FiniteElement('Discontinuous Lagrange', triangle, 0): {None: {None: {(0, 0): array([[ 1.,  1.,  1.]])}}}}}
  
  QG-utils, psi_tables, flat_tables:
  {'FE1_C0': array([[ 0.66666667,  0.16666667,  0.16666667,  0.        ,  0.        ,
           0.        ],
         [ 0.16666667,  0.16666667,  0.66666667,  0.        ,  0.        ,
           0.        ],
         [ 0.16666667,  0.66666667,  0.16666667,  0.        ,  0.        ,
           0.        ]]), 'FE1_C1': array([[ 0.        ,  0.        ,  0.        ,  0.66666667,  0.16666667,
           0.16666667],
         [ 0.        ,  0.        ,  0.        ,  0.16666667,  0.16666667,
           0.66666667],
         [ 0.        ,  0.        ,  0.        ,  0.16666667,  0.66666667,
           0.16666667]]), 'FE1_C1_D10': array([[ 0.,  0.,  0., -1.,  1.,  0.],
         [ 0.,  0.,  0., -1.,  1.,  0.],
         [ 0.,  0.,  0., -1.,  1.,  0.]]), 'FE0': array([[ 1.],
         [ 1.],
         [ 1.]]), 'FE1_C1_D01': array([[  0.00000000e+00,   0.00000000e+00,   0.00000000e+00,
           -1.00000000e+00,   8.88178420e-16,   1.00000000e+00],
         [  0.00000000e+00,   0.00000000e+00,   0.00000000e+00,
           -1.00000000e+00,   8.88178420e-16,   1.00000000e+00],
         [  0.00000000e+00,   0.00000000e+00,   0.00000000e+00,
           -1.00000000e+00,   8.88178420e-16,   1.00000000e+00]]), 'FE1_C0_D01': array([[ -1.00000000e+00,   8.88178420e-16,   1.00000000e+00,
            0.00000000e+00,   0.00000000e+00,   0.00000000e+00],
         [ -1.00000000e+00,   8.88178420e-16,   1.00000000e+00,
            0.00000000e+00,   0.00000000e+00,   0.00000000e+00],
         [ -1.00000000e+00,   8.88178420e-16,   1.00000000e+00,
            0.00000000e+00,   0.00000000e+00,   0.00000000e+00]]), 'FE1_C0_D10': array([[-1.,  1.,  0.,  0.,  0.,  0.],
         [-1.,  1.,  0.,  0.,  0.,  0.],
         [-1.,  1.,  0.,  0.,  0.,  0.]])}
  
  tables: {'FE1_C0': array([[ 0.66666667,  0.16666667,  0.16666667,  0.        ,  0.        ,
           0.        ],
         [ 0.16666667,  0.16666667,  0.66666667,  0.        ,  0.        ,
           0.        ],
         [ 0.16666667,  0.66666667,  0.16666667,  0.        ,  0.        ,
           0.        ]]), 'FE1_C1': array([[ 0.        ,  0.        ,  0.        ,  0.66666667,  0.16666667,
           0.16666667],
         [ 0.        ,  0.        ,  0.        ,  0.16666667,  0.16666667,
           0.66666667],
         [ 0.        ,  0.        ,  0.        ,  0.16666667,  0.66666667,
           0.16666667]]), 'FE1_C1_D10': array([[ 0.,  0.,  0., -1.,  1.,  0.],
         [ 0.,  0.,  0., -1.,  1.,  0.],
         [ 0.,  0.,  0., -1.,  1.,  0.]]), 'FE0': array([[ 1.],
         [ 1.],
         [ 1.]]), 'FE1_C1_D01': array([[  0.00000000e+00,   0.00000000e+00,   0.00000000e+00,
           -1.00000000e+00,   8.88178420e-16,   1.00000000e+00],
         [  0.00000000e+00,   0.00000000e+00,   0.00000000e+00,
           -1.00000000e+00,   8.88178420e-16,   1.00000000e+00],
         [  0.00000000e+00,   0.00000000e+00,   0.00000000e+00,
           -1.00000000e+00,   8.88178420e-16,   1.00000000e+00]]), 'FE1_C0_D01': array([[ -1.00000000e+00,   8.88178420e-16,   1.00000000e+00,
            0.00000000e+00,   0.00000000e+00,   0.00000000e+00],
         [ -1.00000000e+00,   8.88178420e-16,   1.00000000e+00,
            0.00000000e+00,   0.00000000e+00,   0.00000000e+00],
         [ -1.00000000e+00,   8.88178420e-16,   1.00000000e+00,
            0.00000000e+00,   0.00000000e+00,   0.00000000e+00]]), 'FE1_C0_D10': array([[-1.,  1.,  0.,  0.,  0.,  0.],
         [-1.,  1.,  0.,  0.,  0.,  0.],
         [-1.,  1.,  0.,  0.,  0.,  0.]])}
  
  name_map: {}
  
  inv_name_map: {'FE1_C0': 'FE1_C0', 'FE1_C1': 'FE1_C1', 'FE1_C1_D10': 'FE1_C1_D10', 'FE0': 'FE0', 'FE1_C1_D01': 'FE1_C1_D01', 'FE1_C0_D01': 'FE1_C0_D01', 'FE1_C0_D10': 'FE1_C0_D10'}
  
  QG-utils, psi_tables, unique_tables:
  {'FE1_C0': array([[ 0.66666667,  0.16666667,  0.16666667],
         [ 0.16666667,  0.16666667,  0.66666667],
         [ 0.16666667,  0.66666667,  0.16666667]]), 'FE0': array([[ 1.],
         [ 1.],
         [ 1.]]), 'FE1_C0_D01': array([[-1.,  1.],
         [-1.,  1.],
         [-1.,  1.]])}
  
  QG-utils, psi_tables, name_map:
  {'FE1_C0': ('FE1_C0', (0, [0, 1, 2]), False, False), 'FE1_C1': ('FE1_C0', (3, [3, 4, 5]), False, False), 'FE1_C1_D10': ('FE1_C0_D01', (5, [3, 4]), False, False), 'FE0': ('FE0', (), False, True), 'FE1_C1_D01': ('FE1_C0_D01', (4, [3, 5]), False, False), 'FE1_C0_D01': ('FE1_C0_D01', (1, [0, 2]), False, False), 'FE1_C0_D10': ('FE1_C0_D01', (2, [0, 1]), False, False)}
  Transforming cell integral
  Reusing element from cache
  Reusing element from cache
  Reusing element from cache
  Reusing element from cache
  Reusing element from cache
  Reusing element from cache
  Reusing element from cache
  Reusing element from cache
  Reusing element from cache
  Reusing element from cache
  Reusing element from cache
  Reusing element from cache
  Reusing element from cache
  Reusing element from cache
  Reusing element from cache
  Reusing element from cache
  Reusing element from cache
  Reusing element from cache
  Reusing element from cache
  Reusing element from cache
  Reusing element from cache
  Reusing element from cache
  Reusing element from cache
  Reusing element from cache
  Reusing element from cache
  Reusing element from cache
  Reusing element from cache
  Reusing element from cache
  Reusing element from cache
  Reusing element from cache
  Reusing element from cache
  Reusing element from cache
  Reusing element from cache
  Reusing element from cache
  Reusing element from cache
  Reusing element from cache
  Reusing element from cache
  Reusing element from cache
  Reusing element from cache
  Reusing element from cache
  Reusing element from cache
  Reusing element from cache
  Reusing element from cache
  Reusing element from cache
  Reusing element from cache
  Reusing element from cache
  Reusing element from cache
  Reusing element from cache
  Reusing element from cache
  Reusing element from cache
  Reusing element from cache
  Reusing element from cache
  Reusing element from cache
  Reusing element from cache
  Reusing element from cache
  Reusing element from cache
  Reusing element from cache
  Reusing element from cache
  Reusing element from cache
  Reusing element from cache
  Reusing element from cache
  Reusing element from cache
  Reusing element from cache
  Reusing element from cache
  Reusing element from cache
  Reusing element from cache
  Reusing element from cache
  Reusing element from cache
  Reusing element from cache
  Reusing element from cache
  Reusing element from cache
  Reusing element from cache
  Reusing element from cache
  Reusing element from cache
  Reusing element from cache
  Reusing element from cache
  Reusing element from cache
  Reusing element from cache
  Reusing element from cache
  Reusing element from cache
  Reusing element from cache
  Reusing element from cache
  Reusing element from cache
  Reusing element from cache
  Reusing element from cache
  Reusing element from cache
  Reusing element from cache
  Reusing element from cache
  Reusing element from cache
  Reusing element from cache
  Reusing element from cache
  Reusing element from cache
  Reusing element from cache
  Reusing element from cache
  Reusing element from cache
  Reusing element from cache
  Reusing element from cache
  Reusing element from cache
  Reusing element from cache
  Reusing element from cache
  Reusing element from cache
  Reusing element from cache
  Reusing element from cache
  Reusing element from cache
  Reusing element from cache
  Reusing element from cache
  Reusing element from cache
  Reusing element from cache
  Reusing element from cache
  Reusing element from cache
  Reusing element from cache
  Reusing element from cache
  Computing quadrature representation
  Reusing element from cache
  Reusing element from cache
  Reusing element from cache
  Reusing element from cache
  Reusing element from cache
  
  QG-utils, psi_tables:
  {3: {VectorElement(FiniteElement('Lagrange', triangle, 1), dim=2): {None: {None: {(0, 1): array([[[ -1.00000000e+00,  -1.00000000e+00,  -1.00000000e+00],
          [  0.00000000e+00,   0.00000000e+00,   0.00000000e+00]],
  
         [[  8.88178420e-16,   8.88178420e-16,   8.88178420e-16],
          [  0.00000000e+00,   0.00000000e+00,   0.00000000e+00]],
  
         [[  1.00000000e+00,   1.00000000e+00,   1.00000000e+00],
          [  0.00000000e+00,   0.00000000e+00,   0.00000000e+00]],
  
         [[  0.00000000e+00,   0.00000000e+00,   0.00000000e+00],
          [ -1.00000000e+00,  -1.00000000e+00,  -1.00000000e+00]],
  
         [[  0.00000000e+00,   0.00000000e+00,   0.00000000e+00],
          [  8.88178420e-16,   8.88178420e-16,   8.88178420e-16]],
  
         [[  0.00000000e+00,   0.00000000e+00,   0.00000000e+00],
          [  1.00000000e+00,   1.00000000e+00,   1.00000000e+00]]]), (1, 0): array([[[-1., -1., -1.],
          [ 0.,  0.,  0.]],
  
         [[ 1.,  1.,  1.],
          [ 0.,  0.,  0.]],
  
         [[ 0.,  0.,  0.],
          [ 0.,  0.,  0.]],
  
         [[ 0.,  0.,  0.],
          [-1., -1., -1.]],
  
         [[ 0.,  0.,  0.],
          [ 1.,  1.,  1.]],
  
         [[ 0.,  0.,  0.],
          [ 0.,  0.,  0.]]]), (0, 0): array([[[ 0.66666667,  0.16666667,  0.16666667],
          [ 0.        ,  0.        ,  0.        ]],
  
         [[ 0.16666667,  0.16666667,  0.66666667],
          [ 0.        ,  0.        ,  0.        ]],
  
         [[ 0.16666667,  0.66666667,  0.16666667],
          [ 0.        ,  0.        ,  0.        ]],
  
         [[ 0.        ,  0.        ,  0.        ],
          [ 0.66666667,  0.16666667,  0.16666667]],
  
         [[ 0.        ,  0.        ,  0.        ],
          [ 0.16666667,  0.16666667,  0.66666667]],
  
         [[ 0.        ,  0.        ,  0.        ],
          [ 0.16666667,  0.66666667,  0.16666667]]])}}}, FiniteElement('Discontinuous Lagrange', triangle, 0): {None: {None: {(0, 0): array([[ 1.,  1.,  1.]])}}}}}
  
  QG-utils, psi_tables, flat_tables:
  {'FE1_C0': array([[ 0.66666667,  0.16666667,  0.16666667,  0.        ,  0.        ,
           0.        ],
         [ 0.16666667,  0.16666667,  0.66666667,  0.        ,  0.        ,
           0.        ],
         [ 0.16666667,  0.66666667,  0.16666667,  0.        ,  0.        ,
           0.        ]]), 'FE1_C1': array([[ 0.        ,  0.        ,  0.        ,  0.66666667,  0.16666667,
           0.16666667],
         [ 0.        ,  0.        ,  0.        ,  0.16666667,  0.16666667,
           0.66666667],
         [ 0.        ,  0.        ,  0.        ,  0.16666667,  0.66666667,
           0.16666667]]), 'FE1_C1_D10': array([[ 0.,  0.,  0., -1.,  1.,  0.],
         [ 0.,  0.,  0., -1.,  1.,  0.],
         [ 0.,  0.,  0., -1.,  1.,  0.]]), 'FE0': array([[ 1.],
         [ 1.],
         [ 1.]]), 'FE1_C1_D01': array([[  0.00000000e+00,   0.00000000e+00,   0.00000000e+00,
           -1.00000000e+00,   8.88178420e-16,   1.00000000e+00],
         [  0.00000000e+00,   0.00000000e+00,   0.00000000e+00,
           -1.00000000e+00,   8.88178420e-16,   1.00000000e+00],
         [  0.00000000e+00,   0.00000000e+00,   0.00000000e+00,
           -1.00000000e+00,   8.88178420e-16,   1.00000000e+00]]), 'FE1_C0_D01': array([[ -1.00000000e+00,   8.88178420e-16,   1.00000000e+00,
            0.00000000e+00,   0.00000000e+00,   0.00000000e+00],
         [ -1.00000000e+00,   8.88178420e-16,   1.00000000e+00,
            0.00000000e+00,   0.00000000e+00,   0.00000000e+00],
         [ -1.00000000e+00,   8.88178420e-16,   1.00000000e+00,
            0.00000000e+00,   0.00000000e+00,   0.00000000e+00]]), 'FE1_C0_D10': array([[-1.,  1.,  0.,  0.,  0.,  0.],
         [-1.,  1.,  0.,  0.,  0.,  0.],
         [-1.,  1.,  0.,  0.,  0.,  0.]])}
  
  tables: {'FE1_C0': array([[ 0.66666667,  0.16666667,  0.16666667,  0.        ,  0.        ,
           0.        ],
         [ 0.16666667,  0.16666667,  0.66666667,  0.        ,  0.        ,
           0.        ],
         [ 0.16666667,  0.66666667,  0.16666667,  0.        ,  0.        ,
           0.        ]]), 'FE1_C1': array([[ 0.        ,  0.        ,  0.        ,  0.66666667,  0.16666667,
           0.16666667],
         [ 0.        ,  0.        ,  0.        ,  0.16666667,  0.16666667,
           0.66666667],
         [ 0.        ,  0.        ,  0.        ,  0.16666667,  0.66666667,
           0.16666667]]), 'FE1_C1_D10': array([[ 0.,  0.,  0., -1.,  1.,  0.],
         [ 0.,  0.,  0., -1.,  1.,  0.],
         [ 0.,  0.,  0., -1.,  1.,  0.]]), 'FE0': array([[ 1.],
         [ 1.],
         [ 1.]]), 'FE1_C1_D01': array([[  0.00000000e+00,   0.00000000e+00,   0.00000000e+00,
           -1.00000000e+00,   8.88178420e-16,   1.00000000e+00],
         [  0.00000000e+00,   0.00000000e+00,   0.00000000e+00,
           -1.00000000e+00,   8.88178420e-16,   1.00000000e+00],
         [  0.00000000e+00,   0.00000000e+00,   0.00000000e+00,
           -1.00000000e+00,   8.88178420e-16,   1.00000000e+00]]), 'FE1_C0_D01': array([[ -1.00000000e+00,   8.88178420e-16,   1.00000000e+00,
            0.00000000e+00,   0.00000000e+00,   0.00000000e+00],
         [ -1.00000000e+00,   8.88178420e-16,   1.00000000e+00,
            0.00000000e+00,   0.00000000e+00,   0.00000000e+00],
         [ -1.00000000e+00,   8.88178420e-16,   1.00000000e+00,
            0.00000000e+00,   0.00000000e+00,   0.00000000e+00]]), 'FE1_C0_D10': array([[-1.,  1.,  0.,  0.,  0.,  0.],
         [-1.,  1.,  0.,  0.,  0.,  0.],
         [-1.,  1.,  0.,  0.,  0.,  0.]])}
  
  name_map: {}
  
  inv_name_map: {'FE1_C0': 'FE1_C0', 'FE1_C1': 'FE1_C1', 'FE1_C1_D10': 'FE1_C1_D10', 'FE0': 'FE0', 'FE1_C1_D01': 'FE1_C1_D01', 'FE1_C0_D01': 'FE1_C0_D01', 'FE1_C0_D10': 'FE1_C0_D10'}
  
  QG-utils, psi_tables, unique_tables:
  {'FE1_C0': array([[ 0.66666667,  0.16666667,  0.16666667],
         [ 0.16666667,  0.16666667,  0.66666667],
         [ 0.16666667,  0.66666667,  0.16666667]]), 'FE0': array([[ 1.],
         [ 1.],
         [ 1.]]), 'FE1_C0_D01': array([[-1.,  1.],
         [-1.,  1.],
         [-1.,  1.]])}
  
  QG-utils, psi_tables, name_map:
  {'FE1_C0': ('FE1_C0', (0, [0, 1, 2]), False, False), 'FE1_C1': ('FE1_C0', (3, [3, 4, 5]), False, False), 'FE1_C1_D10': ('FE1_C0_D01', (5, [3, 4]), False, False), 'FE0': ('FE0', (), False, True), 'FE1_C1_D01': ('FE1_C0_D01', (4, [3, 5]), False, False), 'FE1_C0_D01': ('FE1_C0_D01', (1, [0, 2]), False, False), 'FE1_C0_D10': ('FE1_C0_D01', (2, [0, 1]), False, False)}
  Transforming cell integral
  Reusing element from cache
  Reusing element from cache
  Reusing element from cache
  Reusing element from cache
  Reusing element from cache
  Reusing element from cache
  Reusing element from cache
  Reusing element from cache
  Reusing element from cache
  Reusing element from cache
  Reusing element from cache
  Reusing element from cache
  Reusing element from cache
  Reusing element from cache
  Reusing element from cache
  Reusing element from cache
  Reusing element from cache
  Reusing element from cache
  Reusing element from cache
  Reusing element from cache
  Reusing element from cache
  Reusing element from cache
  Reusing element from cache
  Reusing element from cache
  Reusing element from cache
  Reusing element from cache
  Reusing element from cache
  Reusing element from cache
  Reusing element from cache
  Reusing element from cache
  Reusing element from cache
  Reusing element from cache
  Reusing element from cache
  Reusing element from cache
  Reusing element from cache
  Reusing element from cache
  Reusing element from cache
  Reusing element from cache
  Reusing element from cache
  Reusing element from cache
  Reusing element from cache
  Reusing element from cache
  Reusing element from cache
  Reusing element from cache
  Reusing element from cache
  Reusing element from cache
  Reusing element from cache
  Reusing element from cache
  Reusing element from cache
  Reusing element from cache
  Reusing element from cache
  Reusing element from cache
  Reusing element from cache
  Reusing element from cache
  Reusing element from cache
  Reusing element from cache
  Reusing element from cache
  Reusing element from cache
  Reusing element from cache
  Reusing element from cache
  Reusing element from cache
  Reusing element from cache
  Reusing element from cache
  Reusing element from cache
  Reusing element from cache
  Reusing element from cache
  Reusing element from cache
  Reusing element from cache
  Reusing element from cache
  Reusing element from cache
  Reusing element from cache
  Reusing element from cache
  Reusing element from cache
  Reusing element from cache
  Reusing element from cache
  Reusing element from cache
  Reusing element from cache
  Reusing element from cache
  Reusing element from cache
  Reusing element from cache
  Reusing element from cache
  Reusing element from cache
  Reusing element from cache
  Reusing element from cache
  Reusing element from cache
  Reusing element from cache
  Reusing element from cache
  Reusing element from cache
  Reusing element from cache
  Reusing element from cache
  Reusing element from cache
  Reusing element from cache
  Reusing element from cache
  Reusing element from cache
  Reusing element from cache
  Reusing element from cache
  Reusing element from cache
  Reusing element from cache
  Reusing element from cache
  Reusing element from cache
  Reusing element from cache
  Reusing element from cache
  Reusing element from cache
  Reusing element from cache
  Reusing element from cache
  Reusing element from cache
  Reusing element from cache
  Reusing element from cache
  Reusing element from cache
  Reusing element from cache
  Reusing element from cache
  Reusing element from cache
  Reusing element from cache
  Reusing element from cache
  Reusing element from cache
  Reusing element from cache
  Reusing element from cache
  Reusing element from cache
  Reusing element from cache
  Reusing element from cache
  Reusing element from cache
  Reusing element from cache
  Reusing element from cache
  Reusing element from cache
  Reusing element from cache
  Reusing element from cache
  Reusing element from cache
  Reusing element from cache
  Reusing element from cache
  Reusing element from cache
  Reusing element from cache
  Reusing element from cache
  Reusing element from cache
  Reusing element from cache
  Reusing element from cache
  Reusing element from cache
  Reusing element from cache
  Reusing element from cache
  Reusing element from cache
  Reusing element from cache
  Reusing element from cache
  Reusing element from cache
  Reusing element from cache
  Reusing element from cache
  Reusing element from cache
  Reusing element from cache
  Reusing element from cache
  Reusing element from cache
  Reusing element from cache
  Reusing element from cache
  Reusing element from cache
  Reusing element from cache
  Reusing element from cache
  Reusing element from cache
  Reusing element from cache
  Reusing element from cache
  Reusing element from cache
  Reusing element from cache
  Reusing element from cache
  Reusing element from cache
  Reusing element from cache
  Reusing element from cache
  Reusing element from cache
  Reusing element from cache
  Reusing element from cache
  Reusing element from cache
  Reusing element from cache
  Reusing element from cache
  Reusing element from cache
  Reusing element from cache
  Reusing element from cache
  Reusing element from cache
  Reusing element from cache
  Reusing element from cache
  Reusing element from cache
  Reusing element from cache
  Reusing element from cache
  Reusing element from cache
  Reusing element from cache
  Reusing element from cache
  Reusing element from cache
  Reusing element from cache
  Reusing element from cache
  Reusing element from cache
  Reusing element from cache
  Reusing element from cache
  Reusing element from cache
  Reusing element from cache
  Reusing element from cache
  Reusing element from cache
  Computing tensor representation
  Extracting monomial form representation from UFL form
  Transforming monomial form to reference element
  Reusing element from cache
  Reusing element from cache
  Reusing element from cache
  Reusing element from cache
  Reusing element from cache
  Reusing element from cache
  Reusing element from cache
  Reusing element from cache
  Reusing element from cache
  Reusing element from cache
  Reusing element from cache
  Reusing element from cache
  Reusing element from cache
  Reusing element from cache
  Reusing element from cache
  Reusing element from cache
  Reusing element from cache
  Reusing element from cache
  Reusing element from cache
  Reusing element from cache
  Precomputing integrals on reference element
  Reusing element from cache
  Reusing element from cache
  36 entries computed in 0.00207 seconds
  Shape of reference tensor: (6, 1, 6)
  Primary multi index:   rank = 1 dims = [6] indices = [[0], [1], [2], [3], [4], [5]]
  Secondary multi index: rank = 2 dims = [1, 6] indices = [[0, 0], [0, 1], [0, 2], [0, 3], [0, 4], [0, 5]]
  Internal multi index:  rank = 1 dims = [2] indices = [[0], [1]]
  Secondary multi index: rank = 2 dims = [1, 6] indices = [[0, 0], [0, 1], [0, 2], [0, 3], [0, 4], [0, 5]]
  External multi index:  rank = 0 dims = [] indices = [[]]
  Precomputing integrals on reference element
  Reusing element from cache
  36 entries computed in 0.00151 seconds
  Shape of reference tensor: (6, 6)
  Primary multi index:   rank = 1 dims = [6] indices = [[0], [1], [2], [3], [4], [5]]
  Secondary multi index: rank = 1 dims = [6] indices = [[0], [1], [2], [3], [4], [5]]
  Internal multi index:  rank = 1 dims = [2] indices = [[0], [1]]
  Secondary multi index: rank = 1 dims = [6] indices = [[0], [1], [2], [3], [4], [5]]
  External multi index:  rank = 0 dims = [] indices = [[]]
  Precomputing integrals on reference element
  Reusing element from cache
  Reusing element from cache
  36 entries computed in 0.00197 seconds
  Shape of reference tensor: (6, 1, 6)
  Primary multi index:   rank = 1 dims = [6] indices = [[0], [1], [2], [3], [4], [5]]
  Secondary multi index: rank = 2 dims = [1, 6] indices = [[0, 0], [0, 1], [0, 2], [0, 3], [0, 4], [0, 5]]
  Internal multi index:  rank = 1 dims = [2] indices = [[0], [1]]
  Secondary multi index: rank = 2 dims = [1, 6] indices = [[0, 0], [0, 1], [0, 2], [0, 3], [0, 4], [0, 5]]
  External multi index:  rank = 0 dims = [] indices = [[]]
  Precomputing integrals on reference element
  Reusing element from cache
  Reusing element from cache
  36 entries computed in 0.00188 seconds
  Shape of reference tensor: (6, 1, 6)
  Primary multi index:   rank = 1 dims = [6] indices = [[0], [1], [2], [3], [4], [5]]
  Secondary multi index: rank = 2 dims = [1, 6] indices = [[0, 0], [0, 1], [0, 2], [0, 3], [0, 4], [0, 5]]
  Internal multi index:  rank = 1 dims = [2] indices = [[0], [1]]
  Secondary multi index: rank = 2 dims = [1, 6] indices = [[0, 0], [0, 1], [0, 2], [0, 3], [0, 4], [0, 5]]
  External multi index:  rank = 0 dims = [] indices = [[]]
  Precomputing integrals on reference element
  Reusing element from cache
  36 entries computed in 0.00271 seconds
  Shape of reference tensor: (6, 6)
  Primary multi index:   rank = 1 dims = [6] indices = [[0], [1], [2], [3], [4], [5]]
  Secondary multi index: rank = 1 dims = [6] indices = [[0], [1], [2], [3], [4], [5]]
  Internal multi index:  rank = 1 dims = [2] indices = [[0], [1]]
  Secondary multi index: rank = 1 dims = [6] indices = [[0], [1], [2], [3], [4], [5]]
  External multi index:  rank = 0 dims = [] indices = [[]]
  Precomputing integrals on reference element
  Reusing element from cache
  Reusing element from cache
  36 entries computed in 0.00205 seconds
  Shape of reference tensor: (6, 1, 6)
  Primary multi index:   rank = 1 dims = [6] indices = [[0], [1], [2], [3], [4], [5]]
  Secondary multi index: rank = 2 dims = [1, 6] indices = [[0, 0], [0, 1], [0, 2], [0, 3], [0, 4], [0, 5]]
  Internal multi index:  rank = 1 dims = [2] indices = [[0], [1]]
  Secondary multi index: rank = 2 dims = [1, 6] indices = [[0, 0], [0, 1], [0, 2], [0, 3], [0, 4], [0, 5]]
  External multi index:  rank = 0 dims = [] indices = [[]]
  Precomputing integrals on reference element
  Reusing element from cache
  Reusing element from cache
  36 entries computed in 0.00206 seconds
  Shape of reference tensor: (6, 1, 6)
  Primary multi index:   rank = 1 dims = [6] indices = [[0], [1], [2], [3], [4], [5]]
  Secondary multi index: rank = 2 dims = [1, 6] indices = [[0, 0], [0, 1], [0, 2], [0, 3], [0, 4], [0, 5]]
  Internal multi index:  rank = 1 dims = [2] indices = [[0], [1]]
  Secondary multi index: rank = 2 dims = [1, 6] indices = [[0, 0], [0, 1], [0, 2], [0, 3], [0, 4], [0, 5]]
  External multi index:  rank = 0 dims = [] indices = [[]]
  Precomputing integrals on reference element
  Reusing element from cache
  36 entries computed in 0.0018 seconds
  Shape of reference tensor: (6, 6)
  Primary multi index:   rank = 1 dims = [6] indices = [[0], [1], [2], [3], [4], [5]]
  Secondary multi index: rank = 1 dims = [6] indices = [[0], [1], [2], [3], [4], [5]]
  Internal multi index:  rank = 1 dims = [2] indices = [[0], [1]]
  Secondary multi index: rank = 1 dims = [6] indices = [[0], [1], [2], [3], [4], [5]]
  External multi index:  rank = 0 dims = [] indices = [[]]
  Precomputing integrals on reference element
  Reusing element from cache
  Reusing element from cache
  36 entries computed in 0.00195 seconds
  Shape of reference tensor: (6, 1, 6)
  Primary multi index:   rank = 1 dims = [6] indices = [[0], [1], [2], [3], [4], [5]]
  Secondary multi index: rank = 2 dims = [1, 6] indices = [[0, 0], [0, 1], [0, 2], [0, 3], [0, 4], [0, 5]]
  Internal multi index:  rank = 1 dims = [2] indices = [[0], [1]]
  Secondary multi index: rank = 2 dims = [1, 6] indices = [[0, 0], [0, 1], [0, 2], [0, 3], [0, 4], [0, 5]]
  External multi index:  rank = 0 dims = [] indices = [[]]
  Reusing element from cache
  Reusing element from cache
  Computing representation of forms
  
Compiler stage 2 finished in 0.177311 seconds.

Compiler stage 3: Optimizing intermediate representation
--------------------------------------------------------
  Optimising expressions for cell integral
  Optimising expressions for cell integral
  
Compiler stage 3 finished in 0.047612 seconds.

Compiler stage 4: Generating code
---------------------------------
  Generating code for 3 element(s)
  Removing unused variable: tmp2
  Removing unused variable: tmp1
  Removing unused variable: tmp2
  Removing unused variable: tmp1
  Removing unused variable: tmp2
  Removing unused variable: tmp1
  Removing unused variable: tmp2
  Removing unused variable: tmp1
  Removing unused variable: tmp2
  Removing unused variable: tmp1
  Removing unused variable: tmp2
  Removing unused variable: tmp1
  Removing unused variable: tmp2
  Removing unused variable: tmp1
  Removing unused variable: tmp2
  Removing unused variable: tmp1
  Removing unused variable: tmp2
  Removing unused variable: tmp1
  Removing unused variable: tmp2
  Removing unused variable: tmp1
  Removing unused variable: tmp2
  Removing unused variable: tmp1
  Removing unused variable: tmp2
  Removing unused variable: tmp1
  Removing unused variable: tmp2
  Removing unused variable: tmp1
  Removing unused variable: tmp2
  Removing unused variable: tmp1
  Removing unused variable: tmp2
  Removing unused variable: tmp1
  Removing unused variable: tmp2
  Removing unused variable: tmp1
  Removing unused variable: tmp2
  Removing unused variable: tmp1
  Removing unused variable: tmp2
  Removing unused variable: tmp1
  Removing unused variable: tmp2
  Removing unused variable: tmp1
  Removing unused variable: tmp0
  Removing unused variable: Y
  Removing unused variable: X
  Removing unused variable: C1
  Removing unused variable: C0
  Generating code for 3 dofmap(s)
  Generating code for 1 coordinate_mapping(s)
  Generating code for integrals
  Removing unused variable: circumradius
  Removing unused variable: v0v1
  Removing unused variable: v0v2
  Removing unused variable: v1v2
  Removing unused variable: volume
  Removing unused variable: circumradius
  Removing unused variable: v0v1
  Removing unused variable: v0v2
  Removing unused variable: v1v2
  Removing unused variable: volume
  Generating code for forms
  
Compiler stage 4 finished in 0.166198 seconds.

Compiler stage 4.1: Generating additional wrapper code
------------------------------------------------------
  Generating wrapper code for DOLFIN
  
Compiler stage 4.1 finished in 0.00145483 seconds.

Compiler stage 5: Formatting code
---------------------------------
  
Compiler stage 5 finished in 0.000711918 seconds.

FFC finished in 0.524685 seconds.
Output written to ./ElastoDynamics.h.
